IQ-TREE multicore version 2.2.0-beta COVID-edition for Mac OS X 64-bit built Mar  3 2022 built Mar  3 2022
Developed by Bui Quang Minh, James Barbetti, Nguyen Lam Tung,
Olga Chernomor, Heiko Schmidt, Dominik Schrempf, Michael Woodhams, Ly Trong Nhan.

Host:    MacBook-Pro-2.local (SSE4.2, 8 GB RAM)
Command: iqtree2 -nt 1 -s results/aligned_rhinovirusA_VP3-delim.fasta -m GTR -ninit 2 -n 2 -me 0.05
Seed:    301589 (Using SPRNG - Scalable Parallel Random Number Generator)
Time:    Fri Dec  2 12:26:14 2022
Kernel:  SSE2 - 1 threads (8 CPU cores detected)

HINT: Use -nt option to specify number of threads because your CPU has 8 cores!
HINT: -nt AUTO will automatically determine the best number of threads to use.

Reading alignment file results/aligned_rhinovirusA_VP3-delim.fasta ... Fasta format detected
Reading fasta file: done in 0.178352 secs using 89.83% CPU
Alignment most likely contains DNA/RNA sequences
Constructing alignment: done in 0.0417771 secs using 94.12% CPU
WARNING: 6423 sites contain only gaps or ambiguous characters.
Alignment has 1163 sequences with 7137 columns, 549 distinct patterns
506 parsimony-informative, 19 singleton sites, 6612 constant sites
           Gap/Ambiguity  Composition  p-value
Analyzing sequences: done in 0.00118399 secs using 91.22% CPU
   1  FJ445111    90.00%    failed      3.37%
   2  MF973193    90.00%    failed      3.37%
   3  KC894166    90.00%    failed      3.37%
   4  KC894167    90.00%    failed      4.25%
   5  KC894168    90.00%    failed      4.25%
   6  KC894169    90.00%    passed      6.06%
   7  MN749147    90.00%    failed      1.11%
   8  MN749150    90.00%    failed      1.00%
   9  MN749153    90.00%    failed      1.54%
  10  MN749156    90.00%    failed      1.79%
  11  MN749157    90.00%    failed      1.79%
  12  JN837694    90.00%    failed      3.22%
  13  JQ837724    90.00%    failed      3.22%
  14  MF973194    90.00%    failed      0.64%
  15  LC699424    90.04%    passed      8.03%
  16  OK539479    90.04%    passed     12.59%
  17  OM001419    90.04%    passed     26.84%
  18  OL133743    90.04%    passed     28.75%
  19  OK161412    90.04%    passed     28.75%
  20  OK539497    90.04%    passed     17.60%
  21  OL365069    90.04%    passed     27.79%
  22  OK161379    90.04%    passed     27.79%
  23  OK254854    90.04%    passed     23.85%
  24  OL638452    90.04%    passed     20.23%
  25  OM001378    90.04%    passed     20.23%
  26  OL133728    90.04%    passed     20.23%
  27  OL133762    90.04%    passed     20.23%
  28  OK539508    90.04%    passed     20.23%
  29  OK649405    90.04%    passed     20.23%
  30  OM001436    90.04%    passed     20.23%
  31  OK181470    90.04%    passed     20.23%
  32  OL133747    90.04%    passed     20.23%
  33  OL133751    90.04%    passed     20.23%
  34  OK539460    90.04%    passed     20.23%
  35  OM001458    90.04%    passed     20.23%
  36  OK254845    90.04%    passed     20.23%
  37  MZ460699    90.04%    passed     20.23%
  38  OM001462    90.04%    passed     20.23%
  39  MZ629153    90.04%    passed     20.23%
  40  OL638423    90.04%    passed     20.23%
  41  OL638438    90.04%    passed     20.23%
  42  OK161362    90.04%    passed     20.23%
  43  MZ835611    90.04%    passed     20.23%
  44  OL133742    90.04%    passed     20.23%
  45  OK254843    90.04%    passed     20.23%
  46  OK649375    90.04%    passed     20.23%
  47  OK649421    90.04%    passed     20.23%
  48  OK017941    90.04%    passed     20.23%
  49  MZ629132    90.04%    passed     20.23%
  50  MZ460672    90.04%    passed     20.23%
  51  OL638404    90.04%    passed     20.23%
  52  OL638416    90.04%    passed     20.23%
  53  OM001399    90.04%    passed     20.23%
  54  OK649408    90.04%    passed     20.23%
  55  OK181452    90.04%    passed     20.23%
  56  OL961543    90.04%    passed     20.23%
  57  OM001361    90.04%    passed     20.23%
  58  OK017956    90.04%    passed     20.23%
  59  OM001376    90.04%    passed     20.23%
  60  OK254837    90.04%    passed     20.23%
  61  MZ835607    90.04%    passed     20.23%
  62  OK254867    90.04%    passed     20.23%
  63  MZ835603    90.04%    passed     20.23%
  64  MZ363421    90.04%    passed     20.23%
  65  MZ268665    90.04%    passed     20.23%
  66  MZ153265    90.04%    passed     20.23%
  67  OK181460    90.04%    passed     20.23%
  68  MZ835592    90.04%    passed     20.23%
  69  MZ268703    90.04%    passed     20.23%
  70  OK181477    90.04%    passed     20.23%
  71  OK181478    90.04%    passed     20.23%
  72  MZ629138    90.04%    passed     20.23%
  73  MZ427506    90.04%    passed     20.23%
  74  OK181490    90.04%    passed     20.23%
  75  OK017968    90.04%    passed     20.23%
  76  OK181496    90.04%    passed     20.23%
  77  OL638430    90.04%    passed     20.23%
  78  OM001432    90.04%    passed     20.23%
  79  OK539489    90.04%    passed     20.23%
  80  OK161388    90.04%    passed     20.23%
  81  OM001461    90.04%    passed     20.23%
  82  OL638440    90.04%    passed     20.23%
  83  OL133755    90.04%    passed     20.23%
  84  OL638466    90.04%    passed     20.23%
  85  OM001470    90.04%    passed     20.23%
  86  OL961519    90.04%    passed     20.23%
  87  OK539483    90.04%    passed     20.23%
  88  OL961546    90.04%    passed     20.23%
  89  OK539461    90.04%    passed     20.23%
  90  OM001468    90.04%    passed     20.23%
  91  MZ153280    90.04%    passed     20.23%
  92  OK649360    90.04%    passed     20.23%
  93  OK161408    90.04%    passed     20.23%
  94  OK181453    90.04%    passed     20.23%
  95  OM001383    90.04%    passed     20.23%
  96  OM001427    90.04%    passed     20.23%
  97  OL133763    90.04%    passed     20.23%
  98  OK649390    90.04%    passed     20.23%
  99  OK161390    90.04%    passed     20.23%
 100  OK181469    90.04%    passed     20.23%
 101  OK181474    90.04%    passed     20.23%
 102  MZ629118    90.04%    passed     20.23%
 103  OL133759    90.04%    passed     20.23%
 104  OK181481    90.04%    passed     20.23%
 105  OK017933    90.04%    passed     20.23%
 106  MZ268740    90.04%    passed     20.23%
 107  OK161361    90.04%    passed     20.23%
 108  OK161365    90.04%    passed     20.23%
 109  OK539463    90.04%    passed     20.23%
 110  OM001364    90.04%    passed     20.23%
 111  OM001391    90.04%    passed     20.23%
 112  OL133727    90.04%    passed     20.23%
 113  MZ629114    90.04%    passed     20.23%
 114  OK539485    90.04%    passed     20.23%
 115  OM001389    90.04%    passed     20.23%
 116  MZ835578    90.04%    passed     20.23%
 117  MZ835584    90.04%    passed     20.23%
 118  MZ268672    90.05%    passed     21.25%
 119  OK181479    90.04%    passed     23.85%
 120  OM001345    90.04%    passed     19.06%
 121  OK254865    90.04%    passed     19.06%
 122  OK161353    90.04%    passed     21.26%
 123  OK539492    90.04%    passed     23.85%
 124  OM001370    90.04%    passed     23.85%
 125  OL638428    90.04%    passed     23.85%
 126  OK161411    90.04%    passed     23.85%
 127  OK254838    90.04%    passed     23.85%
 128  OK254877    90.04%    passed     23.85%
 129  OK254844    90.04%    passed     23.85%
 130  OK254873    90.04%    passed     23.85%
 131  OK254864    90.04%    passed     16.96%
 132  OK017929    90.04%    passed     19.06%
 133  OK254826    90.04%    passed     16.96%
 134  OK649383    90.04%    passed     16.96%
 135  OK539469    90.04%    passed     19.06%
 136  OL133745    90.04%    passed     23.85%
 137  OK649420    90.04%    passed     16.96%
 138  OK161407    90.04%    passed     16.96%
 139  OK649423    90.04%    passed     16.96%
 140  OL133729    90.04%    passed     23.85%
 141  OK254830    90.04%    passed     16.96%
 142  OK161394    90.04%    passed     16.96%
 143  OK649424    90.04%    passed     16.96%
 144  OK539506    90.04%    passed     23.85%
 145  MZ670579    90.04%    passed     16.96%
 146  OK161363    90.04%    passed     16.96%
 147  OK254859    90.04%    passed     19.06%
 148  OM001371    90.04%    passed     23.85%
 149  OK539470    90.04%    passed     23.85%
 150  OK539486    90.04%    passed     16.96%
 151  OK254827    90.04%    passed     16.96%
 152  OK161357    90.04%    passed     21.26%
 153  OK161376    90.04%    passed     21.26%
 154  OL638429    90.04%    passed     25.05%
 155  MZ460674    90.04%    passed     23.85%
 156  OL638450    90.04%    passed     21.26%
 157  OL638457    90.04%    passed     21.26%
 158  OK649370    90.04%    passed     21.26%
 159  OK649406    90.04%    passed     21.26%
 160  OK161395    90.04%    passed     21.26%
 161  OK161401    90.04%    passed     21.26%
 162  OK649417    90.04%    passed     21.26%
 163  MZ629124    90.04%    passed     21.26%
 164  OK161356    90.04%    passed     21.26%
 165  OK161405    90.04%    passed     20.23%
 166  OL133737    90.04%    passed     19.06%
 167  OK539490    90.04%    passed     19.06%
 168  OL961528    90.04%    passed     14.05%
 169  OK649415    90.04%    passed     16.96%
 170  OL133752    90.04%    passed     16.96%
 171  OM001433    90.04%    passed     19.06%
 172  MZ670582    90.04%    passed     15.97%
 173  OK254842    90.04%    passed     19.06%
 174  OK161383    90.04%    passed     19.06%
 175  OK161389    90.04%    passed     19.06%
 176  MZ670573    90.04%    passed     19.06%
 177  MZ670574    90.04%    passed     19.06%
 178  MZ835594    90.04%    passed     19.06%
 179  OM001441    90.04%    passed     19.06%
 180  OL133725    90.04%    passed     19.06%
 181  OK254875    90.04%    passed     19.06%
 182  MZ540949    90.04%    passed     19.06%
 183  OM001360    90.04%    passed     19.06%
 184  OK181483    90.04%    passed     19.06%
 185  OM001416    90.04%    passed     22.48%
 186  OM001457    90.04%    passed     16.96%
 187  OK254879    90.04%    passed     16.96%
 188  MZ629127    90.04%    passed     14.05%
 189  OL133732    90.04%    passed     23.85%
 190  OK181489    90.04%    passed     25.05%
 191  OL638405    90.04%    passed     11.51%
 192  OK161369    90.04%    passed     11.51%
 193  OL961536    90.04%    passed     14.05%
 194  OL133749    90.04%    passed     14.05%
 195  OK539507    90.04%    passed     14.05%
 196  MZ629152    90.04%    passed     14.05%
 197  OK161370    90.04%    passed     16.96%
 198  OK649373    90.04%    passed     22.48%
 199  OL961527    90.04%    passed     19.06%
 200  OM001430    90.04%    passed     22.48%
 201  MZ268732    90.04%    passed     22.48%
 202  OK254857    90.04%    passed     22.48%
 203  OK161387    90.04%    passed     22.48%
 204  MZ670594    90.04%    passed     22.48%
 205  OM001347    90.04%    passed     23.85%
 206  OK539500    90.04%    passed     23.85%
 207  OM001424    90.04%    passed     22.48%
 208  OM001426    90.04%    passed     16.96%
 209  OK181473    90.04%    passed     16.96%
 210  MZ670587    90.04%    passed     16.96%
 211  OK649411    90.04%    passed     16.96%
 212  OK649419    90.04%    passed     16.96%
 213  OL638407    90.04%    passed     17.83%
 214  OK539480    90.04%    passed     17.83%
 215  OK649366    90.04%    passed     17.83%
 216  OM001357    90.04%    passed     17.83%
 217  OM001379    90.04%    passed     17.83%
 218  MZ629117    90.04%    passed     18.57%
 219  OL133744    90.04%    passed     14.78%
 220  OL638411    90.04%    passed     18.96%
 221  OL638432    90.04%    passed     18.96%
 222  OL638439    90.04%    passed     18.96%
 223  OM001359    90.04%    passed     20.23%
 224  OK539475    90.04%    passed     20.23%
 225  OK649374    90.04%    passed     18.98%
 226  OK181498    90.04%    passed     18.98%
 227  OK649414    90.04%    passed     18.98%
 228  OK181461    90.04%    passed     18.98%
 229  MZ670578    90.04%    passed     21.26%
 230  OK539481    90.04%    passed     23.85%
 231  OK649371    90.04%    passed     22.48%
 232  OL638414    90.04%    passed     25.05%
 233  OK181459    90.04%    passed     25.05%
 234  OL133731    90.04%    passed     15.97%
 235  OK181476    90.04%    passed     15.97%
 236  OM001369    90.04%    passed     20.04%
 237  OM001410    90.04%    passed     22.47%
 238  OK539482    90.04%    passed     16.96%
 239  MZ835589    90.04%    passed     17.83%
 240  MZ835606    90.04%    passed     17.83%
 241  OM001388    90.04%    passed     17.76%
 242  OL638451    90.04%    passed     29.17%
 243  OL133746    90.04%    passed     21.26%
 244  OL133764    90.04%    passed     16.73%
 245  OK181502    90.04%    passed     16.73%
 246  OK649382    90.04%    passed     23.74%
 247  OL365071    90.04%    passed     23.74%
 248  OL638443    90.04%    passed     23.74%
 249  OL961523    90.04%    passed     23.74%
 250  OL961548    90.04%    passed     23.74%
 251  OM001396    90.04%    passed     23.74%
 252  OK649368    90.04%    passed     23.74%
 253  OL133754    90.04%    passed     23.74%
 254  OK539493    90.04%    passed     23.74%
 255  OM001384    90.04%    passed     23.74%
 256  OL133765    90.04%    passed     23.74%
 257  OM001421    90.04%    passed     23.74%
 258  OK254851    90.04%    passed     23.74%
 259  OK161399    90.04%    passed     23.74%
 260  OK181456    90.04%    passed     23.74%
 261  OK181485    90.04%    passed     23.74%
 262  MZ835605    90.04%    passed     23.74%
 263  OK649401    90.04%    passed     20.23%
 264  OK181463    90.04%    passed     20.23%
 265  MZ835563    90.04%    passed     20.23%
 266  MZ460702    90.04%    passed     20.23%
 267  MZ835580    90.04%    passed     23.85%
 268  OK254833    90.04%    passed     18.57%
 269  OL638436    90.04%    passed     25.05%
 270  OM001414    90.04%    passed     25.05%
 271  MK501734    90.04%    passed     26.19%
 272  MK501745    90.04%    passed     26.19%
 273  KC881032    90.00%    failed      2.65%
 274  KC881033    90.00%    failed      2.65%
 275  KC881035    90.00%    failed      2.65%
 276  KC881034    90.00%    failed      2.65%
 277  D00239      90.00%    failed      2.65%
 278  MZ629149    90.00%    failed      3.35%
 279  KY369898    90.00%    passed      7.52%
 280  JN815255    90.00%    passed     14.15%
 281  JN798558    90.00%    passed      7.49%
 282  LC699417    90.00%    passed     36.39%
 283  HQ123442    90.00%    passed     31.67%
 284  FJ445158    90.00%    passed     33.96%
 285  FJ445159    90.00%    passed     43.50%
 286  FJ445157    90.01%    passed     25.84%
 287  LC699418    90.00%    passed      7.20%
 288  MH685687    90.00%    failed      4.14%
 289  JN815253    90.00%    passed      7.32%
 290  JN614992    90.00%    passed      7.32%
 291  JN798574    90.00%    passed      7.32%
 292  JN562722    90.00%    failed      1.51%
 293  JX074057    90.00%    failed      2.55%
 294  JN990704    90.00%    failed      4.06%
 295  JN798564    90.00%    failed      2.26%
 296  KX891411    90.00%    passed     14.16%
 297  L24917      90.00%    passed     13.24%
 298  LC720413    90.00%    failed      0.03%
 299  MK167031    90.00%    failed      0.65%
 300  JN798579    90.00%    failed      0.39%
 301  JX074051    90.00%    failed      0.63%
 302  JQ245967    90.00%    failed      0.63%
 303  FJ445129    90.00%    failed      0.07%
 304  ON729334    90.00%    failed      3.08%
 305  OK161391    90.00%    failed      3.51%
 306  MZ629130    90.00%    failed      1.10%
 307  FJ445163    90.00%    passed      6.58%
 308  LC699416    90.00%    passed     27.48%
 309  MN369035    90.00%    passed     23.94%
 310  OK539505    90.00%    passed     28.15%
 311  MH685686    90.00%    passed     20.64%
 312  MH685691    90.00%    passed     20.64%
 313  FJ445139    90.00%    passed     19.51%
 314  FJ445138    90.00%    passed      5.54%
 315  OL961530    90.00%    passed     20.08%
 316  MZ540950    90.00%    passed     20.08%
 317  KY369875    90.00%    passed     21.85%
 318  FJ445173    90.00%    passed      7.36%
 319  EU840727    90.00%    failed      4.13%
 320  FJ445140    90.00%    failed      4.13%
 321  ON311215    90.00%    failed      1.55%
 322  OM001395    90.00%    failed      3.05%
 323  ON311216    90.00%    failed      2.28%
 324  OK649395    90.00%    passed      7.51%
 325  FJ445146    90.00%    passed     10.12%
 326  ON729338    90.00%    failed      0.79%
 327  MF118143    90.00%    failed      0.95%
 328  MF118144    90.00%    failed      0.56%
 329  KY369893    90.00%    failed      1.89%
 330  KY369895    90.00%    failed      1.33%
 331  KY629935    90.00%    failed      1.46%
 332  OL638425    90.00%    failed      2.54%
 333  MK989740    90.00%    failed      2.15%
 334  JN541266    90.00%    failed      2.95%
 335  MN163130    90.00%    failed      3.82%
 336  MK989736    90.00%    failed      4.58%
 337  DQ473500    90.00%    failed      4.84%
 338  ON729337    90.00%    failed      2.83%
 339  OL638408    90.00%    failed      2.02%
 340  OL638460    90.00%    failed      2.02%
 341  OL638461    90.00%    failed      2.15%
 342  OK181494    90.00%    failed      2.15%
 343  MZ670586    90.00%    failed      2.87%
 344  MZ835614    90.00%    failed      0.96%
 345  MZ153287    90.00%    failed      2.79%
 346  OL638413    90.00%    passed      9.85%
 347  MZ835577    90.00%    failed      4.85%
 348  MZ835574    90.00%    failed      2.26%
 349  JN815252    90.00%    failed      2.79%
 350  FJ445125    90.00%    failed      0.75%
 351  DQ473499    90.00%    failed      1.62%
 352  OL638456    90.00%    passed      6.03%
 353  OK649361    90.00%    passed      6.42%
 354  OK649364    90.00%    passed      6.42%
 355  OL961547    90.00%    passed      8.97%
 356  ON311219    90.00%    passed      7.73%
 357  MZ629122    90.00%    passed      8.87%
 358  ON311220    90.00%    passed      8.00%
 359  ON311221    90.00%    passed      9.53%
 360  ON311222    90.00%    passed      9.53%
 361  MZ835596    90.00%    passed      9.53%
 362  OL638418    90.00%    passed      5.59%
 363  OM001365    90.00%    passed      5.59%
 364  OM001392    90.00%    passed      9.35%
 365  OM001445    90.00%    passed      6.76%
 366  MZ670575    90.00%    passed      6.76%
 367  OK254861    90.00%    passed      6.76%
 368  MZ363461    90.00%    passed      9.53%
 369  MZ322917    90.00%    passed      6.76%
 370  MZ153274    90.00%    passed      6.76%
 371  MZ153273    90.00%    passed      6.76%
 372  MZ153275    90.00%    passed      5.61%
 373  MZ629180    90.00%    passed      8.00%
 374  MZ460679    90.00%    passed      8.00%
 375  MZ268669    90.00%    passed      8.00%
 376  OM001358    90.00%    passed      7.40%
 377  OK649387    90.00%    passed      7.40%
 378  OK539512    90.00%    passed      7.40%
 379  OK649388    90.00%    passed      7.40%
 380  OK649425    90.00%    passed     11.14%
 381  MZ460716    90.00%    passed     11.14%
 382  MZ268651    90.00%    passed     11.14%
 383  MZ363418    90.00%    passed     11.14%
 384  MZ153260    90.00%    passed     10.82%
 385  OK161358    90.00%    passed      8.00%
 386  MZ363423    90.00%    passed      9.35%
 387  FJ445123    90.00%    failed      2.82%
 388  FJ445145    90.00%    failed      1.96%
 389  MN306047    90.00%    failed      0.34%
 390  MN306057    90.00%    failed      0.05%
 391  OL638462    90.00%    failed      3.86%
 392  MZ322911    90.02%    passed      6.00%
 393  OK017954    90.00%    passed      5.99%
 394  MZ629113    90.00%    passed      5.99%
 395  OM001366    90.00%    passed      5.99%
 396  OK181484    90.00%    failed      4.27%
 397  KY369884    90.00%    passed      5.70%
 398  MZ322927    90.00%    passed      7.91%
 399  MZ363460    90.00%    passed      7.91%
 400  MZ153289    90.00%    passed      6.31%
 401  OK254835    90.00%    passed      5.80%
 402  MZ629128    90.00%    passed     10.02%
 403  FJ445133    90.00%    failed      1.30%
 404  FJ445126    90.00%    passed      6.63%
 405  OM001356    90.00%    passed     13.05%
 406  OM001400    90.00%    passed     12.14%
 407  OM001448    90.00%    passed      9.07%
 408  OM001387    90.00%    passed      8.66%
 409  OK649358    90.00%    passed     13.92%
 410  KY369890    90.00%    passed      9.03%
 411  JN837692    90.00%    passed      8.22%
 412  GQ223229    90.00%    failed      4.21%
 413  OK539487    90.00%    passed     10.80%
 414  OK649378    90.00%    failed      4.28%
 415  OK161406    90.00%    passed      9.60%
 416  MZ268663    90.00%    passed     11.02%
 417  MZ835579    90.00%    passed     13.19%
 418  MN749158    90.00%    passed     40.10%
 419  JQ837715    90.08%    passed     12.52%
 420  JN112340    90.00%    passed     12.32%
 421  FJ445148    90.00%    passed      9.57%
 422  FJ445154    90.01%    failed      0.19%
 423  ON311206    90.00%    passed     23.07%
 424  ON311207    90.00%    passed     23.07%
 425  FJ445175    90.00%    passed     15.85%
 426  JN815247    90.00%    failed      0.69%
 427  JN541269    90.88%    failed      0.31%
 428  JN798575    90.00%    failed      0.60%
 429  JN798582    90.00%    failed      0.21%
 430  FJ445178    90.00%    failed      1.42%
 431  DQ473498    90.00%    failed      1.42%
 432  ON311218    90.00%    failed      3.07%
 433  OM001403    90.00%    failed      2.80%
 434  OK181482    90.00%    failed      2.80%
 435  OK181466    90.00%    failed      2.80%
 436  MZ835618    90.00%    failed      2.80%
 437  MZ835561    90.00%    failed      2.80%
 438  OK649372    90.00%    failed      2.80%
 439  OL638420    90.00%    failed      2.52%
 440  MZ268673    90.00%    failed      2.11%
 441  OK539503    90.00%    failed      2.30%
 442  OM001463    90.00%    failed      2.52%
 443  OL638427    90.00%    failed      3.30%
 444  MZ835619    90.00%    failed      3.30%
 445  MZ629161    90.00%    failed      3.66%
 446  OL638446    90.00%    failed      4.35%
 447  OK181497    90.00%    failed      4.35%
 448  OK539498    90.00%    failed      3.33%
 449  MZ460688    90.00%    passed      5.18%
 450  MZ835573    90.00%    passed      5.18%
 451  OK017921    90.00%    failed      4.35%
 452  MZ629134    90.00%    failed      4.01%
 453  MZ629137    90.00%    failed      4.01%
 454  MZ629177    90.00%    failed      4.01%
 455  MZ670581    90.00%    failed      3.07%
 456  MZ268645    90.00%    failed      3.33%
 457  MZ268735    90.00%    failed      3.33%
 458  MZ322919    90.00%    failed      4.35%
 459  OK161400    90.00%    failed      4.35%
 460  MZ629175    90.00%    passed      5.62%
 461  MZ268646    90.00%    passed      5.62%
 462  OL638434    90.00%    failed      3.30%
 463  OL638442    90.00%    failed      3.30%
 464  OK161392    90.00%    failed      3.30%
 465  OL638444    90.00%    failed      2.52%
 466  OK161355    90.00%    failed      2.52%
 467  MZ460715    90.00%    failed      2.32%
 468  MZ427504    90.00%    failed      1.57%
 469  MW679010    90.00%    failed      4.35%
 470  OK539491    90.00%    passed      5.59%
 471  MZ667419    90.00%    passed      5.59%
 472  MF554739    90.00%    failed      3.91%
 473  KT726984    90.00%    failed      4.23%
 474  KM362429    90.00%    failed      2.54%
 475  AY751783    90.00%    passed     14.44%
 476  OK128339    90.00%    passed     18.11%
 477  OK128340    90.00%    passed     27.23%
 478  ON311263    90.00%    passed     19.02%
 479  ON311261    90.00%    passed     18.11%
 480  MZ670589    90.00%    passed     19.79%
 481  OK128341    90.00%    passed     21.10%
 482  OM001464    90.00%    passed     25.17%
 483  OK254870    90.00%    passed     25.17%
 484  OL133758    90.00%    passed     18.87%
 485  MZ540952    90.00%    passed     18.87%
 486  OL133740    90.00%    passed     22.62%
 487  MZ835610    90.00%    passed     18.87%
 488  ON311262    90.00%    passed     28.30%
 489  ON729332    90.00%    passed     23.20%
 490  KY189318    90.00%    passed     25.34%
 491  EF173414    90.00%    passed     16.55%
 492  JX074049    90.00%    passed     31.68%
 493  JX074055    90.00%    passed     31.68%
 494  JN815238    90.00%    passed     35.41%
 495  FJ445182    90.00%    passed     11.48%
 496  DQ473502    90.00%    passed     10.26%
 497  JN990707    90.00%    passed      5.20%
 498  JN815250    90.00%    passed      5.20%
 499  FJ445128    90.00%    failed      4.86%
 500  LC699415    90.00%    passed      9.83%
 501  JX193797    90.33%    passed     26.52%
 502  JX074047    90.19%    passed     17.61%
 503  JN562727    90.00%    passed     12.81%
 504  MH685681    90.00%    passed      9.40%
 505  OL638419    90.00%    passed      8.24%
 506  MZ670577    90.00%    passed      8.24%
 507  MZ460670    90.00%    passed     10.20%
 508  OM001352    90.00%    passed     11.13%
 509  OM001401    90.00%    passed     11.13%
 510  MZ629148    90.00%    passed     11.13%
 511  MZ460681    90.00%    passed     17.27%
 512  OK539484    90.00%    passed     18.04%
 513  OK649362    90.00%    passed     26.93%
 514  OK649396    90.00%    passed     26.93%
 515  OK017920    90.00%    passed     11.59%
 516  OL133735    90.00%    passed      6.05%
 517  OM001350    90.00%    passed     12.47%
 518  OK254834    90.00%    passed     12.47%
 519  OM001466    90.00%    passed     12.47%
 520  MZ268670    90.00%    passed     11.41%
 521  OK254868    90.00%    passed     13.80%
 522  OK649393    90.00%    passed     13.80%
 523  JN798563    90.36%    passed      7.67%
 524  JF285325    90.00%    passed      6.47%
 525  JF285327    90.00%    passed      5.87%
 526  JF285326    90.00%    failed      4.62%
 527  JF285328    90.00%    failed      4.62%
 528  FJ445190    90.00%    passed      8.31%
 529  EF173416    90.00%    passed      9.28%
 530  FJ445167    90.00%    passed      5.29%
 531  MZ667415    90.00%    failed      0.04%
 532  FJ445141    90.00%    failed      0.04%
 533  MZ542285    90.00%    passed      6.36%
 534  JN990699    90.00%    failed      1.80%
 535  JN614995    90.00%    failed      1.93%
 536  MZ268661    90.00%    failed      3.30%
 537  MZ268737    90.00%    failed      2.26%
 538  MZ268681    90.00%    failed      4.82%
 539  KY369874    90.00%    failed      1.36%
 540  JQ837718    90.08%    passed     12.64%
 541  DQ473511    90.08%    passed     42.50%
 542  ON729333    90.00%    failed      0.85%
 543  MF043119    90.00%    failed      2.11%
 544  KR871676    90.00%    failed      2.11%
 545  KM576764    90.00%    failed      2.79%
 546  KM576765    90.00%    failed      1.90%
 547  KM576767    90.00%    failed      1.90%
 548  KR871675    90.00%    failed      2.24%
 549  KR871674    90.00%    failed      2.24%
 550  KM576766    90.00%    failed      1.54%
 551  KR090587    90.00%    failed      1.74%
 552  MK501739    90.00%    failed      3.11%
 553  KR871677    90.00%    failed      2.32%
 554  LC699421    90.00%    failed      0.16%
 555  OK649399    90.00%    failed      0.42%
 556  OL638406    90.00%    failed      4.34%
 557  MH685688    90.00%    failed      2.52%
 558  JN837693    90.00%    failed      2.32%
 559  MZ835609    90.00%    failed      2.80%
 560  JQ747747    90.00%    failed      2.57%
 561  FJ445121    90.00%    failed      1.21%
 562  ON311265    90.00%    failed      1.11%
 563  ON311266    90.00%    failed      1.11%
 564  ON311267    90.00%    failed      1.11%
 565  ON311270    90.00%    failed      1.11%
 566  ON311268    90.00%    failed      1.11%
 567  ON311271    90.00%    failed      1.11%
 568  ON311272    90.00%    failed      1.11%
 569  ON311273    90.00%    failed      1.11%
 570  ON311274    90.00%    failed      1.11%
 571  ON311269    90.00%    failed      1.11%
 572  KY369873    90.00%    failed      0.84%
 573  OM001368    90.00%    failed      0.42%
 574  JN562720    90.00%    failed      0.16%
 575  JF781510    90.22%    failed      0.23%
 576  JF781512    90.36%    failed      0.38%
 577  FJ445189    90.00%    failed      0.26%
 578  DQ473501    90.00%    failed      0.26%
 579  FJ445135    90.00%    passed      8.63%
 580  MN163129    90.00%    passed     24.45%
 581  JF781508    90.00%    passed     29.08%
 582  FJ445118    90.00%    passed     26.84%
 583  JF781496    90.00%    failed      1.45%
 584  JN815237    90.00%    passed     19.80%
 585  FJ445131    90.00%    passed      6.47%
 586  JN837690    90.00%    passed      9.53%
 587  JF781503    90.00%    passed      9.53%
 588  DQ473510    90.00%    passed     12.14%
 589  ON729329    90.00%    passed     31.32%
 590  LC699422    90.00%    passed     31.32%
 591  MH899591    90.00%    passed     18.06%
 592  OM001349    90.00%    passed     10.00%
 593  OL133750    90.00%    passed      8.52%
 594  OK181468    90.00%    passed      8.52%
 595  MZ268715    90.00%    passed      7.24%
 596  JN798590    90.91%    passed     22.72%
 597  FJ445143    90.00%    passed     10.89%
 598  JQ994496    90.00%    failed      0.16%
 599  JN541272    90.00%    failed      0.50%
 600  FJ445180    90.00%    failed      1.42%
 601  DQ473495    90.00%    failed      1.42%
 602  ON311212    90.00%    failed      1.50%
 603  ON311213    90.00%    failed      2.05%
 604  MZ322931    90.00%    failed      2.05%
 605  OL638431    90.00%    failed      2.05%
 606  OK539494    90.00%    failed      2.05%
 607  OK181491    90.00%    failed      2.77%
 608  OK539464    90.00%    failed      2.05%
 609  MZ629170    90.00%    failed      2.29%
 610  OM001385    90.00%    failed      3.62%
 611  OM001405    90.00%    failed      2.76%
 612  OK254824    90.00%    failed      2.76%
 613  OK649381    90.00%    failed      2.05%
 614  OK017917    90.00%    failed      2.04%
 615  MZ670583    90.00%    failed      1.50%
 616  MW969534    90.00%    failed      1.06%
 617  ON311214    90.00%    failed      2.01%
 618  OK539513    90.00%    failed      1.29%
 619  JN621245    90.01%    failed      2.56%
 620  KT751300    90.00%    failed      2.09%
 621  KT751301    90.04%    failed      3.08%
 622  FJ445149    90.00%    passed     10.65%
 623  OL770292    90.00%    passed     59.70%
 624  OL133739    90.00%    passed     74.97%
 625  JF285310    90.00%    passed     69.60%
 626  JF285312    90.00%    passed     69.60%
 627  JF285313    90.00%    passed     69.60%
 628  JF285315    90.00%    passed     69.60%
 629  JF285316    90.00%    passed     69.60%
 630  JF285314    90.00%    passed     69.60%
 631  JF285311    90.00%    passed     69.60%
 632  JF285317    90.00%    passed     67.70%
 633  JF285319    90.00%    passed     67.70%
 634  JF285320    90.00%    passed     68.01%
 635  JF285318    90.00%    passed     73.57%
 636  FJ445115    90.00%    passed     76.49%
 637  FJ445114    90.00%    passed     61.96%
 638  FJ445177    90.00%    failed      2.09%
 639  FJ445127    90.00%    passed     20.30%
 640  MW713756    90.00%    passed      6.67%
 641  MW713764    90.00%    passed      7.10%
 642  MW713765    90.00%    passed      7.10%
 643  MW713769    90.00%    passed      7.10%
 644  MW713766    90.00%    passed      7.10%
 645  MW713768    90.00%    passed      7.10%
 646  MW713770    90.00%    passed      7.10%
 647  MW713790    90.00%    passed      7.10%
 648  MW713771    90.00%    passed      6.67%
 649  MW713772    90.00%    passed      7.49%
 650  MW713791    90.00%    passed      7.49%
 651  MW713773    90.00%    passed      5.59%
 652  MW713774    90.00%    passed      5.59%
 653  MW713775    90.00%    passed      6.20%
 654  MW713776    90.00%    passed      6.20%
 655  MW713757    90.00%    passed      5.25%
 656  MW713778    90.00%    passed      5.59%
 657  MW713787    90.00%    passed      5.59%
 658  MW713788    90.00%    passed      5.59%
 659  MW713777    90.00%    passed      5.25%
 660  MW713785    90.00%    passed      7.10%
 661  MW713786    90.00%    passed      7.10%
 662  MW713789    90.00%    failed      4.35%
 663  MW713792    90.00%    passed      8.01%
 664  MW713793    90.00%    passed      6.42%
 665  JN541268    90.00%    passed      6.70%
 666  DQ473493    90.00%    passed      5.69%
 667  MN306051    90.00%    passed     18.00%
 668  DQ473494    90.00%    failed      4.62%
 669  ON729330    90.04%    passed     83.57%
 670  ON729331    90.04%    passed     87.65%
 671  OK649392    90.04%    passed     88.59%
 672  OK181465    90.04%    passed     88.59%
 673  FJ445185    90.04%    passed     59.93%
 674  EF173419    90.04%    passed     59.93%
 675  JF285321    90.04%    failed      4.11%
 676  JF285322    90.04%    failed      4.00%
 677  JF285323    90.04%    failed      4.00%
 678  JF285324    90.05%    failed      3.45%
 679  FJ445181    90.05%    passed      8.76%
 680  EF173417    90.04%    passed     10.19%
 681  ON311208    90.04%    passed     24.31%
 682  ON311209    90.04%    passed     22.97%
 683  ON311210    90.04%    passed     32.02%
 684  ON311211    90.04%    passed     32.02%
 685  KY369894    90.04%    passed     24.13%
 686  JQ837722    90.04%    passed     17.57%
 687  JN798585    90.04%    passed     43.88%
 688  FJ445160    90.04%    passed     51.61%
 689  MH828515    90.04%    passed     23.59%
 690  MN306020    90.04%    passed     10.42%
 691  MZ667414    90.04%    passed     13.15%
 692  DQ473509    90.04%    passed     18.76%
 693  ON311254    90.04%    passed     37.47%
 694  OM001446    90.04%    passed     26.84%
 695  MZ670588    90.04%    passed     30.09%
 696  OK539478    90.04%    passed     29.42%
 697  OK539495    90.04%    passed     30.22%
 698  MZ629173    90.04%    passed     41.60%
 699  KY369885    90.04%    passed     30.49%
 700  MH685690    90.04%    passed     59.00%
 701  MH685692    90.04%    passed     59.24%
 702  KY342346    90.19%    passed     49.45%
 703  FJ445122    90.05%    passed     38.12%
 704  JQ747746    90.00%    passed     20.67%
 705  JQ747750    90.00%    passed     10.34%
 706  FJ445119    90.00%    passed     12.17%
 707  LC720410    90.00%    passed      6.42%
 708  DQ473492    90.00%    passed      5.30%
 709  ON311257    90.00%    passed      7.16%
 710  ON311258    90.00%    passed      5.98%
 711  ON311259    90.00%    passed      5.98%
 712  OL638417    90.00%    passed     11.73%
 713  OK161372    90.00%    passed      6.93%
 714  ON311260    90.00%    passed     20.19%
 715  FJ445117    90.00%    passed     15.99%
 716  FJ445116    90.00%    passed     19.85%
 717  MN369037    90.00%    passed      5.76%
 718  DQ473491    90.00%    passed     14.96%
 719  OL961529    90.00%    passed     10.53%
 720  OM001355    90.00%    passed     10.53%
 721  OK161354    90.00%    passed     10.53%
 722  OK254882    90.00%    passed     10.53%
 723  OM001404    90.00%    passed     10.53%
 724  OM001428    90.00%    passed     17.76%
 725  OK181486    90.00%    passed     20.62%
 726  KY189313    90.00%    passed      6.39%
 727  OK649367    90.00%    passed     27.00%
 728  MZ363465    90.00%    passed     19.73%
 729  KY369886    90.00%    passed      8.94%
 730  JN798560    90.00%    failed      4.87%
 731  FJ445144    90.00%    passed     24.01%
 732  FJ445171    90.00%    passed     11.84%
 733  ON311223    90.08%    passed      7.91%
 734  ON311228    90.08%    passed      7.91%
 735  ON311227    90.08%    passed      7.91%
 736  ON311225    90.08%    passed      8.38%
 737  ON311231    90.08%    passed      8.38%
 738  ON311233    90.08%    passed      8.38%
 739  ON311236    90.08%    passed      8.38%
 740  ON311238    90.08%    passed      8.38%
 741  ON311229    90.08%    passed      8.38%
 742  ON311226    90.08%    passed      6.73%
 743  ON311230    90.08%    passed      6.73%
 744  ON311232    90.08%    passed      6.73%
 745  ON311234    90.08%    passed      6.73%
 746  ON311235    90.08%    passed      6.73%
 747  ON311247    90.08%    passed      6.73%
 748  ON311248    90.08%    passed      6.73%
 749  ON311252    90.08%    passed      6.73%
 750  ON311253    90.08%    passed      6.73%
 751  ON311237    90.08%    passed      6.73%
 752  ON311224    90.08%    passed      5.34%
 753  ON311251    90.08%    passed      7.51%
 754  ON311239    90.08%    passed      6.73%
 755  ON311240    90.08%    passed      8.38%
 756  ON311245    90.08%    passed      8.38%
 757  ON311250    90.08%    passed      8.38%
 758  ON311244    90.08%    passed      8.38%
 759  ON311246    90.08%    passed      8.38%
 760  ON311243    90.08%    passed      8.38%
 761  ON311249    90.09%    passed      8.85%
 762  ON311241    90.08%    passed      6.73%
 763  ON311242    90.08%    passed      6.73%
 764  OK254860    90.08%    passed     10.32%
 765  OK254874    90.08%    passed     10.32%
 766  OK649369    90.08%    passed     10.32%
 767  OK649376    90.08%    passed     10.32%
 768  OL638422    90.08%    failed      4.73%
 769  OK649377    90.08%    failed      4.73%
 770  MZ629144    90.08%    failed      4.73%
 771  OK539501    90.08%    failed      4.73%
 772  MZ629162    90.08%    failed      4.73%
 773  OK649404    90.08%    failed      4.14%
 774  MZ835562    90.08%    failed      3.59%
 775  MZ835617    90.08%    failed      3.59%
 776  OM001418    90.08%    failed      4.54%
 777  OK254839    90.08%    failed      4.54%
 778  OM001429    90.08%    passed      5.34%
 779  MZ629158    90.08%    passed      5.23%
 780  OL638463    90.08%    failed      4.56%
 781  JN815254    90.08%    failed      0.35%
 782  JN837696    90.08%    failed      0.44%
 783  JN621244    91.97%    failed      4.27%
 784  OK017935    90.08%    failed      0.84%
 785  DQ473497    90.08%    failed      0.78%
 786  OL638454    90.04%    failed      0.90%
 787  OL133726    90.04%    failed      0.90%
 788  OK181455    90.04%    failed      0.90%
 789  OK161359    90.04%    failed      1.37%
 790  OK161360    90.04%    failed      1.37%
 791  OK017961    90.04%    failed      1.07%
 792  MZ835581    90.04%    failed      1.07%
 793  OK254828    90.04%    failed      1.37%
 794  OK649402    90.04%    failed      1.37%
 795  OK254869    90.04%    failed      0.31%
 796  MH426975    90.04%    failed      0.56%
 797  MH426976    90.04%    failed      0.56%
 798  OM001394    90.04%    passed      5.22%
 799  OM001444    90.04%    failed      0.76%
 800  OM001453    90.04%    failed      0.76%
 801  OM001459    90.04%    failed      0.96%
 802  OK254880    90.04%    failed      0.96%
 803  JN798557    90.28%    passed     13.06%
 804  FJ445179    90.08%    passed     36.77%
 805  DQ473512    90.08%    passed     33.11%
 806  OL961540    90.04%    passed     19.88%
 807  OK017969    90.04%    passed     19.88%
 808  OK254862    90.04%    passed     19.88%
 809  OK181454    90.04%    passed     19.88%
 810  OK161386    90.04%    passed     19.88%
 811  OL133741    90.04%    passed     22.91%
 812  OM001351    90.04%    passed     24.71%
 813  OM001390    90.04%    passed     20.56%
 814  OL133733    90.04%    passed     22.24%
 815  MZ268733    90.04%    passed     15.63%
 816  MZ153248    90.04%    passed     15.63%
 817  MZ835608    90.04%    passed     30.60%
 818  MZ629143    90.04%    passed     30.46%
 819  MZ835612    90.04%    passed     30.46%
 820  OL133734    90.04%    passed     16.96%
 821  LC530048    90.04%    passed     17.57%
 822  KY369896    90.04%    passed     15.96%
 823  MN749155    90.04%    passed      5.28%
 824  KY967355    90.04%    passed      9.68%
 825  JN798589    90.04%    passed     10.19%
 826  JN798561    90.04%    passed     10.19%
 827  JN621241    90.04%    passed     21.06%
 828  FJ445134    90.04%    passed      8.04%
 829  DQ473496    90.04%    passed     10.17%
 830  X02316      90.04%    passed     28.65%
 831  OM001375    90.04%    passed     14.58%
 832  MZ835588    90.04%    passed     15.08%
 833  MZ835601    90.04%    passed     15.08%
 834  OM001377    90.04%    passed     12.80%
 835  OK017924    90.04%    passed     12.80%
 836  MN749152    90.04%    passed     15.72%
 837  MN228695    90.04%    passed     18.13%
 838  MN749149    90.04%    passed     17.63%
 839  MN749151    90.04%    passed     17.63%
 840  MN749154    90.04%    passed      5.14%
 841  LC720411    90.00%    failed      1.62%
 842  LC720412    90.00%    failed      2.18%
 843  OL638424    90.00%    passed      6.37%
 844  OM001382    90.00%    passed      6.37%
 845  OK539468    90.00%    passed      6.37%
 846  OK539504    90.00%    passed      6.37%
 847  OK181467    90.00%    passed      6.37%
 848  MZ629179    90.00%    passed      6.37%
 849  MZ835572    90.00%    passed      6.37%
 850  MZ835564    90.00%    passed      6.37%
 851  MZ835560    90.00%    passed      6.62%
 852  JN990705    90.00%    failed      3.12%
 853  JN798586    90.00%    failed      2.33%
 854  MH828516    90.00%    failed      4.82%
 855  JN798576    90.00%    failed      4.82%
 856  FJ445156    90.00%    passed     10.43%
 857  LC699423    90.00%    passed      7.08%
 858  OM001467    90.00%    failed      4.56%
 859  OK254831    90.00%    failed      4.56%
 860  OK181462    90.00%    failed      3.30%
 861  MZ629120    90.00%    failed      3.30%
 862  MZ629147    90.00%    failed      3.30%
 863  MW679008    90.00%    failed      3.85%
 864  MK989738    90.00%    passed      8.31%
 865  DQ473506    90.00%    failed      0.56%
 866  ON729339    90.01%    passed     43.24%
 867  KY369889    90.00%    passed     55.22%
 868  KY369892    90.00%    passed     55.22%
 869  KY369897    90.00%    passed     43.58%
 870  OK017936    90.00%    passed     50.10%
 871  MZ629112    90.00%    passed     43.14%
 872  MW713746    90.00%    passed     28.54%
 873  MW713750    90.00%    passed     28.54%
 874  MW713747    90.00%    passed     28.54%
 875  MW713748    90.00%    passed     28.54%
 876  MW713749    90.00%    passed     27.17%
 877  MW713751    90.00%    passed     29.14%
 878  MW713752    90.00%    passed     33.48%
 879  JQ245965    90.00%    passed     32.76%
 880  GQ415051    90.00%    passed     26.21%
 881  OL638458    90.00%    passed     66.88%
 882  OK161393    90.00%    passed     66.73%
 883  MZ629110    90.00%    passed     66.73%
 884  OM001406    90.00%    passed     76.99%
 885  OM001440    90.00%    passed     76.99%
 886  OK181471    90.00%    passed     76.99%
 887  MZ835582    90.00%    passed     76.25%
 888  MZ629182    90.00%    passed     59.75%
 889  ON311203    90.00%    passed     15.35%
 890  ON311205    90.00%    passed     15.35%
 891  ON311204    90.00%    passed     15.35%
 892  OM001398    90.00%    passed     18.68%
 893  OM001420    90.00%    passed     18.68%
 894  OL638437    90.00%    passed     18.68%
 895  MZ835602    90.00%    passed     18.68%
 896  OK161380    90.00%    passed     18.68%
 897  MZ835590    90.00%    passed     18.68%
 898  MZ835575    90.00%    passed     18.68%
 899  OK161385    90.00%    passed     18.68%
 900  OL133736    90.00%    passed     18.68%
 901  OK181495    90.00%    passed     18.68%
 902  MZ670580    90.00%    passed     18.68%
 903  MZ670585    90.00%    passed     18.68%
 904  MZ835569    90.00%    passed     18.68%
 905  MZ835586    90.00%    passed     18.68%
 906  OK254852    90.00%    passed     18.68%
 907  MZ460689    90.00%    passed     18.68%
 908  MZ629167    90.00%    passed     18.68%
 909  OK017963    90.00%    passed     18.68%
 910  MZ629174    90.00%    passed     18.68%
 911  MZ363468    90.00%    passed     18.68%
 912  MZ629136    90.00%    passed     18.68%
 913  MZ363425    90.00%    passed     18.68%
 914  MZ268690    90.00%    passed     18.68%
 915  MZ629140    90.00%    passed     18.68%
 916  MZ629166    90.00%    passed     18.68%
 917  OK017912    90.00%    passed     18.68%
 918  MZ221151    90.00%    passed     18.68%
 919  MW969532    90.00%    passed     18.68%
 920  OM001454    90.00%    passed     19.19%
 921  OK161375    90.00%    passed     18.00%
 922  MZ835568    90.00%    passed     18.00%
 923  OK017932    90.00%    passed     22.45%
 924  MZ460676    90.00%    passed     22.45%
 925  MZ629176    90.00%    passed     22.45%
 926  MZ629151    90.00%    passed     22.45%
 927  OK017960    90.00%    passed     22.45%
 928  MZ670595    90.00%    passed     22.45%
 929  OK649385    90.00%    passed     22.45%
 930  OK254878    90.00%    passed     19.19%
 931  MZ629121    90.00%    passed     14.79%
 932  OK539514    90.00%    passed     18.68%
 933  OM001431    90.00%    passed     19.22%
 934  OK181503    90.00%    passed     19.22%
 935  OK181458    90.00%    passed     19.22%
 936  MZ835585    90.00%    passed     19.22%
 937  OL961539    90.00%    passed     19.22%
 938  OM001372    90.00%    passed     19.22%
 939  OK539510    90.00%    passed     19.22%
 940  OK017943    90.00%    passed     19.22%
 941  MZ363455    90.00%    passed     19.22%
 942  MZ629156    90.00%    passed     19.22%
 943  OM001460    90.00%    passed     11.51%
 944  OK254876    90.00%    passed     11.51%
 945  OK539496    90.00%    passed     10.29%
 946  MZ629163    90.00%    passed     13.16%
 947  OK649389    90.00%    passed     19.53%
 948  MZ629133    90.00%    passed     19.53%
 949  MW969531    90.00%    passed     19.53%
 950  MZ153272    90.00%    passed     19.53%
 951  MZ153263    90.00%    passed     19.69%
 952  MZ153264    90.00%    passed     19.69%
 953  MZ835591    90.00%    passed     19.65%
 954  MZ363426    90.00%    passed     28.06%
 955  MZ221152    90.00%    passed     28.06%
 956  MZ268713    90.00%    passed     20.30%
 957  MZ268725    90.00%    passed     20.30%
 958  MZ322920    90.00%    passed     20.30%
 959  MZ268658    90.00%    passed     13.96%
 960  OL638465    90.00%    passed     13.33%
 961  OM001353    90.00%    passed     13.33%
 962  MZ835587    90.00%    passed     13.33%
 963  OK539466    90.00%    passed     13.33%
 964  OL133738    90.00%    passed     13.33%
 965  OK254832    90.00%    passed     13.33%
 966  OK017911    90.00%    passed     13.33%
 967  OK017928    90.00%    passed     13.33%
 968  MZ363415    90.00%    passed     13.33%
 969  MZ363433    90.00%    passed     13.33%
 970  MZ540946    90.00%    passed     13.33%
 971  MZ460706    90.00%    passed     13.33%
 972  MZ460708    90.00%    passed     13.33%
 973  MZ268660    90.00%    passed     13.33%
 974  MZ268719    90.00%    passed     13.33%
 975  MZ363438    90.00%    passed     13.33%
 976  OK017958    90.00%    passed     13.33%
 977  OK254866    90.00%    passed     13.33%
 978  MZ629119    90.00%    passed     13.33%
 979  MZ629126    90.00%    passed     13.33%
 980  OK254847    90.00%    passed     13.33%
 981  OK254849    90.00%    passed     13.33%
 982  OK161397    90.00%    passed     13.33%
 983  MZ629125    90.00%    passed     14.11%
 984  OK539511    90.00%    passed     12.20%
 985  OL133757    90.00%    passed     12.20%
 986  OK539474    90.00%    passed     14.71%
 987  MZ268649    90.00%    passed     16.71%
 988  OM001450    90.00%    passed     12.01%
 989  MZ629105    90.00%    passed     12.01%
 990  OK161410    90.00%    passed     15.35%
 991  OL638412    90.00%    passed     12.97%
 992  OK161373    90.00%    passed     12.97%
 993  MZ322923    90.00%    passed     12.97%
 994  KY189315    90.00%    passed     19.19%
 995  KY369891    90.00%    passed     19.69%
 996  MW713754    90.00%    passed     23.46%
 997  MW713755    90.00%    passed     23.06%
 998  MK989735    90.00%    passed     19.19%
 999  OM001363    90.00%    passed     19.04%
1000  MZ835593    90.00%    passed     19.04%
1001  OM001413    90.00%    passed     19.69%
1002  OK254881    90.00%    passed     19.69%
1003  MZ835604    90.00%    passed     19.69%
1004  OK539472    90.00%    passed     16.19%
1005  MZ460713    90.00%    passed     16.19%
1006  OK539473    90.00%    passed     16.17%
1007  MZ153288    90.00%    passed     16.17%
1008  OK161381    90.00%    passed     16.19%
1009  OM001415    90.00%    passed     13.05%
1010  OK254825    90.00%    passed     13.05%
1011  MZ268664    90.00%    passed     18.38%
1012  MZ268668    90.00%    passed     26.47%
1013  GQ415052    90.00%    passed     35.30%
1014  KY460514    90.00%    passed     16.60%
1015  MW713753    90.00%    passed     23.39%
1016  ON729328    90.00%    failed      0.34%
1017  MH517019    90.00%    failed      0.36%
1018  JQ994499    90.00%    failed      0.24%
1019  JF965515    90.00%    failed      0.39%
1020  JQ747749    90.00%    failed      0.61%
1021  MN749148    90.00%    failed      3.86%
1022  JN562725    90.00%    failed      2.97%
1023  FJ445136    90.00%    failed      1.65%
1024  MK989734    90.00%    failed      1.02%
1025  JQ245966    90.00%    failed      0.66%
1026  JF781504    90.00%    failed      2.88%
1027  FJ445147    90.00%    failed      1.75%
1028  JX025555    90.81%    passed     45.46%
1029  JQ245971    91.62%    passed     46.22%
1030  FJ445152    90.00%    failed      1.50%
1031  ON729336    90.00%    failed      0.27%
1032  MN306049    90.00%    failed      0.27%
1033  MN369045    90.00%    failed      0.32%
1034  JN798587    90.00%    failed      0.17%
1035  OK017946    90.00%    failed      0.34%
1036  DQ473507    90.00%    failed      3.19%
1037  ON311255    90.00%    failed      1.07%
1038  ON311256    90.00%    failed      1.07%
1039  OL638459    90.00%    failed      3.22%
1040  OK539477    90.00%    failed      3.22%
1041  OK161366    90.00%    failed      2.10%
1042  MZ363466    90.00%    failed      2.27%
1043  MZ460693    90.00%    failed      2.27%
1044  OL961534    90.00%    failed      2.56%
1045  MZ629131    90.00%    failed      2.68%
1046  MZ629142    90.00%    failed      2.68%
1047  OK017930    90.00%    failed      2.68%
1048  MZ322925    90.00%    failed      3.40%
1049  KY369888    90.00%    passed      5.13%
1050  OM001442    90.00%    failed      4.83%
1051  OK181488    90.00%    failed      4.83%
1052  JN798571    90.00%    failed      1.81%
1053  JN614993    90.00%    failed      1.81%
1054  JQ994494    90.00%    failed      1.84%
1055  OK539465    90.00%    passed      5.52%
1056  JN541270    91.28%    passed     13.31%
1057  FJ445120    90.00%    passed      9.17%
1058  MN369042    90.00%    passed     12.85%
1059  KY369887    90.00%    passed     15.11%
1060  JN798578    90.00%    passed      8.46%
1061  FJ445150    90.00%    passed      8.92%
1062  OL638403    90.00%    failed      3.62%
1063  OK539476    90.00%    failed      2.54%
1064  OM001449    90.00%    failed      2.92%
1065  MZ835599    90.00%    failed      2.54%
1066  MZ670592    90.00%    failed      2.59%
1067  MZ629129    90.00%    failed      2.80%
1068  OL133753    90.00%    failed      1.32%
1069  JN798577    90.00%    failed      2.75%
1070  JN798580    90.00%    failed      2.75%
1071  MK501733    90.00%    failed      0.45%
1072  JQ747751    90.00%    failed      0.85%
1073  DQ473508    90.00%    passed      6.12%
1074  LC699414    90.00%    passed     15.71%
1075  MZ667417    90.00%    passed     10.71%
1076  OL638448    90.00%    passed     15.02%
1077  OM001452    90.00%    passed     15.02%
1078  OK181500    90.00%    passed     15.02%
1079  OK181475    90.00%    passed     13.63%
1080  MZ835571    90.00%    passed     12.25%
1081  OL961532    90.00%    passed     13.21%
1082  OM001434    90.00%    passed     14.22%
1083  OK254871    90.00%    passed     14.22%
1084  MZ835565    90.00%    passed     19.03%
1085  OM001439    90.00%    passed     13.28%
1086  MZ670584    90.00%    passed     13.28%
1087  OM001373    90.00%    passed     12.25%
1088  OK539467    90.00%    passed     12.25%
1089  OL961533    90.00%    passed     19.03%
1090  OL961549    90.00%    passed     19.03%
1091  OL961550    90.00%    passed     19.03%
1092  MZ460684    90.00%    passed     19.03%
1093  OK649409    90.00%    passed     19.03%
1094  OK017914    90.00%    passed     19.03%
1095  OK017952    90.00%    passed     19.03%
1096  OK161374    90.00%    passed     19.03%
1097  OK161368    90.00%    passed     19.03%
1098  OK017919    90.00%    passed     19.03%
1099  OK017967    90.00%    passed     19.03%
1100  OK161396    90.00%    passed     19.03%
1101  MZ540955    90.00%    passed     19.03%
1102  OK539462    90.00%    passed     22.77%
1103  OM001386    90.00%    passed     22.77%
1104  OK161402    90.00%    passed     18.21%
1105  OM001411    90.00%    passed     18.21%
1106  OK649418    90.00%    passed     18.21%
1107  OK254872    90.00%    passed     18.21%
1108  OK254855    90.00%    passed     18.21%
1109  MZ322926    90.00%    passed     18.21%
1110  OK181480    90.00%    passed     11.59%
1111  OL133724    90.00%    passed      9.87%
1112  MZ268680    90.00%    passed      9.87%
1113  OM001362    90.00%    passed     15.71%
1114  OK649380    90.00%    passed     15.71%
1115  FJ445183    90.00%    passed     29.51%
1116  EF173418    90.00%    passed     29.51%
1117  OM001397    90.00%    passed     18.39%
1118  MT364381    90.00%    passed     18.53%
1119  MN369040    90.00%    passed     13.49%
1120  MK989737    90.00%    passed     13.49%
1121  KX398052    90.01%    passed     15.73%
1122  JF781511    90.00%    passed      6.63%
1123  HQ123441    90.00%    failed      4.92%
1124  EF173415    90.00%    passed      7.36%
1125  ON311264    90.00%    passed     32.01%
1126  FJ445176    90.00%    passed     20.82%
1127  DQ473503    90.00%    passed     23.87%
1128  LC699419    90.00%    passed     35.17%
1129  DQ473504    90.00%    passed     55.52%
1130  LC699420    90.00%    passed     11.35%
1131  OM001348    90.00%    passed     15.63%
1132  OL638449    90.00%    passed     22.92%
1133  OL961521    90.00%    passed     13.32%
1134  OK017916    90.00%    passed     13.32%
1135  OK017922    90.00%    passed     15.63%
1136  OK017950    90.00%    passed     22.92%
1137  MZ670593    90.00%    passed     32.39%
1138  MZ667420    90.00%    passed     44.89%
1139  JX025558    90.00%    passed     52.15%
1140  FJ445142    90.00%    passed      5.43%
1141  KF958307    90.00%    passed     15.58%
1142  JF781497    90.00%    passed     15.58%
1143  JN815241    90.00%    passed     22.75%
1144  JN815246    90.00%    passed     22.75%
1145  JN614994    90.00%    passed     31.38%
1146  JN621243    90.00%    passed     28.38%
1147  JN798583    90.00%    passed     25.04%
1148  DQ473505    90.00%    passed     29.99%
1149  JQ837716    90.00%    passed     39.30%
1150  JQ837719    90.00%    passed     36.00%
1151  FJ445166    90.00%    passed     47.05%
1152  FJ445165    90.00%    passed     19.84%
1153  FJ445184    90.01%    passed      9.65%
1154  NC_001617   90.00%    passed     10.22%
1155  M16248      90.00%    passed     10.22%
1156  OL989374    90.00%    passed     25.88%
1157  ON311217    90.00%    passed      8.12%
1158  MN749144    90.00%    passed     16.43%
1159  MK989739    90.00%    passed     12.22%
1160  FJ445132    90.00%    passed      7.67%
1161  ON989189    90.11%    failed      0.50%
1162  ON989194    90.11%    failed      0.80%
1163  GU568096    90.11%    passed     18.71%
WARNING: 1163 sequences contain more than 50% gaps/ambiguity
****  TOTAL       90.02%  292 sequences failed composition chi2 test (p-value<5%; df=3)
NOTE: MF973193 is identical to FJ445111 but kept for subsequent analysis
NOTE: KC894168 is identical to KC894167 but kept for subsequent analysis
NOTE: MN749157 is identical to MN749156 but kept for subsequent analysis
NOTE: JQ837724 is identical to JN837694 but kept for subsequent analysis
NOTE: OK161412 is identical to OL133743 but kept for subsequent analysis
NOTE: OK161379 is identical to OL365069 but kept for subsequent analysis
NOTE: OM001378 is identical to OL638452 but kept for subsequent analysis
NOTE: OK254865 is identical to OM001345 but kept for subsequent analysis
NOTE: OK161411 is identical to OL638428 but kept for subsequent analysis
NOTE: OK254877 is identical to OK254838 but kept for subsequent analysis
NOTE: OK649383 is identical to OK254826 but kept for subsequent analysis
NOTE: OK161407 is identical to OK649420 but kept for subsequent analysis
NOTE: OK161394 is identical to OK254830 but kept for subsequent analysis
NOTE: OK539470 is identical to OM001371 but kept for subsequent analysis
NOTE: OK161376 is identical to OK161357 but kept for subsequent analysis
NOTE: OL638457 is identical to OL638450 but kept for subsequent analysis
NOTE: OK539490 is identical to OL133737 but kept for subsequent analysis
NOTE: OL133752 is identical to OK649415 but kept for subsequent analysis
NOTE: OK161383 is identical to OK254842 but kept for subsequent analysis
NOTE: OK254879 is identical to OM001457 but kept for subsequent analysis
NOTE: OK161369 is identical to OL638405 but kept for subsequent analysis
NOTE: OL133749 is identical to OL961536 but kept for subsequent analysis
NOTE: MZ268732 is identical to OM001430 but kept for subsequent analysis
NOTE: OK539500 is identical to OM001347 but kept for subsequent analysis
NOTE: OK181473 is identical to OM001426 but kept for subsequent analysis
NOTE: OK539480 is identical to OL638407 but kept for subsequent analysis
NOTE: OL638432 is identical to OL638411 but kept for subsequent analysis
NOTE: OK539475 is identical to OM001359 but kept for subsequent analysis
NOTE: OK181498 is identical to OK649374 but kept for subsequent analysis
NOTE: OK181459 is identical to OL638414 but kept for subsequent analysis
NOTE: MZ835606 is identical to MZ835589 but kept for subsequent analysis
NOTE: OK181502 is identical to OL133764 but kept for subsequent analysis
NOTE: OL638443 is identical to OL365071 but kept for subsequent analysis
NOTE: OK181463 is identical to OK649401 but kept for subsequent analysis
NOTE: OM001414 is identical to OL638436 but kept for subsequent analysis
NOTE: MK501745 is identical to MK501734 but kept for subsequent analysis
NOTE: KC881033 is identical to KC881032 but kept for subsequent analysis
NOTE: JN614992 is identical to JN815253 but kept for subsequent analysis
NOTE: JQ245967 is identical to JX074051 but kept for subsequent analysis
NOTE: MH685691 is identical to MH685686 but kept for subsequent analysis
NOTE: MZ540950 is identical to OL961530 but kept for subsequent analysis
NOTE: FJ445140 is identical to EU840727 but kept for subsequent analysis
NOTE: OL638460 is identical to OL638408 but kept for subsequent analysis
NOTE: OK181494 is identical to OL638461 but kept for subsequent analysis
NOTE: OK649364 is identical to OK649361 but kept for subsequent analysis
NOTE: ON311222 is identical to ON311221 but kept for subsequent analysis
NOTE: OM001365 is identical to OL638418 but kept for subsequent analysis
NOTE: MZ670575 is identical to OM001445 but kept for subsequent analysis
NOTE: MZ153274 is identical to MZ322917 but kept for subsequent analysis
NOTE: MZ460679 is identical to MZ629180 but kept for subsequent analysis
NOTE: OK649387 is identical to OM001358 but kept for subsequent analysis
NOTE: MZ460716 is identical to OK649425 but kept for subsequent analysis
NOTE: MZ629113 is identical to OK017954 but kept for subsequent analysis
NOTE: MZ363460 is identical to MZ322927 but kept for subsequent analysis
NOTE: ON311207 is identical to ON311206 but kept for subsequent analysis
NOTE: DQ473498 is identical to FJ445178 but kept for subsequent analysis
NOTE: OK181482 is identical to OM001403 but kept for subsequent analysis
NOTE: MZ835619 is identical to OL638427 but kept for subsequent analysis
NOTE: OK181497 is identical to OL638446 but kept for subsequent analysis
NOTE: MZ629137 is identical to MZ629134 but kept for subsequent analysis
NOTE: MZ268735 is identical to MZ268645 but kept for subsequent analysis
NOTE: OK161400 is identical to MZ322919 but kept for subsequent analysis
NOTE: MZ268646 is identical to MZ629175 but kept for subsequent analysis
NOTE: OL638442 is identical to OL638434 but kept for subsequent analysis
NOTE: OK161355 is identical to OL638444 but kept for subsequent analysis
NOTE: OK254870 is identical to OM001464 but kept for subsequent analysis
NOTE: MZ540952 is identical to OL133758 but kept for subsequent analysis
NOTE: JX074055 is identical to JX074049 but kept for subsequent analysis
NOTE: JN815250 is identical to JN990707 but kept for subsequent analysis
NOTE: MZ670577 is identical to OL638419 but kept for subsequent analysis
NOTE: OM001401 is identical to OM001352 but kept for subsequent analysis
NOTE: OK649396 is identical to OK649362 but kept for subsequent analysis
NOTE: OK254834 is identical to OM001350 but kept for subsequent analysis
NOTE: OK649393 is identical to OK254868 but kept for subsequent analysis
NOTE: KR871676 is identical to MF043119 but kept for subsequent analysis
NOTE: KR871674 is identical to KR871675 but kept for subsequent analysis
NOTE: ON311267 is identical to ON311266 but kept for subsequent analysis
NOTE: DQ473501 is identical to FJ445189 but kept for subsequent analysis
NOTE: JF781503 is identical to JN837690 but kept for subsequent analysis
NOTE: OK181468 is identical to OL133750 but kept for subsequent analysis
NOTE: DQ473495 is identical to FJ445180 but kept for subsequent analysis
NOTE: OL638431 is identical to MZ322931 but kept for subsequent analysis
NOTE: OK254824 is identical to OM001405 but kept for subsequent analysis
NOTE: JF285312 is identical to JF285310 but kept for subsequent analysis
NOTE: JF285319 is identical to JF285317 but kept for subsequent analysis
NOTE: MW713765 is identical to MW713764 but kept for subsequent analysis
NOTE: MW713791 is identical to MW713772 but kept for subsequent analysis
NOTE: MW713774 is identical to MW713773 but kept for subsequent analysis
NOTE: MW713776 is identical to MW713775 but kept for subsequent analysis
NOTE: MW713787 is identical to MW713778 but kept for subsequent analysis
NOTE: MW713786 is identical to MW713785 but kept for subsequent analysis
NOTE: OK181465 is identical to OK649392 but kept for subsequent analysis
NOTE: EF173419 is identical to FJ445185 but kept for subsequent analysis
NOTE: JF285323 is identical to JF285322 but kept for subsequent analysis
NOTE: ON311211 is identical to ON311210 but kept for subsequent analysis
NOTE: ON311259 is identical to ON311258 but kept for subsequent analysis
NOTE: OM001355 is identical to OL961529 but kept for subsequent analysis
NOTE: ON311228 is identical to ON311223 but kept for subsequent analysis
NOTE: ON311231 is identical to ON311225 but kept for subsequent analysis
NOTE: ON311232 is identical to ON311230 but kept for subsequent analysis
NOTE: ON311245 is identical to ON311240 but kept for subsequent analysis
NOTE: ON311242 is identical to ON311241 but kept for subsequent analysis
NOTE: OK254874 is identical to OK254860 but kept for subsequent analysis
NOTE: OK649377 is identical to OL638422 but kept for subsequent analysis
NOTE: MZ835617 is identical to MZ835562 but kept for subsequent analysis
NOTE: OK254839 is identical to OM001418 but kept for subsequent analysis
NOTE: OL133726 is identical to OL638454 but kept for subsequent analysis
NOTE: OK161360 is identical to OK161359 but kept for subsequent analysis
NOTE: MZ835581 is identical to OK017961 but kept for subsequent analysis
NOTE: OK649402 is identical to OK254828 but kept for subsequent analysis
NOTE: MH426976 is identical to MH426975 but kept for subsequent analysis
NOTE: OK254880 is identical to OM001459 but kept for subsequent analysis
NOTE: OK017969 is identical to OL961540 but kept for subsequent analysis
NOTE: MZ153248 is identical to MZ268733 but kept for subsequent analysis
NOTE: MZ835612 is identical to MZ629143 but kept for subsequent analysis
NOTE: JN798561 is identical to JN798589 but kept for subsequent analysis
NOTE: MZ835601 is identical to MZ835588 but kept for subsequent analysis
NOTE: OK017924 is identical to OM001377 but kept for subsequent analysis
NOTE: MN749151 is identical to MN749149 but kept for subsequent analysis
NOTE: OM001382 is identical to OL638424 but kept for subsequent analysis
NOTE: JN798576 is identical to MH828516 but kept for subsequent analysis
NOTE: OK254831 is identical to OM001467 but kept for subsequent analysis
NOTE: MZ629120 is identical to OK181462 but kept for subsequent analysis
NOTE: KY369892 is identical to KY369889 but kept for subsequent analysis
NOTE: MW713750 is identical to MW713746 but kept for subsequent analysis
NOTE: OM001440 is identical to OM001406 but kept for subsequent analysis
NOTE: ON311205 is identical to ON311203 but kept for subsequent analysis
NOTE: OM001420 is identical to OM001398 but kept for subsequent analysis
NOTE: MZ460676 is identical to OK017932 but kept for subsequent analysis
NOTE: OK181503 is identical to OM001431 but kept for subsequent analysis
NOTE: OK254876 is identical to OM001460 but kept for subsequent analysis
NOTE: MZ629133 is identical to OK649389 but kept for subsequent analysis
NOTE: MZ153264 is identical to MZ153263 but kept for subsequent analysis
NOTE: MZ221152 is identical to MZ363426 but kept for subsequent analysis
NOTE: MZ268725 is identical to MZ268713 but kept for subsequent analysis
NOTE: OM001353 is identical to OL638465 but kept for subsequent analysis
NOTE: OL133757 is identical to OK539511 but kept for subsequent analysis
NOTE: MZ629105 is identical to OM001450 but kept for subsequent analysis
NOTE: OK161373 is identical to OL638412 but kept for subsequent analysis
NOTE: MZ835593 is identical to OM001363 but kept for subsequent analysis
NOTE: OK254881 is identical to OM001413 but kept for subsequent analysis
NOTE: MZ460713 is identical to OK539472 but kept for subsequent analysis
NOTE: OK254825 is identical to OM001415 but kept for subsequent analysis
NOTE: MN306049 is identical to ON729336 but kept for subsequent analysis
NOTE: ON311256 is identical to ON311255 but kept for subsequent analysis
NOTE: OK539477 is identical to OL638459 but kept for subsequent analysis
NOTE: MZ629142 is identical to MZ629131 but kept for subsequent analysis
NOTE: OK181488 is identical to OM001442 but kept for subsequent analysis
NOTE: JN614993 is identical to JN798571 but kept for subsequent analysis
NOTE: JN798580 is identical to JN798577 but kept for subsequent analysis
NOTE: OM001452 is identical to OL638448 but kept for subsequent analysis
NOTE: OK254871 is identical to OM001434 but kept for subsequent analysis
NOTE: MZ670584 is identical to OM001439 but kept for subsequent analysis
NOTE: OK539467 is identical to OM001373 but kept for subsequent analysis
NOTE: OL961549 is identical to OL961533 but kept for subsequent analysis
NOTE: OK649418 is identical to OM001411 but kept for subsequent analysis
NOTE: MZ268680 is identical to OL133724 but kept for subsequent analysis
NOTE: OK649380 is identical to OM001362 but kept for subsequent analysis
NOTE: EF173418 is identical to FJ445183 but kept for subsequent analysis
NOTE: OK017916 is identical to OL961521 but kept for subsequent analysis
NOTE: JF781497 is identical to KF958307 but kept for subsequent analysis
NOTE: M16248 is identical to NC_001617 but kept for subsequent analysis
Checking for duplicate sequences: done in 0.0054431 secs using 84.55% CPU
Identifying sites to remove: done in 0.02724 secs using 98.91% CPU
NOTE: 298 identical sequences (see below) will be ignored for subsequent analysis
NOTE: KC894166 (identical to FJ445111) is ignored but added at the end
NOTE: OL133728 (identical to OL638452) is ignored but added at the end
NOTE: OL133762 (identical to OL638452) is ignored but added at the end
NOTE: OK539508 (identical to OL638452) is ignored but added at the end
NOTE: OK649405 (identical to OL638452) is ignored but added at the end
NOTE: OM001436 (identical to OL638452) is ignored but added at the end
NOTE: OK181470 (identical to OL638452) is ignored but added at the end
NOTE: OL133747 (identical to OL638452) is ignored but added at the end
NOTE: OL133751 (identical to OL638452) is ignored but added at the end
NOTE: OK539460 (identical to OL638452) is ignored but added at the end
NOTE: OM001458 (identical to OL638452) is ignored but added at the end
NOTE: OK254845 (identical to OL638452) is ignored but added at the end
NOTE: MZ460699 (identical to OL638452) is ignored but added at the end
NOTE: OM001462 (identical to OL638452) is ignored but added at the end
NOTE: MZ629153 (identical to OL638452) is ignored but added at the end
NOTE: OL638423 (identical to OL638452) is ignored but added at the end
NOTE: OL638438 (identical to OL638452) is ignored but added at the end
NOTE: OK161362 (identical to OL638452) is ignored but added at the end
NOTE: MZ835611 (identical to OL638452) is ignored but added at the end
NOTE: OL133742 (identical to OL638452) is ignored but added at the end
NOTE: OK254843 (identical to OL638452) is ignored but added at the end
NOTE: OK649375 (identical to OL638452) is ignored but added at the end
NOTE: OK649421 (identical to OL638452) is ignored but added at the end
NOTE: OK017941 (identical to OL638452) is ignored but added at the end
NOTE: MZ629132 (identical to OL638452) is ignored but added at the end
NOTE: MZ460672 (identical to OL638452) is ignored but added at the end
NOTE: OL638404 (identical to OL638452) is ignored but added at the end
NOTE: OL638416 (identical to OL638452) is ignored but added at the end
NOTE: OM001399 (identical to OL638452) is ignored but added at the end
NOTE: OK649408 (identical to OL638452) is ignored but added at the end
NOTE: OK181452 (identical to OL638452) is ignored but added at the end
NOTE: OL961543 (identical to OL638452) is ignored but added at the end
NOTE: OM001361 (identical to OL638452) is ignored but added at the end
NOTE: OK017956 (identical to OL638452) is ignored but added at the end
NOTE: OM001376 (identical to OL638452) is ignored but added at the end
NOTE: OK254837 (identical to OL638452) is ignored but added at the end
NOTE: MZ835607 (identical to OL638452) is ignored but added at the end
NOTE: OK254867 (identical to OL638452) is ignored but added at the end
NOTE: MZ835603 (identical to OL638452) is ignored but added at the end
NOTE: MZ363421 (identical to OL638452) is ignored but added at the end
NOTE: MZ268665 (identical to OL638452) is ignored but added at the end
NOTE: MZ153265 (identical to OL638452) is ignored but added at the end
NOTE: OK181460 (identical to OL638452) is ignored but added at the end
NOTE: MZ835592 (identical to OL638452) is ignored but added at the end
NOTE: MZ268703 (identical to OL638452) is ignored but added at the end
NOTE: OK181477 (identical to OL638452) is ignored but added at the end
NOTE: OK181478 (identical to OL638452) is ignored but added at the end
NOTE: MZ629138 (identical to OL638452) is ignored but added at the end
NOTE: MZ427506 (identical to OL638452) is ignored but added at the end
NOTE: OK181490 (identical to OL638452) is ignored but added at the end
NOTE: OK017968 (identical to OL638452) is ignored but added at the end
NOTE: OK181496 (identical to OL638452) is ignored but added at the end
NOTE: OL638430 (identical to OL638452) is ignored but added at the end
NOTE: OM001432 (identical to OL638452) is ignored but added at the end
NOTE: OK539489 (identical to OL638452) is ignored but added at the end
NOTE: OK161388 (identical to OL638452) is ignored but added at the end
NOTE: OM001461 (identical to OL638452) is ignored but added at the end
NOTE: OL638440 (identical to OL638452) is ignored but added at the end
NOTE: OL133755 (identical to OL638452) is ignored but added at the end
NOTE: OL638466 (identical to OL638452) is ignored but added at the end
NOTE: OM001470 (identical to OL638452) is ignored but added at the end
NOTE: OL961519 (identical to OL638452) is ignored but added at the end
NOTE: OK539483 (identical to OL638452) is ignored but added at the end
NOTE: OL961546 (identical to OL638452) is ignored but added at the end
NOTE: OK539461 (identical to OL638452) is ignored but added at the end
NOTE: OM001468 (identical to OL638452) is ignored but added at the end
NOTE: MZ153280 (identical to OL638452) is ignored but added at the end
NOTE: OK649360 (identical to OL638452) is ignored but added at the end
NOTE: OK161408 (identical to OL638452) is ignored but added at the end
NOTE: OK181453 (identical to OL638452) is ignored but added at the end
NOTE: OM001383 (identical to OL638452) is ignored but added at the end
NOTE: OM001427 (identical to OL638452) is ignored but added at the end
NOTE: OL133763 (identical to OL638452) is ignored but added at the end
NOTE: OK649390 (identical to OL638452) is ignored but added at the end
NOTE: OK161390 (identical to OL638452) is ignored but added at the end
NOTE: OK181469 (identical to OL638452) is ignored but added at the end
NOTE: OK181474 (identical to OL638452) is ignored but added at the end
NOTE: MZ629118 (identical to OL638452) is ignored but added at the end
NOTE: OL133759 (identical to OL638452) is ignored but added at the end
NOTE: OK181481 (identical to OL638452) is ignored but added at the end
NOTE: OK017933 (identical to OL638452) is ignored but added at the end
NOTE: MZ268740 (identical to OL638452) is ignored but added at the end
NOTE: OK161361 (identical to OL638452) is ignored but added at the end
NOTE: OK161365 (identical to OL638452) is ignored but added at the end
NOTE: OK539463 (identical to OL638452) is ignored but added at the end
NOTE: OM001364 (identical to OL638452) is ignored but added at the end
NOTE: OM001391 (identical to OL638452) is ignored but added at the end
NOTE: OL133727 (identical to OL638452) is ignored but added at the end
NOTE: MZ629114 (identical to OL638452) is ignored but added at the end
NOTE: OK539485 (identical to OL638452) is ignored but added at the end
NOTE: OM001389 (identical to OL638452) is ignored but added at the end
NOTE: MZ835578 (identical to OL638452) is ignored but added at the end
NOTE: MZ835584 (identical to OL638452) is ignored but added at the end
NOTE: OK254844 (identical to OK254838) is ignored but added at the end
NOTE: OK649423 (identical to OK649420) is ignored but added at the end
NOTE: OK649424 (identical to OK254830) is ignored but added at the end
NOTE: OK649370 (identical to OL638450) is ignored but added at the end
NOTE: OK649406 (identical to OL638450) is ignored but added at the end
NOTE: OK161395 (identical to OL638450) is ignored but added at the end
NOTE: OK161401 (identical to OL638450) is ignored but added at the end
NOTE: OK649417 (identical to OL638450) is ignored but added at the end
NOTE: MZ629124 (identical to OL638450) is ignored but added at the end
NOTE: OK161356 (identical to OL638450) is ignored but added at the end
NOTE: OK161389 (identical to OK254842) is ignored but added at the end
NOTE: MZ670573 (identical to OK254842) is ignored but added at the end
NOTE: MZ670574 (identical to OK254842) is ignored but added at the end
NOTE: MZ835594 (identical to OK254842) is ignored but added at the end
NOTE: OM001441 (identical to OK254842) is ignored but added at the end
NOTE: OL133725 (identical to OK254842) is ignored but added at the end
NOTE: OK254875 (identical to OK254842) is ignored but added at the end
NOTE: MZ540949 (identical to OK254842) is ignored but added at the end
NOTE: OM001360 (identical to OK254842) is ignored but added at the end
NOTE: OK181483 (identical to OK254842) is ignored but added at the end
NOTE: OK539507 (identical to OL961536) is ignored but added at the end
NOTE: MZ629152 (identical to OL961536) is ignored but added at the end
NOTE: OK254857 (identical to OM001430) is ignored but added at the end
NOTE: OK161387 (identical to OM001430) is ignored but added at the end
NOTE: MZ670594 (identical to OM001430) is ignored but added at the end
NOTE: MZ670587 (identical to OM001426) is ignored but added at the end
NOTE: OK649411 (identical to OM001426) is ignored but added at the end
NOTE: OK649419 (identical to OM001426) is ignored but added at the end
NOTE: OK649366 (identical to OL638407) is ignored but added at the end
NOTE: OM001357 (identical to OL638407) is ignored but added at the end
NOTE: OM001379 (identical to OL638407) is ignored but added at the end
NOTE: OL638439 (identical to OL638411) is ignored but added at the end
NOTE: OK649414 (identical to OK649374) is ignored but added at the end
NOTE: OK181461 (identical to OK649374) is ignored but added at the end
NOTE: OL961523 (identical to OL365071) is ignored but added at the end
NOTE: OL961548 (identical to OL365071) is ignored but added at the end
NOTE: OM001396 (identical to OL365071) is ignored but added at the end
NOTE: OK649368 (identical to OL365071) is ignored but added at the end
NOTE: OL133754 (identical to OL365071) is ignored but added at the end
NOTE: OK539493 (identical to OL365071) is ignored but added at the end
NOTE: OM001384 (identical to OL365071) is ignored but added at the end
NOTE: OL133765 (identical to OL365071) is ignored but added at the end
NOTE: OM001421 (identical to OL365071) is ignored but added at the end
NOTE: OK254851 (identical to OL365071) is ignored but added at the end
NOTE: OK161399 (identical to OL365071) is ignored but added at the end
NOTE: OK181456 (identical to OL365071) is ignored but added at the end
NOTE: OK181485 (identical to OL365071) is ignored but added at the end
NOTE: MZ835605 (identical to OL365071) is ignored but added at the end
NOTE: MZ835563 (identical to OK649401) is ignored but added at the end
NOTE: MZ460702 (identical to OK649401) is ignored but added at the end
NOTE: KC881035 (identical to KC881032) is ignored but added at the end
NOTE: KC881034 (identical to KC881032) is ignored but added at the end
NOTE: D00239 (identical to KC881032) is ignored but added at the end
NOTE: JN798574 (identical to JN815253) is ignored but added at the end
NOTE: OK254861 (identical to OM001445) is ignored but added at the end
NOTE: MZ153273 (identical to MZ322917) is ignored but added at the end
NOTE: MZ268669 (identical to MZ629180) is ignored but added at the end
NOTE: OK539512 (identical to OM001358) is ignored but added at the end
NOTE: OK649388 (identical to OM001358) is ignored but added at the end
NOTE: MZ268651 (identical to OK649425) is ignored but added at the end
NOTE: MZ363418 (identical to OK649425) is ignored but added at the end
NOTE: OK181466 (identical to OM001403) is ignored but added at the end
NOTE: MZ835618 (identical to OM001403) is ignored but added at the end
NOTE: MZ835561 (identical to OM001403) is ignored but added at the end
NOTE: OK649372 (identical to OM001403) is ignored but added at the end
NOTE: MZ629177 (identical to MZ629134) is ignored but added at the end
NOTE: OK161392 (identical to OL638434) is ignored but added at the end
NOTE: MZ629148 (identical to OM001352) is ignored but added at the end
NOTE: OM001466 (identical to OM001350) is ignored but added at the end
NOTE: ON311270 (identical to ON311266) is ignored but added at the end
NOTE: ON311268 (identical to ON311266) is ignored but added at the end
NOTE: ON311271 (identical to ON311266) is ignored but added at the end
NOTE: ON311272 (identical to ON311266) is ignored but added at the end
NOTE: ON311273 (identical to ON311266) is ignored but added at the end
NOTE: ON311274 (identical to ON311266) is ignored but added at the end
NOTE: OK539494 (identical to MZ322931) is ignored but added at the end
NOTE: JF285313 (identical to JF285310) is ignored but added at the end
NOTE: JF285315 (identical to JF285310) is ignored but added at the end
NOTE: JF285316 (identical to JF285310) is ignored but added at the end
NOTE: JF285314 (identical to JF285310) is ignored but added at the end
NOTE: JF285311 (identical to JF285310) is ignored but added at the end
NOTE: MW713769 (identical to MW713764) is ignored but added at the end
NOTE: MW713766 (identical to MW713764) is ignored but added at the end
NOTE: MW713768 (identical to MW713764) is ignored but added at the end
NOTE: MW713770 (identical to MW713764) is ignored but added at the end
NOTE: MW713790 (identical to MW713764) is ignored but added at the end
NOTE: MW713788 (identical to MW713778) is ignored but added at the end
NOTE: OK161354 (identical to OL961529) is ignored but added at the end
NOTE: OK254882 (identical to OL961529) is ignored but added at the end
NOTE: OM001404 (identical to OL961529) is ignored but added at the end
NOTE: ON311227 (identical to ON311223) is ignored but added at the end
NOTE: ON311233 (identical to ON311225) is ignored but added at the end
NOTE: ON311236 (identical to ON311225) is ignored but added at the end
NOTE: ON311238 (identical to ON311225) is ignored but added at the end
NOTE: ON311229 (identical to ON311225) is ignored but added at the end
NOTE: ON311234 (identical to ON311230) is ignored but added at the end
NOTE: ON311235 (identical to ON311230) is ignored but added at the end
NOTE: ON311247 (identical to ON311230) is ignored but added at the end
NOTE: ON311248 (identical to ON311230) is ignored but added at the end
NOTE: ON311252 (identical to ON311230) is ignored but added at the end
NOTE: ON311253 (identical to ON311230) is ignored but added at the end
NOTE: ON311237 (identical to ON311230) is ignored but added at the end
NOTE: ON311250 (identical to ON311240) is ignored but added at the end
NOTE: ON311244 (identical to ON311240) is ignored but added at the end
NOTE: ON311246 (identical to ON311240) is ignored but added at the end
NOTE: ON311243 (identical to ON311240) is ignored but added at the end
NOTE: OK649369 (identical to OK254860) is ignored but added at the end
NOTE: OK649376 (identical to OK254860) is ignored but added at the end
NOTE: MZ629144 (identical to OL638422) is ignored but added at the end
NOTE: OK539501 (identical to OL638422) is ignored but added at the end
NOTE: MZ629162 (identical to OL638422) is ignored but added at the end
NOTE: OK181455 (identical to OL638454) is ignored but added at the end
NOTE: OK254862 (identical to OL961540) is ignored but added at the end
NOTE: OK181454 (identical to OL961540) is ignored but added at the end
NOTE: OK161386 (identical to OL961540) is ignored but added at the end
NOTE: OK539468 (identical to OL638424) is ignored but added at the end
NOTE: OK539504 (identical to OL638424) is ignored but added at the end
NOTE: OK181467 (identical to OL638424) is ignored but added at the end
NOTE: MZ629179 (identical to OL638424) is ignored but added at the end
NOTE: MZ835572 (identical to OL638424) is ignored but added at the end
NOTE: MZ835564 (identical to OL638424) is ignored but added at the end
NOTE: MZ629147 (identical to OK181462) is ignored but added at the end
NOTE: MW713747 (identical to MW713746) is ignored but added at the end
NOTE: MW713748 (identical to MW713746) is ignored but added at the end
NOTE: OK181471 (identical to OM001406) is ignored but added at the end
NOTE: ON311204 (identical to ON311203) is ignored but added at the end
NOTE: OL638437 (identical to OM001398) is ignored but added at the end
NOTE: MZ835602 (identical to OM001398) is ignored but added at the end
NOTE: OK161380 (identical to OM001398) is ignored but added at the end
NOTE: MZ835590 (identical to OM001398) is ignored but added at the end
NOTE: MZ835575 (identical to OM001398) is ignored but added at the end
NOTE: OK161385 (identical to OM001398) is ignored but added at the end
NOTE: OL133736 (identical to OM001398) is ignored but added at the end
NOTE: OK181495 (identical to OM001398) is ignored but added at the end
NOTE: MZ670580 (identical to OM001398) is ignored but added at the end
NOTE: MZ670585 (identical to OM001398) is ignored but added at the end
NOTE: MZ835569 (identical to OM001398) is ignored but added at the end
NOTE: MZ835586 (identical to OM001398) is ignored but added at the end
NOTE: OK254852 (identical to OM001398) is ignored but added at the end
NOTE: MZ460689 (identical to OM001398) is ignored but added at the end
NOTE: MZ629167 (identical to OM001398) is ignored but added at the end
NOTE: OK017963 (identical to OM001398) is ignored but added at the end
NOTE: MZ629174 (identical to OM001398) is ignored but added at the end
NOTE: MZ363468 (identical to OM001398) is ignored but added at the end
NOTE: MZ629136 (identical to OM001398) is ignored but added at the end
NOTE: MZ363425 (identical to OM001398) is ignored but added at the end
NOTE: MZ268690 (identical to OM001398) is ignored but added at the end
NOTE: MZ629140 (identical to OM001398) is ignored but added at the end
NOTE: MZ629166 (identical to OM001398) is ignored but added at the end
NOTE: OK017912 (identical to OM001398) is ignored but added at the end
NOTE: MZ221151 (identical to OM001398) is ignored but added at the end
NOTE: MW969532 (identical to OM001398) is ignored but added at the end
NOTE: MZ629176 (identical to OK017932) is ignored but added at the end
NOTE: MZ629151 (identical to OK017932) is ignored but added at the end
NOTE: OK017960 (identical to OK017932) is ignored but added at the end
NOTE: MZ670595 (identical to OK017932) is ignored but added at the end
NOTE: OK649385 (identical to OK017932) is ignored but added at the end
NOTE: OK181458 (identical to OM001431) is ignored but added at the end
NOTE: MZ835585 (identical to OM001431) is ignored but added at the end
NOTE: OL961539 (identical to OM001431) is ignored but added at the end
NOTE: OM001372 (identical to OM001431) is ignored but added at the end
NOTE: OK539510 (identical to OM001431) is ignored but added at the end
NOTE: OK017943 (identical to OM001431) is ignored but added at the end
NOTE: MZ363455 (identical to OM001431) is ignored but added at the end
NOTE: MZ629156 (identical to OM001431) is ignored but added at the end
NOTE: MW969531 (identical to OK649389) is ignored but added at the end
NOTE: MZ153272 (identical to OK649389) is ignored but added at the end
NOTE: MZ322920 (identical to MZ268713) is ignored but added at the end
NOTE: MZ835587 (identical to OL638465) is ignored but added at the end
NOTE: OK539466 (identical to OL638465) is ignored but added at the end
NOTE: OL133738 (identical to OL638465) is ignored but added at the end
NOTE: OK254832 (identical to OL638465) is ignored but added at the end
NOTE: OK017911 (identical to OL638465) is ignored but added at the end
NOTE: OK017928 (identical to OL638465) is ignored but added at the end
NOTE: MZ363415 (identical to OL638465) is ignored but added at the end
NOTE: MZ363433 (identical to OL638465) is ignored but added at the end
NOTE: MZ540946 (identical to OL638465) is ignored but added at the end
NOTE: MZ460706 (identical to OL638465) is ignored but added at the end
NOTE: MZ460708 (identical to OL638465) is ignored but added at the end
NOTE: MZ268660 (identical to OL638465) is ignored but added at the end
NOTE: MZ268719 (identical to OL638465) is ignored but added at the end
NOTE: MZ363438 (identical to OL638465) is ignored but added at the end
NOTE: OK017958 (identical to OL638465) is ignored but added at the end
NOTE: OK254866 (identical to OL638465) is ignored but added at the end
NOTE: MZ629119 (identical to OL638465) is ignored but added at the end
NOTE: MZ629126 (identical to OL638465) is ignored but added at the end
NOTE: OK254847 (identical to OL638465) is ignored but added at the end
NOTE: OK254849 (identical to OL638465) is ignored but added at the end
NOTE: OK161397 (identical to OL638465) is ignored but added at the end
NOTE: MZ835604 (identical to OM001413) is ignored but added at the end
NOTE: OK181500 (identical to OL638448) is ignored but added at the end
NOTE: OL961550 (identical to OL961533) is ignored but added at the end
NOTE: MZ460684 (identical to OL961533) is ignored but added at the end
NOTE: OK649409 (identical to OL961533) is ignored but added at the end
NOTE: OK017914 (identical to OL961533) is ignored but added at the end
NOTE: OK017952 (identical to OL961533) is ignored but added at the end
NOTE: OK161374 (identical to OL961533) is ignored but added at the end
NOTE: OK161368 (identical to OL961533) is ignored but added at the end
NOTE: OK017919 (identical to OL961533) is ignored but added at the end
NOTE: OK017967 (identical to OL961533) is ignored but added at the end
NOTE: OK161396 (identical to OL961533) is ignored but added at the end
NOTE: MZ540955 (identical to OL961533) is ignored but added at the end
NOTE: OK254872 (identical to OM001411) is ignored but added at the end
NOTE: OK254855 (identical to OM001411) is ignored but added at the end
NOTE: MZ322926 (identical to OM001411) is ignored but added at the end
Alignment was printed to results/aligned_rhinovirusA_VP3-delim.fasta.uniqueseq.phy

For your convenience alignment with unique sequences printed to results/aligned_rhinovirusA_VP3-delim.fasta.uniqueseq.phy

Create initial parsimony tree by phylogenetic likelihood library (PLL)... 0.022 seconds

NOTE: 15 MB RAM (0 GB) is required!
Estimate model parameters (epsilon = 0.500)
1. Initial log-likelihood: -631006.422
2. Current log-likelihood: -438357.383
3. Current log-likelihood: -433271.504
4. Current log-likelihood: -432956.604
5. Current log-likelihood: -432409.650
6. Current log-likelihood: -432380.191
7. Current log-likelihood: -432375.987
8. Current log-likelihood: -432366.054
9. Current log-likelihood: -432299.347
10. Current log-likelihood: -432298.435
Optimal log-likelihood: -432297.502
Rate parameters:  A-C: 3.59550  A-G: 6.28487  A-T: 5.09254  C-G: 1.65928  C-T: 6.23614  G-T: 1.00000
Base frequencies:  A: 0.284  C: 0.232  G: 0.217  T: 0.267
Parameters optimization took 10 rounds (4.193 sec)
Wrote distance file to... 
Computing ML distances based on estimated model parameters...
Calculating distance matrix: done in 1.17572 secs using 96.92% CPU
Computing ML distances took 1.180756 sec (of wall-clock time) 1.141626 sec (of CPU time)
Setting up auxiliary I and S matrices: done in 0.014864 secs using 182.8% CPU
Constructing RapidNJ tree: done in 0.026665 secs using 188.3% CPU
Computing RapidNJ tree took 0.041609 sec (of wall-clock time) 0.077519 sec (of CPU time)
Log-likelihood of RapidNJ tree: -76556.327
--------------------------------------------------------------------
|             INITIALIZING CANDIDATE TREE SET                      |
--------------------------------------------------------------------

Do NNI search on 2 best initial trees
Optimizing NNI: done in 0.844757 secs using 97.6% CPU
Estimate model parameters (epsilon = 0.500)
BETTER TREE FOUND at iteration 1: -73646.250
Optimizing NNI: done in 10.8299 secs using 98.89% CPU
Finish initializing candidate tree set (4)
Current best tree score: -73646.250 / CPU time: 12.928
Number of iterations: 2
TREE SEARCH COMPLETED AFTER 2 ITERATIONS / Time: 0h:0m:19s

--------------------------------------------------------------------
|                    FINALIZING TREE SEARCH                        |
--------------------------------------------------------------------
Performs final model parameters optimization
Estimate model parameters (epsilon = 0.050)
1. Initial log-likelihood: -73646.250
Optimal log-likelihood: -73646.250
Rate parameters:  A-C: 3.58825  A-G: 17.70120  A-T: 6.89354  C-G: 1.37879  C-T: 27.55937  G-T: 1.00000
Base frequencies:  A: 0.284  C: 0.232  G: 0.217  T: 0.267
Parameters optimization took 1 rounds (0.173 sec)
BEST SCORE FOUND : -73646.250
Total tree length: 23.358

Total number of iterations: 2
CPU time used for tree search: 12.785 sec (0h:0m:12s)
Wall-clock time used for tree search: 12.930 sec (0h:0m:12s)
Total CPU time used: 19.190 sec (0h:0m:19s)
Total wall-clock time used: 19.398 sec (0h:0m:19s)

Analysis results written to: 
  IQ-TREE report:                results/aligned_rhinovirusA_VP3-delim.fasta.iqtree
  Maximum-likelihood tree:       results/aligned_rhinovirusA_VP3-delim.fasta.treefile
  Likelihood distances:          results/aligned_rhinovirusA_VP3-delim.fasta.mldist
  Screen log file:               results/aligned_rhinovirusA_VP3-delim.fasta.log

Date and Time: Fri Dec  2 12:26:34 2022
