IQ-TREE multicore version 2.2.0-beta COVID-edition for Mac OS X 64-bit built Mar  3 2022 built Mar  3 2022
Developed by Bui Quang Minh, James Barbetti, Nguyen Lam Tung,
Olga Chernomor, Heiko Schmidt, Dominik Schrempf, Michael Woodhams, Ly Trong Nhan.

Host:    MacBook-Pro-2.attlocal.net (SSE4.2, 8 GB RAM)
Command: iqtree2 -nt 1 -s results/aligned_rhinovirusA_all-delim.fasta -m GTR -ninit 2 -n 2 -me 0.05
Seed:    748795 (Using SPRNG - Scalable Parallel Random Number Generator)
Time:    Tue Nov 29 15:03:19 2022
Kernel:  SSE2 - 1 threads (8 CPU cores detected)

HINT: Use -nt option to specify number of threads because your CPU has 8 cores!
HINT: -nt AUTO will automatically determine the best number of threads to use.

Reading alignment file results/aligned_rhinovirusA_all-delim.fasta ... Fasta format detected
Reading fasta file: done in 0.138983 secs using 95.72% CPU
Alignment most likely contains DNA/RNA sequences
Constructing alignment: done in 0.069566 secs using 74.59% CPU
Alignment has 1160 sequences with 7137 columns, 5974 distinct patterns
4997 parsimony-informative, 384 singleton sites, 1756 constant sites
           Gap/Ambiguity  Composition  p-value
Analyzing sequences: done in 0.0328181 secs using 94.08% CPU
   1  FJ445111     0.04%    passed     13.95%
   2  MF973193     0.56%    passed     13.64%
   3  KC894167     0.56%    passed     14.55%
   4  KC894168     0.59%    passed     14.38%
   5  KC894166     0.52%    passed     13.24%
   6  KC894169     0.55%    passed     14.15%
   7  MN749147     0.00%    passed     11.26%
   8  MN749150     0.85%    passed     20.77%
   9  MN749153     1.44%    passed      6.37%
  10  MN749156     0.01%    passed     14.27%
  11  MN749157     0.06%    passed     14.84%
  12  JN837694     3.08%    passed     16.27%
  13  MF973194     2.75%    passed      6.96%
  14  JQ837724    11.80%    passed     89.70%
  15  LC699424     1.39%    passed     26.08%
  16  OK539479     1.32%    passed     43.36%
  17  OM001419     1.33%    passed     63.01%
  18  OL133743     1.32%    passed     52.09%
  19  OK161412     1.32%    passed     52.09%
  20  OK539497     1.33%    passed     62.02%
  21  OL365069     1.32%    passed     69.43%
  22  OK161379     1.36%    passed     70.97%
  23  OL638411     1.32%    passed     65.75%
  24  OL638432     1.32%    passed     67.75%
  25  OL638439     1.39%    passed     66.13%
  26  OK649374     1.32%    passed     67.85%
  27  OK181498     1.32%    passed     67.85%
  28  OK649414     1.32%    passed     67.77%
  29  OK181461     1.36%    passed     69.38%
  30  OK649373     1.32%    passed     69.43%
  31  OL365071     1.58%    passed     57.68%
  32  OL638443     1.32%    passed     64.76%
  33  OL961523     1.32%    passed     64.76%
  34  OL961548     1.32%    passed     64.76%
  35  OM001396     1.32%    passed     64.76%
  36  OK649368     1.32%    passed     64.76%
  37  OL133754     1.32%    passed     64.76%
  38  OK539493     1.32%    passed     66.78%
  39  OM001384     1.32%    passed     66.88%
  40  OL133765     1.32%    passed     60.52%
  41  OM001421     1.33%    passed     67.66%
  42  OK254851     1.32%    passed     68.77%
  43  OK161399     1.32%    passed     64.76%
  44  OK181456     1.32%    passed     64.76%
  45  OK181485     1.32%    passed     64.76%
  46  MZ835605     1.32%    passed     64.76%
  47  OK649401     1.32%    passed     65.87%
  48  OK181463     1.32%    passed     65.87%
  49  MZ835563     1.32%    passed     65.87%
  50  MZ460702     1.32%    passed     63.80%
  51  MZ835580     1.37%    passed     65.26%
  52  OL638452     1.32%    passed     52.84%
  53  OM001378     1.32%    passed     53.45%
  54  OL133728     1.32%    passed     53.45%
  55  OL133762     1.32%    passed     53.45%
  56  OK539508     1.32%    passed     55.53%
  57  OK649405     1.32%    passed     51.63%
  58  OM001436     1.32%    passed     59.68%
  59  OK181470     1.32%    passed     59.68%
  60  OM001426     1.32%    passed     53.11%
  61  OK181473     1.32%    passed     53.11%
  62  MZ670587     1.32%    passed     53.11%
  63  OK649411     1.32%    passed     53.11%
  64  OK649419     1.32%    passed     53.11%
  65  OL133747     1.42%    passed     59.65%
  66  OL133751     1.40%    passed     59.41%
  67  OK539460     1.32%    passed     52.26%
  68  OM001458     1.32%    passed     50.27%
  69  OK254845     1.32%    passed     50.27%
  70  OK181479     1.32%    passed     57.60%
  71  OL133764     1.32%    passed     51.31%
  72  OK181502     1.32%    passed     51.31%
  73  OK649371     1.36%    passed     63.47%
  74  MZ460699     1.36%    passed     51.76%
  75  OM001462     1.35%    passed     54.86%
  76  OM001345     1.32%    passed     59.70%
  77  OK254865     2.03%    passed     64.05%
  78  MZ629153     1.61%    passed     52.33%
  79  OK161353     1.32%    passed     52.36%
  80  OL638423     1.32%    passed     46.60%
  81  OL638438     1.32%    passed     60.54%
  82  OK539492     1.32%    passed     61.48%
  83  OM001370     1.32%    passed     63.07%
  84  OL961527     1.32%    passed     53.44%
  85  OM001369     1.32%    passed     59.00%
  86  OL638428     1.32%    passed     61.36%
  87  OK161362     1.32%    passed     59.08%
  88  OK161411     1.32%    passed     57.02%
  89  MZ835611     1.32%    passed     53.27%
  90  OL133742     1.32%    passed     54.41%
  91  OK161357     1.32%    passed     64.71%
  92  OK161376     1.32%    passed     64.12%
  93  OK254843     1.32%    passed     65.36%
  94  OK254838     1.32%    passed     55.45%
  95  OK254877     1.32%    passed     57.50%
  96  OK254844     1.32%    passed     55.45%
  97  OK254873     1.32%    passed     60.47%
  98  OK649375     1.32%    passed     68.45%
  99  OK649421     1.32%    passed     68.45%
 100  OK017941     1.32%    passed     66.45%
 101  MZ629132     1.32%    passed     64.42%
 102  MZ460672     1.47%    passed     70.95%
 103  OK254864     1.32%    passed     51.65%
 104  OL961528     1.32%    passed     51.86%
 105  OK649415     1.32%    passed     48.02%
 106  OL133752     1.32%    passed     48.59%
 107  OK539482     1.32%    passed     63.18%
 108  MZ835589     1.32%    passed     63.18%
 109  MZ835606     1.32%    passed     63.18%
 110  OM001433     1.32%    passed     54.32%
 111  OL638404     1.32%    passed     62.75%
 112  OL638416     1.32%    passed     62.75%
 113  OL638405     1.32%    passed     54.06%
 114  OL961536     1.32%    passed     58.14%
 115  OL133749     1.32%    passed     60.86%
 116  OK539507     1.32%    passed     60.86%
 117  OM001399     1.32%    passed     61.09%
 118  OK649408     1.32%    passed     61.48%
 119  OK181452     1.36%    passed     62.61%
 120  OL961543     1.32%    passed     68.15%
 121  OM001361     1.32%    passed     70.08%
 122  OK017956     1.32%    passed     70.08%
 123  OM001376     1.32%    passed     65.75%
 124  OK254837     1.32%    passed     65.75%
 125  MZ835607     1.32%    passed     65.25%
 126  OK254867     1.32%    passed     62.19%
 127  MZ835603     1.32%    passed     64.59%
 128  OK254842     1.32%    passed     64.59%
 129  OK161383     1.32%    passed     62.19%
 130  OK161389     1.32%    passed     62.19%
 131  MZ670573     1.32%    passed     62.19%
 132  MZ670574     1.32%    passed     62.19%
 133  MZ835594     1.32%    passed     62.19%
 134  OK017929     1.32%    passed     64.92%
 135  MZ363421     1.32%    passed     64.59%
 136  MZ268665     1.32%    passed     62.57%
 137  MZ153265     1.32%    passed     63.77%
 138  OK181460     1.32%    passed     61.48%
 139  MZ835592     1.32%    passed     63.50%
 140  MZ460674     1.32%    passed     61.14%
 141  MZ268672     1.33%    passed     64.29%
 142  MZ268703     1.32%    passed     63.41%
 143  OK181477     1.32%    passed     63.28%
 144  OK181478     1.32%    passed     60.77%
 145  MZ629138     1.32%    passed     61.77%
 146  MZ427506     1.32%    passed     63.77%
 147  OK181490     1.32%    passed     61.77%
 148  OK017968     1.32%    passed     68.15%
 149  OK161369     1.32%    passed     58.50%
 150  MZ629152     1.32%    passed     62.57%
 151  OK181496     1.32%    passed     65.09%
 152  OL638430     1.32%    passed     61.77%
 153  OM001432     1.32%    passed     60.77%
 154  OK539489     1.32%    passed     58.22%
 155  OK161388     1.32%    passed     63.28%
 156  OM001461     1.32%    passed     63.28%
 157  OK254826     1.32%    passed     60.54%
 158  OK649383     1.32%    passed     60.54%
 159  OL638414     1.32%    passed     66.19%
 160  OK181459     1.32%    passed     66.19%
 161  OM001416     1.32%    passed     66.19%
 162  OM001441     1.32%    passed     64.59%
 163  OL133725     1.32%    passed     64.59%
 164  OK254875     1.32%    passed     64.92%
 165  OL638440     1.32%    passed     66.19%
 166  OL133755     1.32%    passed     66.19%
 167  OL638466     1.32%    passed     63.28%
 168  OM001470     1.32%    passed     65.75%
 169  OK539469     1.32%    passed     68.15%
 170  OL961519     1.32%    passed     66.35%
 171  OK539483     1.32%    passed     66.35%
 172  OL961546     1.32%    passed     62.19%
 173  OK539461     1.32%    passed     60.17%
 174  OM001468     1.63%    passed     70.87%
 175  OL133745     1.32%    passed     70.08%
 176  MZ540949     1.40%    passed     66.64%
 177  OK649420     1.32%    passed     67.25%
 178  OK161407     1.32%    passed     67.25%
 179  OK649423     1.32%    passed     69.92%
 180  MZ153280     0.06%    passed     65.75%
 181  OL638429     1.32%    passed     66.92%
 182  OM001360     1.36%    passed     65.23%
 183  OK649360     1.32%    passed     71.14%
 184  OK161408     1.42%    passed     70.11%
 185  OK181483     1.68%    passed     58.61%
 186  OK161370     1.39%    passed     51.85%
 187  OK181453     1.39%    passed     59.74%
 188  OL133729     1.32%    passed     70.08%
 189  OL638451     1.36%    passed     65.69%
 190  OM001383     1.32%    passed     55.70%
 191  OM001427     1.32%    passed     52.30%
 192  OL133763     1.32%    passed     55.12%
 193  OK649390     1.32%    passed     57.73%
 194  OK161390     1.32%    passed     56.10%
 195  OK181469     1.32%    passed     57.73%
 196  OK181474     1.32%    passed     57.73%
 197  MZ629118     1.32%    passed     62.57%
 198  OM001347     1.32%    passed     62.19%
 199  OK539500     1.32%    passed     61.77%
 200  OM001424     1.32%    passed     62.19%
 201  OL133759     1.32%    passed     72.74%
 202  OK181481     1.32%    passed     72.74%
 203  OK254830     1.32%    passed     66.19%
 204  OK017933     1.32%    passed     66.19%
 205  MZ268740     1.32%    passed     63.77%
 206  OK161361     1.32%    passed     65.25%
 207  OK161365     1.32%    passed     67.20%
 208  OK161394     1.32%    passed     66.58%
 209  OK649424     1.32%    passed     66.19%
 210  OL133731     1.32%    passed     66.19%
 211  OK539506     1.32%    passed     69.76%
 212  MZ670579     1.32%    passed     54.71%
 213  OK161363     1.32%    passed     52.90%
 214  OM001430     1.32%    passed     64.20%
 215  MZ268732     1.32%    passed     66.92%
 216  OK254857     1.32%    passed     64.20%
 217  OK161387     1.32%    passed     65.21%
 218  MZ670594     1.32%    passed     72.74%
 219  OK254859     1.32%    passed     69.19%
 220  OM001371     1.47%    passed     66.83%
 221  OK539470     1.32%    passed     59.79%
 222  OK539463     1.32%    passed     64.59%
 223  OM001364     1.32%    passed     63.94%
 224  OM001391     1.32%    passed     63.63%
 225  OL133727     1.43%    passed     65.52%
 226  OL638407     1.32%    passed     71.13%
 227  OK539480     1.32%    passed     67.63%
 228  OK649366     1.32%    passed     71.13%
 229  OM001357     1.32%    passed     65.27%
 230  OM001379     1.32%    passed     68.23%
 231  MZ629117     1.36%    passed     74.50%
 232  OL133744     1.32%    passed     62.57%
 233  MZ670578     1.32%    passed     56.45%
 234  MZ629114     1.32%    passed     63.59%
 235  OK539486     1.32%    passed     50.86%
 236  OL638450     1.32%    passed     51.32%
 237  OL638457     1.32%    passed     51.32%
 238  OK649370     1.32%    passed     49.28%
 239  OK649406     1.32%    passed     55.34%
 240  OK161395     1.40%    passed     51.45%
 241  OK161401     1.36%    passed     49.81%
 242  OK539485     1.32%    passed     55.55%
 243  OK649417     1.32%    passed     59.68%
 244  OK161405     1.32%    passed     53.45%
 245  MZ629124     1.39%    passed     55.73%
 246  OK161356     2.40%    passed     47.88%
 247  OM001359     1.32%    passed     58.40%
 248  OK539475     1.32%    passed     53.91%
 249  OK649382     1.32%    passed     59.79%
 250  MZ670582     1.32%    passed     54.96%
 251  OK254833     1.32%    passed     61.09%
 252  OM001457     1.32%    passed     49.24%
 253  OK254879     1.32%    passed     49.24%
 254  MZ629127     1.64%    passed     44.32%
 255  OL133737     1.32%    passed     65.75%
 256  OK539490     1.37%    passed     69.28%
 257  OM001388     1.32%    passed     59.70%
 258  OK181476     1.32%    passed     53.27%
 259  OL638436     1.32%    passed     66.34%
 260  OM001414     1.32%    passed     68.82%
 261  OL133732     1.32%    passed     71.72%
 262  OK181489     1.36%    passed     70.71%
 263  OK539481     1.32%    passed     48.82%
 264  OL133746     1.32%    passed     50.27%
 265  OK254827     1.32%    passed     56.17%
 266  OM001389     1.32%    passed     52.39%
 267  MZ835578     1.32%    passed     51.61%
 268  OM001410     1.32%    passed     60.11%
 269  OK254854     1.86%    passed     63.57%
 270  MZ835584     1.75%    passed     61.30%
 271  MK501734     0.70%    passed     86.90%
 272  MK501745    14.91%    passed     92.42%
 273  MZ629149     1.57%    passed     30.05%
 274  KY369898     1.99%    passed     30.42%
 275  JN815255     4.01%    passed     56.46%
 276  JN798558    12.23%    passed     30.17%
 277  KC881032     0.31%    passed     11.11%
 278  KC881033     0.28%    passed     13.32%
 279  KC881035     0.28%    passed     15.01%
 280  KC881034     0.20%    passed     11.65%
 281  D00239       0.06%    passed     14.56%
 282  LC699417     0.73%    passed     82.39%
 283  HQ123442     9.50%    passed     89.97%
 284  FJ445158     0.39%    passed     89.61%
 285  FJ445159     0.39%    passed     84.69%
 286  FJ445157     0.43%    passed     99.12%
 287  LC699418     0.41%    passed     86.67%
 288  MH685687     0.53%    passed     40.79%
 289  JN815253     4.20%    passed     57.74%
 290  JN614992    12.99%    passed     85.07%
 291  JN798574     2.79%    passed     66.64%
 292  JN562722     0.38%    passed     61.35%
 293  JX074057     6.60%    passed     78.34%
 294  JN990704     2.66%    passed     86.97%
 295  JN798564     6.14%    passed     81.23%
 296  KX891411     0.39%    passed     82.99%
 297  L24917       0.39%    passed     96.90%
 298  OK128339     0.81%    passed     92.95%
 299  OK128341     0.71%    passed     92.06%
 300  OK128340     0.69%    passed     95.58%
 301  ON311261     1.13%    passed     92.91%
 302  ON311263     1.16%    passed     93.49%
 303  OM001464     1.08%    passed     97.76%
 304  OK254870     1.11%    passed     98.00%
 305  OL133758     1.15%    passed     96.92%
 306  MZ540952     0.98%    passed     96.77%
 307  OL133740     0.98%    passed     95.46%
 308  MZ835610     0.98%    passed     95.10%
 309  MZ670589     0.98%    passed     87.79%
 310  ON311262     1.01%    passed     89.25%
 311  ON729332     3.03%    passed     95.14%
 312  KY189318     0.99%    passed     97.44%
 313  EF173414     0.39%    passed     67.57%
 314  JX074049     8.94%    passed     52.06%
 315  JX074055    10.27%    passed     82.72%
 316  JN815238    11.57%    passed     69.20%
 317  JN990707    12.86%    passed     63.00%
 318  JN815250     9.61%    passed     99.79%
 319  FJ445128     0.34%    passed     87.86%
 320  FJ445182     0.34%    passed     86.48%
 321  DQ473502     0.32%    passed     84.36%
 322  LC699415     0.60%    passed     66.16%
 323  JX193797    11.15%    passed     54.84%
 324  JX074047    13.89%    passed     84.58%
 325  JN562727     4.22%    passed     74.89%
 326  MH685681     3.46%    passed     68.89%
 327  OL638419     1.39%    passed     64.13%
 328  MZ460670     0.66%    passed     67.21%
 329  MZ670577     2.00%    passed     60.44%
 330  OM001352     1.39%    passed     60.23%
 331  OM001401     1.39%    passed     60.23%
 332  MZ629148     1.39%    passed     63.48%
 333  MZ460681     0.83%    passed     65.58%
 334  OM001350     0.49%    passed     88.45%
 335  OK254834     1.57%    passed     80.85%
 336  OM001466     0.52%    passed     91.91%
 337  MZ268670     0.35%    passed     81.26%
 338  OK254868     1.47%    passed     76.88%
 339  OK649393     0.36%    passed     82.25%
 340  OK539484     1.99%    passed     88.59%
 341  OK649362     1.99%    passed     82.87%
 342  OK649396     2.00%    passed     83.31%
 343  OK017920     1.99%    passed     70.37%
 344  OL133735     1.99%    passed     86.16%
 345  JF285325     1.46%    passed     74.30%
 346  JF285326     1.46%    passed     77.87%
 347  JF285327     1.47%    passed     79.82%
 348  JF285328     1.46%    passed     80.28%
 349  JN798563     9.74%    passed     80.57%
 350  FJ445190     0.35%    passed     54.18%
 351  EF173416     0.35%    passed     54.63%
 352  FJ445167     0.42%    passed     61.52%
 353  ON729333     2.00%    passed     28.75%
 354  MF043119     0.41%    passed     22.38%
 355  KM576764     0.41%    passed     16.82%
 356  KR871676     0.41%    passed     24.60%
 357  KR871675     0.41%    passed     23.56%
 358  KM576765     0.70%    passed     18.25%
 359  KM576767     0.70%    passed     17.22%
 360  KR090587     0.41%    passed     20.00%
 361  KM576766     0.70%    passed     19.46%
 362  KR871677     0.41%    passed     26.91%
 363  KR871674     0.41%    passed     14.59%
 364  MK501739     3.33%    passed     58.56%
 365  LC699421     0.41%    passed     31.66%
 366  OK649399     1.28%    passed     30.49%
 367  OL638406     1.40%    passed     75.13%
 368  MZ835609     1.32%    passed     82.92%
 369  MH685688     5.52%    passed     77.34%
 370  JN837693     1.99%    passed     81.59%
 371  JQ747747     3.88%    passed     91.61%
 372  FJ445121     0.42%    passed     92.27%
 373  MZ667415     1.25%    passed     54.62%
 374  FJ445141     0.41%    passed     38.64%
 375  MZ542285     2.56%    passed     27.03%
 376  JN990699    12.25%    passed     26.76%
 377  JN614995     7.41%    passed     37.04%
 378  MZ268661     1.56%    passed     87.16%
 379  MZ268737     1.56%    passed     88.51%
 380  MZ268681     1.60%    passed     85.52%
 381  KY369874     1.56%    passed     78.28%
 382  JQ837718     1.96%    passed     93.71%
 383  DQ473511     1.64%    passed     71.14%
 384  ON311265     0.95%    passed     98.96%
 385  ON311266     0.60%    passed     98.50%
 386  ON311267     0.56%    passed     98.23%
 387  ON311270     0.56%    passed     98.23%
 388  ON311268     0.67%    passed     97.96%
 389  ON311271     0.78%    passed     97.67%
 390  ON311272     0.56%    passed     97.79%
 391  ON311273     0.64%    passed     97.80%
 392  ON311274     0.59%    passed     98.19%
 393  ON311269     0.66%    passed     96.89%
 394  KY369873     1.40%    passed     99.91%
 395  OM001368     0.49%    passed     75.02%
 396  JN562720     6.25%    passed     55.01%
 397  JF781510    13.44%    passed     81.12%
 398  JF781512    14.98%    passed     97.78%
 399  FJ445189     0.52%    passed     98.86%
 400  DQ473501     0.49%    passed     99.27%
 401  FJ445135     0.52%    passed     91.95%
 402  MN163129     0.90%    passed     98.55%
 403  JF781508     7.57%    passed     66.18%
 404  FJ445118     0.49%    passed     85.46%
 405  JF781496     1.39%    passed     74.24%
 406  LC720413     0.25%    passed     96.02%
 407  MK167031     0.28%    passed     94.54%
 408  JN798579     4.67%    passed     69.19%
 409  JX074051     3.31%    passed     83.15%
 410  JQ245967    10.23%    passed     66.98%
 411  FJ445129     0.27%    passed     47.43%
 412  ON729334     0.48%    passed     90.73%
 413  OK161391     0.28%    passed     92.24%
 414  MZ629130     0.27%    passed     90.14%
 415  FJ445163     0.24%    passed     90.92%
 416  LC699416     0.63%    passed     90.46%
 417  MN369035     7.61%    passed     89.05%
 418  OK539505     0.34%    passed     95.37%
 419  MH685686     7.68%    passed     82.31%
 420  MH685691     2.65%    passed     92.40%
 421  FJ445139     0.34%    passed     94.30%
 422  FJ445138     0.34%    passed     88.61%
 423  OL961530     0.34%    passed     69.21%
 424  MZ540950     0.55%    passed     75.62%
 425  KY369875     0.76%    passed     93.54%
 426  FJ445173     0.34%    passed     24.71%
 427  ON729337     2.73%    passed     78.20%
 428  OL638408     0.77%    passed     71.75%
 429  OL638460     0.69%    passed     68.14%
 430  OL638461     0.69%    passed     68.57%
 431  OK181494     0.69%    passed     68.57%
 432  MZ670586     0.88%    passed     68.52%
 433  MZ835614     0.84%    passed     68.83%
 434  MZ153287     0.69%    passed     53.10%
 435  OL638413     0.76%    passed     70.80%
 436  MZ835577     0.80%    passed     80.46%
 437  MZ835574     0.76%    passed     80.01%
 438  JN815252     1.42%    passed     90.03%
 439  OL638456     0.49%    passed     73.35%
 440  OK649361     0.48%    passed     79.38%
 441  OK649364     0.49%    passed     78.62%
 442  OL961547     0.45%    passed     76.53%
 443  FJ445125     0.49%    passed     23.42%
 444  DQ473499     0.48%    passed     34.29%
 445  ON311219     1.15%    passed     46.46%
 446  ON311220     1.23%    passed     59.71%
 447  ON311221     1.15%    passed     55.37%
 448  ON311222     1.16%    passed     54.48%
 449  MZ835596     1.15%    passed     61.86%
 450  OM001358     1.15%    passed     54.47%
 451  OK649387     1.15%    passed     52.61%
 452  OK539512     1.15%    passed     52.81%
 453  OK649388     1.19%    passed     55.02%
 454  OL638418     1.15%    passed     30.36%
 455  OM001365     1.15%    passed     30.25%
 456  OM001392     1.15%    passed     32.93%
 457  OM001445     1.15%    passed     36.76%
 458  MZ670575     1.53%    passed     49.06%
 459  OK254861     1.20%    passed     46.36%
 460  MZ363461     1.75%    passed     66.87%
 461  OK649425     1.28%    passed     52.65%
 462  MZ460716     1.20%    passed     56.52%
 463  MZ268651     1.20%    passed     56.51%
 464  MZ363418     1.20%    passed     56.51%
 465  MZ629180     1.44%    passed     51.08%
 466  MZ460679     1.20%    passed     49.49%
 467  MZ268669     0.45%    passed     41.04%
 468  MZ153260     1.15%    passed     51.44%
 469  OK161358     1.15%    passed     29.49%
 470  MZ363423     1.35%    passed     32.36%
 471  MZ322917     0.46%    passed     20.52%
 472  MZ153274     0.76%    passed     21.78%
 473  MZ153273     0.45%    passed     19.88%
 474  MZ153275     0.45%    passed     19.96%
 475  MZ629122     1.20%    passed     51.85%
 476  FJ445123     0.49%    passed      8.97%
 477  FJ445145     0.46%    failed      4.33%
 478  MN306047     0.53%    passed     18.10%
 479  MN306057     0.83%    passed      8.46%
 480  OL638462     1.12%    passed     77.09%
 481  OK017954     1.12%    passed     76.05%
 482  MZ629113     1.36%    passed     81.23%
 483  OM001366     1.12%    passed     83.82%
 484  OK181484     1.12%    passed     70.94%
 485  MZ322911     1.12%    passed     81.99%
 486  OK254835     0.62%    passed     84.79%
 487  MZ629128     0.62%    passed     90.25%
 488  MZ322927     0.62%    passed     92.56%
 489  MZ153289     0.62%    passed     90.76%
 490  MZ363460     0.62%    passed     94.13%
 491  KY369884     0.78%    passed     68.36%
 492  OM001356     1.37%    passed     82.81%
 493  OM001400     1.42%    passed     81.86%
 494  OM001448     1.43%    passed     84.19%
 495  OM001387     1.47%    passed     89.35%
 496  OK649358     2.48%    passed     99.12%
 497  KY369890     1.77%    passed     90.74%
 498  JN837692     3.84%    passed     92.78%
 499  GQ223229     0.39%    passed     53.61%
 500  FJ445133     0.42%    passed     13.47%
 501  FJ445126     0.43%    passed     31.67%
 502  OK539487     1.40%    passed     84.42%
 503  OK649378     2.14%    passed     89.93%
 504  OK161406     1.36%    passed     87.04%
 505  MZ268663     1.53%    passed     80.31%
 506  MZ835579     1.51%    passed     80.36%
 507  MN749158     0.70%    passed     95.96%
 508  JQ837715     3.78%    passed     50.90%
 509  JN112340     0.92%    passed     73.11%
 510  JN621246    14.33%    passed     77.84%
 511  FJ445148     0.34%    passed     82.57%
 512  FJ445154     0.41%    passed     16.82%
 513  ON311206     0.77%    passed     45.90%
 514  ON311207     0.29%    passed     42.87%
 515  FJ445175     0.31%    passed     35.16%
 516  JN815247    10.51%    passed     89.78%
 517  JN541269     5.30%    passed     79.55%
 518  JN798575     4.37%    passed     77.75%
 519  JN798582     4.90%    passed     64.68%
 520  FJ445178     0.32%    passed     73.18%
 521  DQ473498     0.32%    passed     73.18%
 522  EU840727     1.20%    passed     31.07%
 523  FJ445140     0.42%    passed     20.22%
 524  ON729338     1.04%    passed     85.41%
 525  MF118143     2.62%    passed     80.91%
 526  MF118144     1.51%    passed     82.01%
 527  KY369893     1.11%    passed     86.68%
 528  KY629935     0.32%    passed     85.16%
 529  KY369895     2.65%    passed     96.20%
 530  OL638425     1.91%    passed     96.28%
 531  MK989733     7.86%    passed     88.19%
 532  MK989740     1.54%    passed     93.10%
 533  JN541266     1.44%    passed     94.87%
 534  MN163130     0.87%    passed     91.62%
 535  MK989736     1.46%    passed     89.28%
 536  DQ473500     0.28%    passed     72.00%
 537  ON311215     2.35%    passed     24.13%
 538  OM001395     2.35%    passed     30.59%
 539  ON311216     2.55%    passed     55.35%
 540  OK649395     5.53%    passed     19.36%
 541  FJ445146     0.18%    passed     49.58%
 542  ON729329     1.20%    passed     94.03%
 543  LC699422     0.45%    passed     97.86%
 544  OM001349     2.03%    passed     90.62%
 545  MH899591     2.07%    passed     94.25%
 546  OL133750     2.21%    passed     93.05%
 547  OK181468     2.21%    passed     93.05%
 548  MZ268715     2.10%    passed     93.44%
 549  JN798590     8.91%    passed     91.47%
 550  FJ445143     0.34%    passed     62.81%
 551  JQ994496     1.36%    passed     87.34%
 552  JN541272     6.92%    passed     78.95%
 553  FJ445180     0.36%    passed     88.06%
 554  DQ473495     0.36%    passed     87.45%
 555  ON311223     2.09%    passed     95.15%
 556  ON311228     2.09%    passed     95.30%
 557  ON311227     2.09%    passed     95.85%
 558  ON311225     2.09%    passed     94.12%
 559  ON311231     2.09%    passed     94.12%
 560  ON311233     2.09%    passed     94.12%
 561  ON311236     2.09%    passed     94.12%
 562  ON311238     2.09%    passed     94.12%
 563  ON311226     2.09%    passed     93.97%
 564  ON311229     2.09%    passed     94.35%
 565  ON311230     2.09%    passed     93.97%
 566  ON311232     2.09%    passed     93.97%
 567  ON311234     2.09%    passed     93.97%
 568  ON311235     2.09%    passed     93.97%
 569  ON311247     2.09%    passed     94.38%
 570  ON311248     2.09%    passed     94.53%
 571  ON311252     2.09%    passed     94.20%
 572  ON311253     2.09%    passed     94.20%
 573  ON311237     2.09%    passed     94.19%
 574  ON311240     2.09%    passed     94.51%
 575  ON311245     2.09%    passed     94.51%
 576  ON311250     2.09%    passed     94.51%
 577  ON311249     2.10%    passed     94.77%
 578  ON311244     2.12%    passed     95.01%
 579  ON311241     2.09%    passed     94.51%
 580  ON311242     2.09%    passed     94.51%
 581  ON311246     2.12%    passed     95.12%
 582  ON311243     2.17%    passed     94.47%
 583  ON311224     2.19%    passed     93.73%
 584  ON311251     2.09%    passed     93.83%
 585  ON311239     2.16%    passed     95.23%
 586  OK254860     2.00%    passed     93.54%
 587  OK254874     2.00%    passed     93.54%
 588  OK649369     2.09%    passed     94.79%
 589  OK649376     2.26%    passed     95.07%
 590  OL638463     2.09%    passed     91.07%
 591  OL638422     2.09%    passed     92.32%
 592  OK649377     2.09%    passed     91.26%
 593  MZ629144     2.00%    passed     91.55%
 594  OK539501     2.09%    passed     92.40%
 595  MZ629162     2.00%    passed     91.37%
 596  OK649404     2.09%    passed     93.25%
 597  OM001418     2.09%    passed     91.36%
 598  OK254839     2.00%    passed     90.74%
 599  MZ835562     2.09%    passed     92.09%
 600  MZ835617     2.00%    passed     90.76%
 601  OM001429     2.09%    passed     92.68%
 602  MZ629158     2.19%    passed     95.14%
 603  OK017935     2.05%    passed     86.46%
 604  JN815254     6.12%    passed     89.11%
 605  JN837696     2.19%    passed     89.39%
 606  JN621244     8.55%    passed     90.71%
 607  DQ473497     1.85%    passed     90.38%
 608  OL638454     1.42%    passed     84.17%
 609  OL133726     1.42%    passed     84.17%
 610  OK181455     1.42%    passed     84.17%
 611  OK254828     1.36%    passed     78.71%
 612  OK649402     1.42%    passed     79.40%
 613  OK161359     1.36%    passed     80.18%
 614  OK161360     1.36%    passed     80.18%
 615  OK017961     1.36%    passed     79.92%
 616  MZ835581     1.36%    passed     80.15%
 617  OK254869     1.86%    passed     81.21%
 618  MH426975     3.42%    passed     88.80%
 619  MH426976     0.95%    passed     85.39%
 620  OM001394     1.39%    passed     87.14%
 621  OM001444     1.39%    passed     71.06%
 622  OM001453     1.39%    passed     72.16%
 623  OM001459     1.40%    passed     81.75%
 624  OK254880     1.33%    passed     80.93%
 625  JN798557     9.98%    passed     56.17%
 626  MK336157    12.22%    passed     92.69%
 627  FJ445179     0.88%    passed     76.44%
 628  DQ473512     0.80%    passed     79.44%
 629  OL961540     1.46%    passed     81.24%
 630  OK017969     1.46%    passed     81.24%
 631  OK254862     1.53%    passed     84.95%
 632  OL133741     1.46%    passed     87.47%
 633  OM001390     1.46%    passed     79.78%
 634  OK181454     1.46%    passed     84.60%
 635  OL133733     1.46%    passed     81.26%
 636  MZ268733     1.64%    passed     81.80%
 637  MZ153248     1.46%    passed     85.08%
 638  OK161386     1.84%    passed     74.97%
 639  MZ835608     1.46%    passed     66.94%
 640  MZ629143     1.43%    passed     68.47%
 641  MZ835612     1.44%    passed     71.42%
 642  OM001351     1.44%    passed     75.34%
 643  OL133734     1.46%    passed     69.00%
 644  LC530048     1.84%    passed     55.16%
 645  KY369896     1.84%    passed     65.56%
 646  MN749155     0.78%    passed     84.72%
 647  KY967355     1.88%    passed     84.86%
 648  JN798589     2.21%    passed     68.76%
 649  JN798561     3.59%    passed     86.69%
 650  JN621241     2.87%    passed     85.54%
 651  FJ445134     0.69%    passed     82.78%
 652  DQ473496     0.71%    passed     91.53%
 653  OM001375     1.18%    passed     90.08%
 654  MZ835588     1.18%    passed     89.67%
 655  MZ835601     1.09%    passed     87.88%
 656  OM001377     1.19%    passed     90.77%
 657  OK017924     2.19%    passed     96.58%
 658  MN749152     1.20%    passed     71.56%
 659  MN228695     2.45%    passed     68.25%
 660  MN749149     1.12%    passed     68.78%
 661  MN749151     0.87%    passed     68.30%
 662  MN749154     1.68%    passed     50.55%
 663  X02316       0.76%    passed     80.79%
 664  ON729330     1.96%    passed     55.22%
 665  ON729331     2.10%    passed     53.86%
 666  OK649392     0.43%    passed     22.10%
 667  OK181465     1.77%    passed     14.44%
 668  FJ445185     0.48%    passed     33.82%
 669  EF173419     0.43%    passed     30.44%
 670  JF285321     0.98%    passed     58.72%
 671  JF285322     1.05%    passed     55.00%
 672  JF285323     0.95%    passed     54.38%
 673  JF285324     1.04%    passed     46.39%
 674  FJ445181     0.50%    passed     45.23%
 675  EF173417     0.45%    passed     41.56%
 676  ON311254     0.71%    passed     31.03%
 677  OM001446     0.71%    passed     30.12%
 678  MZ670588     0.63%    passed     27.59%
 679  OK539478     0.41%    passed     33.13%
 680  OK539495     0.41%    passed     31.05%
 681  MZ629173     0.41%    passed     28.63%
 682  KY369885     0.41%    passed     27.87%
 683  MH685690     6.77%    passed     66.92%
 684  MH685692     4.89%    passed     49.51%
 685  KY342346     0.69%    passed     50.86%
 686  FJ445122     0.69%    passed     43.96%
 687  ON311208     1.68%    passed     69.22%
 688  ON311209     1.68%    passed     71.76%
 689  ON311210     1.68%    passed     75.86%
 690  ON311211     1.68%    passed     75.86%
 691  KY369894     1.86%    passed     89.27%
 692  JQ837722     3.98%    passed     58.29%
 693  JN798585     8.41%    passed     64.45%
 694  JN798556    12.96%    passed     48.20%
 695  FJ445160     0.52%    passed     58.49%
 696  MH828515     9.63%    passed     39.16%
 697  DQ473509     0.48%    passed     65.03%
 698  MZ667414     1.40%    passed     76.49%
 699  MN306020     2.87%    passed     60.94%
 700  JQ747746     2.40%    passed     88.25%
 701  JQ747750     7.05%    passed     82.17%
 702  FJ445119     0.42%    passed     67.26%
 703  JN815237     3.28%    passed     55.25%
 704  FJ445131     0.39%    passed     28.28%
 705  JN837690     5.69%    passed     68.67%
 706  JF781503     6.15%    passed     40.23%
 707  DQ473510     0.34%    passed     74.59%
 708  ON311212     1.06%    passed     71.30%
 709  ON311213     1.18%    passed     80.49%
 710  MZ322931     1.15%    passed     84.37%
 711  OL638431     1.06%    passed     77.21%
 712  OK539494     1.06%    passed     77.21%
 713  OK181491     1.06%    passed     80.97%
 714  MZ629170     1.30%    passed     66.63%
 715  OK017917     1.06%    passed     59.37%
 716  MZ670583     1.06%    passed     69.35%
 717  MW969534     1.06%    passed     55.56%
 718  OM001385     1.06%    passed     84.13%
 719  OM001405     1.06%    passed     74.70%
 720  OK254824     1.15%    passed     71.56%
 721  OK649381     1.11%    passed     75.91%
 722  ON311214     1.06%    passed     85.05%
 723  OK539513     1.40%    passed     63.76%
 724  OK539464     1.06%    passed     80.28%
 725  JN621245     5.97%    passed     91.18%
 726  FJ445149     0.39%    passed     93.46%
 727  OL770292     0.39%    passed     98.75%
 728  OL133739     0.38%    passed     98.07%
 729  JF285310     3.74%    passed     87.70%
 730  JF285312     3.70%    passed     90.25%
 731  JF285313     3.69%    passed     89.87%
 732  JF285315     3.67%    passed     88.04%
 733  JF285316     3.66%    passed     88.22%
 734  JF285314     3.70%    passed     86.33%
 735  JF285311     3.66%    passed     86.55%
 736  JF285317     3.66%    passed     90.39%
 737  JF285318     3.66%    passed     87.42%
 738  JF285319     3.67%    passed     86.53%
 739  JF285320     3.67%    passed     86.25%
 740  FJ445115     0.39%    passed     96.60%
 741  FJ445114     0.38%    passed     98.86%
 742  FJ445177     0.49%    passed     66.60%
 743  FJ445127     0.42%    passed     28.31%
 744  MW713757    15.51%    passed     85.38%
 745  MW713764     7.06%    passed     67.50%
 746  MW713765    11.39%    passed     56.42%
 747  MW713771    11.90%    passed     61.84%
 748  MW713772    11.22%    passed     52.19%
 749  MW713773    11.18%    passed     51.66%
 750  MW713774    11.31%    passed     48.76%
 751  MW713775    11.39%    passed     52.75%
 752  MW713769    11.56%    passed     62.46%
 753  MW713777     6.56%    passed     67.79%
 754  MW713778    11.69%    passed     59.58%
 755  MW713785    11.64%    passed     59.08%
 756  MW713787    12.13%    passed     54.29%
 757  MW713789     6.94%    passed     80.22%
 758  MW713790    11.78%    passed     47.07%
 759  MW713793    15.43%    passed     17.56%
 760  JN541268     8.74%    passed     85.41%
 761  DQ473493     0.38%    passed     42.86%
 762  MN306051     5.46%    passed     40.25%
 763  DQ473494     0.52%    passed     74.57%
 764  ON311218     1.65%    passed     98.74%
 765  OM001403     1.65%    passed     98.81%
 766  OK181482     1.65%    passed     98.81%
 767  OL638420     1.65%    passed     99.48%
 768  OK539503     1.65%    passed     99.44%
 769  OK181466     1.65%    passed     98.74%
 770  MZ835618     1.65%    passed     99.18%
 771  MZ268673     1.65%    passed     99.18%
 772  MZ835561     1.65%    passed     98.98%
 773  OK649372     1.85%    passed     94.55%
 774  OM001463     1.84%    passed     96.09%
 775  MZ427504     1.65%    passed     95.05%
 776  OL638427     1.71%    passed     93.05%
 777  MZ835619     1.65%    passed     94.30%
 778  MZ629161     1.65%    passed     93.25%
 779  MZ629175     1.65%    passed     98.59%
 780  MZ268646     1.65%    passed     97.73%
 781  OL638444     1.65%    passed     96.67%
 782  OK161355     1.65%    passed     96.01%
 783  OL638434     1.65%    passed     93.05%
 784  OL638442     1.65%    passed     93.05%
 785  OK161392     1.65%    passed     92.84%
 786  OL638446     1.65%    passed     99.34%
 787  OK181497     1.65%    passed     99.34%
 788  OK539498     1.65%    passed     99.26%
 789  MZ460715     1.78%    passed     96.83%
 790  MZ460688     1.65%    passed     90.89%
 791  OK017921     1.70%    passed     93.73%
 792  MZ670581     1.70%    passed     94.27%
 793  MZ629134     1.65%    passed     93.08%
 794  MZ629137     1.65%    passed     92.28%
 795  MZ629177     1.74%    passed     90.20%
 796  MZ268645     1.65%    passed     95.59%
 797  MZ268735     1.65%    passed     95.59%
 798  MZ322919     1.82%    passed     89.54%
 799  OK161400     1.65%    passed     95.21%
 800  MZ835573     1.74%    passed     87.65%
 801  OK539491     1.65%    passed     99.00%
 802  MW679010     2.02%    passed     85.67%
 803  MZ667419     1.75%    passed     98.82%
 804  MF554739     2.16%    passed     97.43%
 805  KT726984     1.65%    passed     97.25%
 806  KM362429     0.32%    passed     97.74%
 807  AY751783     0.32%    passed     87.81%
 808  LC720410     0.36%    passed     38.13%
 809  DQ473492     0.39%    passed     33.58%
 810  ON311257     2.07%    passed     57.73%
 811  ON311258     2.07%    passed     59.04%
 812  ON311259     2.07%    passed     59.04%
 813  ON311260     2.07%    passed     69.04%
 814  OL638417     2.07%    passed     57.74%
 815  OK161372     2.07%    passed     58.73%
 816  FJ445117     0.35%    passed     56.48%
 817  FJ445116     0.39%    passed     31.22%
 818  MN369037     0.39%    passed     46.51%
 819  DQ473491     0.36%    passed     20.61%
 820  OL961529     0.80%    passed     74.58%
 821  OM001355     0.80%    passed     74.58%
 822  OK161354     0.80%    passed     71.60%
 823  OK254882     0.81%    passed     71.86%
 824  OM001404     1.47%    passed     70.31%
 825  OM001428     1.16%    passed     68.37%
 826  OK181486     1.15%    passed     70.28%
 827  KY189313     0.76%    passed     81.53%
 828  OK649367     1.12%    passed     76.94%
 829  MZ363465     0.84%    passed     78.24%
 830  KY369886     0.78%    passed     64.40%
 831  JN798560     3.97%    passed     83.11%
 832  FJ445144     0.39%    passed     82.10%
 833  FJ445171     0.46%    passed     59.07%
 834  LC699414     0.49%    passed     61.64%
 835  MZ667417     0.42%    passed     88.83%
 836  OL638448     0.99%    passed     76.24%
 837  OM001452     0.99%    passed     76.96%
 838  OK181500     0.53%    passed     76.41%
 839  OM001439     0.99%    passed     82.01%
 840  OK181475     0.99%    passed     76.83%
 841  MZ670584     0.32%    passed     81.35%
 842  MZ835571     0.32%    passed     80.07%
 843  OL961532     0.99%    passed     94.90%
 844  OM001373     1.06%    passed     95.36%
 845  OK539467     0.99%    passed     95.90%
 846  OM001434     0.99%    passed     86.07%
 847  OK254871     2.02%    passed     82.12%
 848  MZ835565     0.98%    passed     85.93%
 849  OL961533     0.99%    passed     90.24%
 850  OL961549     0.99%    passed     89.44%
 851  OL961550     0.99%    passed     89.44%
 852  OK539462     0.99%    passed     87.37%
 853  MZ460684     1.88%    passed     91.99%
 854  OK649409     1.08%    passed     88.53%
 855  OM001386     0.99%    passed     85.08%
 856  OK017914     1.72%    passed     89.68%
 857  OK017952     1.68%    passed     90.77%
 858  OK161374     1.68%    passed     90.44%
 859  OK161368     0.34%    passed     88.69%
 860  OK017919     0.42%    passed     88.96%
 861  OK017967     1.61%    passed     93.16%
 862  OK161402     0.48%    passed     89.79%
 863  OK161396     0.55%    passed     89.48%
 864  MZ540955     2.23%    passed     84.05%
 865  OM001411     0.99%    passed     89.71%
 866  OK649418     0.99%    passed     91.77%
 867  OK254872     1.72%    passed     90.11%
 868  OK254855     1.79%    passed     91.28%
 869  OK181480     0.52%    passed     80.72%
 870  OL133724     1.81%    passed     91.71%
 871  MZ268680     0.31%    passed     95.03%
 872  MZ322926     0.94%    passed     95.35%
 873  OM001362     0.99%    passed     66.54%
 874  OK649380     1.16%    passed     54.85%
 875  FJ445183     0.29%    passed     61.73%
 876  EF173418     0.29%    passed     62.66%
 877  ON311264     0.48%    failed      0.94%
 878  FJ445176     0.46%    failed      0.61%
 879  DQ473503     0.45%    failed      0.60%
 880  LC699419     0.48%    failed      0.92%
 881  DQ473504     0.43%    failed      0.99%
 882  LC699420     0.46%    failed      1.35%
 883  OM001348     1.67%    failed      2.51%
 884  OL638449     1.08%    failed      2.74%
 885  OL961521     1.08%    failed      2.95%
 886  OK017916     1.08%    failed      2.95%
 887  OK017922     1.28%    failed      4.16%
 888  OK017950     1.13%    failed      3.13%
 889  MZ670593     1.22%    failed      4.23%
 890  MZ667420     1.50%    failed      1.39%
 891  JX025558    11.20%    failed      3.51%
 892  FJ445142     0.46%    failed      0.23%
 893  KF958307     0.41%    failed      0.90%
 894  JF781497     1.61%    failed      1.85%
 895  JX074050    15.51%    failed      4.78%
 896  JN815241     6.17%    failed      2.79%
 897  JN815242    11.13%    passed      6.98%
 898  JN798583     1.43%    failed      1.38%
 899  JN798584     6.73%    passed      6.30%
 900  JN614994     2.65%    failed      1.15%
 901  JN621243     5.76%    failed      3.16%
 902  JN837697     5.07%    passed      7.22%
 903  JN815246     4.09%    failed      2.06%
 904  DQ473505     0.41%    failed      0.74%
 905  JQ837716     1.11%    failed      0.11%
 906  JQ837719     2.61%    failed      0.31%
 907  FJ445166     0.35%    failed      0.16%
 908  FJ445165     0.38%    failed      0.26%
 909  FJ445184     0.39%    failed      0.29%
 910  NC_001617    0.35%    failed      0.32%
 911  M16248       0.35%    failed      0.32%
 912  OM001397     0.73%    passed      7.36%
 913  MT364381     5.63%    passed     53.06%
 914  MN369040     6.11%    passed     49.93%
 915  MK989737     1.95%    passed     12.14%
 916  KX398052     0.57%    passed     12.68%
 917  HQ123441     9.57%    passed     12.74%
 918  EF173415     0.49%    passed     22.08%
 919  LC720411     0.66%    passed     32.84%
 920  LC720412     0.66%    passed     27.90%
 921  OL638424     1.42%    passed     41.49%
 922  OM001382     1.42%    passed     42.03%
 923  OK539468     1.42%    passed     43.78%
 924  OK539504     1.35%    passed     36.77%
 925  OK181467     1.30%    passed     45.52%
 926  MZ629179     1.35%    passed     44.51%
 927  MZ835572     1.35%    passed     41.51%
 928  MZ835564     1.46%    passed     39.03%
 929  MZ835560     1.26%    passed     41.00%
 930  JN990705     1.49%    passed     16.78%
 931  JN798586     7.30%    passed     17.26%
 932  MH828516     9.79%    passed      5.95%
 933  JN798576     4.39%    passed     19.86%
 934  LC699423     1.18%    passed     82.37%
 935  FJ445156     0.69%    passed     93.93%
 936  ON729336     2.59%    passed     27.12%
 937  MN306049     2.02%    passed     24.28%
 938  MN369045     2.84%    passed     26.03%
 939  OK017946     2.14%    passed     22.16%
 940  JN798587     2.56%    passed     38.46%
 941  DQ473507     0.71%    passed     61.09%
 942  OM001467     1.20%    passed     23.80%
 943  OK254831     0.99%    passed     21.31%
 944  OK181462     1.20%    passed     23.20%
 945  MZ629120     0.60%    passed     29.91%
 946  MZ629147     0.60%    passed     31.97%
 947  MW679008     1.23%    passed     31.44%
 948  MK989738     4.41%    passed     20.82%
 949  DQ473506     0.59%    passed     70.02%
 950  ON311255    13.63%    failed      1.69%
 951  ON311256    13.63%    failed      1.69%
 952  OL638459     1.12%    failed      4.51%
 953  OK539477     1.12%    failed      4.51%
 954  OK161366     1.08%    failed      3.44%
 955  MZ629131     0.91%    passed      7.22%
 956  MZ629142     0.91%    passed      7.41%
 957  MZ363466     1.39%    failed      3.21%
 958  MZ460693     1.08%    passed      5.36%
 959  OL961534     1.12%    passed      7.43%
 960  OM001442     1.12%    passed      9.53%
 961  OK181488     1.08%    passed     10.04%
 962  OK017930     3.88%    passed     22.49%
 963  MZ322925     1.16%    passed     20.67%
 964  KY369888     1.18%    passed      7.49%
 965  OK539465     1.08%    passed     18.56%
 966  JN798571     8.28%    passed     21.93%
 967  JN614993     2.28%    passed      9.96%
 968  JQ994494    13.47%    passed      5.72%
 969  JN541270     4.25%    passed     52.36%
 970  FJ445120     0.49%    passed     32.22%
 971  MN369042     3.03%    passed     37.94%
 972  KY369887     1.04%    passed     32.39%
 973  JN798578     8.01%    passed     20.51%
 974  FJ445150     0.49%    passed     47.11%
 975  OL638403     1.08%    passed     53.61%
 976  OK539476     1.08%    passed     56.22%
 977  OM001449     1.15%    passed     59.94%
 978  MZ835599     0.91%    passed     56.70%
 979  MZ670592     0.53%    passed     57.45%
 980  MZ629129     0.59%    passed     52.53%
 981  OL133753     1.13%    passed     63.03%
 982  JN798577    12.93%    passed     63.49%
 983  JN798580    12.39%    passed     60.16%
 984  MK501733     4.99%    passed     74.52%
 985  JQ747751     2.86%    passed     41.81%
 986  DQ473508     0.50%    passed     48.04%
 987  ON729328     1.06%    passed     62.93%
 988  MH517019     1.04%    passed     68.04%
 989  JQ994499     5.17%    passed     57.83%
 990  JF965515     0.62%    passed     71.53%
 991  JQ747749     2.87%    passed     57.50%
 992  MN749148     1.60%    passed     66.41%
 993  JN562725     5.87%    passed     94.47%
 994  FJ445136     0.84%    passed     94.92%
 995  MK989734     1.01%    passed     42.87%
 996  JQ245966    11.66%    passed     41.06%
 997  JF781504     2.41%    passed     17.00%
 998  FJ445147     0.67%    passed     64.15%
 999  JX025555     9.67%    passed     23.66%
1000  JQ245971     9.37%    passed     12.45%
1001  FJ445152     0.63%    passed     92.99%
1002  ON729339     0.78%    passed     47.24%
1003  KY369889     0.77%    passed     52.14%
1004  KY369892     1.85%    passed     44.09%
1005  KY369897     2.30%    passed     44.33%
1006  OL638458     1.23%    passed     36.22%
1007  OK161393     1.23%    passed     37.04%
1008  MZ629110     1.23%    passed     43.33%
1009  OM001406     1.23%    passed     42.77%
1010  OM001440     1.23%    passed     42.77%
1011  OK181471     1.23%    passed     42.77%
1012  MZ835582     1.25%    passed     40.08%
1013  MZ629182     1.25%    passed     51.21%
1014  JQ245965     5.35%    passed     50.06%
1015  GQ415051     0.67%    passed     67.83%
1016  OK017936     1.75%    passed     59.04%
1017  MZ629112     2.13%    passed     46.71%
1018  MW713747     3.67%    passed     37.96%
1019  MW713748     3.67%    passed     38.15%
1020  MW713749     3.85%    passed     41.07%
1021  MW713750     3.85%    passed     43.07%
1022  MW713751     3.76%    passed     31.76%
1023  MW713752     3.77%    passed     30.52%
1024  ON311203     1.96%    passed     11.58%
1025  ON311205     1.96%    passed     11.58%
1026  ON311204     1.98%    passed     11.76%
1027  OM001398     1.96%    passed     11.54%
1028  OM001420     1.96%    passed     10.86%
1029  OM001454     1.96%    passed     10.94%
1030  OL638437     1.96%    passed     10.27%
1031  OM001431     1.96%    passed      9.63%
1032  OK181503     1.47%    passed     12.40%
1033  OK161375     1.47%    passed     12.54%
1034  MZ835602     1.47%    passed     13.35%
1035  OK161380     1.47%    passed     12.39%
1036  MZ835590     1.47%    passed     13.97%
1037  MZ835575     1.47%    passed     13.35%
1038  OK161385     1.47%    passed     13.23%
1039  OK181458     1.47%    passed     12.45%
1040  MZ835585     1.47%    passed     10.95%
1041  OL133736     1.96%    passed     10.20%
1042  OK181495     1.47%    passed     12.45%
1043  MZ670580     1.47%    passed     13.23%
1044  MZ670585     1.47%    passed     13.31%
1045  MZ835569     1.47%    passed     13.23%
1046  MZ835586     1.47%    passed     14.10%
1047  OL961539     1.96%    passed     11.00%
1048  OM001372     1.96%    passed      9.63%
1049  MZ835568     1.47%    passed     15.07%
1050  OK539510     2.19%    passed     11.49%
1051  OK539514     2.13%    passed      8.20%
1052  OK254852     1.37%    passed     13.39%
1053  OK017932     1.37%    passed     14.16%
1054  MZ460676     1.37%    passed     14.94%
1055  MZ629176     1.37%    passed     14.85%
1056  MZ460689     1.37%    passed     13.93%
1057  MZ629167     1.37%    passed     14.10%
1058  MZ629151     1.37%    passed     13.29%
1059  OK017960     1.44%    passed     14.38%
1060  OK017943     1.37%    passed     14.07%
1061  MZ363455     1.37%    passed     13.25%
1062  MZ629156     1.37%    passed     14.96%
1063  OK017963     1.37%    passed     15.00%
1064  MZ629174     1.37%    passed     14.16%
1065  MZ363468     1.37%    passed     14.16%
1066  MZ629136     1.37%    passed     14.10%
1067  MZ363425     1.37%    passed     13.35%
1068  MZ268690     1.35%    passed     14.56%
1069  MZ629140     1.39%    passed     14.93%
1070  MZ629166     1.37%    passed     14.70%
1071  OK017912     1.89%    passed     12.95%
1072  MZ670595     1.25%    passed     18.75%
1073  MZ221151     1.25%    passed     17.76%
1074  MW969532     1.74%    passed     11.66%
1075  OK649385     2.00%    passed     11.53%
1076  MZ629121     1.37%    passed     12.51%
1077  OK254878     1.37%    passed     12.55%
1078  OK649389     1.53%    passed      6.52%
1079  MZ629133     1.37%    passed      6.06%
1080  MW969531     1.35%    passed      6.76%
1081  MZ153263     1.35%    passed      6.74%
1082  MZ153264     1.20%    passed      9.35%
1083  MZ153272     1.32%    passed      8.58%
1084  MZ363426     1.37%    passed      7.01%
1085  MZ221152     1.35%    passed      7.21%
1086  MZ835591     1.39%    passed      7.67%
1087  MZ268713     1.35%    passed     10.65%
1088  MZ268725     1.35%    passed     10.65%
1089  MZ322920     1.36%    passed     10.22%
1090  OM001460     1.96%    failed      4.16%
1091  OK254876     1.37%    passed      6.04%
1092  MZ629163     1.37%    passed     10.83%
1093  MZ268658     1.37%    passed     10.91%
1094  OK539496     1.47%    passed     11.73%
1095  OL638412     1.96%    passed      7.10%
1096  OK161373     1.47%    passed      9.23%
1097  MZ322923     1.35%    passed      9.57%
1098  OL638465     1.96%    failed      4.70%
1099  OM001353     1.96%    passed      5.08%
1100  MZ835587     1.47%    passed      6.78%
1101  OK539466     1.96%    passed      5.90%
1102  OL133738     1.96%    passed      6.44%
1103  OK539511     2.21%    passed      5.72%
1104  OL133757     2.13%    passed      5.29%
1105  OK254832     1.37%    passed      9.08%
1106  OK017911     1.37%    passed      8.90%
1107  OK017928     1.37%    passed      7.76%
1108  MZ629125     1.37%    passed      8.97%
1109  MZ363415     1.37%    passed      7.81%
1110  MZ363433     1.37%    passed      7.81%
1111  MZ540946     1.37%    passed      7.63%
1112  MZ460706     1.37%    passed      7.19%
1113  MZ460708     1.37%    passed      7.19%
1114  MZ268660     1.35%    passed      8.76%
1115  MZ268719     1.35%    passed      8.09%
1116  MZ363438     1.37%    passed      8.46%
1117  OK017958     1.56%    passed      6.20%
1118  OK254866     1.37%    passed      7.28%
1119  MZ629119     1.37%    passed      7.33%
1120  MZ629126     1.37%    passed      7.81%
1121  OK254847     1.37%    passed      9.12%
1122  OK254849     1.37%    passed      9.70%
1123  OK161397     1.47%    passed      8.49%
1124  OK539474     1.50%    passed     11.48%
1125  MZ268649     1.36%    passed      9.70%
1126  OM001450     1.98%    passed     14.69%
1127  MZ629105     1.47%    passed     18.38%
1128  OK161410     1.47%    passed     17.71%
1129  KY189315     1.47%    passed     15.16%
1130  KY369891     1.86%    passed     11.57%
1131  MW713753     3.74%    passed     29.44%
1132  MW713754     3.85%    passed     25.49%
1133  MW713755     3.85%    passed     25.82%
1134  MK989735     0.85%    passed     26.33%
1135  OM001363     2.21%    passed     19.85%
1136  MZ835593     1.81%    passed     25.69%
1137  OM001413     2.21%    passed     21.50%
1138  OK254881     1.20%    passed     33.68%
1139  MZ835604     1.29%    passed     30.50%
1140  OK539472     2.21%    passed     22.45%
1141  OK539473     1.47%    passed     28.38%
1142  MZ153288     1.20%    passed     33.94%
1143  OK161381     1.47%    passed     26.79%
1144  MZ460713     1.20%    passed     32.87%
1145  OM001415     2.21%    passed     19.63%
1146  OK254825     1.43%    passed     24.43%
1147  MZ268664     1.20%    passed     22.43%
1148  MZ268668     1.30%    passed     22.38%
1149  GQ415052     0.69%    passed     31.46%
1150  KY460514     9.63%    passed      5.91%
1151  OL989374     1.09%    passed     38.48%
1152  ON311217     1.58%    passed     15.15%
1153  MN749144     0.97%    passed     27.97%
1154  MK989739     1.53%    passed     17.37%
1155  FJ445132     0.77%    passed      8.84%
1156  FJ445113     0.83%    passed     23.37%
1157  FJ445170     0.80%    passed     32.48%
1158  ON989189    13.14%    passed     55.81%
1159  ON989194    17.18%    passed     62.65%
1160  GU568096     2.23%    failed      0.61%
****  TOTAL        2.02%  42 sequences failed composition chi2 test (p-value<5%; df=3)
NOTE: OK161412 is identical to OL133743 but kept for subsequent analysis
NOTE: OK181498 is identical to OK649374 but kept for subsequent analysis
NOTE: OL961523 is identical to OL638443 but kept for subsequent analysis
NOTE: OL133728 is identical to OM001378 but kept for subsequent analysis
NOTE: OK181470 is identical to OM001436 but kept for subsequent analysis
NOTE: OK181473 is identical to OM001426 but kept for subsequent analysis
NOTE: OK254845 is identical to OM001458 but kept for subsequent analysis
NOTE: OK181502 is identical to OL133764 but kept for subsequent analysis
NOTE: OK254844 is identical to OK254838 but kept for subsequent analysis
NOTE: OK649421 is identical to OK649375 but kept for subsequent analysis
NOTE: MZ835606 is identical to MZ835589 but kept for subsequent analysis
NOTE: OL638416 is identical to OL638404 but kept for subsequent analysis
NOTE: OK181460 is identical to OK649408 but kept for subsequent analysis
NOTE: OK017968 is identical to OL961543 but kept for subsequent analysis
NOTE: OK017956 is identical to OM001361 but kept for subsequent analysis
NOTE: OM001470 is identical to OK254837 but kept for subsequent analysis
NOTE: OL961546 is identical to OK254867 but kept for subsequent analysis
NOTE: OK161389 is identical to OK161383 but kept for subsequent analysis
NOTE: OM001461 is identical to OK181477 but kept for subsequent analysis
NOTE: OM001432 is identical to OK181478 but kept for subsequent analysis
NOTE: OL638430 is identical to OK181490 but kept for subsequent analysis
NOTE: OK649383 is identical to OK254826 but kept for subsequent analysis
NOTE: OK181459 is identical to OL638414 but kept for subsequent analysis
NOTE: OL133725 is identical to OM001441 but kept for subsequent analysis
NOTE: OK539483 is identical to OL961519 but kept for subsequent analysis
NOTE: OK161407 is identical to OK649420 but kept for subsequent analysis
NOTE: OK181469 is identical to OK649390 but kept for subsequent analysis
NOTE: OK181481 is identical to OL133759 but kept for subsequent analysis
NOTE: OK649424 is identical to OK254830 but kept for subsequent analysis
NOTE: OK254857 is identical to OM001430 but kept for subsequent analysis
NOTE: OL638457 is identical to OL638450 but kept for subsequent analysis
NOTE: OK254879 is identical to OM001457 but kept for subsequent analysis
NOTE: OM001401 is identical to OM001352 but kept for subsequent analysis
NOTE: ON311270 is identical to ON311267 but kept for subsequent analysis
NOTE: OK181494 is identical to OL638461 but kept for subsequent analysis
NOTE: DQ473498 is identical to FJ445178 but kept for subsequent analysis
NOTE: OK181468 is identical to OL133750 but kept for subsequent analysis
NOTE: ON311231 is identical to ON311225 but kept for subsequent analysis
NOTE: ON311232 is identical to ON311230 but kept for subsequent analysis
NOTE: ON311253 is identical to ON311252 but kept for subsequent analysis
NOTE: ON311245 is identical to ON311240 but kept for subsequent analysis
NOTE: ON311242 is identical to ON311241 but kept for subsequent analysis
NOTE: OK254874 is identical to OK254860 but kept for subsequent analysis
NOTE: OL133726 is identical to OL638454 but kept for subsequent analysis
NOTE: OK161360 is identical to OK161359 but kept for subsequent analysis
NOTE: OK017969 is identical to OL961540 but kept for subsequent analysis
NOTE: ON311211 is identical to ON311210 but kept for subsequent analysis
NOTE: OK539494 is identical to OL638431 but kept for subsequent analysis
NOTE: OK181482 is identical to OM001403 but kept for subsequent analysis
NOTE: OL638442 is identical to OL638434 but kept for subsequent analysis
NOTE: OK181497 is identical to OL638446 but kept for subsequent analysis
NOTE: MZ268735 is identical to MZ268645 but kept for subsequent analysis
NOTE: ON311259 is identical to ON311258 but kept for subsequent analysis
NOTE: OM001355 is identical to OL961529 but kept for subsequent analysis
NOTE: OK017916 is identical to OL961521 but kept for subsequent analysis
NOTE: M16248 is identical to NC_001617 but kept for subsequent analysis
NOTE: ON311256 is identical to ON311255 but kept for subsequent analysis
NOTE: OK539477 is identical to OL638459 but kept for subsequent analysis
NOTE: OM001440 is identical to OM001406 but kept for subsequent analysis
NOTE: ON311205 is identical to ON311203 but kept for subsequent analysis
NOTE: MZ363468 is identical to MZ629174 but kept for subsequent analysis
NOTE: MZ268725 is identical to MZ268713 but kept for subsequent analysis
NOTE: MZ363433 is identical to MZ363415 but kept for subsequent analysis
NOTE: MZ460708 is identical to MZ460706 but kept for subsequent analysis
Checking for duplicate sequences: done in 0.0323818 secs using 97.56% CPU
Identifying sites to remove: done in 0.053879 secs using 84.52% CPU
NOTE: 24 identical sequences (see below) will be ignored for subsequent analysis
NOTE: OL961548 (identical to OL638443) is ignored but added at the end
NOTE: OM001396 (identical to OL638443) is ignored but added at the end
NOTE: OK649368 (identical to OL638443) is ignored but added at the end
NOTE: OL133754 (identical to OL638443) is ignored but added at the end
NOTE: OK161399 (identical to OL638443) is ignored but added at the end
NOTE: OK181456 (identical to OL638443) is ignored but added at the end
NOTE: OK181485 (identical to OL638443) is ignored but added at the end
NOTE: MZ835605 (identical to OL638443) is ignored but added at the end
NOTE: OL133762 (identical to OM001378) is ignored but added at the end
NOTE: MZ670587 (identical to OM001426) is ignored but added at the end
NOTE: OK649411 (identical to OM001426) is ignored but added at the end
NOTE: OK649419 (identical to OM001426) is ignored but added at the end
NOTE: MZ670573 (identical to OK161383) is ignored but added at the end
NOTE: MZ670574 (identical to OK161383) is ignored but added at the end
NOTE: MZ835594 (identical to OK161383) is ignored but added at the end
NOTE: OK181474 (identical to OK649390) is ignored but added at the end
NOTE: ON311233 (identical to ON311225) is ignored but added at the end
NOTE: ON311236 (identical to ON311225) is ignored but added at the end
NOTE: ON311238 (identical to ON311225) is ignored but added at the end
NOTE: ON311234 (identical to ON311230) is ignored but added at the end
NOTE: ON311235 (identical to ON311230) is ignored but added at the end
NOTE: ON311250 (identical to ON311240) is ignored but added at the end
NOTE: OK181455 (identical to OL638454) is ignored but added at the end
NOTE: OK181471 (identical to OM001406) is ignored but added at the end
Alignment was printed to results/aligned_rhinovirusA_all-delim.fasta.uniqueseq.phy

For your convenience alignment with unique sequences printed to results/aligned_rhinovirusA_all-delim.fasta.uniqueseq.phy

Create initial parsimony tree by phylogenetic likelihood library (PLL)... 0.025 seconds

NOTE: 220 MB RAM (0 GB) is required!
Estimate model parameters (epsilon = 0.500)
1. Initial log-likelihood: -5189335.021
2. Current log-likelihood: -4872557.272
3. Current log-likelihood: -4862969.965
4. Current log-likelihood: -4861525.021
5. Current log-likelihood: -4860164.330
6. Current log-likelihood: -4860064.887
7. Current log-likelihood: -4860061.484
8. Current log-likelihood: -4860060.900
Optimal log-likelihood: -4860060.284
Rate parameters:  A-C: 2.37033  A-G: 3.92549  A-T: 2.71071  C-G: 1.23115  C-T: 5.39838  G-T: 1.00000
Base frequencies:  A: 0.332  C: 0.188  G: 0.199  T: 0.281
Parameters optimization took 8 rounds (35.542 sec)
Wrote distance file to... 
Computing ML distances based on estimated model parameters...
Calculating distance matrix: done in 8.14443 secs using 99.8% CPU
Computing ML distances took 8.190718 sec (of wall-clock time) 8.164581 sec (of CPU time)
Setting up auxiliary I and S matrices: done in 0.0235319 secs using 188.3% CPU
Constructing RapidNJ tree: done in 0.0396869 secs using 193.3% CPU
Computing RapidNJ tree took 0.063329 sec (of wall-clock time) 0.121056 sec (of CPU time)
Log-likelihood of RapidNJ tree: -707447.413
--------------------------------------------------------------------
|             INITIALIZING CANDIDATE TREE SET                      |
--------------------------------------------------------------------

Do NNI search on 2 best initial trees
Optimizing NNI: done in 7.48793 secs using 99.79% CPU
Estimate model parameters (epsilon = 0.500)
BETTER TREE FOUND at iteration 1: -685073.948
Optimizing NNI: done in 89.9486 secs using 99.88% CPU
Finish initializing candidate tree set (4)
Current best tree score: -685073.948 / CPU time: 112.176
Number of iterations: 2
TREE SEARCH COMPLETED AFTER 2 ITERATIONS / Time: 0h:2m:40s

--------------------------------------------------------------------
|                    FINALIZING TREE SEARCH                        |
--------------------------------------------------------------------
Performs final model parameters optimization
Estimate model parameters (epsilon = 0.050)
1. Initial log-likelihood: -685073.948
Optimal log-likelihood: -685073.940
Rate parameters:  A-C: 2.37719  A-G: 12.75562  A-T: 3.85166  C-G: 1.08443  C-T: 23.33783  G-T: 1.00000
Base frequencies:  A: 0.332  C: 0.188  G: 0.199  T: 0.281
Parameters optimization took 1 rounds (1.690 sec)
BEST SCORE FOUND : -685073.940
Total tree length: 21.352

Total number of iterations: 2
CPU time used for tree search: 112.029 sec (0h:1m:52s)
Wall-clock time used for tree search: 112.179 sec (0h:1m:52s)
Total CPU time used: 161.979 sec (0h:2m:41s)
Total wall-clock time used: 162.106 sec (0h:2m:42s)

Analysis results written to: 
  IQ-TREE report:                results/aligned_rhinovirusA_all-delim.fasta.iqtree
  Maximum-likelihood tree:       results/aligned_rhinovirusA_all-delim.fasta.treefile
  Likelihood distances:          results/aligned_rhinovirusA_all-delim.fasta.mldist
  Screen log file:               results/aligned_rhinovirusA_all-delim.fasta.log

Date and Time: Tue Nov 29 15:06:02 2022
