IQ-TREE multicore version 2.2.0-beta COVID-edition for Mac OS X 64-bit built Mar  3 2022 built Mar  3 2022
Developed by Bui Quang Minh, James Barbetti, Nguyen Lam Tung,
Olga Chernomor, Heiko Schmidt, Dominik Schrempf, Michael Woodhams, Ly Trong Nhan.

Host:    MacBook-Pro-2.local (SSE4.2, 8 GB RAM)
Command: iqtree2 -nt 1 -s results/aligned_rhinovirusA_3D-delim.fasta -m GTR -ninit 2 -n 2 -me 0.05
Seed:    525959 (Using SPRNG - Scalable Parallel Random Number Generator)
Time:    Fri Dec  2 12:27:02 2022
Kernel:  SSE2 - 1 threads (8 CPU cores detected)

HINT: Use -nt option to specify number of threads because your CPU has 8 cores!
HINT: -nt AUTO will automatically determine the best number of threads to use.

Reading alignment file results/aligned_rhinovirusA_3D-delim.fasta ... Fasta format detected
Reading fasta file: done in 0.168286 secs using 90.62% CPU
Alignment most likely contains DNA/RNA sequences
Constructing alignment: done in 0.046936 secs using 89.25% CPU
WARNING: 5757 sites contain only gaps or ambiguous characters.
Alignment has 1185 sequences with 7137 columns, 1105 distinct patterns
940 parsimony-informative, 74 singleton sites, 6123 constant sites
           Gap/Ambiguity  Composition  p-value
Analyzing sequences: done in 0.0025208 secs using 91.12% CPU
   1  FJ445111    80.66%    failed      1.82%
   2  MF973193    80.66%    failed      1.82%
   3  KC894167    80.66%    failed      1.82%
   4  KC894168    80.66%    failed      1.82%
   5  KC894166    80.66%    failed      1.82%
   6  EU840800    83.86%    failed      0.44%
   7  KC894169    80.66%    failed      1.50%
   8  MN749147    80.66%    failed      2.84%
   9  MN749150    80.66%    failed      4.70%
  10  MN749153    80.66%    failed      4.18%
  11  MN749156    80.66%    failed      4.33%
  12  MN749157    80.66%    failed      4.33%
  13  JN837694    80.66%    failed      2.86%
  14  MF973194    80.66%    failed      3.06%
  15  LC699424    80.66%    passed      5.81%
  16  OK539479    80.66%    passed      9.69%
  17  OL365069    80.66%    passed     15.80%
  18  OK161379    80.66%    passed     15.80%
  19  OL638411    80.66%    passed     21.74%
  20  OL638432    80.66%    passed     21.74%
  21  OL638439    80.66%    passed     21.74%
  22  OK649374    80.66%    passed     15.80%
  23  OK181498    80.66%    passed     15.80%
  24  OK649414    80.66%    passed     15.80%
  25  OK181461    80.66%    passed     15.80%
  26  OK649373    80.66%    passed     11.76%
  27  OL365071    80.66%    passed     16.12%
  28  OL638443    80.66%    passed     16.12%
  29  OL961523    80.66%    passed     16.12%
  30  OL961548    80.66%    passed     16.12%
  31  OM001396    80.66%    passed     16.12%
  32  OK649368    80.66%    passed     16.12%
  33  OL133754    80.66%    passed     16.12%
  34  OK539493    80.66%    passed     16.12%
  35  OK161399    80.66%    passed     16.12%
  36  OK181456    80.66%    passed     16.12%
  37  OK181485    80.66%    passed     16.12%
  38  MZ835605    80.66%    passed     16.12%
  39  OM001384    80.66%    passed     14.55%
  40  OL133765    80.66%    passed     14.33%
  41  OM001421    80.66%    passed     18.03%
  42  OK254851    80.66%    passed     18.03%
  43  OK649401    80.66%    passed     16.12%
  44  MZ835563    80.66%    passed     16.12%
  45  MZ460702    80.66%    passed     16.12%
  46  MZ835580    80.66%    passed     16.12%
  47  OK181463    80.66%    passed     14.55%
  48  OL638452    80.66%    passed     13.47%
  49  OM001436    80.66%    passed     12.27%
  50  OK181470    80.66%    passed     12.27%
  51  MZ460699    80.66%    passed     12.27%
  52  MZ629153    80.66%    passed     12.27%
  53  OM001378    80.66%    passed     10.70%
  54  OL133728    80.66%    passed     10.70%
  55  OL133762    80.66%    passed     10.70%
  56  OK539508    80.66%    passed     10.70%
  57  OK649405    80.66%    passed     10.70%
  58  OL133747    80.66%    passed     13.97%
  59  OK539486    80.66%    passed     15.33%
  60  OL133751    80.66%    passed     13.47%
  61  OM001433    80.66%    passed     15.33%
  62  OM001369    80.66%    passed     17.33%
  63  OL638436    80.66%    passed     15.33%
  64  OM001414    80.66%    passed     15.33%
  65  OK254854    80.66%    passed     15.33%
  66  OM001347    80.66%    passed     13.97%
  67  OK539500    80.66%    passed     13.97%
  68  OM001424    80.66%    passed     13.97%
  69  OL133759    80.66%    passed     13.97%
  70  OK181481    80.66%    passed     13.97%
  71  OL638438    80.66%    passed     17.33%
  72  OM001370    80.66%    passed     18.91%
  73  OK649375    80.66%    passed     15.33%
  74  OK649421    80.66%    passed     15.33%
  75  OK017941    80.66%    passed     13.47%
  76  MZ629132    80.66%    passed     13.47%
  77  MZ460672    80.66%    passed     13.47%
  78  OK254830    80.66%    passed     19.47%
  79  OK649424    80.66%    passed     19.47%
  80  OK017933    80.66%    passed     17.33%
  81  MZ268740    80.66%    passed     17.33%
  82  OK161361    80.66%    passed     17.33%
  83  OK161365    80.66%    passed     17.33%
  84  OK161394    80.66%    passed     17.33%
  85  OL133731    80.66%    passed     17.33%
  86  OM001430    80.66%    passed     13.97%
  87  MZ268732    80.66%    passed     13.97%
  88  OK254857    80.66%    passed     13.97%
  89  MZ670594    80.66%    passed     13.97%
  90  OK161387    80.66%    passed     12.27%
  91  OK161362    80.66%    passed     15.33%
  92  OK161411    80.66%    passed     13.47%
  93  OL133742    80.66%    passed     14.71%
  94  OL961528    80.66%    passed     17.33%
  95  OK649415    80.66%    passed     15.33%
  96  OL133752    80.66%    passed     17.33%
  97  OK539482    80.66%    passed     19.47%
  98  MZ835589    80.66%    passed     19.47%
  99  MZ835606    80.66%    passed     19.47%
 100  OL638405    80.66%    passed     15.98%
 101  OL133749    80.66%    passed     14.71%
 102  OM001399    80.66%    passed     14.71%
 103  OK649408    80.66%    passed     14.71%
 104  OK181452    80.66%    passed     14.71%
 105  OL961543    80.66%    passed     14.71%
 106  OM001361    80.66%    passed     14.71%
 107  OK017956    80.66%    passed     14.71%
 108  OK181460    80.66%    passed     14.71%
 109  OK181478    80.66%    passed     14.71%
 110  MZ629138    80.66%    passed     14.71%
 111  MZ427506    80.66%    passed     14.71%
 112  OK017968    80.66%    passed     14.71%
 113  OM001432    80.66%    passed     14.71%
 114  OK539489    80.66%    passed     14.71%
 115  OK161388    80.66%    passed     14.71%
 116  MZ540949    80.66%    passed     14.71%
 117  OK161370    80.66%    passed     14.71%
 118  OL961536    80.66%    passed     12.85%
 119  OM001376    80.66%    passed     15.98%
 120  MZ153265    80.66%    passed     15.98%
 121  MZ835592    80.66%    passed     15.98%
 122  OK181490    80.66%    passed     13.47%
 123  OL638430    80.66%    passed     13.47%
 124  MZ629152    80.66%    passed     16.73%
 125  OK181453    80.66%    passed     12.85%
 126  OK254842    80.66%    passed     15.98%
 127  OK254875    80.66%    passed     14.71%
 128  OM001441    80.66%    passed     15.98%
 129  OL133725    80.66%    passed     15.98%
 130  OK161383    80.66%    passed     12.85%
 131  OK161389    80.66%    passed     12.85%
 132  MZ670573    80.66%    passed     12.85%
 133  MZ670574    80.66%    passed     12.85%
 134  MZ835594    80.66%    passed     12.85%
 135  OM001416    80.66%    passed     12.85%
 136  OK181483    80.66%    passed     12.85%
 137  OM001360    80.66%    passed     14.71%
 138  OK254837    80.66%    passed     16.73%
 139  OM001470    80.66%    passed     16.73%
 140  OK254867    80.66%    passed     14.71%
 141  MZ835603    80.66%    passed     14.71%
 142  OL638440    80.66%    passed     14.71%
 143  OL638466    80.66%    passed     14.71%
 144  OK539469    80.66%    passed     14.71%
 145  OL961519    80.66%    passed     14.71%
 146  OK539483    80.66%    passed     14.71%
 147  OL961546    80.66%    passed     14.71%
 148  OK539461    80.66%    passed     14.71%
 149  OM001468    80.68%    passed     15.20%
 150  OL133745    80.66%    passed     14.71%
 151  MZ835607    80.66%    passed     15.98%
 152  OL133755    80.66%    passed     13.47%
 153  OK017929    80.66%    passed     13.47%
 154  MZ363421    80.66%    passed     13.47%
 155  MZ268665    80.66%    passed     13.47%
 156  OK254826    80.66%    passed     13.47%
 157  OK649383    80.66%    passed     13.47%
 158  MZ268672    80.66%    passed     11.76%
 159  MZ268703    80.66%    passed     11.76%
 160  MZ153280    80.66%    passed     11.76%
 161  OL638429    80.66%    passed     11.76%
 162  MZ460674    80.66%    passed     10.20%
 163  OL133729    80.66%    passed     15.33%
 164  OL638451    80.66%    passed     11.76%
 165  OL638414    80.66%    passed     15.33%
 166  OK181459    80.66%    passed     15.33%
 167  OK161369    80.66%    passed     14.71%
 168  OK254827    80.66%    passed     13.47%
 169  OM001426    80.66%    passed      9.69%
 170  OK181473    80.66%    passed      9.69%
 171  MZ670587    80.66%    passed      9.69%
 172  OK649411    80.66%    passed      9.69%
 173  OK649419    80.66%    passed      9.69%
 174  OK181479    80.66%    passed      9.69%
 175  OL133764    80.66%    passed     14.71%
 176  OK181502    80.66%    passed     14.71%
 177  OK649371    80.66%    passed     10.01%
 178  OK539460    80.66%    passed     12.11%
 179  MZ670582    80.66%    passed     12.66%
 180  OK539481    80.66%    passed     12.27%
 181  OM001388    80.66%    passed     14.06%
 182  OK181476    80.66%    passed     15.46%
 183  OM001364    80.66%    passed     16.73%
 184  OM001391    80.66%    passed     18.16%
 185  OL133727    80.66%    passed     15.33%
 186  OM001457    80.66%    passed     14.71%
 187  OK254879    80.66%    passed     14.71%
 188  MZ629127    80.66%    passed     13.47%
 189  OL638407    80.66%    passed     21.74%
 190  OM001357    80.66%    passed     19.47%
 191  MZ629117    80.66%    passed     19.47%
 192  OK539480    80.66%    passed     21.74%
 193  OK649366    80.66%    passed     21.23%
 194  OK254833    80.66%    passed     17.33%
 195  OL638428    80.66%    passed     13.47%
 196  MZ835611    80.66%    passed     10.70%
 197  OL638404    80.66%    passed     13.47%
 198  OL638416    80.66%    passed     13.47%
 199  MZ629118    80.66%    passed     17.33%
 200  OM001383    80.66%    passed     11.11%
 201  OK161390    80.66%    passed     11.11%
 202  OK649390    80.66%    passed     12.66%
 203  OK181469    80.66%    passed     12.66%
 204  OK181474    80.66%    passed     12.66%
 205  OM001427    80.66%    passed      8.39%
 206  OL133763    80.66%    passed      9.69%
 207  OK254873    80.66%    passed     10.70%
 208  OK539492    80.66%    passed     16.73%
 209  OK254843    80.66%    passed     21.74%
 210  OL133732    80.66%    passed     14.06%
 211  OK181489    80.66%    passed     14.06%
 212  OK539506    80.66%    passed     11.11%
 213  MZ670579    80.66%    passed     10.70%
 214  OK161363    80.66%    passed     12.85%
 215  MZ835584    80.66%    passed     15.98%
 216  OK161357    80.66%    passed     21.23%
 217  OK161376    80.66%    passed     21.23%
 218  OL133737    80.66%    passed     21.74%
 219  OM001379    80.66%    passed     14.06%
 220  OL133744    80.66%    passed     15.33%
 221  OK539507    80.66%    passed     15.33%
 222  OK181477    80.66%    passed     18.16%
 223  OM001461    80.66%    passed     18.16%
 224  OK181496    80.66%    passed     14.47%
 225  OK649420    80.66%    passed     16.90%
 226  OK161407    80.66%    passed     16.90%
 227  OK649423    80.66%    passed     16.90%
 228  OM001389    80.66%    passed     11.76%
 229  MZ835578    80.66%    passed     12.85%
 230  OL638450    80.66%    passed     12.27%
 231  OL638457    80.66%    passed     12.27%
 232  OK649370    80.66%    passed     12.27%
 233  OK649406    80.66%    passed     12.27%
 234  OK161395    80.66%    passed     12.27%
 235  OK161401    80.66%    passed     12.27%
 236  OK161405    80.66%    passed     12.27%
 237  MZ629124    80.66%    passed     12.27%
 238  OK161356    80.66%    passed     12.27%
 239  OK649417    80.66%    passed     10.70%
 240  OK539485    80.66%    passed      9.69%
 241  OM001359    80.66%    passed     11.11%
 242  OK539475    80.66%    passed      9.69%
 243  OK649382    80.66%    passed      9.28%
 244  OK649360    80.66%    passed     15.80%
 245  OK161408    80.66%    passed     15.80%
 246  OM001371    80.66%    passed     15.98%
 247  OK539470    80.66%    passed     13.97%
 248  MZ629114    80.66%    passed     11.11%
 249  MZ670578    80.66%    passed     13.97%
 250  OK539490    80.66%    passed     12.66%
 251  OK254838    80.66%    passed     15.33%
 252  OK254877    80.66%    passed     15.33%
 253  OK254844    80.66%    passed     15.33%
 254  OK254859    80.66%    passed     15.33%
 255  OK539463    80.66%    passed     15.33%
 256  OM001458    80.66%    passed     10.70%
 257  OK254845    80.66%    passed     10.70%
 258  OM001345    80.66%    passed     17.77%
 259  OK254865    80.66%    passed     17.77%
 260  OK254864    80.66%    passed     14.71%
 261  OM001410    80.66%    passed     19.06%
 262  OL638423    80.66%    passed     12.85%
 263  OL961527    80.66%    passed     11.33%
 264  OM001462    80.68%    passed     10.18%
 265  OK161353    80.66%    passed     14.71%
 266  OL133746    80.66%    passed     11.15%
 267  OM001419    80.66%    passed     18.68%
 268  OL133743    80.66%    passed     15.67%
 269  OK161412    80.66%    passed     15.67%
 270  OK539497    80.66%    passed     25.42%
 271  MK501734    80.82%    passed     29.48%
 272  KC881032    80.66%    failed      0.43%
 273  KC881035    80.66%    failed      0.37%
 274  KC881034    80.66%    failed      0.37%
 275  KC881033    80.66%    failed      0.44%
 276  D00239      80.66%    failed      0.67%
 277  MZ629149    80.66%    failed      2.61%
 278  KY369898    80.66%    failed      2.37%
 279  JN815255    82.92%    failed      1.93%
 280  LC699417    80.66%    passed     65.70%
 281  HQ123442    80.66%    passed     29.95%
 282  FJ445158    80.66%    passed     28.78%
 283  FJ445159    80.66%    passed     31.97%
 284  FJ445157    80.66%    passed     21.00%
 285  EU840856    83.77%    passed     17.37%
 286  LC699418    80.66%    passed     45.00%
 287  MH685687    80.66%    passed      6.75%
 288  JN815253    82.92%    passed      5.26%
 289  JN798574    80.71%    passed     11.61%
 290  JN562722    80.66%    passed      7.94%
 291  JX074057    81.73%    failed      3.19%
 292  JN990704    80.66%    failed      1.37%
 293  JN798564    82.15%    failed      2.26%
 294  KX891411    80.66%    failed      2.19%
 295  L24917      80.66%    failed      3.08%
 296  OK128339    80.66%    passed     13.70%
 297  ON311261    80.66%    passed     13.26%
 298  ON311263    80.66%    passed     17.04%
 299  OM001464    80.66%    passed     12.98%
 300  OK254870    80.66%    passed     12.98%
 301  OL133758    80.66%    passed     12.67%
 302  MZ540952    80.66%    passed     13.79%
 303  OL133740    80.66%    passed     16.47%
 304  MZ835610    80.66%    passed     16.47%
 305  OK128341    80.66%    passed      8.55%
 306  MZ670589    80.66%    passed     10.92%
 307  OK128340    80.66%    passed     14.50%
 308  ON311262    80.66%    passed     19.55%
 309  ON729332    82.11%    passed      9.18%
 310  KY189318    80.66%    passed     24.21%
 311  EF173414    80.66%    failed      3.93%
 312  FJ445182    80.66%    passed     53.37%
 313  DQ473502    80.66%    passed     62.60%
 314  EU840851    83.02%    passed     61.89%
 315  JN990707    82.35%    passed     57.21%
 316  JN815250    82.07%    passed     59.87%
 317  FJ445128    80.68%    passed     80.70%
 318  LC699415    80.66%    failed      3.92%
 319  JX193797    81.15%    passed      9.08%
 320  JX074047    81.03%    passed     10.09%
 321  JN562727    80.78%    passed     18.54%
 322  MH685681    81.95%    failed      2.48%
 323  OL638419    80.66%    passed      5.33%
 324  MZ670577    80.66%    failed      4.61%
 325  MZ460670    80.66%    failed      4.61%
 326  OM001352    80.66%    failed      3.68%
 327  OM001401    80.66%    failed      3.68%
 328  MZ629148    80.66%    failed      4.27%
 329  MZ460681    80.66%    passed     12.05%
 330  OM001350    80.66%    passed     14.90%
 331  OK254834    80.66%    passed     14.90%
 332  OM001466    80.66%    passed     14.90%
 333  MZ268670    80.66%    passed     13.12%
 334  OK254868    80.66%    passed     12.91%
 335  OK649393    80.66%    passed     14.77%
 336  OK539484    80.66%    passed     24.77%
 337  OK649362    80.66%    passed     13.46%
 338  OK649396    80.66%    passed     13.46%
 339  OK017920    80.66%    passed     24.15%
 340  OL133735    80.66%    passed     19.06%
 341  JF285325    81.01%    passed     17.96%
 342  JF285326    81.01%    passed     16.34%
 343  JF285328    81.01%    passed     16.34%
 344  JF285327    81.03%    passed     14.96%
 345  JN798563    82.70%    failed      2.72%
 346  FJ445190    80.66%    failed      3.13%
 347  EF173416    80.66%    failed      3.13%
 348  OK539487    80.66%    passed     15.61%
 349  OK649378    80.66%    passed     35.77%
 350  OK161406    80.66%    passed      5.45%
 351  MZ268663    80.66%    passed      6.79%
 352  MZ835579    80.66%    passed      8.26%
 353  MN749158    80.66%    passed     29.33%
 354  JQ837715    81.00%    passed      9.48%
 355  JN621246    83.62%    failed      2.58%
 356  JN112340    80.66%    passed     15.43%
 357  FJ445148    80.66%    passed     26.87%
 358  EU840841    83.40%    passed     14.76%
 359  FJ445167    80.66%    failed      2.40%
 360  EU840863    83.73%    failed      1.54%
 361  LC720413    80.66%    passed     19.27%
 362  MK167031    80.66%    passed      9.57%
 363  JN798579    83.31%    failed      2.21%
 364  JX074051    80.69%    passed      6.43%
 365  OL638462    80.66%    passed      5.05%
 366  OM001366    80.66%    passed      7.66%
 367  MZ322911    80.75%    passed      6.47%
 368  OK181484    80.66%    passed      5.75%
 369  OK017954    80.66%    passed      5.59%
 370  MZ629113    80.66%    passed      5.59%
 371  OK254835    80.66%    passed      5.80%
 372  MZ629128    80.66%    failed      4.56%
 373  KY369884    80.66%    failed      4.56%
 374  MZ322927    80.66%    passed     11.51%
 375  MZ153289    80.66%    passed     11.15%
 376  MZ363460    80.66%    passed      9.54%
 377  FJ445129    80.66%    failed      2.76%
 378  ON729334    80.66%    passed     50.95%
 379  OK161391    80.66%    passed     56.27%
 380  MZ629130    80.66%    passed     44.89%
 381  FJ445163    80.66%    failed      4.62%
 382  MN163129    80.66%    passed     38.24%
 383  JF781508    82.93%    passed     21.06%
 384  FJ445118    80.66%    passed     38.96%
 385  EU840798    83.10%    passed     18.57%
 386  JF781496    80.66%    passed     50.76%
 387  ON729329    80.66%    passed      6.83%
 388  LC699422    80.66%    passed     12.20%
 389  MH899591    80.71%    passed      9.08%
 390  OM001349    80.66%    passed     28.66%
 391  OL133750    80.66%    passed     23.16%
 392  OK181468    80.66%    passed     23.16%
 393  MZ268715    80.66%    passed     23.16%
 394  JN798590    80.66%    passed      9.91%
 395  FJ445143    80.66%    failed      2.33%
 396  EU840836    83.86%    failed      0.34%
 397  JQ994496    81.11%    passed     30.92%
 398  JN541272    81.34%    passed     24.43%
 399  FJ445180    80.66%    passed     19.27%
 400  EU840814    83.82%    passed      7.61%
 401  DQ473495    80.66%    passed     16.90%
 402  LC699416    80.66%    passed     35.79%
 403  MN369035    80.68%    passed     45.15%
 404  OK539505    80.66%    passed     38.33%
 405  MH685691    81.95%    passed     18.73%
 406  FJ445139    80.66%    passed     23.42%
 407  FJ445138    80.66%    passed     66.34%
 408  EU840829    84.49%    passed     32.10%
 409  OL961530    80.66%    passed     13.30%
 410  MZ540950    80.66%    passed     13.30%
 411  KY369875    80.66%    passed     25.97%
 412  FJ445173    80.66%    failed      2.79%
 413  EU840869    83.90%    failed      0.29%
 414  OM001356    80.66%    passed     18.94%
 415  OM001387    80.66%    passed     15.20%
 416  OM001400    80.66%    passed     18.85%
 417  OM001448    80.66%    passed     16.52%
 418  OK649358    80.93%    passed     25.56%
 419  KY369890    80.93%    passed     18.08%
 420  JN837692    80.66%    passed     14.11%
 421  GQ223229    80.66%    passed     15.18%
 422  FJ445133    80.66%    passed      9.23%
 423  EU840823    84.11%    failed      1.26%
 424  FJ445126    80.66%    failed      3.60%
 425  FJ445154    80.68%    passed     13.49%
 426  EU840852    84.03%    failed      4.72%
 427  JX074055    82.92%    passed     47.49%
 428  JN815238    83.58%    passed     44.03%
 429  EU840727    80.66%    passed      9.33%
 430  FJ445140    80.66%    passed      9.33%
 431  JN815247    83.62%    passed     22.77%
 432  JN541269    80.66%    passed     26.67%
 433  JN798575    82.93%    passed      9.04%
 434  JN798582    82.93%    passed     17.73%
 435  FJ445178    80.66%    passed     39.57%
 436  DQ473498    80.66%    passed     39.57%
 437  EU840795    83.10%    passed     12.67%
 438  ON311215    80.66%    failed      2.69%
 439  OM001395    80.66%    failed      4.92%
 440  ON311216    80.66%    passed     16.26%
 441  OK649395    80.66%    passed      5.19%
 442  FJ445146    80.66%    passed     12.32%
 443  EU840839    84.41%    passed      5.20%
 444  ON729337    81.24%    passed     19.94%
 445  OL638408    80.66%    passed     11.76%
 446  OL638460    80.66%    passed     10.70%
 447  OL638461    80.66%    passed     10.70%
 448  OK181494    80.66%    passed     10.70%
 449  MZ670586    80.66%    passed     10.35%
 450  MZ835614    80.66%    passed     11.91%
 451  MZ153287    80.66%    passed      9.92%
 452  OL638413    80.66%    passed     19.62%
 453  MZ835577    80.66%    passed     19.06%
 454  MZ835574    80.66%    passed     24.11%
 455  JN815252    80.79%    passed     16.25%
 456  FJ445125    80.68%    passed     33.01%
 457  EU840807    81.84%    passed     19.39%
 458  DQ473499    80.66%    passed      8.81%
 459  EU840820    84.36%    passed     11.93%
 460  OL638456    80.66%    passed     57.87%
 461  OK649361    80.66%    passed     71.48%
 462  OK649364    80.66%    passed     67.97%
 463  OL961547    80.66%    passed     74.23%
 464  ON311219    80.66%    failed      2.28%
 465  ON311220    80.66%    failed      4.83%
 466  ON311221    80.66%    failed      4.83%
 467  ON311222    80.66%    failed      4.83%
 468  MZ835596    80.66%    passed      5.29%
 469  OM001358    80.66%    failed      4.89%
 470  OK649387    80.66%    failed      4.89%
 471  OK649388    80.66%    failed      4.89%
 472  OK539512    80.66%    passed      5.31%
 473  OL638418    80.66%    passed      7.47%
 474  OM001365    80.66%    passed      7.47%
 475  OK649425    80.66%    passed      6.23%
 476  MZ460716    80.66%    passed      5.31%
 477  MZ268651    80.66%    passed      6.32%
 478  MZ363418    80.66%    passed      6.32%
 479  OM001392    80.66%    failed      2.79%
 480  OM001445    80.66%    failed      4.87%
 481  OK254861    80.66%    failed      4.87%
 482  MZ670575    80.66%    passed      8.09%
 483  MZ322917    80.66%    failed      3.68%
 484  MZ153274    80.66%    failed      3.68%
 485  MZ153273    80.66%    failed      3.68%
 486  MZ153275    80.66%    failed      3.68%
 487  MZ363461    80.66%    failed      2.83%
 488  MZ153260    80.66%    passed      5.23%
 489  MZ629180    80.66%    failed      3.69%
 490  MZ460679    80.66%    failed      4.02%
 491  MZ268669    80.66%    failed      4.02%
 492  OK161358    80.66%    failed      2.55%
 493  MZ363423    80.66%    failed      2.33%
 494  MZ629122    80.66%    failed      2.33%
 495  FJ445123    80.66%    passed      9.44%
 496  EU840805    83.82%    passed      6.00%
 497  FJ445145    80.66%    failed      1.43%
 498  EU840838    84.50%    failed      1.41%
 499  MN306047    80.66%    failed      4.50%
 500  MN306057    80.66%    failed      1.57%
 501  ON311206    80.66%    passed      6.71%
 502  ON311207    80.66%    passed      6.71%
 503  FJ445175    80.66%    passed      5.70%
 504  EU840794    81.84%    passed      6.78%
 505  ON729333    80.66%    failed      3.07%
 506  MF043119    80.66%    failed      2.14%
 507  KR871676    80.66%    failed      3.49%
 508  KM576764    80.66%    failed      1.16%
 509  KM576767    80.66%    failed      1.45%
 510  KR090587    80.66%    failed      1.65%
 511  KM576766    80.66%    failed      1.45%
 512  KR871677    80.66%    failed      1.97%
 513  KM576765    80.66%    failed      1.73%
 514  KR871675    80.66%    failed      2.49%
 515  KR871674    80.66%    failed      1.59%
 516  MK501739    81.42%    failed      3.62%
 517  LC699421    80.66%    failed      4.05%
 518  OK649399    80.66%    passed     15.08%
 519  OL638406    80.66%    passed     43.93%
 520  JN837693    80.68%    passed     37.41%
 521  MZ835609    80.66%    passed     33.16%
 522  MZ268661    80.66%    passed     67.07%
 523  MZ268737    80.66%    passed     80.99%
 524  MZ268681    80.66%    passed     76.27%
 525  KY369874    80.66%    passed     50.62%
 526  JQ747747    81.15%    passed     42.20%
 527  FJ445121    80.66%    passed     42.42%
 528  EU840802    82.95%    passed     12.94%
 529  MZ667415    80.72%    passed      8.92%
 530  FJ445141    80.66%    passed      5.11%
 531  MZ542285    81.06%    failed      2.96%
 532  JQ837718    80.85%    passed     23.49%
 533  DQ473511    80.66%    passed      8.09%
 534  ON311265    80.66%    passed     22.19%
 535  ON311272    80.66%    passed     23.59%
 536  ON311273    80.66%    passed     23.59%
 537  ON311274    80.66%    passed     23.59%
 538  ON311269    80.66%    passed     23.59%
 539  ON311266    80.66%    passed     20.94%
 540  ON311267    80.66%    passed     20.94%
 541  ON311270    80.66%    passed     20.94%
 542  ON311268    80.66%    passed     20.94%
 543  ON311271    80.66%    passed     20.94%
 544  KY369873    80.66%    passed     27.70%
 545  OM001368    80.66%    passed     47.55%
 546  JN562720    80.66%    passed     39.32%
 547  JF781510    80.83%    passed     48.86%
 548  JF781512    80.94%    passed     43.06%
 549  FJ445189    80.66%    passed     14.89%
 550  DQ473501    80.66%    passed     14.89%
 551  FJ445135    80.66%    passed     13.18%
 552  EU840826    83.87%    failed      1.93%
 553  ON729338    80.66%    passed     44.03%
 554  MF118143    81.88%    passed     77.47%
 555  MF118144    80.76%    passed     44.61%
 556  KY369893    80.66%    passed     43.93%
 557  KY629935    80.66%    passed     52.48%
 558  KY369895    81.67%    passed     55.38%
 559  OL638425    80.66%    passed     37.94%
 560  MK989733    83.89%    passed     18.45%
 561  MK989740    80.66%    passed     30.60%
 562  JN541266    80.68%    passed     48.43%
 563  MN163130    80.66%    passed     11.83%
 564  MK989736    80.66%    passed     23.73%
 565  DQ473500    80.66%    passed     23.77%
 566  EU840834    84.07%    failed      2.51%
 567  ON311223    80.66%    passed     20.44%
 568  ON311228    80.66%    passed     20.44%
 569  ON311227    80.66%    passed     20.44%
 570  ON311225    80.66%    passed     20.44%
 571  ON311231    80.66%    passed     20.44%
 572  ON311233    80.66%    passed     20.44%
 573  ON311236    80.66%    passed     20.44%
 574  ON311238    80.66%    passed     20.44%
 575  ON311226    80.66%    passed     20.44%
 576  ON311229    80.66%    passed     20.44%
 577  ON311230    80.66%    passed     20.44%
 578  ON311232    80.66%    passed     20.44%
 579  ON311234    80.66%    passed     20.44%
 580  ON311235    80.66%    passed     20.44%
 581  ON311252    80.66%    passed     20.44%
 582  ON311253    80.66%    passed     20.44%
 583  ON311240    80.66%    passed     20.44%
 584  ON311245    80.66%    passed     20.44%
 585  ON311250    80.66%    passed     20.44%
 586  ON311249    80.66%    passed     20.44%
 587  ON311244    80.66%    passed     20.44%
 588  ON311241    80.66%    passed     20.44%
 589  ON311242    80.66%    passed     20.44%
 590  ON311246    80.66%    passed     20.44%
 591  ON311243    80.66%    passed     20.44%
 592  ON311224    80.68%    passed     20.91%
 593  ON311247    80.66%    passed     18.82%
 594  ON311248    80.66%    passed     18.82%
 595  ON311237    80.66%    passed     18.19%
 596  ON311251    80.66%    passed     20.44%
 597  ON311239    80.66%    passed     24.63%
 598  OK254860    80.66%    passed     22.83%
 599  OK254874    80.66%    passed     22.83%
 600  OK649369    80.66%    passed     22.83%
 601  OK649376    80.66%    passed     22.83%
 602  OL638463    80.66%    passed     14.80%
 603  OL638422    80.66%    passed     22.83%
 604  OK649377    80.66%    passed     24.63%
 605  MZ629144    80.66%    passed     20.44%
 606  OK539501    80.66%    passed     17.23%
 607  OK649404    80.66%    passed     18.19%
 608  OM001429    80.66%    passed     15.32%
 609  MZ629162    80.66%    passed     21.05%
 610  OM001418    80.66%    passed     17.12%
 611  OK254839    80.66%    passed     17.12%
 612  MZ835562    80.66%    passed     17.12%
 613  MZ835617    80.66%    passed     17.12%
 614  MZ629158    80.66%    passed     20.90%
 615  JN815254    84.42%    passed      9.44%
 616  JN837696    80.68%    passed     17.17%
 617  OK017935    80.66%    passed     18.65%
 618  DQ473497    80.66%    passed      8.93%
 619  EU840804    83.73%    failed      2.90%
 620  OL638454    80.66%    failed      3.65%
 621  OL133726    80.66%    failed      3.65%
 622  OK181455    80.66%    failed      3.65%
 623  MZ835581    80.66%    passed      5.21%
 624  OK254828    80.66%    passed      6.75%
 625  OK649402    80.66%    passed      6.75%
 626  OK161359    80.66%    passed      8.97%
 627  OK161360    80.66%    passed      8.97%
 628  OK017961    80.66%    passed      9.53%
 629  OK254869    80.66%    passed      7.37%
 630  MH426975    81.46%    passed      7.17%
 631  MH426976    80.66%    passed      7.02%
 632  OM001394    80.66%    passed     18.22%
 633  OM001444    80.66%    passed     20.23%
 634  OM001453    80.66%    passed     20.23%
 635  OM001459    80.68%    passed     25.54%
 636  OK254880    80.66%    passed     24.42%
 637  JN798557    82.50%    passed     10.62%
 638  MK336157    83.66%    failed      3.09%
 639  FJ445179    80.66%    failed      0.71%
 640  DQ473512    80.66%    failed      0.71%
 641  EU840808    83.98%    failed      0.29%
 642  OL961540    80.66%    passed     65.41%
 643  OK017969    80.66%    passed     65.41%
 644  OM001390    80.66%    passed     63.26%
 645  MZ835608    80.66%    passed     64.58%
 646  MZ629143    80.66%    passed     63.26%
 647  OK254862    80.66%    passed     55.50%
 648  OK161386    80.66%    passed     55.50%
 649  OL133741    80.66%    passed     53.22%
 650  MZ268733    80.66%    passed     68.14%
 651  MZ153248    80.66%    passed     68.14%
 652  MZ835612    80.66%    passed     51.94%
 653  OK181454    80.66%    passed     58.29%
 654  OL133733    80.66%    passed     63.26%
 655  OM001351    80.66%    passed     59.36%
 656  OL133734    80.66%    passed     57.99%
 657  LC530048    80.66%    passed     62.37%
 658  KY369896    80.66%    passed     71.80%
 659  MN749155    80.66%    passed     56.42%
 660  KY967355    80.66%    passed     29.27%
 661  JN798589    80.66%    passed     35.30%
 662  JN798561    80.66%    passed     27.37%
 663  JN621241    80.66%    passed     52.38%
 664  FJ445134    80.66%    passed     13.47%
 665  DQ473496    80.66%    passed      6.22%
 666  EU840824    83.82%    failed      0.32%
 667  X02316      80.66%    passed     11.10%
 668  OM001375    80.66%    failed      1.95%
 669  MZ835588    80.66%    failed      1.42%
 670  MZ835601    80.66%    failed      1.42%
 671  OM001377    80.66%    failed      1.63%
 672  OK017924    80.66%    failed      1.63%
 673  MN749152    80.66%    passed      5.49%
 674  MN228695    81.21%    passed      6.67%
 675  MN749149    80.66%    failed      1.84%
 676  MN749151    80.66%    failed      1.84%
 677  MN749154    80.66%    failed      0.97%
 678  ON311218    80.66%    passed     11.19%
 679  OL638420    80.66%    passed     12.67%
 680  OK181466    80.66%    passed     12.67%
 681  OM001403    80.66%    passed     14.06%
 682  OK181482    80.66%    passed     14.06%
 683  OK539503    80.66%    passed     14.25%
 684  MZ835561    80.66%    passed     14.25%
 685  MZ835618    80.66%    passed     14.06%
 686  MZ268673    80.66%    passed     14.06%
 687  OK649372    80.66%    passed     11.24%
 688  OM001463    80.66%    passed     10.12%
 689  MZ427504    80.66%    passed     12.75%
 690  OL638427    80.66%    passed     10.10%
 691  MZ835619    80.66%    passed     10.10%
 692  MZ629161    80.66%    passed     10.10%
 693  MZ835573    80.66%    passed     11.40%
 694  MZ629175    80.66%    passed     11.35%
 695  MZ268646    80.66%    passed     11.35%
 696  OL638444    80.66%    passed     10.12%
 697  OK161355    80.66%    passed     11.40%
 698  MZ460715    80.66%    passed     15.81%
 699  OK017921    80.66%    passed     12.43%
 700  MZ322919    80.66%    passed     12.43%
 701  MZ629134    80.66%    passed     14.06%
 702  MZ629137    80.66%    passed     14.06%
 703  MZ629177    80.66%    passed     14.06%
 704  MZ670581    80.66%    passed     15.08%
 705  MZ268645    80.66%    passed     12.43%
 706  MZ268735    80.66%    passed     12.43%
 707  OK161400    80.66%    passed     15.46%
 708  MZ460688    80.66%    passed     17.81%
 709  OL638446    80.66%    passed     11.44%
 710  OK181497    80.66%    passed     11.44%
 711  OK539498    80.66%    passed     11.44%
 712  OL638434    80.66%    passed     12.29%
 713  OL638442    80.66%    passed     12.29%
 714  OK161392    80.66%    passed     13.62%
 715  MW679010    80.66%    passed     17.48%
 716  OK539491    80.66%    passed     13.98%
 717  MZ667419    80.66%    passed     11.24%
 718  MF554739    80.83%    passed     13.23%
 719  KT726984    80.66%    passed     10.39%
 720  KM362429    80.66%    passed      7.12%
 721  AY751783    80.66%    passed     24.33%
 722  ON311212    80.66%    passed     23.21%
 723  ON311213    80.66%    passed     21.04%
 724  MZ322931    80.66%    passed     22.73%
 725  OL638431    80.66%    passed     26.99%
 726  OK539494    80.66%    passed     26.99%
 727  OK181491    80.66%    passed     28.99%
 728  MZ629170    80.66%    passed     28.19%
 729  OK017917    80.66%    passed     26.01%
 730  MZ670583    80.66%    passed     31.59%
 731  MW969534    80.66%    passed     31.65%
 732  ON311214    80.66%    passed     35.90%
 733  OM001385    80.66%    passed     41.03%
 734  OM001405    80.66%    passed     34.26%
 735  OK254824    80.66%    passed     37.44%
 736  OK649381    80.66%    passed     33.62%
 737  OK539513    80.66%    passed     27.66%
 738  OK539464    80.66%    passed     29.78%
 739  JN621245    83.38%    passed      7.20%
 740  FJ445149    80.66%    passed     49.39%
 741  EU840842    83.61%    passed     21.30%
 742  OL770292    80.66%    passed     17.81%
 743  OL133739    80.66%    passed     16.53%
 744  JF285310    81.91%    passed      7.77%
 745  JF285312    81.88%    passed      7.82%
 746  JF285313    81.88%    passed      7.82%
 747  JF285315    81.88%    passed      7.82%
 748  JF285314    81.88%    passed      7.82%
 749  JF285311    81.88%    passed      7.20%
 750  JF285316    81.88%    passed      6.80%
 751  JF285317    81.88%    passed      8.54%
 752  JF285318    81.88%    passed      6.83%
 753  JF285319    81.90%    passed      7.84%
 754  JF285320    81.88%    passed      7.78%
 755  FJ445115    80.66%    passed     13.14%
 756  FJ445114    80.66%    passed     12.38%
 757  FJ445177    80.68%    passed      9.44%
 758  FJ445127    80.66%    passed      5.43%
 759  ON729330    80.66%    passed     37.28%
 760  ON729331    80.66%    passed     37.28%
 761  OK649392    80.66%    passed     54.03%
 762  OK181465    80.87%    passed     59.64%
 763  FJ445185    80.69%    passed     60.17%
 764  EF173419    80.66%    passed     62.28%
 765  JF285321    80.68%    passed     38.93%
 766  JF285322    80.66%    passed     45.37%
 767  JF285323    80.66%    passed     45.37%
 768  JF285324    80.68%    passed     41.53%
 769  FJ445181    80.68%    passed     63.51%
 770  EF173417    80.66%    passed     64.63%
 771  ON311254    80.66%    passed     33.37%
 772  OM001446    80.66%    passed     35.63%
 773  MZ670588    80.66%    passed     34.35%
 774  OK539478    80.66%    passed     32.95%
 775  OK539495    80.66%    passed     39.15%
 776  MZ629173    80.66%    passed     28.36%
 777  KY369885    80.66%    passed     43.13%
 778  MH685692    84.43%    passed     13.28%
 779  KY342346    80.66%    passed     25.05%
 780  FJ445122    80.68%    passed     35.55%
 781  EU840803    83.86%    passed     14.59%
 782  ON311208    80.76%    passed     28.74%
 783  ON311209    80.76%    passed     28.74%
 784  ON311210    80.76%    passed     26.46%
 785  ON311211    80.76%    passed     26.46%
 786  KY369894    80.78%    passed     24.62%
 787  JQ837722    83.59%    passed     10.72%
 788  MH828515    80.71%    failed      2.37%
 789  FJ445160    80.66%    passed     14.98%
 790  EU840857    83.19%    failed      3.13%
 791  MZ667414    80.66%    passed     12.26%
 792  DQ473509    80.66%    passed      7.76%
 793  MN306020    80.66%    passed     19.37%
 794  JQ747746    80.82%    passed     13.71%
 795  FJ445119    80.66%    passed      8.20%
 796  EU840799    83.27%    failed      4.06%
 797  JN815237    80.76%    passed     16.99%
 798  FJ445131    80.66%    passed      6.83%
 799  EU840819    84.45%    failed      1.96%
 800  MW713756    84.53%    failed      4.35%
 801  MW713775    84.53%    failed      4.35%
 802  MW713764    84.53%    failed      3.56%
 803  MW713765    84.53%    failed      3.56%
 804  MW713790    84.53%    failed      3.56%
 805  MW713769    84.53%    failed      3.56%
 806  MW713772    84.53%    failed      4.10%
 807  MW713791    84.53%    failed      4.10%
 808  MW713773    84.53%    failed      4.97%
 809  MW713774    84.53%    failed      4.97%
 810  MW713777    84.53%    failed      3.15%
 811  MW713778    84.53%    failed      3.36%
 812  MW713787    84.53%    failed      3.36%
 813  MW713789    84.53%    failed      3.15%
 814  MW713785    84.53%    failed      2.51%
 815  DQ473493    80.66%    passed     17.46%
 816  EU840797    83.10%    failed      2.45%
 817  MN306051    82.50%    passed     12.18%
 818  DQ473494    80.66%    passed     17.53%
 819  EU840849    84.53%    passed      7.08%
 820  LC720410    80.66%    passed     63.74%
 821  DQ473492    80.66%    passed     33.27%
 822  ON311257    80.66%    passed     31.32%
 823  ON311258    80.66%    passed     24.96%
 824  ON311259    80.66%    passed     24.96%
 825  ON311260    80.66%    passed     33.62%
 826  OL638417    80.66%    passed     29.97%
 827  OK161372    80.66%    passed     25.38%
 828  FJ445117    80.66%    passed     13.87%
 829  FJ445116    80.66%    passed      8.98%
 830  EU840796    84.49%    failed      1.26%
 831  MN369037    80.66%    passed     48.45%
 832  DQ473491    80.66%    passed     74.08%
 833  EU840817    82.95%    passed     30.06%
 834  OL961529    80.66%    passed     48.83%
 835  OM001355    80.66%    passed     48.83%
 836  OK254882    80.66%    passed     48.26%
 837  OK161354    80.66%    passed     51.51%
 838  OM001404    80.85%    passed     61.58%
 839  OM001428    80.66%    passed     66.42%
 840  OK181486    80.66%    passed     67.48%
 841  KY189313    80.66%    passed     47.78%
 842  OK649367    80.66%    passed     27.12%
 843  FJ445144    80.66%    passed     45.76%
 844  EU840837    82.81%    passed     19.93%
 845  MZ363465    80.66%    passed     53.37%
 846  KY369886    80.66%    passed     47.59%
 847  JN798560    80.86%    passed     56.09%
 848  FJ445171    80.66%    passed     55.36%
 849  EU840867    83.06%    passed     31.42%
 850  JN837690    80.66%    passed      7.85%
 851  JF781503    83.19%    failed      2.00%
 852  DQ473510    80.66%    passed      9.37%
 853  ON311264    80.66%    passed     18.63%
 854  FJ445176    80.68%    failed      2.87%
 855  DQ473503    80.66%    failed      2.80%
 856  EU840854    83.61%    failed      0.98%
 857  LC699419    80.66%    passed     24.08%
 858  DQ473504    80.66%    passed     14.54%
 859  LC699420    80.66%    passed     38.33%
 860  OM001348    80.89%    passed     33.53%
 861  OL638449    80.66%    passed     19.20%
 862  OL961521    80.66%    passed     24.44%
 863  OK017916    80.66%    passed     24.44%
 864  OK017922    80.66%    passed     24.12%
 865  OK017950    80.66%    passed     21.27%
 866  MZ670593    80.66%    passed     30.41%
 867  FJ445142    80.66%    failed      3.60%
 868  EU840833    83.65%    failed      2.69%
 869  MZ667420    80.72%    passed     13.67%
 870  KF958307    80.66%    passed     60.00%
 871  JF781497    80.66%    passed     60.00%
 872  JX074050    83.23%    passed     40.66%
 873  JN815241    82.93%    passed     54.62%
 874  JN815242    82.95%    passed     56.19%
 875  JN837697    80.66%    passed     64.10%
 876  JN621243    84.25%    passed     33.60%
 877  JN614994    81.36%    passed     57.33%
 878  JN798584    81.39%    passed     57.67%
 879  JN798583    80.66%    passed     54.33%
 880  JN815246    81.38%    passed     69.46%
 881  DQ473505    80.66%    passed     74.55%
 882  EU840813    83.54%    passed     53.17%
 883  JQ837716    80.85%    passed     24.62%
 884  JQ837719    81.31%    passed     23.46%
 885  FJ445166    80.66%    passed     15.22%
 886  FJ445165    80.66%    passed     23.29%
 887  FJ445184    80.66%    passed     11.98%
 888  NC_001617   80.66%    passed     13.03%
 889  M16248      80.66%    passed     13.03%
 890  LC699414    80.66%    passed     62.97%
 891  MZ667417    80.66%    passed     25.61%
 892  OL638448    80.66%    passed     31.46%
 893  OM001452    80.66%    passed     31.46%
 894  OK181500    80.66%    passed     31.46%
 895  MZ835571    80.66%    passed     34.70%
 896  OM001439    80.66%    passed     25.65%
 897  OK181475    80.66%    passed     25.65%
 898  MZ670584    80.66%    passed     25.65%
 899  OL961532    80.66%    passed     23.69%
 900  OM001434    80.66%    passed     33.93%
 901  OK254871    80.66%    passed     33.93%
 902  MZ835565    80.66%    passed     31.50%
 903  OM001373    80.66%    passed     19.53%
 904  OK539467    80.66%    passed     15.89%
 905  OL961533    80.66%    passed     19.53%
 906  OL961549    80.66%    passed     19.53%
 907  OL961550    80.66%    passed     19.53%
 908  OK539462    80.66%    passed     19.53%
 909  MZ460684    80.66%    passed     19.53%
 910  OK649409    80.66%    passed     19.53%
 911  OK017914    80.66%    passed     19.53%
 912  OK017952    80.66%    passed     19.53%
 913  OK017919    80.66%    passed     19.53%
 914  OK017967    80.66%    passed     19.53%
 915  OK161402    80.66%    passed     19.53%
 916  MZ540955    81.64%    passed     11.06%
 917  OM001386    80.66%    passed     21.29%
 918  OK161374    80.66%    passed     21.74%
 919  OK161368    80.66%    passed     21.74%
 920  OK161396    80.66%    passed     21.74%
 921  OM001411    80.66%    passed     19.95%
 922  OK649418    80.66%    passed     19.95%
 923  OK254872    80.66%    passed     19.95%
 924  OK254855    80.66%    passed     19.95%
 925  OL133724    80.66%    passed     26.50%
 926  MZ268680    80.66%    passed     31.54%
 927  MZ322926    80.76%    passed     12.52%
 928  OK181480    80.66%    passed     38.46%
 929  OM001362    80.66%    passed     70.75%
 930  OK649380    80.66%    passed     70.75%
 931  FJ445183    80.66%    passed     74.58%
 932  EF173418    80.66%    passed     74.58%
 933  LC720411    80.71%    passed     23.49%
 934  LC720412    80.71%    passed     22.19%
 935  OL638424    80.71%    passed     19.83%
 936  OK539504    80.71%    passed     19.83%
 937  MZ835572    80.71%    passed     19.83%
 938  MZ835564    80.71%    passed     19.83%
 939  OM001382    80.71%    passed     19.44%
 940  OK181467    80.71%    passed     19.44%
 941  MZ629179    80.71%    passed     19.44%
 942  OK539468    80.71%    passed     20.12%
 943  MZ835560    80.71%    passed     18.15%
 944  JN990705    80.85%    passed     18.53%
 945  JN798586    81.20%    passed     19.88%
 946  LC699423    80.75%    passed     14.05%
 947  MH828516    80.87%    passed     30.93%
 948  JN798576    82.18%    passed     20.62%
 949  FJ445156    80.73%    passed      5.31%
 950  EU840855    83.86%    failed      1.41%
 951  OM001467    80.71%    passed     39.85%
 952  OK254831    80.71%    passed     39.85%
 953  OK181462    80.71%    passed     37.72%
 954  MZ629120    80.71%    passed     38.92%
 955  MZ629147    80.71%    passed     41.67%
 956  MW679008    80.71%    passed     50.06%
 957  MK989738    82.79%    passed     19.51%
 958  DQ473506    80.71%    passed     18.59%
 959  EU840822    82.98%    passed      9.68%
 960  ON729336    81.01%    passed     21.40%
 961  MN306049    80.71%    passed     14.05%
 962  MN369045    80.71%    passed     15.67%
 963  OK017946    80.71%    passed     11.29%
 964  JN798587    81.21%    passed     11.50%
 965  DQ473507    80.71%    passed     14.32%
 966  EU840828    83.69%    passed      9.07%
 967  OL638459    80.71%    passed     21.86%
 968  OK539477    80.71%    passed     21.86%
 969  MZ363466    80.71%    passed     21.86%
 970  OK161366    80.71%    passed     19.73%
 971  MZ629131    80.71%    passed     21.58%
 972  MZ629142    80.71%    passed     23.67%
 973  MZ460693    80.71%    passed     25.73%
 974  OL961534    80.71%    passed     29.58%
 975  OM001442    80.71%    passed     22.76%
 976  OK181488    80.71%    passed     22.76%
 977  OK017930    80.71%    passed     21.24%
 978  MZ322925    80.71%    passed     19.10%
 979  KY369888    80.71%    passed     17.96%
 980  OK539465    80.71%    passed     11.72%
 981  JN798571    84.25%    passed      8.04%
 982  JN614993    80.71%    passed     20.53%
 983  JN541270    80.71%    failed      4.67%
 984  FJ445120    80.71%    failed      1.42%
 985  OL638403    80.71%    passed     56.14%
 986  MZ835599    80.71%    passed     61.71%
 987  MZ629129    80.71%    passed     61.71%
 988  OK539476    80.71%    passed     61.71%
 989  OM001449    80.71%    passed     53.97%
 990  MZ670592    80.71%    passed     69.01%
 991  OL133753    80.71%    passed     47.22%
 992  JN798577    84.25%    passed     16.89%
 993  MK501733    82.71%    passed     15.13%
 994  JQ747751    80.71%    passed     48.23%
 995  DQ473508    80.71%    passed     49.49%
 996  FJ445150    80.71%    passed     39.37%
 997  EU840843    82.89%    passed     23.55%
 998  MN369042    81.24%    passed     43.35%
 999  KY369887    80.71%    passed     27.64%
1000  ON729328    80.71%    failed      4.42%
1001  MH517019    80.71%    failed      4.08%
1002  JF965515    80.71%    passed      5.69%
1003  JQ994499    81.01%    passed      7.55%
1004  JQ747749    81.07%    passed      9.34%
1005  JX025555    84.43%    passed     66.81%
1006  JQ245971    80.76%    passed     68.35%
1007  FJ445152    80.71%    passed     40.34%
1008  EU840847    83.23%    passed     13.00%
1009  MN749148    80.99%    passed     73.51%
1010  JN562725    81.20%    passed     51.43%
1011  FJ445136    80.73%    passed     27.92%
1012  EU840827    83.69%    passed      8.88%
1013  MK989734    80.71%    passed     53.44%
1014  JF781504    80.71%    passed     53.06%
1015  FJ445147    80.71%    passed     39.94%
1016  EU840840    82.99%    passed     38.08%
1017  ON729339    80.71%    passed     37.94%
1018  KY369889    80.71%    passed     33.17%
1019  KY369892    80.75%    passed     33.79%
1020  KY369897    81.25%    passed     35.64%
1021  OL638458    80.71%    passed     24.57%
1022  OK161393    80.71%    passed     23.44%
1023  MZ629110    80.71%    passed     19.35%
1024  OM001406    80.71%    passed     22.83%
1025  OM001440    80.71%    passed     22.83%
1026  OK181471    80.71%    passed     22.83%
1027  MZ835582    80.71%    passed     26.99%
1028  MZ629182    80.71%    passed     26.18%
1029  JQ245965    80.93%    passed     40.14%
1030  GQ415051    80.71%    passed     45.81%
1031  OK017936    80.71%    passed     64.99%
1032  MZ629112    80.71%    passed     62.69%
1033  MW713749    82.05%    passed     17.87%
1034  MW713750    82.05%    passed     19.90%
1035  MW713747    81.97%    passed     21.74%
1036  MW713748    81.97%    passed     22.48%
1037  MW713751    82.05%    passed     24.40%
1038  MW713752    81.97%    passed     27.92%
1039  ON311203    80.71%    passed     52.15%
1040  ON311205    80.71%    passed     52.15%
1041  ON311204    80.71%    passed     52.15%
1042  OM001454    80.71%    passed     52.15%
1043  OK161375    80.71%    passed     52.15%
1044  OK161380    80.71%    passed     52.15%
1045  MZ835585    80.71%    passed     52.15%
1046  OK017943    80.71%    passed     52.15%
1047  MZ363455    80.71%    passed     52.15%
1048  MZ629156    80.71%    passed     52.15%
1049  OK017963    80.71%    passed     52.15%
1050  MZ629174    80.71%    passed     52.15%
1051  MZ363468    80.71%    passed     52.15%
1052  MZ629136    80.71%    passed     52.15%
1053  MZ268690    80.71%    passed     52.15%
1054  MZ629140    80.71%    passed     52.15%
1055  MZ629166    80.71%    passed     52.15%
1056  OK017912    80.71%    passed     52.15%
1057  MW969532    80.71%    passed     52.15%
1058  OM001420    80.71%    passed     49.36%
1059  MZ835602    80.71%    passed     54.83%
1060  OK181458    80.71%    passed     51.16%
1061  OL961539    80.71%    passed     54.83%
1062  OM001372    80.71%    passed     54.83%
1063  MZ835575    80.71%    passed     51.16%
1064  MZ221151    80.71%    passed     51.16%
1065  OK539514    80.71%    passed     48.41%
1066  MZ363425    80.71%    passed     52.15%
1067  OL133736    80.71%    passed     50.57%
1068  MZ670580    80.71%    passed     53.41%
1069  MZ670585    80.71%    passed     53.41%
1070  MZ629167    80.71%    passed     53.41%
1071  OK181495    80.71%    passed     52.91%
1072  MZ835586    80.71%    passed     53.66%
1073  MZ835569    80.71%    passed     53.41%
1074  OK017932    80.71%    passed     52.91%
1075  MZ460676    80.71%    passed     52.91%
1076  MZ460689    80.71%    passed     52.91%
1077  OK017960    80.71%    passed     52.91%
1078  MZ629176    80.71%    passed     53.41%
1079  MZ629151    80.71%    passed     52.15%
1080  MZ670595    80.71%    passed     50.09%
1081  OK649385    80.71%    passed     50.09%
1082  OL638437    80.71%    passed     50.09%
1083  OK161385    80.71%    passed     50.09%
1084  OM001431    80.71%    passed     52.15%
1085  OK181503    80.71%    passed     52.15%
1086  OK539510    80.71%    passed     52.15%
1087  OM001398    80.71%    passed     50.57%
1088  MZ835590    80.71%    passed     50.09%
1089  MZ835568    80.71%    passed     49.17%
1090  MZ629121    80.71%    passed     60.23%
1091  OK254852    80.71%    passed     46.87%
1092  OK649389    80.71%    passed     55.61%
1093  MZ629133    80.71%    passed     52.91%
1094  MW969531    80.71%    passed     55.61%
1095  MZ153263    80.71%    passed     50.08%
1096  MZ153264    80.71%    passed     53.66%
1097  MZ153272    80.71%    passed     56.39%
1098  MZ363426    80.71%    passed     54.83%
1099  MZ221152    80.71%    passed     54.83%
1100  MZ835591    80.71%    passed     58.97%
1101  MZ268713    80.71%    passed     61.23%
1102  MZ268725    80.71%    passed     61.23%
1103  MZ322920    80.71%    passed     61.23%
1104  MZ629163    80.71%    passed     51.16%
1105  MZ268658    80.71%    passed     57.36%
1106  OK539496    80.71%    passed     51.16%
1107  OM001460    80.71%    passed     56.29%
1108  OK254876    80.71%    passed     56.29%
1109  OK254878    80.71%    passed     59.72%
1110  OL638412    80.71%    passed     59.99%
1111  OK161373    80.71%    passed     59.99%
1112  MZ322923    80.71%    passed     57.08%
1113  OL638465    80.71%    passed     57.23%
1114  OM001353    80.71%    passed     57.23%
1115  MZ835587    80.71%    passed     57.23%
1116  OK017958    80.71%    passed     57.23%
1117  OK254866    80.71%    passed     57.23%
1118  MZ629119    80.71%    passed     57.23%
1119  MZ629126    80.71%    passed     57.23%
1120  OK017911    80.71%    passed     57.12%
1121  OK017928    80.71%    passed     57.12%
1122  MZ363415    80.71%    passed     57.12%
1123  MZ363433    80.71%    passed     57.12%
1124  MZ268719    80.71%    passed     57.12%
1125  OL133738    80.71%    passed     59.88%
1126  OK254832    80.71%    passed     59.88%
1127  MZ268660    80.71%    passed     59.88%
1128  MZ629125    80.71%    passed     56.74%
1129  MZ363438    80.71%    passed     54.23%
1130  OK254847    80.71%    passed     56.10%
1131  OK254849    80.71%    passed     56.10%
1132  OK161397    80.71%    passed     56.10%
1133  OK539466    80.71%    passed     56.74%
1134  OK539511    80.71%    passed     56.74%
1135  OL133757    80.71%    passed     56.74%
1136  MZ540946    80.71%    passed     60.76%
1137  MZ460706    80.71%    passed     60.76%
1138  MZ460708    80.71%    passed     60.76%
1139  OK539474    80.71%    passed     57.08%
1140  MZ268649    80.71%    passed     53.11%
1141  KY189315    80.71%    passed     59.83%
1142  KY369891    81.08%    passed     55.50%
1143  OM001450    80.71%    passed     47.79%
1144  MZ629105    80.71%    passed     47.79%
1145  OK161410    80.71%    passed     56.10%
1146  MW713753    82.05%    passed     31.67%
1147  MW713755    82.05%    passed     31.67%
1148  MK989735    80.71%    passed     54.41%
1149  MW713754    82.05%    passed     28.77%
1150  OM001363    80.71%    passed     41.50%
1151  MZ835593    80.71%    passed     41.75%
1152  OM001413    80.71%    passed     41.79%
1153  OK254881    80.71%    passed     41.79%
1154  MZ835604    80.71%    passed     45.08%
1155  MZ460713    80.71%    passed     48.31%
1156  MZ153288    80.71%    passed     41.50%
1157  OK161381    80.71%    passed     35.29%
1158  OK539472    80.71%    passed     48.13%
1159  OK539473    80.71%    passed     51.50%
1160  OM001415    80.71%    passed     38.53%
1161  OK254825    80.71%    passed     38.53%
1162  MZ268664    80.71%    passed     46.77%
1163  MZ268668    80.71%    passed     51.96%
1164  GQ415052    80.71%    passed     74.94%
1165  KY460514    80.71%    passed     50.43%
1166  OM001397    80.71%    passed     46.43%
1167  MT364381    80.71%    passed     48.74%
1168  MN369040    80.71%    passed     53.57%
1169  MK989737    80.71%    passed     41.31%
1170  KX398052    80.71%    passed     48.65%
1171  EF173415    80.71%    passed     33.28%
1172  HQ123441    80.71%    passed     54.54%
1173  OL989374    80.66%    passed     23.72%
1174  ON311217    80.66%    passed     24.93%
1175  MN749144    80.66%    passed     27.84%
1176  MK989739    80.66%    passed     54.40%
1177  FJ445132    80.66%    passed     23.62%
1178  EU840821    83.73%    passed     13.16%
1179  FJ445113    80.66%    passed     48.99%
1180  EU840862    83.86%    passed     29.68%
1181  FJ445170    80.66%    passed     53.93%
1182  EU840866    83.77%    passed     41.34%
1183  ON989189    83.94%    passed     10.86%
1184  ON989194    83.94%    passed     13.65%
1185  GU568096    80.71%    passed     51.80%
WARNING: 1185 sequences contain more than 50% gaps/ambiguity
****  TOTAL       80.96%  145 sequences failed composition chi2 test (p-value<5%; df=3)
NOTE: MF973193 is identical to FJ445111 but kept for subsequent analysis
NOTE: MN749157 is identical to MN749156 but kept for subsequent analysis
NOTE: OK161379 is identical to OL365069 but kept for subsequent analysis
NOTE: OL638432 is identical to OL638411 but kept for subsequent analysis
NOTE: OK181498 is identical to OK649374 but kept for subsequent analysis
NOTE: OL638443 is identical to OL365071 but kept for subsequent analysis
NOTE: OK254851 is identical to OM001421 but kept for subsequent analysis
NOTE: MZ835563 is identical to OK649401 but kept for subsequent analysis
NOTE: OK181470 is identical to OM001436 but kept for subsequent analysis
NOTE: OL133728 is identical to OM001378 but kept for subsequent analysis
NOTE: OM001414 is identical to OL638436 but kept for subsequent analysis
NOTE: OK539500 is identical to OM001347 but kept for subsequent analysis
NOTE: OK181481 is identical to OL133759 but kept for subsequent analysis
NOTE: OK649421 is identical to OK649375 but kept for subsequent analysis
NOTE: MZ629132 is identical to OK017941 but kept for subsequent analysis
NOTE: OK649424 is identical to OK254830 but kept for subsequent analysis
NOTE: MZ268740 is identical to OK017933 but kept for subsequent analysis
NOTE: MZ268732 is identical to OM001430 but kept for subsequent analysis
NOTE: MZ835589 is identical to OK539482 but kept for subsequent analysis
NOTE: OM001399 is identical to OL133749 but kept for subsequent analysis
NOTE: OL638430 is identical to OK181490 but kept for subsequent analysis
NOTE: OL133725 is identical to OM001441 but kept for subsequent analysis
NOTE: OK161389 is identical to OK161383 but kept for subsequent analysis
NOTE: OM001470 is identical to OK254837 but kept for subsequent analysis
NOTE: MZ835603 is identical to OK254867 but kept for subsequent analysis
NOTE: MZ363421 is identical to OK017929 but kept for subsequent analysis
NOTE: MZ268703 is identical to MZ268672 but kept for subsequent analysis
NOTE: OK181459 is identical to OL638414 but kept for subsequent analysis
NOTE: OK181473 is identical to OM001426 but kept for subsequent analysis
NOTE: OK181502 is identical to OL133764 but kept for subsequent analysis
NOTE: OK254879 is identical to OM001457 but kept for subsequent analysis
NOTE: MZ629117 is identical to OM001357 but kept for subsequent analysis
NOTE: OL638416 is identical to OL638404 but kept for subsequent analysis
NOTE: OK161390 is identical to OM001383 but kept for subsequent analysis
NOTE: OK181469 is identical to OK649390 but kept for subsequent analysis
NOTE: OK181489 is identical to OL133732 but kept for subsequent analysis
NOTE: OK161376 is identical to OK161357 but kept for subsequent analysis
NOTE: OM001461 is identical to OK181477 but kept for subsequent analysis
NOTE: OK161407 is identical to OK649420 but kept for subsequent analysis
NOTE: OL638457 is identical to OL638450 but kept for subsequent analysis
NOTE: OK161408 is identical to OK649360 but kept for subsequent analysis
NOTE: OK254877 is identical to OK254838 but kept for subsequent analysis
NOTE: OK254845 is identical to OM001458 but kept for subsequent analysis
NOTE: OK254865 is identical to OM001345 but kept for subsequent analysis
NOTE: OK161412 is identical to OL133743 but kept for subsequent analysis
NOTE: KC881034 is identical to KC881035 but kept for subsequent analysis
NOTE: OK254870 is identical to OM001464 but kept for subsequent analysis
NOTE: MZ835610 is identical to OL133740 but kept for subsequent analysis
NOTE: OM001401 is identical to OM001352 but kept for subsequent analysis
NOTE: OK254834 is identical to OM001350 but kept for subsequent analysis
NOTE: OK649396 is identical to OK649362 but kept for subsequent analysis
NOTE: JF285328 is identical to JF285326 but kept for subsequent analysis
NOTE: EF173416 is identical to FJ445190 but kept for subsequent analysis
NOTE: MZ629113 is identical to OK017954 but kept for subsequent analysis
NOTE: OK181468 is identical to OL133750 but kept for subsequent analysis
NOTE: MZ540950 is identical to OL961530 but kept for subsequent analysis
NOTE: FJ445140 is identical to EU840727 but kept for subsequent analysis
NOTE: DQ473498 is identical to FJ445178 but kept for subsequent analysis
NOTE: OK181494 is identical to OL638461 but kept for subsequent analysis
NOTE: ON311221 is identical to ON311220 but kept for subsequent analysis
NOTE: OK649387 is identical to OM001358 but kept for subsequent analysis
NOTE: OM001365 is identical to OL638418 but kept for subsequent analysis
NOTE: MZ363418 is identical to MZ268651 but kept for subsequent analysis
NOTE: OK254861 is identical to OM001445 but kept for subsequent analysis
NOTE: MZ153274 is identical to MZ322917 but kept for subsequent analysis
NOTE: MZ268669 is identical to MZ460679 but kept for subsequent analysis
NOTE: ON311207 is identical to ON311206 but kept for subsequent analysis
NOTE: ON311273 is identical to ON311272 but kept for subsequent analysis
NOTE: ON311270 is identical to ON311267 but kept for subsequent analysis
NOTE: ON311228 is identical to ON311223 but kept for subsequent analysis
NOTE: ON311248 is identical to ON311247 but kept for subsequent analysis
NOTE: OK254874 is identical to OK254860 but kept for subsequent analysis
NOTE: OK254839 is identical to OM001418 but kept for subsequent analysis
NOTE: MZ835617 is identical to MZ835562 but kept for subsequent analysis
NOTE: OL133726 is identical to OL638454 but kept for subsequent analysis
NOTE: OK649402 is identical to OK254828 but kept for subsequent analysis
NOTE: OK161360 is identical to OK161359 but kept for subsequent analysis
NOTE: OM001453 is identical to OM001444 but kept for subsequent analysis
NOTE: DQ473512 is identical to FJ445179 but kept for subsequent analysis
NOTE: OK017969 is identical to OL961540 but kept for subsequent analysis
NOTE: OK161386 is identical to OK254862 but kept for subsequent analysis
NOTE: MZ153248 is identical to MZ268733 but kept for subsequent analysis
NOTE: MZ835601 is identical to MZ835588 but kept for subsequent analysis
NOTE: OK017924 is identical to OM001377 but kept for subsequent analysis
NOTE: MN749151 is identical to MN749149 but kept for subsequent analysis
NOTE: OK181466 is identical to OL638420 but kept for subsequent analysis
NOTE: OK181482 is identical to OM001403 but kept for subsequent analysis
NOTE: MZ835561 is identical to OK539503 but kept for subsequent analysis
NOTE: MZ835619 is identical to OL638427 but kept for subsequent analysis
NOTE: MZ268646 is identical to MZ629175 but kept for subsequent analysis
NOTE: MZ322919 is identical to OK017921 but kept for subsequent analysis
NOTE: MZ629137 is identical to MZ629134 but kept for subsequent analysis
NOTE: MZ268735 is identical to MZ268645 but kept for subsequent analysis
NOTE: OK181497 is identical to OL638446 but kept for subsequent analysis
NOTE: OL638442 is identical to OL638434 but kept for subsequent analysis
NOTE: OK539494 is identical to OL638431 but kept for subsequent analysis
NOTE: JF285313 is identical to JF285312 but kept for subsequent analysis
NOTE: ON729331 is identical to ON729330 but kept for subsequent analysis
NOTE: JF285323 is identical to JF285322 but kept for subsequent analysis
NOTE: ON311209 is identical to ON311208 but kept for subsequent analysis
NOTE: ON311211 is identical to ON311210 but kept for subsequent analysis
NOTE: MW713775 is identical to MW713756 but kept for subsequent analysis
NOTE: MW713765 is identical to MW713764 but kept for subsequent analysis
NOTE: MW713791 is identical to MW713772 but kept for subsequent analysis
NOTE: MW713774 is identical to MW713773 but kept for subsequent analysis
NOTE: MW713787 is identical to MW713778 but kept for subsequent analysis
NOTE: ON311259 is identical to ON311258 but kept for subsequent analysis
NOTE: OM001355 is identical to OL961529 but kept for subsequent analysis
NOTE: OK017916 is identical to OL961521 but kept for subsequent analysis
NOTE: JF781497 is identical to KF958307 but kept for subsequent analysis
NOTE: M16248 is identical to NC_001617 but kept for subsequent analysis
NOTE: OM001452 is identical to OL638448 but kept for subsequent analysis
NOTE: OK181475 is identical to OM001439 but kept for subsequent analysis
NOTE: OK254871 is identical to OM001434 but kept for subsequent analysis
NOTE: OL961549 is identical to OL961533 but kept for subsequent analysis
NOTE: OK161368 is identical to OK161374 but kept for subsequent analysis
NOTE: OK649418 is identical to OM001411 but kept for subsequent analysis
NOTE: OK649380 is identical to OM001362 but kept for subsequent analysis
NOTE: EF173418 is identical to FJ445183 but kept for subsequent analysis
NOTE: OK539504 is identical to OL638424 but kept for subsequent analysis
NOTE: OK254831 is identical to OM001467 but kept for subsequent analysis
NOTE: OK539477 is identical to OL638459 but kept for subsequent analysis
NOTE: OK181488 is identical to OM001442 but kept for subsequent analysis
NOTE: MZ629129 is identical to MZ835599 but kept for subsequent analysis
NOTE: OM001440 is identical to OM001406 but kept for subsequent analysis
NOTE: ON311205 is identical to ON311203 but kept for subsequent analysis
NOTE: OM001372 is identical to OL961539 but kept for subsequent analysis
NOTE: MZ221151 is identical to MZ835575 but kept for subsequent analysis
NOTE: MZ670585 is identical to MZ670580 but kept for subsequent analysis
NOTE: MZ460676 is identical to OK017932 but kept for subsequent analysis
NOTE: OK649385 is identical to MZ670595 but kept for subsequent analysis
NOTE: OK161385 is identical to OL638437 but kept for subsequent analysis
NOTE: OK181503 is identical to OM001431 but kept for subsequent analysis
NOTE: MZ221152 is identical to MZ363426 but kept for subsequent analysis
NOTE: MZ268725 is identical to MZ268713 but kept for subsequent analysis
NOTE: OK254876 is identical to OM001460 but kept for subsequent analysis
NOTE: OK161373 is identical to OL638412 but kept for subsequent analysis
NOTE: OM001353 is identical to OL638465 but kept for subsequent analysis
NOTE: OK017928 is identical to OK017911 but kept for subsequent analysis
NOTE: OK254832 is identical to OL133738 but kept for subsequent analysis
NOTE: OK254849 is identical to OK254847 but kept for subsequent analysis
NOTE: OK539511 is identical to OK539466 but kept for subsequent analysis
NOTE: MZ460706 is identical to MZ540946 but kept for subsequent analysis
NOTE: MZ629105 is identical to OM001450 but kept for subsequent analysis
NOTE: MW713755 is identical to MW713753 but kept for subsequent analysis
NOTE: OK254881 is identical to OM001413 but kept for subsequent analysis
NOTE: OK254825 is identical to OM001415 but kept for subsequent analysis
Checking for duplicate sequences: done in 0.00733995 secs using 88.07% CPU
Identifying sites to remove: done in 0.03353 secs using 96.28% CPU
NOTE: 171 identical sequences (see below) will be ignored for subsequent analysis
NOTE: KC894167 (identical to FJ445111) is ignored but added at the end
NOTE: KC894168 (identical to FJ445111) is ignored but added at the end
NOTE: KC894166 (identical to FJ445111) is ignored but added at the end
NOTE: OL638439 (identical to OL638411) is ignored but added at the end
NOTE: OK649414 (identical to OK649374) is ignored but added at the end
NOTE: OK181461 (identical to OK649374) is ignored but added at the end
NOTE: OL961523 (identical to OL365071) is ignored but added at the end
NOTE: OL961548 (identical to OL365071) is ignored but added at the end
NOTE: OM001396 (identical to OL365071) is ignored but added at the end
NOTE: OK649368 (identical to OL365071) is ignored but added at the end
NOTE: OL133754 (identical to OL365071) is ignored but added at the end
NOTE: OK539493 (identical to OL365071) is ignored but added at the end
NOTE: OK161399 (identical to OL365071) is ignored but added at the end
NOTE: OK181456 (identical to OL365071) is ignored but added at the end
NOTE: OK181485 (identical to OL365071) is ignored but added at the end
NOTE: MZ835605 (identical to OL365071) is ignored but added at the end
NOTE: MZ460702 (identical to OK649401) is ignored but added at the end
NOTE: MZ835580 (identical to OK649401) is ignored but added at the end
NOTE: MZ460699 (identical to OM001436) is ignored but added at the end
NOTE: MZ629153 (identical to OM001436) is ignored but added at the end
NOTE: OL133762 (identical to OM001378) is ignored but added at the end
NOTE: OK539508 (identical to OM001378) is ignored but added at the end
NOTE: OK649405 (identical to OM001378) is ignored but added at the end
NOTE: OK254854 (identical to OL638436) is ignored but added at the end
NOTE: OM001424 (identical to OM001347) is ignored but added at the end
NOTE: MZ460672 (identical to OK017941) is ignored but added at the end
NOTE: OK161361 (identical to OK017933) is ignored but added at the end
NOTE: OK161365 (identical to OK017933) is ignored but added at the end
NOTE: OK161394 (identical to OK017933) is ignored but added at the end
NOTE: OL133731 (identical to OK017933) is ignored but added at the end
NOTE: OK254857 (identical to OM001430) is ignored but added at the end
NOTE: MZ670594 (identical to OM001430) is ignored but added at the end
NOTE: MZ835606 (identical to OK539482) is ignored but added at the end
NOTE: OK649408 (identical to OL133749) is ignored but added at the end
NOTE: OK181452 (identical to OL133749) is ignored but added at the end
NOTE: OL961543 (identical to OL133749) is ignored but added at the end
NOTE: OM001361 (identical to OL133749) is ignored but added at the end
NOTE: OK017956 (identical to OL133749) is ignored but added at the end
NOTE: OK181460 (identical to OL133749) is ignored but added at the end
NOTE: OK181478 (identical to OL133749) is ignored but added at the end
NOTE: MZ629138 (identical to OL133749) is ignored but added at the end
NOTE: MZ427506 (identical to OL133749) is ignored but added at the end
NOTE: OK017968 (identical to OL133749) is ignored but added at the end
NOTE: OM001432 (identical to OL133749) is ignored but added at the end
NOTE: OK539489 (identical to OL133749) is ignored but added at the end
NOTE: OK161388 (identical to OL133749) is ignored but added at the end
NOTE: MZ540949 (identical to OL133749) is ignored but added at the end
NOTE: OK161370 (identical to OL133749) is ignored but added at the end
NOTE: MZ670573 (identical to OK161383) is ignored but added at the end
NOTE: MZ670574 (identical to OK161383) is ignored but added at the end
NOTE: MZ835594 (identical to OK161383) is ignored but added at the end
NOTE: OM001416 (identical to OK161383) is ignored but added at the end
NOTE: OK181483 (identical to OK161383) is ignored but added at the end
NOTE: OL638440 (identical to OK254867) is ignored but added at the end
NOTE: OL638466 (identical to OK254867) is ignored but added at the end
NOTE: OK539469 (identical to OK254867) is ignored but added at the end
NOTE: OL961519 (identical to OK254867) is ignored but added at the end
NOTE: OK539483 (identical to OK254867) is ignored but added at the end
NOTE: OL961546 (identical to OK254867) is ignored but added at the end
NOTE: OK539461 (identical to OK254867) is ignored but added at the end
NOTE: OL133745 (identical to OK254867) is ignored but added at the end
NOTE: MZ268665 (identical to OK017929) is ignored but added at the end
NOTE: OK254826 (identical to OK017929) is ignored but added at the end
NOTE: OK649383 (identical to OK017929) is ignored but added at the end
NOTE: MZ153280 (identical to MZ268672) is ignored but added at the end
NOTE: OL638429 (identical to MZ268672) is ignored but added at the end
NOTE: MZ670587 (identical to OM001426) is ignored but added at the end
NOTE: OK649411 (identical to OM001426) is ignored but added at the end
NOTE: OK649419 (identical to OM001426) is ignored but added at the end
NOTE: OK181474 (identical to OK649390) is ignored but added at the end
NOTE: OK649423 (identical to OK649420) is ignored but added at the end
NOTE: OK649370 (identical to OL638450) is ignored but added at the end
NOTE: OK649406 (identical to OL638450) is ignored but added at the end
NOTE: OK161395 (identical to OL638450) is ignored but added at the end
NOTE: OK161401 (identical to OL638450) is ignored but added at the end
NOTE: OK161405 (identical to OL638450) is ignored but added at the end
NOTE: MZ629124 (identical to OL638450) is ignored but added at the end
NOTE: OK161356 (identical to OL638450) is ignored but added at the end
NOTE: OK254844 (identical to OK254838) is ignored but added at the end
NOTE: OM001466 (identical to OM001350) is ignored but added at the end
NOTE: MZ268715 (identical to OL133750) is ignored but added at the end
NOTE: ON311222 (identical to ON311220) is ignored but added at the end
NOTE: OK649388 (identical to OM001358) is ignored but added at the end
NOTE: MZ153273 (identical to MZ322917) is ignored but added at the end
NOTE: MZ153275 (identical to MZ322917) is ignored but added at the end
NOTE: ON311274 (identical to ON311272) is ignored but added at the end
NOTE: ON311269 (identical to ON311272) is ignored but added at the end
NOTE: ON311268 (identical to ON311267) is ignored but added at the end
NOTE: ON311271 (identical to ON311267) is ignored but added at the end
NOTE: ON311227 (identical to ON311223) is ignored but added at the end
NOTE: ON311225 (identical to ON311223) is ignored but added at the end
NOTE: ON311231 (identical to ON311223) is ignored but added at the end
NOTE: ON311233 (identical to ON311223) is ignored but added at the end
NOTE: ON311236 (identical to ON311223) is ignored but added at the end
NOTE: ON311238 (identical to ON311223) is ignored but added at the end
NOTE: ON311226 (identical to ON311223) is ignored but added at the end
NOTE: ON311229 (identical to ON311223) is ignored but added at the end
NOTE: ON311230 (identical to ON311223) is ignored but added at the end
NOTE: ON311232 (identical to ON311223) is ignored but added at the end
NOTE: ON311234 (identical to ON311223) is ignored but added at the end
NOTE: ON311235 (identical to ON311223) is ignored but added at the end
NOTE: ON311252 (identical to ON311223) is ignored but added at the end
NOTE: ON311253 (identical to ON311223) is ignored but added at the end
NOTE: ON311240 (identical to ON311223) is ignored but added at the end
NOTE: ON311245 (identical to ON311223) is ignored but added at the end
NOTE: ON311250 (identical to ON311223) is ignored but added at the end
NOTE: ON311249 (identical to ON311223) is ignored but added at the end
NOTE: ON311244 (identical to ON311223) is ignored but added at the end
NOTE: ON311241 (identical to ON311223) is ignored but added at the end
NOTE: ON311242 (identical to ON311223) is ignored but added at the end
NOTE: ON311246 (identical to ON311223) is ignored but added at the end
NOTE: ON311243 (identical to ON311223) is ignored but added at the end
NOTE: OK649369 (identical to OK254860) is ignored but added at the end
NOTE: OK649376 (identical to OK254860) is ignored but added at the end
NOTE: OK181455 (identical to OL638454) is ignored but added at the end
NOTE: MZ629161 (identical to OL638427) is ignored but added at the end
NOTE: MZ629177 (identical to MZ629134) is ignored but added at the end
NOTE: JF285315 (identical to JF285312) is ignored but added at the end
NOTE: JF285314 (identical to JF285312) is ignored but added at the end
NOTE: MW713790 (identical to MW713764) is ignored but added at the end
NOTE: OK181500 (identical to OL638448) is ignored but added at the end
NOTE: MZ670584 (identical to OM001439) is ignored but added at the end
NOTE: OL961550 (identical to OL961533) is ignored but added at the end
NOTE: OK539462 (identical to OL961533) is ignored but added at the end
NOTE: MZ460684 (identical to OL961533) is ignored but added at the end
NOTE: OK649409 (identical to OL961533) is ignored but added at the end
NOTE: OK017914 (identical to OL961533) is ignored but added at the end
NOTE: OK017952 (identical to OL961533) is ignored but added at the end
NOTE: OK017919 (identical to OL961533) is ignored but added at the end
NOTE: OK017967 (identical to OL961533) is ignored but added at the end
NOTE: OK161402 (identical to OL961533) is ignored but added at the end
NOTE: OK161396 (identical to OK161374) is ignored but added at the end
NOTE: OK254872 (identical to OM001411) is ignored but added at the end
NOTE: OK254855 (identical to OM001411) is ignored but added at the end
NOTE: MZ835572 (identical to OL638424) is ignored but added at the end
NOTE: MZ835564 (identical to OL638424) is ignored but added at the end
NOTE: MZ363466 (identical to OL638459) is ignored but added at the end
NOTE: OK181471 (identical to OM001406) is ignored but added at the end
NOTE: ON311204 (identical to ON311203) is ignored but added at the end
NOTE: OM001454 (identical to ON311203) is ignored but added at the end
NOTE: OK161375 (identical to ON311203) is ignored but added at the end
NOTE: OK161380 (identical to ON311203) is ignored but added at the end
NOTE: MZ835585 (identical to ON311203) is ignored but added at the end
NOTE: OK017943 (identical to ON311203) is ignored but added at the end
NOTE: MZ363455 (identical to ON311203) is ignored but added at the end
NOTE: MZ629156 (identical to ON311203) is ignored but added at the end
NOTE: OK017963 (identical to ON311203) is ignored but added at the end
NOTE: MZ629174 (identical to ON311203) is ignored but added at the end
NOTE: MZ363468 (identical to ON311203) is ignored but added at the end
NOTE: MZ629136 (identical to ON311203) is ignored but added at the end
NOTE: MZ268690 (identical to ON311203) is ignored but added at the end
NOTE: MZ629140 (identical to ON311203) is ignored but added at the end
NOTE: MZ629166 (identical to ON311203) is ignored but added at the end
NOTE: OK017912 (identical to ON311203) is ignored but added at the end
NOTE: MW969532 (identical to ON311203) is ignored but added at the end
NOTE: MZ629167 (identical to MZ670580) is ignored but added at the end
NOTE: MZ460689 (identical to OK017932) is ignored but added at the end
NOTE: OK017960 (identical to OK017932) is ignored but added at the end
NOTE: MZ322920 (identical to MZ268713) is ignored but added at the end
NOTE: MZ835587 (identical to OL638465) is ignored but added at the end
NOTE: OK017958 (identical to OL638465) is ignored but added at the end
NOTE: OK254866 (identical to OL638465) is ignored but added at the end
NOTE: MZ629119 (identical to OL638465) is ignored but added at the end
NOTE: MZ629126 (identical to OL638465) is ignored but added at the end
NOTE: MZ363415 (identical to OK017911) is ignored but added at the end
NOTE: MZ363433 (identical to OK017911) is ignored but added at the end
NOTE: MZ268719 (identical to OK017911) is ignored but added at the end
NOTE: MZ268660 (identical to OL133738) is ignored but added at the end
NOTE: OK161397 (identical to OK254847) is ignored but added at the end
NOTE: OL133757 (identical to OK539466) is ignored but added at the end
NOTE: MZ460708 (identical to MZ540946) is ignored but added at the end
Alignment was printed to results/aligned_rhinovirusA_3D-delim.fasta.uniqueseq.phy

For your convenience alignment with unique sequences printed to results/aligned_rhinovirusA_3D-delim.fasta.uniqueseq.phy

Create initial parsimony tree by phylogenetic likelihood library (PLL)... 0.018 seconds

NOTE: 36 MB RAM (0 GB) is required!
Estimate model parameters (epsilon = 0.500)
1. Initial log-likelihood: -1154758.515
2. Current log-likelihood: -883646.500
3. Current log-likelihood: -877993.681
4. Current log-likelihood: -873510.098
5. Current log-likelihood: -873299.099
6. Current log-likelihood: -873262.189
7. Current log-likelihood: -873245.185
Optimal log-likelihood: -873174.919
Rate parameters:  A-C: 2.47672  A-G: 4.32926  A-T: 2.63147  C-G: 1.30004  C-T: 6.59320  G-T: 1.00000
Base frequencies:  A: 0.324  C: 0.184  G: 0.205  T: 0.286
Parameters optimization took 7 rounds (9.035 sec)
Wrote distance file to... 
Computing ML distances based on estimated model parameters...
Calculating distance matrix: done in 2.04613 secs using 99% CPU
Computing ML distances took 2.054343 sec (of wall-clock time) 2.030405 sec (of CPU time)
Setting up auxiliary I and S matrices: done in 0.0189559 secs using 190.2% CPU
Constructing RapidNJ tree: done in 0.035604 secs using 186.7% CPU
Computing RapidNJ tree took 0.054672 sec (of wall-clock time) 0.102633 sec (of CPU time)
Log-likelihood of RapidNJ tree: -134956.622
--------------------------------------------------------------------
|             INITIALIZING CANDIDATE TREE SET                      |
--------------------------------------------------------------------

Do NNI search on 2 best initial trees
Optimizing NNI: done in 1.74761 secs using 99.91% CPU
Estimate model parameters (epsilon = 0.500)
BETTER TREE FOUND at iteration 1: -130101.391
Optimizing NNI: done in 18.2949 secs using 98.3% CPU
Finish initializing candidate tree set (4)
Current best tree score: -130101.391 / CPU time: 22.962
Number of iterations: 2
TREE SEARCH COMPLETED AFTER 2 ITERATIONS / Time: 0h:0m:35s

--------------------------------------------------------------------
|                    FINALIZING TREE SEARCH                        |
--------------------------------------------------------------------
Performs final model parameters optimization
Estimate model parameters (epsilon = 0.050)
1. Initial log-likelihood: -130101.391
Optimal log-likelihood: -130101.389
Rate parameters:  A-C: 2.42018  A-G: 16.51370  A-T: 3.82174  C-G: 1.28050  C-T: 30.72524  G-T: 1.00000
Base frequencies:  A: 0.324  C: 0.184  G: 0.205  T: 0.286
Parameters optimization took 1 rounds (0.324 sec)
BEST SCORE FOUND : -130101.389
Total tree length: 21.755

Total number of iterations: 2
CPU time used for tree search: 22.640 sec (0h:0m:22s)
Wall-clock time used for tree search: 22.964 sec (0h:0m:22s)
Total CPU time used: 35.467 sec (0h:0m:35s)
Total wall-clock time used: 35.724 sec (0h:0m:35s)

Analysis results written to: 
  IQ-TREE report:                results/aligned_rhinovirusA_3D-delim.fasta.iqtree
  Maximum-likelihood tree:       results/aligned_rhinovirusA_3D-delim.fasta.treefile
  Likelihood distances:          results/aligned_rhinovirusA_3D-delim.fasta.mldist
  Screen log file:               results/aligned_rhinovirusA_3D-delim.fasta.log

Date and Time: Fri Dec  2 12:27:38 2022
