IQ-TREE multicore version 2.2.0-beta COVID-edition for Mac OS X 64-bit built Mar  3 2022 built Mar  3 2022
Developed by Bui Quang Minh, James Barbetti, Nguyen Lam Tung,
Olga Chernomor, Heiko Schmidt, Dominik Schrempf, Michael Woodhams, Ly Trong Nhan.

Host:    MacBook-Pro-2.local (SSE4.2, 8 GB RAM)
Command: iqtree2 -nt 1 -s results/aligned_rhinovirusA_VP2-delim.fasta -m GTR -ninit 2 -n 2 -me 0.05
Seed:    359440 (Using SPRNG - Scalable Parallel Random Number Generator)
Time:    Fri Dec  2 12:26:21 2022
Kernel:  SSE2 - 1 threads (8 CPU cores detected)

HINT: Use -nt option to specify number of threads because your CPU has 8 cores!
HINT: -nt AUTO will automatically determine the best number of threads to use.

Reading alignment file results/aligned_rhinovirusA_VP2-delim.fasta ... Fasta format detected
Reading fasta file: done in 0.178638 secs using 92.19% CPU
Alignment most likely contains DNA/RNA sequences
Constructing alignment: done in 0.0425808 secs using 93.96% CPU
WARNING: 6348 sites contain only gaps or ambiguous characters.
Alignment has 1165 sequences with 7137 columns, 600 distinct patterns
509 parsimony-informative, 44 singleton sites, 6584 constant sites
           Gap/Ambiguity  Composition  p-value
Analyzing sequences: done in 0.00149798 secs using 87.98% CPU
   1  FJ445111    88.94%    failed      1.75%
   2  MF973193    88.94%    failed      1.75%
   3  KC894167    88.94%    failed      1.75%
   4  KC894168    88.94%    failed      1.75%
   5  KC894166    88.94%    failed      1.75%
   6  KC894169    88.94%    failed      1.75%
   7  MN749147    88.94%    failed      1.06%
   8  MN749150    88.94%    failed      1.24%
   9  MN749153    88.94%    failed      1.01%
  10  MN749156    88.94%    failed      0.59%
  11  MN749157    88.94%    failed      0.59%
  12  JN837694    88.94%    failed      3.93%
  13  JQ837724    88.94%    failed      3.21%
  14  MF973194    88.94%    failed      2.81%
  15  LC699424    88.94%    failed      0.66%
  16  OM001419    88.94%    failed      0.79%
  17  OL133743    88.94%    failed      0.31%
  18  OK161412    88.94%    failed      0.31%
  19  OK539497    88.94%    failed      0.79%
  20  OK539479    88.94%    failed      2.11%
  21  OL365069    88.94%    failed      2.44%
  22  OK161379    88.94%    failed      2.44%
  23  OL365071    88.94%    failed      2.44%
  24  OL638443    88.94%    failed      2.44%
  25  OL961523    88.94%    failed      2.44%
  26  OL961548    88.94%    failed      2.44%
  27  OM001396    88.94%    failed      2.44%
  28  OK649368    88.94%    failed      2.44%
  29  OL133754    88.94%    failed      2.44%
  30  OK539493    88.94%    failed      2.44%
  31  OM001384    88.94%    failed      2.44%
  32  OL133765    88.94%    failed      2.44%
  33  OK161399    88.94%    failed      2.44%
  34  OK181456    88.94%    failed      2.44%
  35  OK181485    88.94%    failed      2.44%
  36  MZ835605    88.94%    failed      2.44%
  37  OK649401    88.94%    failed      2.44%
  38  OK181463    88.94%    failed      2.44%
  39  MZ835563    88.94%    failed      2.44%
  40  MZ460702    88.94%    failed      2.44%
  41  MZ835580    88.94%    failed      2.44%
  42  OL638452    88.94%    failed      2.44%
  43  OK649405    88.94%    failed      2.44%
  44  OL133747    88.94%    failed      2.44%
  45  OL133751    88.94%    failed      2.44%
  46  OK539460    88.94%    failed      2.44%
  47  OM001458    88.94%    failed      2.44%
  48  OK254845    88.94%    failed      2.44%
  49  OL133764    88.94%    failed      2.44%
  50  OK181502    88.94%    failed      2.44%
  51  OK649371    88.94%    failed      2.44%
  52  OK161353    88.94%    failed      2.44%
  53  MZ835589    88.94%    failed      2.44%
  54  MZ835606    88.94%    failed      2.44%
  55  OK254830    88.94%    failed      2.44%
  56  OK017933    88.94%    failed      2.44%
  57  MZ268740    88.94%    failed      2.44%
  58  OK161361    88.94%    failed      2.44%
  59  OK649424    88.94%    failed      2.44%
  60  OL133731    88.94%    failed      2.44%
  61  OK161363    88.94%    failed      2.44%
  62  MZ268732    88.94%    failed      2.44%
  63  OK161387    88.94%    failed      2.44%
  64  OK649374    88.94%    failed      2.93%
  65  OK181498    88.94%    failed      2.93%
  66  OK649373    88.94%    failed      2.93%
  67  OL638411    88.94%    failed      3.58%
  68  OL638432    88.94%    failed      3.58%
  69  OL638439    88.94%    failed      3.58%
  70  OK649414    88.94%    failed      3.50%
  71  OK181461    88.94%    failed      3.50%
  72  OM001378    88.94%    failed      2.01%
  73  OL133728    88.94%    failed      2.01%
  74  OL133762    88.94%    failed      2.01%
  75  OK539508    88.94%    failed      2.01%
  76  OM001436    88.94%    failed      2.98%
  77  OK181470    88.94%    failed      2.98%
  78  OM001426    88.94%    failed      2.93%
  79  OK181473    88.94%    failed      2.93%
  80  MZ670587    88.94%    failed      2.93%
  81  OK649411    88.94%    failed      2.93%
  82  OK649419    88.94%    failed      2.93%
  83  OK181479    88.94%    failed      2.98%
  84  MZ629153    88.94%    failed      2.98%
  85  OL961528    88.94%    failed      2.01%
  86  OL133752    88.94%    failed      1.98%
  87  OM001347    88.94%    failed      1.98%
  88  OK539500    88.94%    failed      1.98%
  89  OM001424    88.94%    failed      1.98%
  90  OL133759    88.94%    failed      2.98%
  91  OK181481    88.94%    failed      2.98%
  92  OK161365    88.94%    failed      2.98%
  93  OK161394    88.94%    failed      2.98%
  94  MZ670579    88.94%    failed      2.93%
  95  OM001430    88.94%    failed      2.93%
  96  OK254857    88.94%    failed      2.93%
  97  MZ670594    88.94%    failed      2.98%
  98  OK254859    88.94%    failed      2.98%
  99  OL133737    88.94%    failed      2.93%
 100  OM001388    88.94%    failed      2.98%
 101  OK181476    88.94%    failed      1.98%
 102  OL133729    88.94%    failed      2.98%
 103  MZ629118    88.94%    failed      2.98%
 104  OM001383    88.94%    failed      2.45%
 105  OM001427    88.94%    failed      2.45%
 106  OL133763    88.94%    failed      2.45%
 107  MZ670578    88.94%    failed      2.98%
 108  OK539490    88.94%    failed      2.98%
 109  OL133746    88.94%    failed      2.98%
 110  MZ629114    88.94%    failed      3.58%
 111  OM001359    88.94%    failed      3.58%
 112  OK539475    88.94%    failed      2.93%
 113  OL638407    88.94%    failed      3.58%
 114  OK539480    88.94%    failed      3.58%
 115  OK649366    88.94%    failed      2.98%
 116  OM001379    88.94%    failed      2.98%
 117  MZ629117    88.94%    failed      2.98%
 118  OK254833    88.94%    failed      2.98%
 119  OM001357    88.94%    failed      3.58%
 120  OL638423    88.94%    failed      2.38%
 121  OK539492    88.94%    failed      2.93%
 122  OL961527    88.94%    failed      2.93%
 123  OM001369    88.94%    failed      2.93%
 124  OK161362    88.94%    failed      2.93%
 125  OK161411    88.94%    failed      2.93%
 126  MZ835611    88.94%    failed      2.93%
 127  OK161357    88.94%    failed      2.93%
 128  OK161376    88.94%    failed      2.93%
 129  OK254843    88.94%    failed      2.93%
 130  OK254864    88.94%    failed      2.93%
 131  OK539482    88.94%    failed      1.98%
 132  MZ670582    88.94%    failed      3.50%
 133  OK254854    88.94%    failed      3.58%
 134  OL638438    88.94%    failed      1.98%
 135  OK539481    88.94%    failed      2.38%
 136  OL638428    88.94%    failed      3.58%
 137  OM001364    88.94%    failed      2.98%
 138  OM001391    88.94%    failed      2.98%
 139  OL133727    88.94%    failed      2.45%
 140  OM001462    88.94%    failed      3.59%
 141  OK254838    88.94%    failed      3.58%
 142  OK254877    88.94%    failed      3.58%
 143  OK254844    88.94%    failed      3.58%
 144  OK254873    88.94%    failed      3.58%
 145  OK649375    88.94%    passed      5.16%
 146  OK649421    88.94%    passed      5.16%
 147  OK017941    88.94%    passed      5.16%
 148  MZ460672    88.94%    passed      5.16%
 149  MZ629132    88.94%    failed      4.32%
 150  OL638436    88.94%    failed      3.42%
 151  OM001414    88.94%    failed      2.86%
 152  OL133742    88.94%    failed      2.93%
 153  OM001370    88.94%    failed      2.86%
 154  OM001433    88.94%    failed      2.01%
 155  OM001371    88.94%    failed      3.70%
 156  OK539470    88.94%    failed      3.70%
 157  MZ460699    88.94%    failed      3.59%
 158  OM001345    88.94%    failed      2.44%
 159  OK254865    88.94%    failed      2.44%
 160  OM001457    88.94%    failed      1.59%
 161  OK254879    88.94%    failed      1.59%
 162  MZ629127    88.94%    failed      2.38%
 163  OK539506    88.94%    failed      2.45%
 164  OK539486    88.94%    failed      2.38%
 165  OK649382    88.94%    failed      3.58%
 166  OM001421    88.96%    failed      2.12%
 167  OK254851    88.94%    failed      2.44%
 168  OL638450    88.94%    failed      1.63%
 169  OL638457    88.94%    failed      1.63%
 170  OK649370    88.94%    failed      1.63%
 171  OK649406    88.94%    failed      1.63%
 172  OK161395    88.94%    failed      1.63%
 173  OK161401    88.94%    failed      1.63%
 174  OK539485    88.94%    failed      1.63%
 175  OK649417    88.94%    failed      1.63%
 176  OK161405    88.94%    failed      1.63%
 177  MZ629124    88.94%    failed      1.63%
 178  OK161356    88.94%    failed      1.63%
 179  OK254827    88.94%    failed      2.44%
 180  OM001410    88.94%    failed      1.98%
 181  MZ835584    88.94%    failed      4.30%
 182  OK539463    88.94%    failed      4.32%
 183  OK649415    88.94%    failed      2.06%
 184  OK649390    88.94%    failed      3.58%
 185  OK161390    88.94%    failed      3.58%
 186  OK181469    88.94%    failed      3.58%
 187  OK181474    88.94%    failed      3.58%
 188  OL638405    88.94%    failed      2.98%
 189  OL961536    88.94%    failed      2.98%
 190  OK539507    88.94%    failed      2.98%
 191  OM001399    88.94%    failed      2.98%
 192  OK649408    88.94%    failed      2.98%
 193  OK181452    88.94%    failed      2.98%
 194  OK017929    88.94%    failed      2.98%
 195  MZ363421    88.94%    failed      2.98%
 196  MZ268665    88.94%    failed      2.98%
 197  MZ153265    88.94%    failed      2.98%
 198  OK181460    88.94%    failed      2.98%
 199  MZ835592    88.94%    failed      2.98%
 200  OK181478    88.94%    failed      2.98%
 201  MZ629138    88.94%    failed      2.98%
 202  MZ427506    88.94%    failed      2.98%
 203  OK181490    88.94%    failed      2.98%
 204  OK161369    88.94%    failed      2.98%
 205  MZ629152    88.94%    failed      2.98%
 206  OL638430    88.94%    failed      2.98%
 207  OM001432    88.94%    failed      2.98%
 208  OK539489    88.94%    failed      2.98%
 209  OL638414    88.94%    failed      2.98%
 210  OK181459    88.94%    failed      2.98%
 211  MZ540949    88.94%    failed      2.98%
 212  OK649360    88.94%    failed      2.98%
 213  OK161408    88.94%    failed      2.98%
 214  OK181453    88.94%    failed      2.98%
 215  OL133749    88.94%    failed      2.45%
 216  MZ460674    88.94%    failed      2.45%
 217  MZ268672    88.94%    failed      2.45%
 218  MZ268703    88.94%    failed      2.45%
 219  MZ153280    88.94%    failed      2.45%
 220  OL638429    88.94%    failed      2.45%
 221  OK181477    88.94%    failed      2.44%
 222  OM001461    88.94%    failed      2.44%
 223  OK181496    88.94%    failed      3.58%
 224  OK161388    88.94%    failed      3.59%
 225  OK254826    88.94%    failed      2.45%
 226  OK649383    88.94%    failed      2.45%
 227  OL638451    88.94%    failed      2.45%
 228  OK161370    88.94%    failed      3.58%
 229  OK254842    88.94%    failed      2.98%
 230  OM001441    88.94%    failed      2.98%
 231  OL133725    88.94%    failed      2.98%
 232  OK254875    88.94%    failed      2.98%
 233  OK161383    88.94%    failed      3.58%
 234  OK161389    88.94%    failed      3.58%
 235  MZ670573    88.94%    failed      3.58%
 236  MZ670574    88.94%    failed      3.58%
 237  MZ835594    88.94%    failed      3.58%
 238  OM001416    88.94%    failed      3.58%
 239  OM001360    88.94%    failed      4.26%
 240  OK181483    88.94%    failed      4.32%
 241  OL961543    88.94%    failed      3.59%
 242  OM001361    88.94%    failed      3.59%
 243  OK017956    88.94%    failed      3.59%
 244  OK017968    88.94%    failed      3.59%
 245  OK649423    88.94%    failed      3.59%
 246  OM001376    88.94%    failed      2.98%
 247  OK649420    88.94%    failed      4.32%
 248  OK161407    88.94%    failed      4.32%
 249  OK254837    88.94%    failed      2.44%
 250  MZ835607    88.94%    failed      2.44%
 251  MZ835603    88.94%    failed      2.44%
 252  OL638440    88.94%    failed      2.44%
 253  OL133755    88.94%    failed      2.44%
 254  OL638466    88.94%    failed      2.44%
 255  OM001470    88.94%    failed      2.44%
 256  OK539469    88.94%    failed      2.44%
 257  OL961519    88.94%    failed      2.44%
 258  OK539483    88.94%    failed      2.44%
 259  OM001468    88.94%    failed      2.44%
 260  OK254867    88.94%    failed      1.98%
 261  OL961546    88.94%    failed      1.98%
 262  OK539461    88.94%    failed      1.98%
 263  OL133745    88.94%    failed      2.44%
 264  OL638404    88.94%    failed      3.58%
 265  OL638416    88.94%    failed      3.58%
 266  OL133732    88.94%    failed      4.05%
 267  OK181489    88.94%    failed      4.05%
 268  OL133744    88.94%    failed      4.32%
 269  OM001389    88.94%    failed      2.41%
 270  MZ835578    88.94%    failed      2.41%
 271  MK501734    88.94%    failed      3.82%
 272  MK501745    89.24%    failed      4.07%
 273  KC881032    88.94%    passed      6.81%
 274  KC881033    88.94%    passed      9.26%
 275  KC881034    88.94%    passed      9.26%
 276  KC881035    88.94%    passed     10.76%
 277  D00239      88.94%    passed      9.89%
 278  MZ629149    88.94%    failed      3.82%
 279  KY369898    88.94%    failed      3.90%
 280  JN815255    88.94%    passed      7.38%
 281  JN798558    88.94%    failed      4.40%
 282  LC699417    89.07%    passed      7.51%
 283  HQ123442    89.07%    passed     41.64%
 284  FJ445158    89.07%    passed     38.19%
 285  FJ445159    89.07%    passed     38.19%
 286  FJ445157    89.07%    passed      9.95%
 287  LC699418    89.07%    failed      0.61%
 288  MH685687    89.07%    failed      0.21%
 289  JN815253    89.07%    failed      0.12%
 290  JN614992    89.07%    failed      0.12%
 291  JN798574    89.07%    failed      0.12%
 292  JN562722    89.07%    failed      0.37%
 293  JX074057    89.07%    failed      3.49%
 294  JN990704    89.07%    passed      5.09%
 295  JN798564    89.07%    failed      2.68%
 296  KX891411    89.07%    failed      1.91%
 297  L24917      89.07%    failed      2.34%
 298  OK128339    89.17%    passed     25.59%
 299  OK128340    89.17%    passed     28.38%
 300  OK128341    89.17%    passed     24.21%
 301  ON311263    89.17%    passed     26.95%
 302  OM001464    89.17%    passed     28.09%
 303  OK254870    89.17%    passed     28.09%
 304  OL133758    89.17%    passed     28.09%
 305  MZ540952    89.17%    passed     24.07%
 306  OL133740    89.17%    passed     29.83%
 307  MZ835610    89.17%    passed     29.83%
 308  MZ670589    89.17%    passed     29.83%
 309  ON311262    89.17%    passed     25.16%
 310  ON311261    89.17%    passed     33.84%
 311  ON729332    89.17%    passed     37.70%
 312  KY189318    89.17%    passed     28.09%
 313  EF173414    89.17%    passed     16.73%
 314  JX074049    89.11%    passed     21.88%
 315  JX074055    89.11%    passed     21.88%
 316  JN815238    90.86%    passed      5.66%
 317  FJ445182    89.11%    passed     25.66%
 318  DQ473502    89.11%    passed     25.66%
 319  JN990707    89.11%    passed     52.92%
 320  JN815250    89.11%    passed     52.92%
 321  FJ445128    89.11%    passed     23.21%
 322  LC699415    89.09%    passed     20.06%
 323  JN562727    89.09%    passed     21.52%
 324  MH685681    89.09%    passed     16.88%
 325  OL638419    89.09%    passed     13.44%
 326  MZ460670    89.09%    passed     13.44%
 327  MZ670577    89.09%    passed     13.44%
 328  OM001352    89.09%    passed     12.37%
 329  OM001401    89.09%    passed     12.37%
 330  MZ629148    89.09%    passed     12.37%
 331  MZ460681    89.09%    passed     12.72%
 332  OM001350    89.09%    passed      6.40%
 333  OK254834    89.09%    passed      6.40%
 334  OM001466    89.09%    passed      6.40%
 335  MZ268670    89.09%    passed      6.40%
 336  OK254868    89.09%    passed      5.25%
 337  OK649393    89.09%    passed      5.25%
 338  OK539484    89.09%    passed     11.70%
 339  OL133735    89.09%    passed      7.79%
 340  OK017920    89.09%    passed      9.64%
 341  OK649362    89.09%    passed     12.98%
 342  OK649396    89.09%    passed     12.98%
 343  JF285325    89.09%    passed     10.64%
 344  JF285326    89.09%    passed     11.39%
 345  JF285327    89.09%    passed     11.39%
 346  JF285328    89.09%    passed     11.39%
 347  JN798563    90.82%    passed     14.30%
 348  FJ445190    89.09%    passed     49.52%
 349  EF173416    89.09%    passed     49.52%
 350  FJ445167    89.13%    passed     62.58%
 351  ON729333    89.11%    passed     26.10%
 352  MF043119    89.11%    passed     31.76%
 353  KR871676    89.11%    passed     28.59%
 354  KM576764    89.11%    passed     31.24%
 355  KM576766    89.11%    passed     31.76%
 356  KR871675    89.11%    passed     28.92%
 357  KR871674    89.11%    passed     28.92%
 358  KR090587    89.11%    passed     26.10%
 359  KR871677    89.11%    passed     32.52%
 360  KM576765    89.11%    passed     35.66%
 361  KM576767    89.11%    passed     28.92%
 362  OK649399    89.11%    passed     19.97%
 363  MK501739    89.11%    passed     26.30%
 364  LC699421    89.11%    passed     39.89%
 365  OL638406    89.11%    passed     49.62%
 366  MH685688    89.11%    passed     33.70%
 367  JN837693    89.11%    passed     39.78%
 368  MZ835609    89.11%    passed     27.53%
 369  JQ747747    89.11%    passed     31.75%
 370  FJ445121    89.11%    passed      6.39%
 371  MZ667415    89.03%    passed      6.33%
 372  FJ445141    89.03%    passed      6.33%
 373  MZ542285    89.09%    passed      7.20%
 374  JN614995    89.87%    passed     12.57%
 375  MZ268661    89.07%    passed     30.52%
 376  MZ268681    89.07%    passed     30.52%
 377  MZ268737    89.07%    passed     23.80%
 378  KY369874    89.07%    passed     16.41%
 379  JQ837718    89.07%    passed     40.65%
 380  DQ473511    89.07%    passed      5.85%
 381  ON311265    89.28%    passed     21.08%
 382  ON311266    89.28%    passed     21.08%
 383  ON311267    89.28%    passed     21.08%
 384  ON311270    89.28%    passed     21.08%
 385  ON311268    89.28%    passed     21.08%
 386  ON311272    89.28%    passed     21.08%
 387  ON311273    89.28%    passed     21.08%
 388  ON311274    89.28%    passed     21.08%
 389  ON311269    89.28%    passed     21.08%
 390  ON311271    89.28%    passed     18.65%
 391  KY369873    89.28%    passed     20.53%
 392  OM001368    89.28%    passed     39.79%
 393  JN562720    89.28%    passed     18.03%
 394  JF781510    89.28%    passed     14.29%
 395  JF781512    89.28%    passed     14.29%
 396  FJ445189    89.28%    passed     44.52%
 397  DQ473501    89.28%    passed     44.52%
 398  FJ445135    89.28%    failed      3.90%
 399  MN163129    89.28%    passed     24.15%
 400  JF781508    89.79%    passed     30.57%
 401  JF781496    89.28%    failed      3.27%
 402  FJ445118    89.28%    passed     23.76%
 403  ON729329    89.03%    passed     24.64%
 404  LC699422    89.03%    passed     28.22%
 405  MH899591    89.03%    passed     16.81%
 406  OM001349    89.03%    passed     18.06%
 407  JN798590    89.38%    passed     28.05%
 408  OL133750    89.03%    passed     42.62%
 409  OK181468    89.03%    passed     42.62%
 410  MZ268715    89.03%    passed     42.62%
 411  FJ445143    89.03%    passed     11.14%
 412  JQ994496    89.03%    passed     14.39%
 413  JN541272    89.03%    passed     18.18%
 414  FJ445180    89.03%    passed     14.29%
 415  DQ473495    89.03%    passed     14.29%
 416  ON311212    89.03%    passed     36.63%
 417  ON311213    89.03%    passed     45.81%
 418  OK181491    89.03%    passed     51.96%
 419  MZ322931    89.03%    passed     38.37%
 420  OL638431    89.03%    passed     38.37%
 421  OK539494    89.03%    passed     38.37%
 422  ON311214    89.03%    passed     56.66%
 423  OM001385    89.03%    passed     51.21%
 424  OM001405    89.03%    passed     51.96%
 425  OK254824    89.03%    passed     51.21%
 426  OK649381    89.03%    passed     57.46%
 427  OK539513    89.03%    passed     49.44%
 428  OK017917    89.03%    passed     50.84%
 429  MZ670583    89.03%    passed     56.66%
 430  MZ629170    89.03%    passed     55.35%
 431  MW969534    89.03%    passed     54.34%
 432  OK539464    89.03%    passed     35.75%
 433  JN621245    89.03%    passed     31.00%
 434  KT751300    89.03%    passed     21.15%
 435  KT751301    89.03%    passed     41.09%
 436  FJ445149    89.03%    passed     57.21%
 437  OL770292    89.03%    passed     43.55%
 438  JF285310    89.04%    passed     12.70%
 439  JF285315    89.03%    passed     11.96%
 440  JF285314    89.03%    passed     11.96%
 441  JF285311    89.03%    passed     11.96%
 442  JF285312    89.04%    passed     12.70%
 443  JF285313    89.04%    passed     12.70%
 444  JF285316    89.03%    passed     13.76%
 445  JF285317    89.03%    passed     20.39%
 446  JF285318    89.03%    passed     11.93%
 447  JF285319    89.03%    passed     13.89%
 448  JF285320    89.03%    passed     13.89%
 449  FJ445115    89.03%    passed     15.60%
 450  FJ445114    89.03%    passed     18.50%
 451  OL133739    89.03%    passed     37.25%
 452  FJ445177    89.06%    passed     87.12%
 453  FJ445127    89.03%    passed     32.61%
 454  MW713756    89.62%    passed     40.40%
 455  MW713757    89.03%    passed     54.53%
 456  MW713764    89.03%    passed     40.28%
 457  MW713765    89.03%    passed     40.28%
 458  MW713766    89.03%    passed     40.28%
 459  MW713768    89.03%    passed     40.28%
 460  MW713790    89.03%    passed     40.28%
 461  MW713775    89.03%    passed     50.23%
 462  MW713776    89.03%    passed     50.23%
 463  MW713771    89.03%    passed     44.07%
 464  MW713770    89.03%    passed     44.07%
 465  MW713769    89.03%    passed     48.99%
 466  MW713778    89.03%    passed     45.22%
 467  MW713785    89.03%    passed     50.23%
 468  MW713786    89.03%    passed     50.23%
 469  MW713787    89.03%    passed     46.03%
 470  MW713788    89.03%    passed     40.28%
 471  MW713772    89.03%    passed     40.28%
 472  MW713791    89.03%    passed     40.28%
 473  MW713773    89.03%    passed     44.07%
 474  MW713774    89.03%    passed     44.07%
 475  MW713789    89.03%    passed     44.16%
 476  MW713777    89.03%    passed     54.76%
 477  MW713792    89.03%    passed     24.97%
 478  MW713793    89.03%    passed     36.76%
 479  JN541268    89.03%    passed     25.06%
 480  MN306051    89.03%    failed      2.94%
 481  DQ473493    89.03%    failed      2.57%
 482  DQ473494    89.03%    passed     17.06%
 483  ON729330    89.11%    passed     57.77%
 484  ON729331    89.11%    passed     57.77%
 485  OK649392    89.11%    passed     65.14%
 486  OK181465    89.11%    passed     65.14%
 487  FJ445185    89.11%    passed     53.72%
 488  EF173419    89.11%    passed     50.89%
 489  JF285321    89.11%    passed     52.17%
 490  JF285322    89.11%    passed     49.47%
 491  JF285323    89.11%    passed     49.47%
 492  JF285324    89.11%    passed     52.17%
 493  FJ445181    89.11%    passed     35.65%
 494  EF173417    89.11%    passed     35.65%
 495  ON311254    89.03%    passed     63.27%
 496  OM001446    89.03%    passed     70.32%
 497  MZ670588    89.03%    passed     70.32%
 498  OK539495    89.03%    passed     65.98%
 499  OK539478    89.03%    passed     65.98%
 500  MZ629173    89.03%    passed     70.40%
 501  KY369885    89.03%    passed     75.25%
 502  MH685690    89.11%    passed     27.81%
 503  MH685692    89.11%    passed     23.85%
 504  KY342346    89.11%    passed     18.62%
 505  FJ445122    89.13%    passed     53.39%
 506  ON311208    89.16%    passed     41.36%
 507  ON311209    89.16%    passed     41.36%
 508  ON311210    89.16%    passed     16.19%
 509  ON311211    89.16%    passed     16.19%
 510  KY369894    89.16%    passed     44.03%
 511  JQ837722    89.16%    passed     12.99%
 512  JN798556    89.16%    passed     12.99%
 513  JN798585    89.62%    passed     29.11%
 514  FJ445160    89.16%    passed      6.81%
 515  MH828515    89.16%    passed      8.97%
 516  MN306020    89.16%    passed     19.53%
 517  MZ667414    89.16%    passed      9.13%
 518  DQ473509    89.16%    passed     20.48%
 519  JQ747746    89.16%    passed     21.46%
 520  JQ747750    89.16%    passed     46.19%
 521  FJ445119    89.17%    passed     15.18%
 522  JN815237    90.95%    passed      7.45%
 523  FJ445131    89.13%    passed      7.46%
 524  JN837690    89.49%    failed      2.15%
 525  JF781503    89.11%    failed      0.51%
 526  DQ473510    89.11%    failed      2.10%
 527  LC720410    89.06%    passed     74.69%
 528  DQ473492    89.06%    passed     52.51%
 529  ON311257    89.06%    passed     95.39%
 530  ON311258    89.06%    passed     95.39%
 531  ON311259    89.06%    passed     95.39%
 532  ON311260    89.06%    passed     75.08%
 533  OL638417    89.06%    passed     92.00%
 534  OK161372    89.06%    passed     84.12%
 535  FJ445117    89.06%    passed     73.32%
 536  FJ445116    89.06%    passed     65.43%
 537  MN369037    89.06%    passed     71.54%
 538  DQ473491    89.06%    passed     47.63%
 539  OL961529    89.11%    passed     49.11%
 540  OM001355    89.11%    passed     49.11%
 541  OK254882    89.11%    passed     49.11%
 542  OK161354    89.11%    passed     50.70%
 543  OM001404    89.11%    passed     47.06%
 544  OM001428    89.11%    passed     36.51%
 545  OK181486    89.11%    passed     32.04%
 546  KY189313    89.11%    passed     71.87%
 547  OK649367    89.11%    passed     21.00%
 548  MZ363465    89.11%    passed     49.11%
 549  KY369886    89.11%    passed     70.52%
 550  JN798560    89.11%    passed     44.91%
 551  FJ445144    89.11%    passed     46.53%
 552  FJ445171    89.11%    passed     65.08%
 553  LC720413    88.97%    passed     45.45%
 554  MK167031    88.97%    passed     29.62%
 555  JN798579    88.97%    passed     28.64%
 556  JX074051    88.97%    passed     26.09%
 557  JQ245967    88.97%    passed     26.09%
 558  FJ445129    88.97%    passed     19.56%
 559  ON729334    88.97%    failed      1.91%
 560  OK161391    88.97%    failed      2.36%
 561  MZ629130    88.97%    passed      7.49%
 562  FJ445163    88.97%    failed      2.81%
 563  ON311215    88.99%    passed     41.57%
 564  OM001395    88.99%    passed     33.75%
 565  ON311216    88.99%    passed     35.03%
 566  OK649395    88.99%    passed     27.12%
 567  FJ445146    88.99%    passed     72.71%
 568  ON729338    88.97%    passed     14.02%
 569  KY369893    88.97%    passed     12.15%
 570  MF118143    88.97%    passed     16.17%
 571  MF118144    88.97%    passed      8.84%
 572  KY629935    88.97%    passed     10.23%
 573  KY369895    88.97%    passed     11.71%
 574  OL638425    88.97%    passed     13.79%
 575  MK989740    88.97%    passed     16.81%
 576  JN541266    88.97%    passed      8.22%
 577  MN163130    88.97%    passed      6.14%
 578  MK989736    88.97%    passed      7.51%
 579  MK989733    88.97%    passed     16.06%
 580  DQ473500    88.97%    passed      5.70%
 581  EU840727    88.99%    passed      7.54%
 582  FJ445140    88.99%    passed      7.54%
 583  LC699416    88.99%    passed      9.46%
 584  MN369035    88.99%    passed      9.02%
 585  OK539505    88.99%    passed      7.64%
 586  MH685686    88.99%    passed     13.25%
 587  MH685691    88.99%    passed     12.76%
 588  FJ445139    88.99%    passed     20.46%
 589  FJ445138    88.99%    passed     14.68%
 590  OL961530    88.99%    failed      0.17%
 591  MZ540950    88.99%    failed      0.17%
 592  KY369875    88.99%    failed      0.90%
 593  FJ445173    88.99%    failed      2.37%
 594  ON311218    88.94%    passed     16.28%
 595  OM001403    88.94%    passed     16.28%
 596  OK181482    88.94%    passed     16.28%
 597  OK539503    88.94%    passed     11.86%
 598  OK181466    88.94%    passed     11.86%
 599  MZ835618    88.94%    passed     11.86%
 600  MZ268673    88.94%    passed     11.86%
 601  MZ835561    88.94%    passed     11.86%
 602  OK649372    88.94%    passed     16.28%
 603  OL638420    88.94%    passed     13.55%
 604  OM001463    88.94%    passed     31.63%
 605  MZ427504    88.94%    passed     20.32%
 606  OL638427    88.94%    passed     18.37%
 607  MZ835619    88.94%    passed     18.37%
 608  MZ629161    88.94%    passed     18.37%
 609  MZ460715    88.94%    passed     18.09%
 610  MZ629175    88.94%    passed     16.13%
 611  MZ268646    88.94%    passed     14.24%
 612  OL638446    88.94%    passed     14.02%
 613  OK181497    88.94%    passed     14.02%
 614  OK539498    88.94%    passed     18.37%
 615  MZ460688    88.94%    passed     23.19%
 616  MZ835573    88.94%    passed     23.19%
 617  OL638444    88.94%    passed     20.71%
 618  OK161355    88.94%    passed     20.71%
 619  OK017921    88.94%    passed     18.33%
 620  MZ629134    88.94%    passed     18.33%
 621  MZ629137    88.94%    passed     18.33%
 622  MZ629177    88.94%    passed     18.33%
 623  MZ322919    88.94%    passed     18.33%
 624  MZ670581    88.94%    passed     16.24%
 625  MZ268645    88.94%    passed     16.24%
 626  MZ268735    88.94%    passed     16.24%
 627  OK161400    88.94%    passed     18.33%
 628  OL638434    88.94%    passed     31.26%
 629  OL638442    88.94%    passed     31.26%
 630  OK161392    88.94%    passed     31.26%
 631  OK539491    88.94%    passed     14.56%
 632  MW679010    88.94%    passed     17.06%
 633  MZ667419    88.94%    passed      6.87%
 634  MF554739    88.94%    passed      6.87%
 635  KT726984    88.94%    failed      4.39%
 636  KM362429    88.94%    passed     35.85%
 637  AY751783    88.94%    passed     54.12%
 638  ON729337    88.99%    passed      5.84%
 639  OL638408    88.99%    passed     21.44%
 640  OL638460    88.99%    passed     21.44%
 641  OL638461    88.99%    passed     21.44%
 642  OK181494    88.99%    passed     21.44%
 643  MZ670586    88.99%    passed      9.65%
 644  MZ835614    88.99%    passed     11.06%
 645  MZ153287    88.99%    passed      7.83%
 646  OL638413    88.99%    passed     11.58%
 647  MZ835577    88.99%    passed     13.69%
 648  MZ835574    88.99%    passed      8.30%
 649  JN815252    88.99%    passed     14.33%
 650  FJ445125    88.99%    passed     21.95%
 651  DQ473499    88.99%    passed     24.74%
 652  OL638456    88.99%    passed     65.35%
 653  OK649361    88.99%    passed     53.88%
 654  OK649364    88.99%    passed     53.88%
 655  OL961547    88.99%    passed     44.56%
 656  ON311219    88.99%    passed      5.69%
 657  ON311220    88.99%    passed      5.90%
 658  ON311221    88.99%    passed      5.90%
 659  ON311222    88.99%    passed      5.90%
 660  MZ835596    88.99%    passed      7.19%
 661  OM001358    88.99%    failed      4.39%
 662  OK649387    88.99%    failed      4.39%
 663  OK539512    88.99%    failed      4.39%
 664  OK649388    88.99%    failed      4.39%
 665  OM001392    88.99%    failed      2.92%
 666  MZ629180    88.99%    failed      2.92%
 667  MZ460679    88.99%    failed      2.92%
 668  MZ268669    88.99%    failed      2.92%
 669  MZ153260    88.99%    passed      5.17%
 670  OK649425    88.99%    failed      3.64%
 671  MZ460716    88.99%    failed      1.99%
 672  MZ268651    88.99%    failed      1.99%
 673  MZ363418    88.99%    failed      1.99%
 674  OM001445    88.99%    passed      5.43%
 675  OK254861    88.99%    passed      5.43%
 676  MZ670575    88.99%    passed      5.90%
 677  MZ629122    88.99%    failed      4.49%
 678  OK161358    88.99%    failed      3.85%
 679  MZ363423    88.99%    failed      2.68%
 680  MZ322917    88.99%    failed      4.36%
 681  MZ153274    88.99%    failed      4.36%
 682  MZ153273    88.99%    failed      4.36%
 683  MZ153275    88.99%    failed      4.36%
 684  MZ363461    88.99%    passed      6.61%
 685  OL638418    88.99%    failed      3.85%
 686  OM001365    88.99%    failed      4.36%
 687  FJ445123    88.99%    failed      4.27%
 688  FJ445145    88.94%    passed      7.91%
 689  MN306047    88.94%    passed      8.62%
 690  MN306057    88.94%    passed      8.62%
 691  OL638462    88.99%    passed     28.15%
 692  OK017954    88.99%    passed     16.19%
 693  MZ629113    88.99%    passed     16.19%
 694  OM001366    88.99%    passed     16.91%
 695  OK181484    88.99%    passed     11.65%
 696  MZ322911    89.04%    passed     15.44%
 697  OK254835    88.99%    passed     11.82%
 698  MZ629128    88.99%    passed     10.46%
 699  MZ322927    88.99%    passed     12.56%
 700  MZ153289    88.99%    passed     12.56%
 701  MZ363460    88.99%    passed     14.02%
 702  KY369884    88.99%    passed     15.00%
 703  FJ445126    88.99%    failed      2.32%
 704  OM001356    88.99%    passed      7.48%
 705  OK649358    88.99%    passed      9.11%
 706  OM001400    88.99%    passed      8.01%
 707  OM001448    88.99%    passed      7.48%
 708  KY369890    88.99%    passed      5.47%
 709  OM001387    88.99%    passed      9.99%
 710  JN837692    88.99%    passed     19.47%
 711  GQ223229    88.99%    passed     20.02%
 712  FJ445133    88.99%    passed      7.74%
 713  OK539487    88.99%    passed     88.20%
 714  OK649378    88.99%    passed     46.50%
 715  OK161406    88.99%    passed     36.27%
 716  MZ268663    88.99%    passed     36.27%
 717  MZ835579    88.99%    passed     34.51%
 718  MN749158    88.99%    passed     16.42%
 719  JQ837715    89.01%    passed     65.40%
 720  JN621246    88.99%    passed     58.14%
 721  JN112340    88.99%    passed     68.62%
 722  FJ445148    88.99%    passed     48.34%
 723  FJ445154    88.99%    passed     16.38%
 724  ON311206    88.99%    passed     45.50%
 725  ON311207    88.99%    passed     45.50%
 726  FJ445175    88.99%    passed     25.56%
 727  JN815247    88.99%    passed     24.76%
 728  JN541269    88.99%    passed     26.52%
 729  JN798575    88.99%    passed     23.89%
 730  JN798582    88.99%    passed     38.11%
 731  FJ445178    88.99%    passed      5.76%
 732  DQ473498    88.99%    passed      5.76%
 733  ON311223    89.07%    passed     40.46%
 734  ON311228    89.07%    passed     40.46%
 735  ON311225    89.07%    passed     40.46%
 736  ON311231    89.07%    passed     40.46%
 737  ON311233    89.07%    passed     40.46%
 738  ON311236    89.07%    passed     40.46%
 739  ON311238    89.07%    passed     40.46%
 740  ON311226    89.07%    passed     40.46%
 741  ON311229    89.07%    passed     40.46%
 742  ON311247    89.07%    passed     40.46%
 743  ON311252    89.07%    passed     40.46%
 744  ON311253    89.07%    passed     40.46%
 745  ON311237    89.07%    passed     40.46%
 746  ON311240    89.07%    passed     40.46%
 747  ON311245    89.07%    passed     40.46%
 748  ON311250    89.07%    passed     40.46%
 749  ON311249    89.07%    passed     40.46%
 750  ON311244    89.07%    passed     40.46%
 751  ON311241    89.07%    passed     40.46%
 752  ON311242    89.07%    passed     40.46%
 753  ON311246    89.07%    passed     40.46%
 754  ON311243    89.07%    passed     40.46%
 755  ON311230    89.07%    passed     35.97%
 756  ON311232    89.07%    passed     35.97%
 757  ON311234    89.07%    passed     35.97%
 758  ON311235    89.07%    passed     35.97%
 759  ON311224    89.07%    passed     35.97%
 760  ON311248    89.07%    passed     45.06%
 761  ON311251    89.07%    passed     37.33%
 762  ON311239    89.07%    passed     35.97%
 763  OL638463    89.07%    passed     43.44%
 764  ON311227    89.07%    passed     36.89%
 765  OK254860    89.07%    passed     40.46%
 766  OK254874    89.07%    passed     40.46%
 767  OK649369    89.07%    passed     40.46%
 768  OK649376    89.07%    passed     40.46%
 769  OL638422    89.07%    passed     48.31%
 770  OK649377    89.07%    passed     48.31%
 771  MZ629144    89.07%    passed     48.31%
 772  OK539501    89.07%    passed     39.28%
 773  MZ629162    89.07%    passed     46.95%
 774  OK649404    89.07%    passed     51.96%
 775  MZ835562    89.07%    passed     39.28%
 776  MZ835617    89.07%    passed     39.28%
 777  MZ629158    89.07%    passed     43.97%
 778  OM001429    89.07%    passed     48.73%
 779  OM001418    89.07%    passed     46.95%
 780  OK254839    89.07%    passed     46.95%
 781  JN815254    89.07%    passed     62.98%
 782  JN621244    89.07%    passed     71.17%
 783  JN837696    89.07%    passed     58.02%
 784  OK017935    89.07%    passed     40.80%
 785  DQ473497    89.07%    passed     70.55%
 786  OL638454    89.07%    passed     58.28%
 787  OL133726    89.07%    passed     58.28%
 788  OK181455    89.07%    passed     58.28%
 789  OK254828    89.07%    passed     57.53%
 790  OK649402    89.07%    passed     57.53%
 791  OK017961    89.07%    passed     52.57%
 792  OK161359    89.07%    passed     47.57%
 793  OK161360    89.07%    passed     47.57%
 794  MZ835581    89.07%    passed     58.28%
 795  OK254869    89.07%    passed     62.35%
 796  MH426975    89.07%    passed     60.50%
 797  MH426976    89.07%    passed     64.76%
 798  MK336157    89.07%    passed     50.31%
 799  OM001394    89.07%    passed     42.54%
 800  OM001444    89.07%    passed     49.08%
 801  OM001453    89.07%    passed     49.08%
 802  OM001459    89.07%    passed     60.50%
 803  OK254880    89.07%    passed     60.50%
 804  JN798557    89.07%    passed     53.38%
 805  FJ445179    89.07%    passed     66.83%
 806  DQ473512    89.07%    passed     62.21%
 807  OL961540    89.07%    passed     21.95%
 808  OK017969    89.07%    passed     21.95%
 809  OM001390    89.07%    passed     21.95%
 810  OK254862    89.07%    passed     20.83%
 811  OK161386    89.07%    passed     20.83%
 812  OL133741    89.07%    passed     17.51%
 813  MZ268733    89.07%    passed     18.46%
 814  MZ153248    89.07%    passed     18.46%
 815  MZ835608    89.07%    passed     22.92%
 816  MZ629143    89.07%    passed     31.35%
 817  MZ835612    89.07%    passed     31.35%
 818  OK181454    89.07%    passed     24.53%
 819  OM001351    89.07%    passed     21.95%
 820  OL133733    89.07%    passed     23.09%
 821  OL133734    89.07%    passed     19.96%
 822  LC530048    89.07%    passed     26.77%
 823  KY369896    89.07%    passed     24.76%
 824  KY967355    89.07%    passed     54.14%
 825  JN798589    89.07%    passed     23.35%
 826  JN798561    89.07%    passed     25.06%
 827  JN621241    89.07%    passed     29.22%
 828  MN749155    89.07%    passed     18.80%
 829  FJ445134    89.07%    passed      6.43%
 830  DQ473496    89.07%    passed     44.09%
 831  X02316      89.07%    passed     56.14%
 832  OM001375    89.11%    passed     23.51%
 833  MZ835588    89.11%    passed     27.40%
 834  MZ835601    89.11%    passed     27.38%
 835  OM001377    89.11%    passed     27.19%
 836  OK017924    89.11%    passed     27.19%
 837  MN749152    89.11%    passed     27.24%
 838  MN749149    89.11%    passed     23.87%
 839  MN749151    89.11%    passed     23.87%
 840  MN228695    89.11%    passed     16.89%
 841  MN749154    89.11%    passed      8.88%
 842  LC720411    89.03%    passed     74.29%
 843  LC720412    89.03%    passed     74.29%
 844  OL638424    89.03%    passed     61.29%
 845  OM001382    89.03%    passed     61.29%
 846  OK539468    89.03%    passed     61.08%
 847  OK539504    89.03%    passed     61.08%
 848  MZ835564    89.03%    passed     61.08%
 849  OK181467    89.03%    passed     61.04%
 850  MZ629179    89.03%    passed     61.04%
 851  MZ835560    89.03%    passed     56.04%
 852  MZ835572    89.03%    passed     65.95%
 853  JN990705    89.03%    passed     66.31%
 854  JN798586    89.03%    passed     65.83%
 855  MH828516    89.03%    passed     37.62%
 856  JN798576    89.03%    passed     37.62%
 857  FJ445156    89.03%    passed     59.12%
 858  LC699423    89.03%    passed     89.18%
 859  OM001467    89.00%    passed     28.88%
 860  OK254831    89.00%    passed     28.88%
 861  OK181462    89.00%    passed     23.66%
 862  MZ629120    89.00%    passed     23.66%
 863  MZ629147    89.00%    passed     23.66%
 864  MW679008    89.00%    passed     21.78%
 865  MK989738    89.00%    passed     35.87%
 866  DQ473506    89.00%    passed      8.81%
 867  ON729336    89.06%    passed     16.26%
 868  MN306049    89.06%    passed     16.26%
 869  OK017946    89.06%    passed      7.25%
 870  JN798587    89.06%    passed     15.67%
 871  MN369045    89.06%    passed     14.65%
 872  DQ473507    89.06%    passed      9.56%
 873  OL638403    89.06%    passed     17.88%
 874  OM001449    89.06%    passed     17.88%
 875  MZ835599    89.06%    passed     16.43%
 876  MZ670592    89.06%    passed     16.43%
 877  MZ629129    89.06%    passed     16.43%
 878  OK539476    89.06%    passed     14.96%
 879  OL133753    89.06%    passed     16.58%
 880  JN798577    89.06%    passed     26.20%
 881  JN798580    89.06%    passed     26.20%
 882  MK501733    89.06%    passed     46.71%
 883  JQ747751    89.06%    passed     47.11%
 884  DQ473508    89.06%    passed     19.57%
 885  ON311255    89.06%    passed     32.25%
 886  ON311256    89.06%    passed     32.25%
 887  OL638459    89.06%    passed     25.39%
 888  OK539477    89.06%    passed     25.39%
 889  OK161366    89.06%    passed     24.85%
 890  MZ363466    89.06%    passed     28.84%
 891  MZ629131    89.06%    passed     25.39%
 892  MZ629142    89.06%    passed     29.84%
 893  MZ460693    89.06%    passed     29.84%
 894  OL961534    89.06%    passed     28.84%
 895  OM001442    89.06%    passed     19.01%
 896  OK181488    89.06%    passed     19.01%
 897  KY369888    89.06%    passed     29.50%
 898  OK539465    89.06%    passed     29.95%
 899  OK017930    89.06%    passed     39.52%
 900  MZ322925    89.06%    passed     42.11%
 901  JN798571    89.06%    passed     53.01%
 902  JN614993    89.06%    passed     53.01%
 903  JQ994494    89.06%    passed     53.89%
 904  JN541270    89.06%    passed     60.52%
 905  FJ445120    89.06%    passed     10.15%
 906  MN369042    89.06%    passed     29.65%
 907  KY369887    89.06%    passed     29.65%
 908  JN798578    89.06%    passed     27.89%
 909  FJ445150    89.06%    passed     13.92%
 910  ON729328    89.13%    passed     35.08%
 911  MH517019    89.13%    passed     20.02%
 912  JQ994499    89.13%    passed     15.36%
 913  JF965515    89.09%    passed     19.04%
 914  JQ747749    89.13%    passed     33.03%
 915  JX025555    89.13%    passed      7.85%
 916  JQ245971    89.25%    passed     20.16%
 917  FJ445152    89.13%    failed      4.04%
 918  MN749148    89.09%    failed      2.08%
 919  JN562725    89.09%    passed     10.14%
 920  FJ445136    89.13%    passed      8.23%
 921  MK989734    89.13%    passed     17.63%
 922  JF781504    89.13%    passed     13.58%
 923  FJ445147    89.13%    passed     20.24%
 924  ON729339    89.13%    passed      8.73%
 925  KY369889    89.13%    passed      8.90%
 926  KY369892    89.13%    passed      8.90%
 927  KY369897    89.13%    passed      8.90%
 928  OK017936    89.13%    passed     17.41%
 929  MZ629112    89.13%    passed     15.15%
 930  MW713746    89.09%    passed      8.32%
 931  MW713749    89.09%    passed      8.32%
 932  MW713747    89.09%    passed      8.32%
 933  MW713748    89.09%    passed      8.32%
 934  MW713750    89.09%    passed      8.60%
 935  MW713751    89.09%    passed     10.27%
 936  MW713752    89.09%    passed     10.47%
 937  JQ245965    89.13%    passed     12.82%
 938  GQ415051    89.13%    passed      9.97%
 939  OL638458    89.13%    passed     20.21%
 940  OK161393    89.13%    passed     19.83%
 941  MZ629110    89.13%    passed     20.21%
 942  OM001406    89.13%    passed     13.41%
 943  OM001440    89.13%    passed     13.41%
 944  OK181471    89.13%    passed     13.41%
 945  MZ835582    89.13%    passed     13.93%
 946  MZ629182    89.13%    passed      8.42%
 947  ON311203    89.09%    failed      3.56%
 948  ON311205    89.09%    failed      3.56%
 949  ON311204    89.09%    failed      3.56%
 950  OM001398    89.09%    failed      3.45%
 951  OM001420    89.09%    failed      3.45%
 952  OM001454    89.09%    failed      3.45%
 953  OK161375    89.09%    failed      3.45%
 954  MZ835602    89.09%    failed      3.45%
 955  OK161380    89.09%    failed      3.45%
 956  MZ835590    89.09%    failed      3.45%
 957  OK181458    89.09%    failed      3.45%
 958  OL961539    89.09%    failed      3.45%
 959  OM001372    89.09%    failed      3.45%
 960  MZ629156    89.09%    failed      3.45%
 961  MZ629174    89.09%    failed      3.45%
 962  MZ363468    89.09%    failed      3.45%
 963  MZ629136    89.09%    failed      3.45%
 964  MZ268690    89.09%    failed      3.45%
 965  MZ629140    89.09%    failed      3.45%
 966  MZ629166    89.09%    failed      3.45%
 967  OK017912    89.09%    failed      3.45%
 968  MZ221151    89.09%    failed      3.45%
 969  MW969532    89.09%    failed      3.45%
 970  MZ835585    89.09%    failed      3.32%
 971  OK254852    89.09%    failed      3.56%
 972  OK017963    89.09%    failed      3.56%
 973  OM001431    89.09%    failed      2.71%
 974  OK181503    89.09%    failed      2.71%
 975  OK539510    89.09%    failed      2.71%
 976  MZ363455    89.09%    failed      2.71%
 977  OK017943    89.09%    failed      2.79%
 978  MZ835575    89.09%    failed      3.56%
 979  MZ363425    89.09%    failed      3.56%
 980  OK539514    89.09%    failed      3.45%
 981  OL133736    89.09%    failed      3.56%
 982  OK181495    89.09%    failed      3.56%
 983  MZ670580    89.09%    failed      3.56%
 984  MZ670585    89.09%    failed      3.56%
 985  MZ835569    89.09%    failed      3.56%
 986  OK017932    89.09%    failed      3.56%
 987  MZ460676    89.09%    failed      3.56%
 988  MZ629176    89.09%    failed      3.56%
 989  MZ460689    89.09%    failed      3.56%
 990  MZ629167    89.09%    failed      3.56%
 991  OK017960    89.09%    failed      3.56%
 992  MZ670595    89.09%    failed      3.56%
 993  OK649385    89.09%    failed      3.56%
 994  MZ835586    89.09%    failed      4.49%
 995  MZ629151    89.09%    failed      3.45%
 996  OL638437    89.09%    failed      3.45%
 997  OK161385    89.09%    failed      3.45%
 998  OK254878    89.09%    failed      3.16%
 999  MZ835568    89.09%    failed      4.58%
1000  MZ629121    89.09%    failed      2.91%
1001  OK649389    89.09%    failed      4.06%
1002  MZ629133    89.09%    failed      4.06%
1003  MW969531    89.09%    failed      4.06%
1004  MZ835591    89.09%    failed      4.06%
1005  MZ153263    89.09%    failed      3.26%
1006  MZ153264    89.09%    failed      3.26%
1007  MZ153272    89.09%    failed      3.54%
1008  MZ363426    89.09%    failed      3.03%
1009  MZ221152    89.09%    failed      3.03%
1010  OM001460    89.09%    failed      4.47%
1011  OK254876    89.09%    failed      4.47%
1012  MZ629163    89.09%    failed      4.06%
1013  OK539496    89.09%    failed      4.47%
1014  MZ268658    89.09%    failed      2.69%
1015  MZ268713    89.09%    failed      3.23%
1016  MZ268725    89.09%    failed      3.23%
1017  MZ322920    89.09%    failed      3.23%
1018  OL638465    89.09%    failed      3.56%
1019  OM001353    89.09%    failed      3.56%
1020  MZ835587    89.09%    failed      3.56%
1021  OK539466    89.09%    failed      3.56%
1022  OK539511    89.09%    failed      3.56%
1023  OL133757    89.09%    failed      3.56%
1024  OK017911    89.09%    failed      3.56%
1025  OK017928    89.09%    failed      3.56%
1026  MZ629125    89.09%    failed      3.56%
1027  MZ363415    89.09%    failed      3.56%
1028  MZ363433    89.09%    failed      3.56%
1029  MZ460706    89.09%    failed      3.56%
1030  MZ460708    89.09%    failed      3.56%
1031  MZ268719    89.09%    failed      3.56%
1032  OK017958    89.09%    failed      3.56%
1033  OK254866    89.09%    failed      3.56%
1034  MZ629126    89.09%    failed      3.56%
1035  OL133738    89.09%    failed      3.69%
1036  OK254832    89.09%    failed      3.69%
1037  MZ268660    89.09%    failed      3.69%
1038  MZ629119    89.09%    failed      4.47%
1039  MZ363438    89.09%    failed      4.63%
1040  MZ540946    89.09%    failed      4.36%
1041  OK254847    89.09%    failed      3.56%
1042  OK161397    89.09%    failed      3.56%
1043  OK254849    89.09%    failed      3.69%
1044  OM001450    89.09%    failed      4.47%
1045  MZ629105    89.09%    failed      4.47%
1046  OK161410    89.09%    failed      4.28%
1047  OK539474    89.09%    failed      4.41%
1048  MZ268649    89.09%    failed      3.26%
1049  OL638412    89.09%    failed      4.09%
1050  OK161373    89.09%    failed      4.09%
1051  MZ322923    89.09%    failed      4.09%
1052  KY189315    89.09%    failed      4.49%
1053  KY369891    89.09%    failed      4.49%
1054  MW713753    89.09%    passed      5.99%
1055  MW713754    89.09%    passed      7.09%
1056  MW713755    89.09%    passed      7.15%
1057  MK989735    89.09%    passed      7.15%
1058  OM001363    89.09%    failed      4.06%
1059  MZ835593    89.09%    failed      4.81%
1060  OM001413    89.09%    failed      3.95%
1061  OK254881    89.09%    failed      3.95%
1062  MZ835604    89.09%    failed      3.95%
1063  OK539472    89.09%    failed      3.81%
1064  OK539473    89.09%    failed      3.95%
1065  MZ153288    89.09%    failed      3.81%
1066  OK161381    89.09%    failed      3.81%
1067  MZ460713    89.09%    failed      2.98%
1068  OM001415    89.09%    failed      3.10%
1069  OK254825    89.09%    failed      3.10%
1070  MZ268664    89.09%    failed      3.67%
1071  MZ268668    89.09%    failed      3.67%
1072  GQ415052    89.13%    failed      3.20%
1073  KY460514    89.09%    passed      8.33%
1074  LC699414    89.00%    passed     11.68%
1075  MZ667417    89.00%    passed      7.19%
1076  OL638448    89.00%    passed      6.05%
1077  OK181500    89.00%    passed      6.05%
1078  OK181475    89.00%    passed      6.05%
1079  MZ835571    89.00%    passed      6.05%
1080  OM001439    89.00%    failed      4.22%
1081  MZ670584    89.00%    failed      4.51%
1082  OL961532    89.00%    failed      4.77%
1083  OM001373    89.00%    passed      6.74%
1084  OK539467    89.00%    passed      7.19%
1085  OM001452    89.00%    passed      7.59%
1086  OM001434    89.00%    passed      7.19%
1087  OK254871    89.00%    passed      7.19%
1088  MZ835565    89.00%    passed      8.38%
1089  OK181480    89.00%    passed      7.59%
1090  OL961533    89.00%    passed      7.42%
1091  OK649409    89.00%    passed      7.42%
1092  OK017919    89.00%    passed      7.42%
1093  OL961549    89.00%    passed      7.94%
1094  OL961550    89.00%    passed      7.94%
1095  MZ460684    89.00%    passed      7.94%
1096  OM001386    89.00%    passed      7.94%
1097  OK017914    89.00%    passed      7.94%
1098  OK017967    89.00%    passed      7.94%
1099  OK161402    89.00%    passed      7.94%
1100  MZ540955    89.00%    passed      7.94%
1101  OM001411    89.00%    passed      7.94%
1102  OK254872    89.00%    passed      7.94%
1103  MZ322926    89.00%    passed      7.94%
1104  OK539462    89.00%    passed      7.42%
1105  OK017952    89.00%    passed      9.83%
1106  OK161374    89.00%    passed      9.83%
1107  OK161368    89.00%    passed      9.83%
1108  OK161396    89.00%    passed      9.83%
1109  OK649418    89.00%    passed      6.36%
1110  OK254855    89.00%    passed      6.36%
1111  OL133724    89.00%    passed      6.53%
1112  MZ268680    89.00%    passed      6.53%
1113  OM001362    89.00%    failed      2.05%
1114  OK649380    89.00%    failed      2.05%
1115  FJ445183    89.00%    passed     11.60%
1116  EF173418    89.00%    passed     11.60%
1117  OM001397    89.06%    passed     25.78%
1118  MT364381    89.06%    passed     20.20%
1119  MN369040    89.06%    passed     32.37%
1120  MK989737    89.06%    passed     24.40%
1121  JF781511    89.06%    passed     20.55%
1122  KX398052    89.06%    passed     15.49%
1123  HQ123441    89.06%    passed     19.79%
1124  EF173415    89.06%    passed     22.89%
1125  ON311264    89.00%    failed      2.09%
1126  FJ445176    89.00%    passed     13.10%
1127  DQ473503    89.00%    passed     12.88%
1128  LC699419    89.00%    passed     10.72%
1129  DQ473504    89.00%    passed     16.67%
1130  LC699420    89.00%    passed      7.94%
1131  OM001348    89.00%    passed      6.04%
1132  OL638449    89.00%    failed      2.05%
1133  OL961521    89.00%    failed      3.69%
1134  OK017916    89.00%    failed      3.69%
1135  OK017922    89.00%    failed      3.69%
1136  OK017950    89.00%    failed      3.74%
1137  MZ670593    89.00%    failed      3.74%
1138  MZ667420    89.00%    passed     14.56%
1139  JX025558    89.00%    passed     17.88%
1140  FJ445142    89.00%    passed     37.58%
1141  KF958307    88.94%    passed      8.91%
1142  JF781497    88.94%    passed      8.91%
1143  JN815241    90.68%    passed     26.98%
1144  JN815246    90.37%    passed     11.05%
1145  JN837697    89.30%    passed      9.85%
1146  JN798584    89.80%    passed      7.55%
1147  JN614994    88.94%    passed     12.34%
1148  JN621243    88.94%    passed      6.75%
1149  JN798583    88.94%    passed     15.04%
1150  DQ473505    88.94%    passed     21.25%
1151  JQ837716    88.94%    passed     14.99%
1152  JQ837719    88.94%    passed     14.99%
1153  FJ445166    88.94%    passed     17.20%
1154  FJ445165    88.94%    passed     16.73%
1155  FJ445184    88.94%    passed      9.97%
1156  NC_001617   88.94%    passed     12.97%
1157  M16248      88.94%    passed     12.97%
1158  OL989374    89.21%    passed     15.69%
1159  ON311217    89.21%    failed      4.67%
1160  MN749144    89.21%    passed     22.68%
1161  MK989739    89.21%    passed     10.54%
1162  FJ445132    89.21%    passed     25.60%
1163  ON989189    89.14%    passed      8.99%
1164  ON989194    89.53%    passed      6.92%
1165  GU568096    89.25%    passed     23.69%
WARNING: 1165 sequences contain more than 50% gaps/ambiguity
****  TOTAL       89.04%  456 sequences failed composition chi2 test (p-value<5%; df=3)
NOTE: MF973193 is identical to FJ445111 but kept for subsequent analysis
NOTE: MN749157 is identical to MN749156 but kept for subsequent analysis
NOTE: OK161412 is identical to OL133743 but kept for subsequent analysis
NOTE: OK161379 is identical to OL365069 but kept for subsequent analysis
NOTE: OK181498 is identical to OK649374 but kept for subsequent analysis
NOTE: OL638432 is identical to OL638411 but kept for subsequent analysis
NOTE: OK181461 is identical to OK649414 but kept for subsequent analysis
NOTE: OL133728 is identical to OM001378 but kept for subsequent analysis
NOTE: OK181470 is identical to OM001436 but kept for subsequent analysis
NOTE: OK181473 is identical to OM001426 but kept for subsequent analysis
NOTE: OK539500 is identical to OM001347 but kept for subsequent analysis
NOTE: OK181481 is identical to OL133759 but kept for subsequent analysis
NOTE: OK254857 is identical to OM001430 but kept for subsequent analysis
NOTE: MZ629118 is identical to OL133729 but kept for subsequent analysis
NOTE: OM001427 is identical to OM001383 but kept for subsequent analysis
NOTE: OK539490 is identical to MZ670578 but kept for subsequent analysis
NOTE: OK539480 is identical to OL638407 but kept for subsequent analysis
NOTE: OM001379 is identical to OK649366 but kept for subsequent analysis
NOTE: OL961527 is identical to OK539492 but kept for subsequent analysis
NOTE: OM001391 is identical to OM001364 but kept for subsequent analysis
NOTE: OK254877 is identical to OK254838 but kept for subsequent analysis
NOTE: OK649421 is identical to OK649375 but kept for subsequent analysis
NOTE: OK539470 is identical to OM001371 but kept for subsequent analysis
NOTE: OK254865 is identical to OM001345 but kept for subsequent analysis
NOTE: OK254879 is identical to OM001457 but kept for subsequent analysis
NOTE: OL638457 is identical to OL638450 but kept for subsequent analysis
NOTE: OK161390 is identical to OK649390 but kept for subsequent analysis
NOTE: OL961536 is identical to OL638405 but kept for subsequent analysis
NOTE: MZ268672 is identical to MZ460674 but kept for subsequent analysis
NOTE: OM001461 is identical to OK181477 but kept for subsequent analysis
NOTE: OK649383 is identical to OK254826 but kept for subsequent analysis
NOTE: OM001441 is identical to OK254842 but kept for subsequent analysis
NOTE: OK161389 is identical to OK161383 but kept for subsequent analysis
NOTE: OM001361 is identical to OL961543 but kept for subsequent analysis
NOTE: OK161407 is identical to OK649420 but kept for subsequent analysis
NOTE: MZ835607 is identical to OK254837 but kept for subsequent analysis
NOTE: OL961546 is identical to OK254867 but kept for subsequent analysis
NOTE: OL638416 is identical to OL638404 but kept for subsequent analysis
NOTE: OK181489 is identical to OL133732 but kept for subsequent analysis
NOTE: MZ835578 is identical to OM001389 but kept for subsequent analysis
NOTE: KC881034 is identical to KC881033 but kept for subsequent analysis
NOTE: FJ445159 is identical to FJ445158 but kept for subsequent analysis
NOTE: JN614992 is identical to JN815253 but kept for subsequent analysis
NOTE: OK254870 is identical to OM001464 but kept for subsequent analysis
NOTE: MZ835610 is identical to OL133740 but kept for subsequent analysis
NOTE: JX074055 is identical to JX074049 but kept for subsequent analysis
NOTE: DQ473502 is identical to FJ445182 but kept for subsequent analysis
NOTE: JN815250 is identical to JN990707 but kept for subsequent analysis
NOTE: MZ460670 is identical to OL638419 but kept for subsequent analysis
NOTE: OM001401 is identical to OM001352 but kept for subsequent analysis
NOTE: OK254834 is identical to OM001350 but kept for subsequent analysis
NOTE: OK649393 is identical to OK254868 but kept for subsequent analysis
NOTE: OK649396 is identical to OK649362 but kept for subsequent analysis
NOTE: JF285327 is identical to JF285326 but kept for subsequent analysis
NOTE: EF173416 is identical to FJ445190 but kept for subsequent analysis
NOTE: KR871674 is identical to KR871675 but kept for subsequent analysis
NOTE: ON311266 is identical to ON311265 but kept for subsequent analysis
NOTE: JF781512 is identical to JF781510 but kept for subsequent analysis
NOTE: DQ473501 is identical to FJ445189 but kept for subsequent analysis
NOTE: OK181468 is identical to OL133750 but kept for subsequent analysis
NOTE: DQ473495 is identical to FJ445180 but kept for subsequent analysis
NOTE: OK539494 is identical to OL638431 but kept for subsequent analysis
NOTE: JF285314 is identical to JF285315 but kept for subsequent analysis
NOTE: JF285313 is identical to JF285312 but kept for subsequent analysis
NOTE: JF285320 is identical to JF285319 but kept for subsequent analysis
NOTE: MW713765 is identical to MW713764 but kept for subsequent analysis
NOTE: MW713776 is identical to MW713775 but kept for subsequent analysis
NOTE: MW713770 is identical to MW713771 but kept for subsequent analysis
NOTE: MW713786 is identical to MW713785 but kept for subsequent analysis
NOTE: MW713791 is identical to MW713772 but kept for subsequent analysis
NOTE: MW713774 is identical to MW713773 but kept for subsequent analysis
NOTE: ON729331 is identical to ON729330 but kept for subsequent analysis
NOTE: OK181465 is identical to OK649392 but kept for subsequent analysis
NOTE: JF285323 is identical to JF285322 but kept for subsequent analysis
NOTE: EF173417 is identical to FJ445181 but kept for subsequent analysis
NOTE: MZ670588 is identical to OM001446 but kept for subsequent analysis
NOTE: ON311209 is identical to ON311208 but kept for subsequent analysis
NOTE: ON311211 is identical to ON311210 but kept for subsequent analysis
NOTE: JN798556 is identical to JQ837722 but kept for subsequent analysis
NOTE: ON311258 is identical to ON311257 but kept for subsequent analysis
NOTE: OM001355 is identical to OL961529 but kept for subsequent analysis
NOTE: JQ245967 is identical to JX074051 but kept for subsequent analysis
NOTE: FJ445140 is identical to EU840727 but kept for subsequent analysis
NOTE: MZ540950 is identical to OL961530 but kept for subsequent analysis
NOTE: OM001403 is identical to ON311218 but kept for subsequent analysis
NOTE: OK181466 is identical to OK539503 but kept for subsequent analysis
NOTE: MZ835619 is identical to OL638427 but kept for subsequent analysis
NOTE: OK181497 is identical to OL638446 but kept for subsequent analysis
NOTE: OK161355 is identical to OL638444 but kept for subsequent analysis
NOTE: MZ629134 is identical to OK017921 but kept for subsequent analysis
NOTE: MZ268735 is identical to MZ268645 but kept for subsequent analysis
NOTE: OL638442 is identical to OL638434 but kept for subsequent analysis
NOTE: MF554739 is identical to MZ667419 but kept for subsequent analysis
NOTE: OL638460 is identical to OL638408 but kept for subsequent analysis
NOTE: OK649364 is identical to OK649361 but kept for subsequent analysis
NOTE: ON311221 is identical to ON311220 but kept for subsequent analysis
NOTE: OK649387 is identical to OM001358 but kept for subsequent analysis
NOTE: MZ460679 is identical to MZ629180 but kept for subsequent analysis
NOTE: MZ268651 is identical to MZ460716 but kept for subsequent analysis
NOTE: OK254861 is identical to OM001445 but kept for subsequent analysis
NOTE: MZ153274 is identical to MZ322917 but kept for subsequent analysis
NOTE: MZ629113 is identical to OK017954 but kept for subsequent analysis
NOTE: MZ153289 is identical to MZ322927 but kept for subsequent analysis
NOTE: MZ268663 is identical to OK161406 but kept for subsequent analysis
NOTE: ON311207 is identical to ON311206 but kept for subsequent analysis
NOTE: DQ473498 is identical to FJ445178 but kept for subsequent analysis
NOTE: ON311228 is identical to ON311223 but kept for subsequent analysis
NOTE: ON311232 is identical to ON311230 but kept for subsequent analysis
NOTE: OK254874 is identical to OK254860 but kept for subsequent analysis
NOTE: OK649377 is identical to OL638422 but kept for subsequent analysis
NOTE: MZ835617 is identical to MZ835562 but kept for subsequent analysis
NOTE: OK254839 is identical to OM001418 but kept for subsequent analysis
NOTE: OL133726 is identical to OL638454 but kept for subsequent analysis
NOTE: OK649402 is identical to OK254828 but kept for subsequent analysis
NOTE: OK161360 is identical to OK161359 but kept for subsequent analysis
NOTE: OM001453 is identical to OM001444 but kept for subsequent analysis
NOTE: OK254880 is identical to OM001459 but kept for subsequent analysis
NOTE: OK017969 is identical to OL961540 but kept for subsequent analysis
NOTE: OK161386 is identical to OK254862 but kept for subsequent analysis
NOTE: MZ153248 is identical to MZ268733 but kept for subsequent analysis
NOTE: MZ835612 is identical to MZ629143 but kept for subsequent analysis
NOTE: OK017924 is identical to OM001377 but kept for subsequent analysis
NOTE: MN749151 is identical to MN749149 but kept for subsequent analysis
NOTE: LC720412 is identical to LC720411 but kept for subsequent analysis
NOTE: OM001382 is identical to OL638424 but kept for subsequent analysis
NOTE: OK539504 is identical to OK539468 but kept for subsequent analysis
NOTE: MZ629179 is identical to OK181467 but kept for subsequent analysis
NOTE: JN798576 is identical to MH828516 but kept for subsequent analysis
NOTE: OK254831 is identical to OM001467 but kept for subsequent analysis
NOTE: MZ629147 is identical to MZ629120 but kept for subsequent analysis
NOTE: MN306049 is identical to ON729336 but kept for subsequent analysis
NOTE: OM001449 is identical to OL638403 but kept for subsequent analysis
NOTE: MZ670592 is identical to MZ835599 but kept for subsequent analysis
NOTE: JN798580 is identical to JN798577 but kept for subsequent analysis
NOTE: ON311256 is identical to ON311255 but kept for subsequent analysis
NOTE: OK539477 is identical to OL638459 but kept for subsequent analysis
NOTE: OK181488 is identical to OM001442 but kept for subsequent analysis
NOTE: JN614993 is identical to JN798571 but kept for subsequent analysis
NOTE: KY369892 is identical to KY369889 but kept for subsequent analysis
NOTE: MW713749 is identical to MW713746 but kept for subsequent analysis
NOTE: OM001440 is identical to OM001406 but kept for subsequent analysis
NOTE: ON311205 is identical to ON311203 but kept for subsequent analysis
NOTE: OM001420 is identical to OM001398 but kept for subsequent analysis
NOTE: OK181503 is identical to OM001431 but kept for subsequent analysis
NOTE: MZ363425 is identical to MZ835575 but kept for subsequent analysis
NOTE: OK181495 is identical to OL133736 but kept for subsequent analysis
NOTE: OK161385 is identical to OL638437 but kept for subsequent analysis
NOTE: MZ629133 is identical to OK649389 but kept for subsequent analysis
NOTE: MZ153264 is identical to MZ153263 but kept for subsequent analysis
NOTE: MZ221152 is identical to MZ363426 but kept for subsequent analysis
NOTE: OK254876 is identical to OM001460 but kept for subsequent analysis
NOTE: MZ268725 is identical to MZ268713 but kept for subsequent analysis
NOTE: OM001353 is identical to OL638465 but kept for subsequent analysis
NOTE: OK254832 is identical to OL133738 but kept for subsequent analysis
NOTE: OK161397 is identical to OK254847 but kept for subsequent analysis
NOTE: MZ629105 is identical to OM001450 but kept for subsequent analysis
NOTE: OK161373 is identical to OL638412 but kept for subsequent analysis
NOTE: KY369891 is identical to KY189315 but kept for subsequent analysis
NOTE: OK254881 is identical to OM001413 but kept for subsequent analysis
NOTE: OK254825 is identical to OM001415 but kept for subsequent analysis
NOTE: OK181500 is identical to OL638448 but kept for subsequent analysis
NOTE: OK254871 is identical to OM001434 but kept for subsequent analysis
NOTE: OK649409 is identical to OL961533 but kept for subsequent analysis
NOTE: OL961550 is identical to OL961549 but kept for subsequent analysis
NOTE: OK161368 is identical to OK161374 but kept for subsequent analysis
NOTE: OK254855 is identical to OK649418 but kept for subsequent analysis
NOTE: MZ268680 is identical to OL133724 but kept for subsequent analysis
NOTE: OK649380 is identical to OM001362 but kept for subsequent analysis
NOTE: EF173418 is identical to FJ445183 but kept for subsequent analysis
NOTE: OK017916 is identical to OL961521 but kept for subsequent analysis
NOTE: MZ670593 is identical to OK017950 but kept for subsequent analysis
NOTE: JF781497 is identical to KF958307 but kept for subsequent analysis
NOTE: M16248 is identical to NC_001617 but kept for subsequent analysis
Checking for duplicate sequences: done in 0.00590396 secs using 85.18% CPU
Identifying sites to remove: done in 0.0293069 secs using 98.08% CPU
NOTE: 263 identical sequences (see below) will be ignored for subsequent analysis
NOTE: KC894167 (identical to FJ445111) is ignored but added at the end
NOTE: KC894168 (identical to FJ445111) is ignored but added at the end
NOTE: KC894166 (identical to FJ445111) is ignored but added at the end
NOTE: KC894169 (identical to FJ445111) is ignored but added at the end
NOTE: OL365071 (identical to OL365069) is ignored but added at the end
NOTE: OL638443 (identical to OL365069) is ignored but added at the end
NOTE: OL961523 (identical to OL365069) is ignored but added at the end
NOTE: OL961548 (identical to OL365069) is ignored but added at the end
NOTE: OM001396 (identical to OL365069) is ignored but added at the end
NOTE: OK649368 (identical to OL365069) is ignored but added at the end
NOTE: OL133754 (identical to OL365069) is ignored but added at the end
NOTE: OK539493 (identical to OL365069) is ignored but added at the end
NOTE: OM001384 (identical to OL365069) is ignored but added at the end
NOTE: OL133765 (identical to OL365069) is ignored but added at the end
NOTE: OK161399 (identical to OL365069) is ignored but added at the end
NOTE: OK181456 (identical to OL365069) is ignored but added at the end
NOTE: OK181485 (identical to OL365069) is ignored but added at the end
NOTE: MZ835605 (identical to OL365069) is ignored but added at the end
NOTE: OK649401 (identical to OL365069) is ignored but added at the end
NOTE: OK181463 (identical to OL365069) is ignored but added at the end
NOTE: MZ835563 (identical to OL365069) is ignored but added at the end
NOTE: MZ460702 (identical to OL365069) is ignored but added at the end
NOTE: MZ835580 (identical to OL365069) is ignored but added at the end
NOTE: OL638452 (identical to OL365069) is ignored but added at the end
NOTE: OK649405 (identical to OL365069) is ignored but added at the end
NOTE: OL133747 (identical to OL365069) is ignored but added at the end
NOTE: OL133751 (identical to OL365069) is ignored but added at the end
NOTE: OK539460 (identical to OL365069) is ignored but added at the end
NOTE: OM001458 (identical to OL365069) is ignored but added at the end
NOTE: OK254845 (identical to OL365069) is ignored but added at the end
NOTE: OL133764 (identical to OL365069) is ignored but added at the end
NOTE: OK181502 (identical to OL365069) is ignored but added at the end
NOTE: OK649371 (identical to OL365069) is ignored but added at the end
NOTE: OK161353 (identical to OL365069) is ignored but added at the end
NOTE: MZ835589 (identical to OL365069) is ignored but added at the end
NOTE: MZ835606 (identical to OL365069) is ignored but added at the end
NOTE: OK254830 (identical to OL365069) is ignored but added at the end
NOTE: OK017933 (identical to OL365069) is ignored but added at the end
NOTE: MZ268740 (identical to OL365069) is ignored but added at the end
NOTE: OK161361 (identical to OL365069) is ignored but added at the end
NOTE: OK649424 (identical to OL365069) is ignored but added at the end
NOTE: OL133731 (identical to OL365069) is ignored but added at the end
NOTE: OK161363 (identical to OL365069) is ignored but added at the end
NOTE: MZ268732 (identical to OL365069) is ignored but added at the end
NOTE: OK161387 (identical to OL365069) is ignored but added at the end
NOTE: OK649373 (identical to OK649374) is ignored but added at the end
NOTE: OL638439 (identical to OL638411) is ignored but added at the end
NOTE: OL133762 (identical to OM001378) is ignored but added at the end
NOTE: OK539508 (identical to OM001378) is ignored but added at the end
NOTE: MZ670587 (identical to OM001426) is ignored but added at the end
NOTE: OK649411 (identical to OM001426) is ignored but added at the end
NOTE: OK649419 (identical to OM001426) is ignored but added at the end
NOTE: OM001424 (identical to OM001347) is ignored but added at the end
NOTE: OL133763 (identical to OM001383) is ignored but added at the end
NOTE: OL133746 (identical to MZ670578) is ignored but added at the end
NOTE: MZ629117 (identical to OK649366) is ignored but added at the end
NOTE: OK254833 (identical to OK649366) is ignored but added at the end
NOTE: OM001369 (identical to OK539492) is ignored but added at the end
NOTE: OK161362 (identical to OK539492) is ignored but added at the end
NOTE: OK161411 (identical to OK539492) is ignored but added at the end
NOTE: MZ835611 (identical to OK539492) is ignored but added at the end
NOTE: OK161357 (identical to OK539492) is ignored but added at the end
NOTE: OK161376 (identical to OK539492) is ignored but added at the end
NOTE: OK254843 (identical to OK539492) is ignored but added at the end
NOTE: OK254864 (identical to OK539492) is ignored but added at the end
NOTE: OK254844 (identical to OK254838) is ignored but added at the end
NOTE: OK017941 (identical to OK649375) is ignored but added at the end
NOTE: MZ460672 (identical to OK649375) is ignored but added at the end
NOTE: OK649370 (identical to OL638450) is ignored but added at the end
NOTE: OK649406 (identical to OL638450) is ignored but added at the end
NOTE: OK161395 (identical to OL638450) is ignored but added at the end
NOTE: OK161401 (identical to OL638450) is ignored but added at the end
NOTE: OK539485 (identical to OL638450) is ignored but added at the end
NOTE: OK649417 (identical to OL638450) is ignored but added at the end
NOTE: OK161405 (identical to OL638450) is ignored but added at the end
NOTE: MZ629124 (identical to OL638450) is ignored but added at the end
NOTE: OK161356 (identical to OL638450) is ignored but added at the end
NOTE: OK181469 (identical to OK649390) is ignored but added at the end
NOTE: OK181474 (identical to OK649390) is ignored but added at the end
NOTE: OK539507 (identical to OL638405) is ignored but added at the end
NOTE: OM001399 (identical to OL638405) is ignored but added at the end
NOTE: OK649408 (identical to OL638405) is ignored but added at the end
NOTE: OK181452 (identical to OL638405) is ignored but added at the end
NOTE: OK017929 (identical to OL638405) is ignored but added at the end
NOTE: MZ363421 (identical to OL638405) is ignored but added at the end
NOTE: MZ268665 (identical to OL638405) is ignored but added at the end
NOTE: MZ153265 (identical to OL638405) is ignored but added at the end
NOTE: OK181460 (identical to OL638405) is ignored but added at the end
NOTE: MZ835592 (identical to OL638405) is ignored but added at the end
NOTE: OK181478 (identical to OL638405) is ignored but added at the end
NOTE: MZ629138 (identical to OL638405) is ignored but added at the end
NOTE: MZ427506 (identical to OL638405) is ignored but added at the end
NOTE: OK181490 (identical to OL638405) is ignored but added at the end
NOTE: OK161369 (identical to OL638405) is ignored but added at the end
NOTE: MZ629152 (identical to OL638405) is ignored but added at the end
NOTE: OL638430 (identical to OL638405) is ignored but added at the end
NOTE: OM001432 (identical to OL638405) is ignored but added at the end
NOTE: OK539489 (identical to OL638405) is ignored but added at the end
NOTE: OL638414 (identical to OL638405) is ignored but added at the end
NOTE: OK181459 (identical to OL638405) is ignored but added at the end
NOTE: MZ540949 (identical to OL638405) is ignored but added at the end
NOTE: OK649360 (identical to OL638405) is ignored but added at the end
NOTE: OK161408 (identical to OL638405) is ignored but added at the end
NOTE: OK181453 (identical to OL638405) is ignored but added at the end
NOTE: MZ268703 (identical to MZ460674) is ignored but added at the end
NOTE: MZ153280 (identical to MZ460674) is ignored but added at the end
NOTE: OL638429 (identical to MZ460674) is ignored but added at the end
NOTE: OL638451 (identical to OK254826) is ignored but added at the end
NOTE: OL133725 (identical to OK254842) is ignored but added at the end
NOTE: OK254875 (identical to OK254842) is ignored but added at the end
NOTE: MZ670573 (identical to OK161383) is ignored but added at the end
NOTE: MZ670574 (identical to OK161383) is ignored but added at the end
NOTE: MZ835594 (identical to OK161383) is ignored but added at the end
NOTE: OM001416 (identical to OK161383) is ignored but added at the end
NOTE: OK017956 (identical to OL961543) is ignored but added at the end
NOTE: OK017968 (identical to OL961543) is ignored but added at the end
NOTE: OK649423 (identical to OL961543) is ignored but added at the end
NOTE: MZ835603 (identical to OK254837) is ignored but added at the end
NOTE: OL638440 (identical to OK254837) is ignored but added at the end
NOTE: OL133755 (identical to OK254837) is ignored but added at the end
NOTE: OL638466 (identical to OK254837) is ignored but added at the end
NOTE: OM001470 (identical to OK254837) is ignored but added at the end
NOTE: OK539469 (identical to OK254837) is ignored but added at the end
NOTE: OL961519 (identical to OK254837) is ignored but added at the end
NOTE: OK539483 (identical to OK254837) is ignored but added at the end
NOTE: OM001468 (identical to OK254837) is ignored but added at the end
NOTE: OK539461 (identical to OK254867) is ignored but added at the end
NOTE: JN798574 (identical to JN815253) is ignored but added at the end
NOTE: OL133758 (identical to OM001464) is ignored but added at the end
NOTE: MZ670577 (identical to OL638419) is ignored but added at the end
NOTE: MZ629148 (identical to OM001352) is ignored but added at the end
NOTE: OM001466 (identical to OM001350) is ignored but added at the end
NOTE: MZ268670 (identical to OM001350) is ignored but added at the end
NOTE: JF285328 (identical to JF285326) is ignored but added at the end
NOTE: ON311267 (identical to ON311265) is ignored but added at the end
NOTE: ON311270 (identical to ON311265) is ignored but added at the end
NOTE: ON311268 (identical to ON311265) is ignored but added at the end
NOTE: ON311272 (identical to ON311265) is ignored but added at the end
NOTE: ON311273 (identical to ON311265) is ignored but added at the end
NOTE: ON311274 (identical to ON311265) is ignored but added at the end
NOTE: ON311269 (identical to ON311265) is ignored but added at the end
NOTE: MZ268715 (identical to OL133750) is ignored but added at the end
NOTE: JF285311 (identical to JF285315) is ignored but added at the end
NOTE: MW713766 (identical to MW713764) is ignored but added at the end
NOTE: MW713768 (identical to MW713764) is ignored but added at the end
NOTE: MW713790 (identical to MW713764) is ignored but added at the end
NOTE: ON311259 (identical to ON311257) is ignored but added at the end
NOTE: OK254882 (identical to OL961529) is ignored but added at the end
NOTE: OK181482 (identical to ON311218) is ignored but added at the end
NOTE: MZ835618 (identical to OK539503) is ignored but added at the end
NOTE: MZ268673 (identical to OK539503) is ignored but added at the end
NOTE: MZ835561 (identical to OK539503) is ignored but added at the end
NOTE: MZ629137 (identical to OK017921) is ignored but added at the end
NOTE: MZ629177 (identical to OK017921) is ignored but added at the end
NOTE: MZ322919 (identical to OK017921) is ignored but added at the end
NOTE: OK161392 (identical to OL638434) is ignored but added at the end
NOTE: OL638461 (identical to OL638408) is ignored but added at the end
NOTE: OK181494 (identical to OL638408) is ignored but added at the end
NOTE: ON311222 (identical to ON311220) is ignored but added at the end
NOTE: OK539512 (identical to OM001358) is ignored but added at the end
NOTE: OK649388 (identical to OM001358) is ignored but added at the end
NOTE: MZ268669 (identical to MZ629180) is ignored but added at the end
NOTE: MZ363418 (identical to MZ460716) is ignored but added at the end
NOTE: MZ153273 (identical to MZ322917) is ignored but added at the end
NOTE: MZ153275 (identical to MZ322917) is ignored but added at the end
NOTE: ON311225 (identical to ON311223) is ignored but added at the end
NOTE: ON311231 (identical to ON311223) is ignored but added at the end
NOTE: ON311233 (identical to ON311223) is ignored but added at the end
NOTE: ON311236 (identical to ON311223) is ignored but added at the end
NOTE: ON311238 (identical to ON311223) is ignored but added at the end
NOTE: ON311226 (identical to ON311223) is ignored but added at the end
NOTE: ON311229 (identical to ON311223) is ignored but added at the end
NOTE: ON311247 (identical to ON311223) is ignored but added at the end
NOTE: ON311252 (identical to ON311223) is ignored but added at the end
NOTE: ON311253 (identical to ON311223) is ignored but added at the end
NOTE: ON311237 (identical to ON311223) is ignored but added at the end
NOTE: ON311240 (identical to ON311223) is ignored but added at the end
NOTE: ON311245 (identical to ON311223) is ignored but added at the end
NOTE: ON311250 (identical to ON311223) is ignored but added at the end
NOTE: ON311249 (identical to ON311223) is ignored but added at the end
NOTE: ON311244 (identical to ON311223) is ignored but added at the end
NOTE: ON311241 (identical to ON311223) is ignored but added at the end
NOTE: ON311242 (identical to ON311223) is ignored but added at the end
NOTE: ON311246 (identical to ON311223) is ignored but added at the end
NOTE: ON311243 (identical to ON311223) is ignored but added at the end
NOTE: ON311234 (identical to ON311230) is ignored but added at the end
NOTE: ON311235 (identical to ON311230) is ignored but added at the end
NOTE: ON311224 (identical to ON311230) is ignored but added at the end
NOTE: OK649369 (identical to OK254860) is ignored but added at the end
NOTE: OK649376 (identical to OK254860) is ignored but added at the end
NOTE: MZ629144 (identical to OL638422) is ignored but added at the end
NOTE: OK181455 (identical to OL638454) is ignored but added at the end
NOTE: OM001390 (identical to OL961540) is ignored but added at the end
NOTE: MZ835564 (identical to OK539468) is ignored but added at the end
NOTE: MZ629129 (identical to MZ835599) is ignored but added at the end
NOTE: KY369897 (identical to KY369889) is ignored but added at the end
NOTE: MW713747 (identical to MW713746) is ignored but added at the end
NOTE: MW713748 (identical to MW713746) is ignored but added at the end
NOTE: OK181471 (identical to OM001406) is ignored but added at the end
NOTE: ON311204 (identical to ON311203) is ignored but added at the end
NOTE: OM001454 (identical to OM001398) is ignored but added at the end
NOTE: OK161375 (identical to OM001398) is ignored but added at the end
NOTE: MZ835602 (identical to OM001398) is ignored but added at the end
NOTE: OK161380 (identical to OM001398) is ignored but added at the end
NOTE: MZ835590 (identical to OM001398) is ignored but added at the end
NOTE: OK181458 (identical to OM001398) is ignored but added at the end
NOTE: OL961539 (identical to OM001398) is ignored but added at the end
NOTE: OM001372 (identical to OM001398) is ignored but added at the end
NOTE: MZ629156 (identical to OM001398) is ignored but added at the end
NOTE: MZ629174 (identical to OM001398) is ignored but added at the end
NOTE: MZ363468 (identical to OM001398) is ignored but added at the end
NOTE: MZ629136 (identical to OM001398) is ignored but added at the end
NOTE: MZ268690 (identical to OM001398) is ignored but added at the end
NOTE: MZ629140 (identical to OM001398) is ignored but added at the end
NOTE: MZ629166 (identical to OM001398) is ignored but added at the end
NOTE: OK017912 (identical to OM001398) is ignored but added at the end
NOTE: MZ221151 (identical to OM001398) is ignored but added at the end
NOTE: MW969532 (identical to OM001398) is ignored but added at the end
NOTE: OK539510 (identical to OM001431) is ignored but added at the end
NOTE: MZ363455 (identical to OM001431) is ignored but added at the end
NOTE: MZ670580 (identical to OL133736) is ignored but added at the end
NOTE: MZ670585 (identical to OL133736) is ignored but added at the end
NOTE: MZ835569 (identical to OL133736) is ignored but added at the end
NOTE: OK017932 (identical to OL133736) is ignored but added at the end
NOTE: MZ460676 (identical to OL133736) is ignored but added at the end
NOTE: MZ629176 (identical to OL133736) is ignored but added at the end
NOTE: MZ460689 (identical to OL133736) is ignored but added at the end
NOTE: MZ629167 (identical to OL133736) is ignored but added at the end
NOTE: OK017960 (identical to OL133736) is ignored but added at the end
NOTE: MZ670595 (identical to OL133736) is ignored but added at the end
NOTE: OK649385 (identical to OL133736) is ignored but added at the end
NOTE: MW969531 (identical to OK649389) is ignored but added at the end
NOTE: MZ322920 (identical to MZ268713) is ignored but added at the end
NOTE: MZ835587 (identical to OL638465) is ignored but added at the end
NOTE: OK539466 (identical to OL638465) is ignored but added at the end
NOTE: OK539511 (identical to OL638465) is ignored but added at the end
NOTE: OL133757 (identical to OL638465) is ignored but added at the end
NOTE: OK017911 (identical to OL638465) is ignored but added at the end
NOTE: OK017928 (identical to OL638465) is ignored but added at the end
NOTE: MZ629125 (identical to OL638465) is ignored but added at the end
NOTE: MZ363415 (identical to OL638465) is ignored but added at the end
NOTE: MZ363433 (identical to OL638465) is ignored but added at the end
NOTE: MZ460706 (identical to OL638465) is ignored but added at the end
NOTE: MZ460708 (identical to OL638465) is ignored but added at the end
NOTE: MZ268719 (identical to OL638465) is ignored but added at the end
NOTE: OK017958 (identical to OL638465) is ignored but added at the end
NOTE: OK254866 (identical to OL638465) is ignored but added at the end
NOTE: MZ629126 (identical to OL638465) is ignored but added at the end
NOTE: MZ268660 (identical to OL133738) is ignored but added at the end
NOTE: MZ322923 (identical to OL638412) is ignored but added at the end
NOTE: MZ835604 (identical to OM001413) is ignored but added at the end
NOTE: OK017919 (identical to OL961533) is ignored but added at the end
NOTE: MZ460684 (identical to OL961549) is ignored but added at the end
NOTE: OM001386 (identical to OL961549) is ignored but added at the end
NOTE: OK017914 (identical to OL961549) is ignored but added at the end
NOTE: OK017967 (identical to OL961549) is ignored but added at the end
NOTE: OK161402 (identical to OL961549) is ignored but added at the end
NOTE: MZ540955 (identical to OL961549) is ignored but added at the end
NOTE: OM001411 (identical to OL961549) is ignored but added at the end
NOTE: OK254872 (identical to OL961549) is ignored but added at the end
NOTE: MZ322926 (identical to OL961549) is ignored but added at the end
NOTE: OK161396 (identical to OK161374) is ignored but added at the end
NOTE: OK017922 (identical to OL961521) is ignored but added at the end
Alignment was printed to results/aligned_rhinovirusA_VP2-delim.fasta.uniqueseq.phy

For your convenience alignment with unique sequences printed to results/aligned_rhinovirusA_VP2-delim.fasta.uniqueseq.phy

Create initial parsimony tree by phylogenetic likelihood library (PLL)... 0.017 seconds

NOTE: 17 MB RAM (0 GB) is required!
Estimate model parameters (epsilon = 0.500)
1. Initial log-likelihood: -659219.767
2. Current log-likelihood: -461988.075
3. Current log-likelihood: -460972.342
4. Current log-likelihood: -460906.380
5. Current log-likelihood: -460899.398
6. Current log-likelihood: -460898.079
Optimal log-likelihood: -460897.967
Rate parameters:  A-C: 3.34361  A-G: 4.47893  A-T: 4.84843  C-G: 1.63991  C-T: 6.48246  G-T: 1.00000
Base frequencies:  A: 0.293  C: 0.221  G: 0.223  T: 0.264
Parameters optimization took 6 rounds (2.633 sec)
Wrote distance file to... 
Computing ML distances based on estimated model parameters...
Calculating distance matrix: done in 1.34718 secs using 99.68% CPU
Computing ML distances took 1.352493 sec (of wall-clock time) 1.345742 sec (of CPU time)
Setting up auxiliary I and S matrices: done in 0.0166581 secs using 185.9% CPU
Constructing RapidNJ tree: done in 0.029789 secs using 192.4% CPU
Computing RapidNJ tree took 0.046545 sec (of wall-clock time) 0.088544 sec (of CPU time)
Log-likelihood of RapidNJ tree: -81492.519
--------------------------------------------------------------------
|             INITIALIZING CANDIDATE TREE SET                      |
--------------------------------------------------------------------

Do NNI search on 2 best initial trees
Optimizing NNI: done in 0.824572 secs using 98.32% CPU
Estimate model parameters (epsilon = 0.500)
BETTER TREE FOUND at iteration 1: -78320.433
Optimizing NNI: done in 10.4674 secs using 99.39% CPU
Finish initializing candidate tree set (4)
Current best tree score: -78320.433 / CPU time: 12.657
Number of iterations: 2
TREE SEARCH COMPLETED AFTER 2 ITERATIONS / Time: 0h:0m:17s

--------------------------------------------------------------------
|                    FINALIZING TREE SEARCH                        |
--------------------------------------------------------------------
Performs final model parameters optimization
Estimate model parameters (epsilon = 0.050)
1. Initial log-likelihood: -78320.433
Optimal log-likelihood: -78320.432
Rate parameters:  A-C: 2.93575  A-G: 13.30722  A-T: 5.82855  C-G: 1.35324  C-T: 26.28356  G-T: 1.00000
Base frequencies:  A: 0.293  C: 0.221  G: 0.223  T: 0.264
Parameters optimization took 1 rounds (0.179 sec)
BEST SCORE FOUND : -78320.432
Total tree length: 22.390

Total number of iterations: 2
CPU time used for tree search: 12.496 sec (0h:0m:12s)
Wall-clock time used for tree search: 12.659 sec (0h:0m:12s)
Total CPU time used: 17.709 sec (0h:0m:17s)
Total wall-clock time used: 17.741 sec (0h:0m:17s)

Analysis results written to: 
  IQ-TREE report:                results/aligned_rhinovirusA_VP2-delim.fasta.iqtree
  Maximum-likelihood tree:       results/aligned_rhinovirusA_VP2-delim.fasta.treefile
  Likelihood distances:          results/aligned_rhinovirusA_VP2-delim.fasta.mldist
  Screen log file:               results/aligned_rhinovirusA_VP2-delim.fasta.log

Date and Time: Fri Dec  2 12:26:39 2022
