Building DAG of jobs...
Using shell: /bin/bash
Provided cores: 8
Rules claiming more threads will be scaled down.
Job stats:
job          count    min threads    max threads
---------  -------  -------------  -------------
align            4              1              1
all              1              1              1
ancestral        4              1              1
export           4              1              1
filter           4              1              1
refine           4              1              1
translate        4              1              1
tree             4              1              1
total           29              1              1

Select jobs to execute...

[Fri Dec  2 12:25:16 2022]
Job 13: 
        Filtering to
          - 1000 sequence(s) per country
          - minimum genome length of 500
        


[Fri Dec  2 12:25:16 2022]
Job 29: 
        Filtering to
          - 1000 sequence(s) per country
          - minimum genome length of 500
        


[Fri Dec  2 12:25:16 2022]
Job 5: 
        Filtering to
          - 1000 sequence(s) per country
          - minimum genome length of 500
        


[Fri Dec  2 12:25:16 2022]
Job 21: 
        Filtering to
          - 1000 sequence(s) per country
          - minimum genome length of 500
        

[Fri Dec  2 12:25:17 2022]
Finished job 21.
1 of 29 steps (3%) done
Select jobs to execute...

[Fri Dec  2 12:25:17 2022]
Job 20: 
        Aligning sequences to config/reference_rhinovirusA_all.gb
          - filling gaps with N
        

[Fri Dec  2 12:25:17 2022]
Finished job 13.
2 of 29 steps (7%) done
Select jobs to execute...

[Fri Dec  2 12:25:17 2022]
Job 12: 
        Aligning sequences to config/reference_rhinovirusA_all.gb
          - filling gaps with N
        

[Fri Dec  2 12:25:17 2022]
Finished job 5.
3 of 29 steps (10%) done
Select jobs to execute...

[Fri Dec  2 12:25:17 2022]
Job 4: 
        Aligning sequences to config/reference_rhinovirusA_all.gb
          - filling gaps with N
        

[Fri Dec  2 12:25:17 2022]
Finished job 29.
4 of 29 steps (14%) done
Select jobs to execute...

[Fri Dec  2 12:25:17 2022]
Job 28: 
        Aligning sequences to config/reference_rhinovirusA_all.gb
          - filling gaps with N
        

[Fri Dec  2 12:26:13 2022]
Finished job 20.
5 of 29 steps (17%) done
Select jobs to execute...

[Fri Dec  2 12:26:13 2022]
Job 19: Building tree

[Fri Dec  2 12:26:20 2022]
Finished job 12.
6 of 29 steps (21%) done
Select jobs to execute...

[Fri Dec  2 12:26:20 2022]
Job 11: Building tree

[Fri Dec  2 12:26:27 2022]
Finished job 4.
7 of 29 steps (24%) done
Select jobs to execute...

[Fri Dec  2 12:26:27 2022]
Job 3: Building tree

[Fri Dec  2 12:26:34 2022]
Finished job 19.
8 of 29 steps (28%) done
Select jobs to execute...

[Fri Dec  2 12:26:34 2022]
Job 18: 
        Refining tree
        

[Fri Dec  2 12:26:39 2022]
Finished job 11.
9 of 29 steps (31%) done
Select jobs to execute...

[Fri Dec  2 12:26:39 2022]
Job 10: 
        Refining tree
        

[Fri Dec  2 12:27:01 2022]
Finished job 3.
10 of 29 steps (34%) done
Select jobs to execute...

[Fri Dec  2 12:27:01 2022]
Job 2: 
        Refining tree
        

[Fri Dec  2 12:27:01 2022]
Finished job 28.
11 of 29 steps (38%) done
Select jobs to execute...

[Fri Dec  2 12:27:01 2022]
Job 27: Building tree

[Fri Dec  2 12:27:39 2022]
Finished job 27.
12 of 29 steps (41%) done
Select jobs to execute...

[Fri Dec  2 12:27:39 2022]
Job 26: 
        Refining tree
        

[Fri Dec  2 12:37:08 2022]
Finished job 18.
13 of 29 steps (45%) done
Select jobs to execute...

[Fri Dec  2 12:37:08 2022]
Job 23: Reconstructing ancestral sequences and mutations

[Fri Dec  2 12:37:24 2022]
Finished job 10.
14 of 29 steps (48%) done
Select jobs to execute...

[Fri Dec  2 12:37:24 2022]
Job 15: Reconstructing ancestral sequences and mutations

[Fri Dec  2 12:37:30 2022]
Finished job 23.
15 of 29 steps (52%) done
Select jobs to execute...

[Fri Dec  2 12:37:30 2022]
Job 24: Translating amino acid sequences

[Fri Dec  2 12:37:37 2022]
Finished job 24.
16 of 29 steps (55%) done
Select jobs to execute...

[Fri Dec  2 12:37:37 2022]
Job 17: Exporting data files for for auspice

[Fri Dec  2 12:37:39 2022]
Finished job 17.
17 of 29 steps (59%) done
[Fri Dec  2 12:37:46 2022]
Finished job 15.
18 of 29 steps (62%) done
Select jobs to execute...

[Fri Dec  2 12:37:46 2022]
Job 16: Translating amino acid sequences

[Fri Dec  2 12:37:52 2022]
Finished job 16.
19 of 29 steps (66%) done
Select jobs to execute...

[Fri Dec  2 12:37:52 2022]
Job 9: Exporting data files for for auspice

[Fri Dec  2 12:37:54 2022]
Finished job 9.
20 of 29 steps (69%) done
[Fri Dec  2 12:38:59 2022]
Finished job 26.
21 of 29 steps (72%) done
Select jobs to execute...

[Fri Dec  2 12:38:59 2022]
Job 31: Reconstructing ancestral sequences and mutations

[Fri Dec  2 12:39:21 2022]
Finished job 31.
22 of 29 steps (76%) done
Select jobs to execute...

[Fri Dec  2 12:39:21 2022]
Job 32: Translating amino acid sequences

[Fri Dec  2 12:39:27 2022]
Finished job 32.
23 of 29 steps (79%) done
Select jobs to execute...

[Fri Dec  2 12:39:27 2022]
Job 25: Exporting data files for for auspice

[Fri Dec  2 12:39:30 2022]
Finished job 25.
24 of 29 steps (83%) done
[Fri Dec  2 12:39:47 2022]
Finished job 2.
25 of 29 steps (86%) done
Select jobs to execute...

[Fri Dec  2 12:39:47 2022]
Job 7: Reconstructing ancestral sequences and mutations

[Fri Dec  2 12:40:11 2022]
Finished job 7.
26 of 29 steps (90%) done
Select jobs to execute...

[Fri Dec  2 12:40:11 2022]
Job 8: Translating amino acid sequences

[Fri Dec  2 12:40:18 2022]
Finished job 8.
27 of 29 steps (93%) done
Select jobs to execute...

[Fri Dec  2 12:40:18 2022]
Job 1: Exporting data files for for auspice

[Fri Dec  2 12:40:20 2022]
Finished job 1.
28 of 29 steps (97%) done
Select jobs to execute...

[Fri Dec  2 12:40:20 2022]
localrule all:
    input: auspice/rhinovirusA_VP1.json, auspice/rhinovirusA_VP2.json, auspice/rhinovirusA_VP3.json, auspice/rhinovirusA_3D.json
    jobid: 0
    resources: tmpdir=/var/folders/g_/6938g_6s199gxxswt2nf7w500000gn/T

[Fri Dec  2 12:40:20 2022]
Finished job 0.
29 of 29 steps (100%) done
Complete log: .snakemake/log/2022-12-02T122516.087633.snakemake.log
