Building DAG of jobs...
Using shell: /bin/bash
Provided cores: 8
Rules claiming more threads will be scaled down.
Job stats:
job      count    min threads    max threads
-----  -------  -------------  -------------
align        1              1              1
total        1              1              1

Select jobs to execute...

[Fri Dec  2 11:32:35 2022]
Job 4: 
        Aligning sequences to config/reference_rhinovirusA_all.gb
          - filling gaps with N
        

Terminating processes on user request, this might take some time.
[Fri Dec  2 11:33:12 2022]
Error in rule align:
    jobid: 4
    output: results/aligned_rhinovirusA_partial_all.fasta
    shell:
        
        augur align             --sequences results/filtered_rhinovirusA_partial_all.fasta             --reference-sequence config/reference_rhinovirusA_all.gb             --output results/aligned_rhinovirusA_partial_all.fasta             --remove-reference             --fill-gaps
        
        (one of the commands exited with non-zero exit code; note that snakemake uses bash strict mode!)

Complete log: .snakemake/log/2022-12-02T113235.164780.snakemake.log
