Building DAG of jobs...
Using shell: /bin/bash
Provided cores: 8
Rules claiming more threads will be scaled down.
Job stats:
job       count    min threads    max threads
------  -------  -------------  -------------
align         1              1              1
filter        1              1              1
parse         1              1              1
total         3              1              1

Select jobs to execute...

[Fri Dec  2 11:35:06 2022]
Job 6: Parsing fasta into sequences and metadata

[Fri Dec  2 11:35:07 2022]
Finished job 6.
1 of 9 steps (11%) done
Select jobs to execute...

[Fri Dec  2 11:35:07 2022]
Job 5: 
        Filtering to
          - 1000 sequence(s) per country
          - minimum genome length of 500
        

[Fri Dec  2 11:35:08 2022]
Finished job 5.
2 of 9 steps (22%) done
Select jobs to execute...

[Fri Dec  2 11:35:08 2022]
Job 4: 
        Aligning sequences to config/reference_rhinovirusA_all.gb
          - filling gaps with N
        

[Fri Dec  2 11:36:19 2022]
Finished job 4.
3 of 9 steps (33%) done
Complete log: .snakemake/log/2022-12-02T113505.886731.snakemake.log
