Building DAG of jobs...
Using shell: /bin/bash
Provided cores: 8
Rules claiming more threads will be scaled down.
Job stats:
job          count    min threads    max threads
---------  -------  -------------  -------------
align            1              1              1
all              1              1              1
ancestral        1              1              1
export           1              1              1
filter           1              1              1
parse            1              1              1
refine           1              1              1
translate        1              1              1
tree             1              1              1
total            9              1              1

Select jobs to execute...

[Tue Nov 29 14:56:26 2022]
Job 6: Parsing fasta into sequences and metadata

[Tue Nov 29 14:56:27 2022]
Finished job 6.
1 of 9 steps (11%) done
Select jobs to execute...

[Tue Nov 29 14:56:27 2022]
Job 5: 
        Filtering to
          - 1000 sequence(s) per country
          - minimum genome length of 6000
        

[Tue Nov 29 14:56:29 2022]
Finished job 5.
2 of 9 steps (22%) done
Select jobs to execute...

[Tue Nov 29 14:56:29 2022]
Job 4: 
        Aligning sequences to config/reference_rhinovirusA_all.gb
          - filling gaps with N
        

[Tue Nov 29 15:03:18 2022]
Finished job 4.
3 of 9 steps (33%) done
Select jobs to execute...

[Tue Nov 29 15:03:18 2022]
Job 3: Building tree

[Tue Nov 29 15:06:02 2022]
Finished job 3.
4 of 9 steps (44%) done
Select jobs to execute...

[Tue Nov 29 15:06:02 2022]
Job 2: 
        Refining tree
        

[Tue Nov 29 15:17:44 2022]
Finished job 2.
5 of 9 steps (56%) done
Select jobs to execute...

[Tue Nov 29 15:17:44 2022]
Job 7: Reconstructing ancestral sequences and mutations

[Tue Nov 29 15:18:13 2022]
Finished job 7.
6 of 9 steps (67%) done
Select jobs to execute...

[Tue Nov 29 15:18:13 2022]
Job 8: Translating amino acid sequences

[Tue Nov 29 15:18:16 2022]
Finished job 8.
7 of 9 steps (78%) done
Select jobs to execute...

[Tue Nov 29 15:18:16 2022]
Job 1: Exporting data files for for auspice

[Tue Nov 29 15:18:21 2022]
Finished job 1.
8 of 9 steps (89%) done
Select jobs to execute...

[Tue Nov 29 15:18:21 2022]
localrule all:
    input: auspice/rhinovirusA_all.json
    jobid: 0
    resources: tmpdir=/var/folders/g_/6938g_6s199gxxswt2nf7w500000gn/T

[Tue Nov 29 15:18:21 2022]
Finished job 0.
9 of 9 steps (100%) done
Complete log: .snakemake/log/2022-11-29T145626.421308.snakemake.log
