Building DAG of jobs...
Using shell: /bin/bash
Provided cores: 8
Rules claiming more threads will be scaled down.
Job stats:
job          count    min threads    max threads
---------  -------  -------------  -------------
align            4              1              1
all              1              1              1
ancestral        4              1              1
export           4              1              1
filter           4              1              1
parse            4              1              1
refine           4              1              1
translate        4              1              1
tree             4              1              1
total           33              1              1

Select jobs to execute...

[Fri Dec  2 12:24:50 2022]
Job 14: Parsing fasta into sequences and metadata


[Fri Dec  2 12:24:50 2022]
Job 30: Parsing fasta into sequences and metadata


[Fri Dec  2 12:24:50 2022]
Job 22: Parsing fasta into sequences and metadata


[Fri Dec  2 12:24:50 2022]
Job 6: Parsing fasta into sequences and metadata

[Fri Dec  2 12:24:52 2022]
Finished job 22.
1 of 33 steps (3%) done
[Fri Dec  2 12:24:52 2022]
Finished job 30.
2 of 33 steps (6%) done
Select jobs to execute...

[Fri Dec  2 12:24:52 2022]
Job 21: 
        Filtering to
          - 1000 sequence(s) per country
          - minimum genome length of 6000
        


[Fri Dec  2 12:24:52 2022]
Job 29: 
        Filtering to
          - 1000 sequence(s) per country
          - minimum genome length of 6000
        

[Fri Dec  2 12:24:52 2022]
Finished job 6.
3 of 33 steps (9%) done
[Fri Dec  2 12:24:52 2022]
Finished job 14.
4 of 33 steps (12%) done
Select jobs to execute...

[Fri Dec  2 12:24:52 2022]
Job 13: 
        Filtering to
          - 1000 sequence(s) per country
          - minimum genome length of 6000
        


[Fri Dec  2 12:24:52 2022]
Job 5: 
        Filtering to
          - 1000 sequence(s) per country
          - minimum genome length of 6000
        

[Fri Dec  2 12:24:53 2022]
Error in rule filter:
    jobid: 21
    output: results/filtered_rhinovirusA_VP3.fasta
    shell:
        
        augur filter             --sequences results/sequences_rhinovirusA_VP3.fasta             --metadata results/metadata_rhinovirusA_VP3.tsv             --exclude config/dropped_strains_rhinovirusA_all.txt             --output results/filtered_rhinovirusA_VP3.fasta             --group-by country             --sequences-per-group 1000             --min-length 6000
        
        (one of the commands exited with non-zero exit code; note that snakemake uses bash strict mode!)

Removing output files of failed job filter since they might be corrupted:
results/filtered_rhinovirusA_VP3.fasta
[Fri Dec  2 12:24:53 2022]
Error in rule filter:
    jobid: 29
    output: results/filtered_rhinovirusA_3D.fasta
    shell:
        
        augur filter             --sequences results/sequences_rhinovirusA_3D.fasta             --metadata results/metadata_rhinovirusA_3D.tsv             --exclude config/dropped_strains_rhinovirusA_all.txt             --output results/filtered_rhinovirusA_3D.fasta             --group-by country             --sequences-per-group 1000             --min-length 6000
        
        (one of the commands exited with non-zero exit code; note that snakemake uses bash strict mode!)

Removing output files of failed job filter since they might be corrupted:
results/filtered_rhinovirusA_3D.fasta
[Fri Dec  2 12:24:53 2022]
Error in rule filter:
    jobid: 13
    output: results/filtered_rhinovirusA_VP2.fasta
    shell:
        
        augur filter             --sequences results/sequences_rhinovirusA_VP2.fasta             --metadata results/metadata_rhinovirusA_VP2.tsv             --exclude config/dropped_strains_rhinovirusA_all.txt             --output results/filtered_rhinovirusA_VP2.fasta             --group-by country             --sequences-per-group 1000             --min-length 6000
        
        (one of the commands exited with non-zero exit code; note that snakemake uses bash strict mode!)

Removing output files of failed job filter since they might be corrupted:
results/filtered_rhinovirusA_VP2.fasta
[Fri Dec  2 12:24:53 2022]
Error in rule filter:
    jobid: 5
    output: results/filtered_rhinovirusA_VP1.fasta
    shell:
        
        augur filter             --sequences results/sequences_rhinovirusA_VP1.fasta             --metadata results/metadata_rhinovirusA_VP1.tsv             --exclude config/dropped_strains_rhinovirusA_all.txt             --output results/filtered_rhinovirusA_VP1.fasta             --group-by country             --sequences-per-group 1000             --min-length 6000
        
        (one of the commands exited with non-zero exit code; note that snakemake uses bash strict mode!)

Removing output files of failed job filter since they might be corrupted:
results/filtered_rhinovirusA_VP1.fasta
Shutting down, this might take some time.
Exiting because a job execution failed. Look above for error message
Complete log: .snakemake/log/2022-12-02T122450.272228.snakemake.log
