IQ-TREE multicore version 2.2.0-beta COVID-edition for Mac OS X 64-bit built Mar  3 2022 built Mar  3 2022
Developed by Bui Quang Minh, James Barbetti, Nguyen Lam Tung,
Olga Chernomor, Heiko Schmidt, Dominik Schrempf, Michael Woodhams, Ly Trong Nhan.

Host:    MacBook-Pro-2.local (SSE4.2, 8 GB RAM)
Command: iqtree2 -nt 1 -s results/aligned_rhinovirusB_3D-delim.fasta -m GTR -ninit 2 -n 2 -me 0.05
Seed:    709168 (Using SPRNG - Scalable Parallel Random Number Generator)
Time:    Fri Dec  2 13:07:07 2022
Kernel:  SSE2 - 1 threads (8 CPU cores detected)

HINT: Use -nt option to specify number of threads because your CPU has 8 cores!
HINT: -nt AUTO will automatically determine the best number of threads to use.

Reading alignment file results/aligned_rhinovirusB_3D-delim.fasta ... Fasta format detected
Reading fasta file: done in 0.0350919 secs using 95.88% CPU
Alignment most likely contains DNA/RNA sequences
Constructing alignment: done in 0.0135751 secs using 87.38% CPU
WARNING: 5832 sites contain only gaps or ambiguous characters.
Alignment has 280 sequences with 7212 columns, 968 distinct patterns
784 parsimony-informative, 125 singleton sites, 6303 constant sites
           Gap/Ambiguity  Composition  p-value
Analyzing sequences: done in 0.000481129 secs using 91.24% CPU
   1  K02121      80.87%    passed     58.75%
   2  L05355      80.87%    passed     75.50%
   3  MZ629135    80.87%    passed     63.58%
   4  MN306034    80.87%    passed     44.54%
   5  MK989743    80.87%    passed     10.40%
   6  KY189314    80.87%    passed     20.63%
   7  KF958309    80.87%    passed     15.76%
   8  JN614997    80.87%    passed     15.76%
   9  JN798562    80.91%    passed     16.33%
  10  GU968948    80.87%    passed     15.40%
  11  JQ245969    80.87%    passed     12.23%
  12  JN562726    80.87%    passed     13.77%
  13  FJ445153    80.87%    passed     16.04%
  14  EU840848    83.99%    passed      8.03%
  15  OL365067    80.87%    passed     43.73%
  16  OM001402    80.87%    passed     26.20%
  17  OK649379    80.87%    passed     26.20%
  18  OK649412    80.87%    passed     26.20%
  19  OK161377    80.87%    passed     28.37%
  20  OL638441    80.87%    passed     34.68%
  21  MZ629108    80.87%    passed     33.53%
  22  OL638415    80.87%    passed     20.29%
  23  OL638455    80.87%    passed     26.96%
  24  OK161403    80.87%    passed     26.96%
  25  OM001417    80.87%    passed     26.96%
  26  OK161384    80.87%    passed     26.96%
  27  OL961538    80.87%    passed     29.00%
  28  OK017959    80.87%    passed     29.00%
  29  OM001409    80.87%    passed     31.79%
  30  OK254848    80.87%    passed     31.79%
  31  OM001425    80.87%    passed     29.00%
  32  OK254840    80.87%    passed     29.00%
  33  MZ153247    80.87%    passed     31.27%
  34  OK649410    80.87%    passed     24.56%
  35  OK649426    80.87%    passed     24.56%
  36  OK181492    80.87%    passed     26.30%
  37  OL638445    80.87%    passed     23.70%
  38  OK181464    80.87%    passed     23.70%
  39  MZ670591    80.87%    passed     21.22%
  40  OK539502    80.87%    passed     19.54%
  41  MZ153282    80.87%    passed     22.93%
  42  OL961522    80.87%    passed     23.70%
  43  MZ629111    80.87%    passed     23.70%
  44  OK017940    80.87%    passed     21.22%
  45  MZ460710    80.87%    passed     26.30%
  46  OK254846    80.87%    passed     23.70%
  47  MZ835567    80.87%    passed     21.22%
  48  OK017947    80.87%    passed     25.59%
  49  MZ629157    80.87%    passed     23.70%
  50  MZ460680    80.87%    passed     23.70%
  51  MZ460678    80.87%    passed     21.83%
  52  OL133761    80.87%    passed     24.25%
  53  MZ835566    80.87%    passed     26.96%
  54  OM001435    80.87%    passed     17.29%
  55  OK254841    80.87%    passed     17.29%
  56  OL638410    80.87%    passed     25.59%
  57  OM001456    80.87%    passed     26.20%
  58  OL638421    80.87%    passed     56.28%
  59  OM001381    80.87%    passed     56.28%
  60  OK161382    80.87%    passed     55.81%
  61  MZ835613    80.87%    passed     58.93%
  62  OK017962    80.87%    passed     55.81%
  63  OL638447    80.87%    passed     43.13%
  64  OL961545    80.88%    passed     43.57%
  65  OK017964    80.87%    passed     45.90%
  66  MZ835595    80.87%    passed     37.49%
  67  MZ540942    80.87%    passed     43.13%
  68  MZ540953    80.87%    passed     43.13%
  69  MZ363443    80.87%    passed     49.51%
  70  OM001367    80.87%    passed     43.19%
  71  OK017937    80.87%    passed     43.19%
  72  MZ363419    80.87%    passed     43.19%
  73  OL961541    80.87%    passed     45.04%
  74  OK649403    80.87%    passed     43.36%
  75  MZ670572    80.87%    passed     42.50%
  76  MZ835583    80.87%    passed     58.93%
  77  OM001393    80.87%    passed     46.84%
  78  MZ835615    80.87%    passed     46.84%
  79  MZ629150    80.87%    passed     46.84%
  80  OL638464    80.87%    passed     56.21%
  81  OK649359    80.87%    passed     52.83%
  82  OK017925    80.87%    passed     59.49%
  83  OK649413    80.87%    passed     59.49%
  84  MZ670571    80.87%    passed     45.95%
  85  OM001447    80.87%    passed     37.27%
  86  OK254836    80.87%    passed     37.27%
  87  OK649394    80.87%    passed     31.79%
  88  MZ629116    80.87%    passed     31.79%
  89  MZ363431    80.87%    passed     31.79%
  90  OL133766    80.87%    passed     34.24%
  91  MZ629154    80.87%    passed     34.63%
  92  OL638435    80.87%    passed     43.78%
  93  OK017966    80.87%    passed     47.50%
  94  MZ427503    80.87%    passed     47.50%
  95  OM001469    80.87%    passed     45.98%
  96  MZ268654    80.91%    passed     41.20%
  97  LC495296    80.87%    passed     73.75%
  98  MZ667416    80.87%    passed     65.79%
  99  JN562723    80.87%    passed     64.95%
 100  JX193795    80.87%    passed     55.64%
 101  JQ747745    81.78%    passed     75.23%
 102  JQ747748    83.99%    passed     82.39%
 103  JN815243    82.09%    passed     66.05%
 104  OK649398    80.87%    passed     38.39%
 105  DQ473486    80.87%    passed     26.87%
 106  EU840845    83.92%    passed     30.45%
 107  JQ994497    80.87%    passed     72.57%
 108  JN614996    80.87%    passed     72.57%
 109  JQ837717    83.64%    passed     86.68%
 110  JN815239    80.99%    passed     71.38%
 111  JN798572    82.10%    passed     64.26%
 112  MK989746    80.87%    passed     39.51%
 113  KX348030    80.87%    passed     35.70%
 114  EF173423    80.87%    passed     15.52%
 115  ON311181    82.88%    passed     24.55%
 116  ON311275    82.88%    passed     24.55%
 117  JX074053    82.88%    passed     37.51%
 118  MZ629139    80.87%    passed     30.00%
 119  MZ629141    80.87%    passed     26.28%
 120  MZ629178    80.87%    passed     26.28%
 121  MZ153262    80.87%    passed     13.93%
 122  MZ629169    80.87%    failed      4.69%
 123  MN369044    80.87%    passed      5.19%
 124  JX074052    82.67%    passed      7.82%
 125  JF781500    80.87%    passed      5.64%
 126  JF781501    82.17%    failed      3.75%
 127  HQ123444    80.87%    passed     31.94%
 128  FJ445187    80.87%    passed     16.23%
 129  DQ473487    80.87%    passed     16.23%
 130  ON989189    84.07%    failed      3.97%
 131  ON989194    84.07%    failed      4.61%
 132  MT512399    80.87%    passed      6.56%
 133  MK989747    80.87%    failed      3.64%
 134  FJ445155    80.87%    failed      1.96%
 135  EU840853    83.78%    failed      0.71%
 136  MN306025    80.87%    passed     15.34%
 137  JN990701    81.97%    passed      9.57%
 138  FJ445161    80.87%    failed      0.68%
 139  EU840858    84.04%    failed      0.43%
 140  FJ445169    80.87%    passed     31.52%
 141  EU840865    84.11%    passed      7.77%
 142  OM001374    80.87%    passed      9.25%
 143  OK017965    80.87%    passed      9.25%
 144  MZ460671    80.87%    passed      8.09%
 145  MZ322924    80.87%    passed      7.30%
 146  MF118142    81.32%    passed      8.80%
 147  KY967365    80.87%    passed     16.40%
 148  KY684757    80.87%    passed     14.68%
 149  OM001380    80.87%    passed     10.30%
 150  MK989744    81.97%    passed      9.46%
 151  JF285329    80.87%    passed     22.84%
 152  JF285330    80.87%    passed     22.84%
 153  JF285331    80.87%    passed     21.32%
 154  NC_038312   80.87%    passed      5.04%
 155  DQ473485    80.87%    passed      5.04%
 156  EF173422    80.87%    passed      6.56%
 157  EU840815    80.87%    passed      6.56%
 158  MH828514    80.91%    failed      3.47%
 159  FJ445164    80.88%    failed      0.84%
 160  MN369039    80.87%    passed     37.48%
 161  MN369041    80.87%    passed     37.48%
 162  MN369043    80.87%    passed     52.25%
 163  EU840860    83.17%    failed      1.58%
 164  ON311183    80.87%    passed     41.69%
 165  ON311184    80.87%    passed     41.69%
 166  MK989741    81.17%    passed     21.62%
 167  MK989745    80.93%    passed     29.22%
 168  KX348029    81.14%    passed     15.94%
 169  KX348032    80.93%    passed     31.30%
 170  JN990698    80.89%    passed     42.14%
 171  KY348863    80.87%    passed     26.95%
 172  DQ473488    80.87%    passed     38.48%
 173  MH828513    81.11%    passed     35.46%
 174  JQ245974    81.09%    passed     36.17%
 175  JX074054    80.89%    passed     65.42%
 176  JN990706    83.13%    passed     46.53%
 177  OL961525    80.87%    passed     57.63%
 178  MK501735    80.88%    passed     60.98%
 179  MK501737    81.66%    passed     38.47%
 180  KY369903    80.87%    passed     40.46%
 181  KY369902    81.70%    passed     22.00%
 182  OM001422    80.87%    passed     54.64%
 183  DQ473489    80.87%    passed     27.33%
 184  EU840846    83.83%    passed     29.72%
 185  EF173420    80.87%    passed     85.50%
 186  OL961542    80.87%    passed     61.64%
 187  MZ268667    80.87%    passed     52.46%
 188  MZ153267    80.87%    passed     58.24%
 189  KX494871    80.87%    passed     31.97%
 190  FJ445168    80.87%    passed     44.55%
 191  EU840864    83.82%    passed     46.34%
 192  JQ245970    82.71%    passed     16.03%
 193  JN562721    81.02%    passed     23.57%
 194  HQ123445    80.87%    passed     43.63%
 195  EU840844    83.82%    passed     34.30%
 196  FJ445151    80.87%    passed     47.54%
 197  OL770290    80.87%    passed     63.30%
 198  OL770291    80.87%    passed     63.30%
 199  KF958308    80.87%    passed     82.83%
 200  JF781506    81.36%    passed     67.32%
 201  FJ445137    80.87%    passed     79.12%
 202  FJ445188    80.87%    passed     95.87%
 203  EF173424    80.88%    passed     95.90%
 204  ON311185    80.87%    passed      9.40%
 205  ON311187    80.87%    passed     12.43%
 206  ON311186    80.87%    passed     12.43%
 207  ON311191    80.87%    passed     12.43%
 208  ON311192    80.87%    passed     12.43%
 209  ON311193    80.87%    passed     12.43%
 210  ON311197    80.87%    passed     12.43%
 211  ON311201    80.87%    passed     12.43%
 212  ON311199    80.87%    passed     12.43%
 213  MW969533    81.11%    passed     16.50%
 214  ON311202    80.87%    passed     13.19%
 215  OK649365    80.87%    passed     11.65%
 216  MZ363452    80.87%    passed     10.84%
 217  ON311189    80.87%    passed     14.16%
 218  ON311194    80.87%    passed     14.16%
 219  ON311195    80.87%    passed     14.16%
 220  ON311188    81.06%    passed     19.28%
 221  ON311196    81.88%    passed     18.03%
 222  MZ153257    80.87%    passed      9.40%
 223  MZ363412    80.87%    passed     10.87%
 224  OK017939    80.87%    passed     14.16%
 225  OK539488    80.87%    passed     10.84%
 226  MZ629146    80.87%    passed     11.65%
 227  MZ835597    80.87%    passed      9.47%
 228  OK539471    80.87%    passed     11.65%
 229  MZ460714    80.87%    passed      9.40%
 230  OM001423    80.88%    passed     11.94%
 231  MZ835570    80.87%    passed     10.84%
 232  OK649400    80.87%    passed      9.67%
 233  ON311190    80.87%    passed     11.96%
 234  ON311198    80.87%    passed     11.96%
 235  ON311200    80.87%    passed     11.96%
 236  KY369900    80.87%    passed     16.92%
 237  KY369901    80.87%    passed     16.90%
 238  JF285308    80.87%    passed     10.11%
 239  JF285309    80.87%    passed     10.11%
 240  FJ445186    80.87%    passed      6.16%
 241  EF173421    80.87%    passed      6.16%
 242  MZ667418    81.17%    failed      4.37%
 243  KY189317    80.87%    failed      4.09%
 244  KY369883    80.87%    failed      3.43%
 245  FJ445172    80.87%    failed      0.87%
 246  EU840868    84.19%    failed      0.24%
 247  EF173425    80.88%    passed      7.97%
 248  MH899592    80.87%    passed     32.41%
 249  MH828512    80.91%    passed     21.94%
 250  MZ629155    80.87%    passed     17.07%
 251  MN212904    80.87%    passed     27.06%
 252  JN798573    80.87%    passed     18.64%
 253  KY369899    80.87%    passed     21.49%
 254  DQ473490    80.87%    passed     10.15%
 255  EU840825    84.53%    passed      8.72%
 256  OL961520    80.87%    passed     42.08%
 257  MN306037    80.87%    passed     26.27%
 258  JN562724    81.43%    passed     58.05%
 259  JF781498    80.95%    passed     50.96%
 260  JF781507    80.87%    passed     45.58%
 261  GU568096    80.87%    passed     44.34%
 262  FJ445130    80.87%    passed     27.95%
 263  EU840818    83.82%    passed     18.72%
 264  FJ445112    80.87%    failed      0.87%
 265  EU840835    84.65%    failed      2.23%
 266  FJ445174    80.87%    failed      3.56%
 267  EU840870    83.43%    failed      1.29%
 268  FJ445124    80.87%    failed      0.75%
 269  EU840806    83.82%    failed      0.28%
 270  ON311182    81.74%    passed      9.96%
 271  JQ837723    81.78%    failed      2.33%
 272  JF781499    80.87%    failed      2.00%
 273  JF781502    80.87%    failed      2.00%
 274  JN798588    80.87%    failed      1.76%
 275  JN614991    81.05%    failed      1.77%
 276  JX074048    81.18%    failed      1.43%
 277  JN541271    82.89%    failed      0.30%
 278  FJ445162    80.87%    failed      1.72%
 279  EU840859    84.11%    failed      0.33%
 280  KX348031    81.13%    failed      1.16%
WARNING: 280 sequences contain more than 50% gaps/ambiguity
****  TOTAL       81.19%  33 sequences failed composition chi2 test (p-value<5%; df=3)
NOTE: JN614997 is identical to KF958309 but kept for subsequent analysis
NOTE: OK649379 is identical to OM001402 but kept for subsequent analysis
NOTE: OK161403 is identical to OL638455 but kept for subsequent analysis
NOTE: OK161384 is identical to OM001417 but kept for subsequent analysis
NOTE: OK017959 is identical to OL961538 but kept for subsequent analysis
NOTE: OK254848 is identical to OM001409 but kept for subsequent analysis
NOTE: OK254840 is identical to OM001425 but kept for subsequent analysis
NOTE: OK649426 is identical to OK649410 but kept for subsequent analysis
NOTE: OK181464 is identical to OL638445 but kept for subsequent analysis
NOTE: MZ629111 is identical to OL961522 but kept for subsequent analysis
NOTE: MZ460680 is identical to MZ629157 but kept for subsequent analysis
NOTE: OK254841 is identical to OM001435 but kept for subsequent analysis
NOTE: OM001381 is identical to OL638421 but kept for subsequent analysis
NOTE: MZ540953 is identical to MZ540942 but kept for subsequent analysis
NOTE: OK017937 is identical to OM001367 but kept for subsequent analysis
NOTE: MZ629150 is identical to MZ835615 but kept for subsequent analysis
NOTE: OK254836 is identical to OM001447 but kept for subsequent analysis
NOTE: MZ363431 is identical to MZ629116 but kept for subsequent analysis
NOTE: MZ427503 is identical to OK017966 but kept for subsequent analysis
NOTE: JN614996 is identical to JQ994497 but kept for subsequent analysis
NOTE: ON311275 is identical to ON311181 but kept for subsequent analysis
NOTE: MZ629178 is identical to MZ629141 but kept for subsequent analysis
NOTE: DQ473487 is identical to FJ445187 but kept for subsequent analysis
NOTE: OK017965 is identical to OM001374 but kept for subsequent analysis
NOTE: JF285330 is identical to JF285329 but kept for subsequent analysis
NOTE: DQ473485 is identical to NC_038312 but kept for subsequent analysis
NOTE: EU840815 is identical to EF173422 but kept for subsequent analysis
NOTE: MN369041 is identical to MN369039 but kept for subsequent analysis
NOTE: ON311184 is identical to ON311183 but kept for subsequent analysis
NOTE: OL770291 is identical to OL770290 but kept for subsequent analysis
NOTE: ON311186 is identical to ON311187 but kept for subsequent analysis
NOTE: ON311194 is identical to ON311189 but kept for subsequent analysis
NOTE: ON311198 is identical to ON311190 but kept for subsequent analysis
NOTE: JF285309 is identical to JF285308 but kept for subsequent analysis
NOTE: EF173421 is identical to FJ445186 but kept for subsequent analysis
NOTE: JF781502 is identical to JF781499 but kept for subsequent analysis
Checking for duplicate sequences: done in 0.00125504 secs using 83.5% CPU
Identifying sites to remove: done in 0.0117581 secs using 99.69% CPU
NOTE: 9 identical sequences (see below) will be ignored for subsequent analysis
NOTE: OK649412 (identical to OM001402) is ignored but added at the end
NOTE: ON311191 (identical to ON311187) is ignored but added at the end
NOTE: ON311192 (identical to ON311187) is ignored but added at the end
NOTE: ON311193 (identical to ON311187) is ignored but added at the end
NOTE: ON311197 (identical to ON311187) is ignored but added at the end
NOTE: ON311201 (identical to ON311187) is ignored but added at the end
NOTE: ON311199 (identical to ON311187) is ignored but added at the end
NOTE: ON311195 (identical to ON311189) is ignored but added at the end
NOTE: ON311200 (identical to ON311190) is ignored but added at the end
Alignment was printed to results/aligned_rhinovirusB_3D-delim.fasta.uniqueseq.phy

For your convenience alignment with unique sequences printed to results/aligned_rhinovirusB_3D-delim.fasta.uniqueseq.phy

Create initial parsimony tree by phylogenetic likelihood library (PLL)... 0.002 seconds

NOTE: 8 MB RAM (0 GB) is required!
Estimate model parameters (epsilon = 0.500)
1. Initial log-likelihood: -269734.871
2. Current log-likelihood: -201146.025
3. Current log-likelihood: -200145.873
4. Current log-likelihood: -200136.225
Optimal log-likelihood: -200135.927
Rate parameters:  A-C: 3.81549  A-G: 6.07739  A-T: 3.01377  C-G: 1.80290  C-T: 9.75814  G-T: 1.00000
Base frequencies:  A: 0.324  C: 0.190  G: 0.208  T: 0.277
Parameters optimization took 4 rounds (0.881 sec)
Wrote distance file to... 
Computing ML distances based on estimated model parameters...
Calculating distance matrix: done in 0.128266 secs using 99.93% CPU
Computing ML distances took 0.129159 sec (of wall-clock time) 0.128937 sec (of CPU time)
Setting up auxiliary I and S matrices: done in 0.00138998 secs using 176.8% CPU
Constructing RapidNJ tree: done in 0.00269103 secs using 190.6% CPU
Computing RapidNJ tree took 0.004121 sec (of wall-clock time) 0.007684 sec (of CPU time)
Log-likelihood of RapidNJ tree: -48273.663
--------------------------------------------------------------------
|             INITIALIZING CANDIDATE TREE SET                      |
--------------------------------------------------------------------

Do NNI search on 2 best initial trees
Optimizing NNI: done in 0.293558 secs using 121.5% CPU
Estimate model parameters (epsilon = 0.500)
BETTER TREE FOUND at iteration 1: -47324.639
Optimizing NNI: done in 3.35994 secs using 99.71% CPU
Finish initializing candidate tree set (4)
Current best tree score: -47324.639 / CPU time: 4.079
Number of iterations: 2
TREE SEARCH COMPLETED AFTER 2 ITERATIONS / Time: 0h:0m:5s

--------------------------------------------------------------------
|                    FINALIZING TREE SEARCH                        |
--------------------------------------------------------------------
Performs final model parameters optimization
Estimate model parameters (epsilon = 0.050)
1. Initial log-likelihood: -47324.639
2. Current log-likelihood: -47324.554
Optimal log-likelihood: -47324.527
Rate parameters:  A-C: 2.82173  A-G: 12.75108  A-T: 3.69585  C-G: 1.50647  C-T: 23.22693  G-T: 1.00000
Base frequencies:  A: 0.324  C: 0.190  G: 0.208  T: 0.277
Parameters optimization took 2 rounds (0.170 sec)
BEST SCORE FOUND : -47324.527
Total tree length: 8.156

Total number of iterations: 2
CPU time used for tree search: 4.144 sec (0h:0m:4s)
Wall-clock time used for tree search: 4.079 sec (0h:0m:4s)
Total CPU time used: 5.611 sec (0h:0m:5s)
Total wall-clock time used: 5.428 sec (0h:0m:5s)

Analysis results written to: 
  IQ-TREE report:                results/aligned_rhinovirusB_3D-delim.fasta.iqtree
  Maximum-likelihood tree:       results/aligned_rhinovirusB_3D-delim.fasta.treefile
  Likelihood distances:          results/aligned_rhinovirusB_3D-delim.fasta.mldist
  Screen log file:               results/aligned_rhinovirusB_3D-delim.fasta.log

Date and Time: Fri Dec  2 13:07:13 2022
