Building DAG of jobs...
Using shell: /bin/bash
Provided cores: 8
Rules claiming more threads will be scaled down.
Job stats:
job          count    min threads    max threads
---------  -------  -------------  -------------
align            1              1              1
all              1              1              1
ancestral        1              1              1
export           1              1              1
filter           1              1              1
parse            1              1              1
refine           1              1              1
translate        1              1              1
tree             1              1              1
total            9              1              1

Select jobs to execute...

[Tue Nov 29 13:46:27 2022]
Job 6: Parsing fasta into sequences and metadata

[Tue Nov 29 13:46:28 2022]
Finished job 6.
1 of 9 steps (11%) done
Select jobs to execute...

[Tue Nov 29 13:46:28 2022]
Job 5: 
        Filtering to
          - 1000 sequence(s) per country
          - minimum genome length of 6500
        

[Tue Nov 29 13:46:29 2022]
Finished job 5.
2 of 9 steps (22%) done
Select jobs to execute...

[Tue Nov 29 13:46:29 2022]
Job 4: 
        Aligning sequences to config/reference_rhinovirusC_all.gb
          - filling gaps with N
        

[Tue Nov 29 13:50:16 2022]
Finished job 4.
3 of 9 steps (33%) done
Select jobs to execute...

[Tue Nov 29 13:50:16 2022]
Job 3: Building tree

[Tue Nov 29 13:51:38 2022]
Finished job 3.
4 of 9 steps (44%) done
Select jobs to execute...

[Tue Nov 29 13:51:38 2022]
Job 2: 
        Refining tree
        

[Tue Nov 29 13:56:35 2022]
Finished job 2.
5 of 9 steps (56%) done
Select jobs to execute...

[Tue Nov 29 13:56:35 2022]
Job 7: Reconstructing ancestral sequences and mutations

[Tue Nov 29 13:56:47 2022]
Finished job 7.
6 of 9 steps (67%) done
Select jobs to execute...

[Tue Nov 29 13:56:47 2022]
Job 8: Translating amino acid sequences

[Tue Nov 29 13:56:49 2022]
Finished job 8.
7 of 9 steps (78%) done
Select jobs to execute...

[Tue Nov 29 13:56:49 2022]
Job 1: Exporting data files for for auspice

[Tue Nov 29 13:56:52 2022]
Finished job 1.
8 of 9 steps (89%) done
Select jobs to execute...

[Tue Nov 29 13:56:52 2022]
localrule all:
    input: auspice/rhinovirusC_all.json
    jobid: 0
    resources: tmpdir=/var/folders/g_/6938g_6s199gxxswt2nf7w500000gn/T

[Tue Nov 29 13:56:52 2022]
Finished job 0.
9 of 9 steps (100%) done
Complete log: .snakemake/log/2022-11-29T134626.949737.snakemake.log
