Building DAG of jobs...
The params used to generate one or several output files has changed:
    To inspect which output files have changes, run 'snakemake --list-params-changes'.
    To trigger a re-run, use 'snakemake -R $(snakemake --list-params-changes)'.
Using shell: /bin/bash
Provided cores: 8
Rules claiming more threads will be scaled down.
Job stats:
job          count    min threads    max threads
---------  -------  -------------  -------------
align            2              1              1
all              1              1              1
ancestral        2              1              1
export           2              1              1
refine           2              1              1
translate        2              1              1
tree             2              1              1
total           13              1              1

Select jobs to execute...

[Tue Nov 29 14:18:41 2022]
Job 4: 
        Aligning sequences to config/reference_rhinovirusC_all.gb
          - filling gaps with N
        


[Tue Nov 29 14:18:41 2022]
Job 12: 
        Aligning sequences to config/reference_rhinovirusC_all.gb
          - filling gaps with N
        

[Tue Nov 29 14:18:56 2022]
Finished job 12.
1 of 13 steps (8%) done
Select jobs to execute...

[Tue Nov 29 14:18:56 2022]
Job 11: Building tree

[Tue Nov 29 14:18:57 2022]
Finished job 11.
2 of 13 steps (15%) done
Select jobs to execute...

[Tue Nov 29 14:18:57 2022]
Job 10: 
        Refining tree
        

[Tue Nov 29 14:19:33 2022]
Finished job 10.
3 of 13 steps (23%) done
Select jobs to execute...

[Tue Nov 29 14:19:33 2022]
Job 15: Reconstructing ancestral sequences and mutations

[Tue Nov 29 14:19:35 2022]
Finished job 15.
4 of 13 steps (31%) done
Select jobs to execute...

[Tue Nov 29 14:19:35 2022]
Job 16: Translating amino acid sequences

[Tue Nov 29 14:19:36 2022]
Finished job 16.
5 of 13 steps (38%) done
Select jobs to execute...

[Tue Nov 29 14:19:36 2022]
Job 9: Exporting data files for for auspice

[Tue Nov 29 14:19:37 2022]
Finished job 9.
6 of 13 steps (46%) done
[Tue Nov 29 14:22:32 2022]
Finished job 4.
7 of 13 steps (54%) done
Select jobs to execute...

[Tue Nov 29 14:22:32 2022]
Job 3: Building tree

[Tue Nov 29 14:23:35 2022]
Finished job 3.
8 of 13 steps (62%) done
Select jobs to execute...

[Tue Nov 29 14:23:35 2022]
Job 2: 
        Refining tree
        

[Tue Nov 29 14:28:38 2022]
Finished job 2.
9 of 13 steps (69%) done
Select jobs to execute...

[Tue Nov 29 14:28:38 2022]
Job 7: Reconstructing ancestral sequences and mutations

[Tue Nov 29 14:28:50 2022]
Finished job 7.
10 of 13 steps (77%) done
Select jobs to execute...

[Tue Nov 29 14:28:50 2022]
Job 8: Translating amino acid sequences

[Tue Nov 29 14:28:52 2022]
Finished job 8.
11 of 13 steps (85%) done
Select jobs to execute...

[Tue Nov 29 14:28:52 2022]
Job 1: Exporting data files for for auspice

[Tue Nov 29 14:28:55 2022]
Finished job 1.
12 of 13 steps (92%) done
Select jobs to execute...

[Tue Nov 29 14:28:55 2022]
localrule all:
    input: auspice/rhinovirusC_all.json, auspice/rhinovirusC_11.json
    jobid: 0
    resources: tmpdir=/var/folders/g_/6938g_6s199gxxswt2nf7w500000gn/T

[Tue Nov 29 14:28:55 2022]
Finished job 0.
13 of 13 steps (100%) done
The params used to generate one or several output files has changed:
    To inspect which output files have changes, run 'snakemake --list-params-changes'.
    To trigger a re-run, use 'snakemake -R $(snakemake --list-params-changes)'.
Complete log: .snakemake/log/2022-11-29T141840.839528.snakemake.log
