Building DAG of jobs...
Using shell: /bin/bash
Provided cores: 8
Rules claiming more threads will be scaled down.
Job stats:
job          count    min threads    max threads
---------  -------  -------------  -------------
align            2              1              1
all              1              1              1
ancestral        2              1              1
export           2              1              1
filter           2              1              1
parse            2              1              1
refine           2              1              1
translate        2              1              1
tree             2              1              1
total           17              1              1

Select jobs to execute...

[Wed Nov 30 19:31:10 2022]
Job 14: Parsing fasta into sequences and metadata


[Wed Nov 30 19:31:10 2022]
Job 22: Parsing fasta into sequences and metadata

[Wed Nov 30 19:31:11 2022]
Finished job 22.
1 of 17 steps (6%) done
[Wed Nov 30 19:31:11 2022]
Finished job 14.
2 of 17 steps (12%) done
Select jobs to execute...

[Wed Nov 30 19:31:11 2022]
Job 21: 
        Filtering to
          - 1000 sequence(s) per country
          - minimum genome length of 6000
        


[Wed Nov 30 19:31:11 2022]
Job 13: 
        Filtering to
          - 1000 sequence(s) per country
          - minimum genome length of 6000
        

[Wed Nov 30 19:31:12 2022]
Finished job 21.
3 of 17 steps (18%) done
Select jobs to execute...

[Wed Nov 30 19:31:12 2022]
Job 20: 
        Aligning sequences to config/reference_rhinovirusB_all.gb
          - filling gaps with N
        

[Wed Nov 30 19:31:12 2022]
Finished job 13.
4 of 17 steps (24%) done
Select jobs to execute...

[Wed Nov 30 19:31:12 2022]
Job 12: 
        Aligning sequences to config/reference_rhinovirusB_all.gb
          - filling gaps with N
        

[Wed Nov 30 19:31:25 2022]
Finished job 20.
5 of 17 steps (29%) done
Select jobs to execute...

[Wed Nov 30 19:31:25 2022]
Job 19: Building tree

[Wed Nov 30 19:31:26 2022]
Finished job 19.
6 of 17 steps (35%) done
Select jobs to execute...

[Wed Nov 30 19:31:26 2022]
Job 18: 
        Refining tree
        

[Wed Nov 30 19:31:30 2022]
Finished job 12.
7 of 17 steps (41%) done
Select jobs to execute...

[Wed Nov 30 19:31:30 2022]
Job 11: Building tree

[Wed Nov 30 19:31:32 2022]
Finished job 11.
8 of 17 steps (47%) done
Select jobs to execute...

[Wed Nov 30 19:31:32 2022]
Job 10: 
        Refining tree
        

[Wed Nov 30 19:31:49 2022]
Finished job 18.
9 of 17 steps (53%) done
Select jobs to execute...

[Wed Nov 30 19:31:49 2022]
Job 23: Reconstructing ancestral sequences and mutations

[Wed Nov 30 19:31:50 2022]
Finished job 23.
10 of 17 steps (59%) done
Select jobs to execute...

[Wed Nov 30 19:31:50 2022]
Job 24: Translating amino acid sequences

[Wed Nov 30 19:31:51 2022]
Finished job 24.
11 of 17 steps (65%) done
Select jobs to execute...

[Wed Nov 30 19:31:51 2022]
Job 17: Exporting data files for for auspice

[Wed Nov 30 19:31:52 2022]
Finished job 17.
12 of 17 steps (71%) done
[Wed Nov 30 19:32:36 2022]
Finished job 10.
13 of 17 steps (76%) done
Select jobs to execute...

[Wed Nov 30 19:32:36 2022]
Job 15: Reconstructing ancestral sequences and mutations

[Wed Nov 30 19:32:39 2022]
Finished job 15.
14 of 17 steps (82%) done
Select jobs to execute...

[Wed Nov 30 19:32:39 2022]
Job 16: Translating amino acid sequences

[Wed Nov 30 19:32:40 2022]
Finished job 16.
15 of 17 steps (88%) done
Select jobs to execute...

[Wed Nov 30 19:32:40 2022]
Job 9: Exporting data files for for auspice

[Wed Nov 30 19:32:40 2022]
Finished job 9.
16 of 17 steps (94%) done
Select jobs to execute...

[Wed Nov 30 19:32:40 2022]
localrule all:
    input: auspice/rhinovirusB_all.json, auspice/rhinovirusB_6.json, auspice/rhinovirusB_27.json
    jobid: 0
    resources: tmpdir=/var/folders/g_/6938g_6s199gxxswt2nf7w500000gn/T

[Wed Nov 30 19:32:40 2022]
Finished job 0.
17 of 17 steps (100%) done
Complete log: .snakemake/log/2022-11-30T193109.509008.snakemake.log
