Building DAG of jobs...
Using shell: /bin/bash
Provided cores: 8
Rules claiming more threads will be scaled down.
Job stats:
job          count    min threads    max threads
---------  -------  -------------  -------------
align            1              1              1
all              1              1              1
ancestral        1              1              1
export           1              1              1
filter           1              1              1
refine           1              1              1
translate        1              1              1
tree             1              1              1
total            8              1              1

Select jobs to execute...

[Wed Nov 30 19:46:16 2022]
Job 13: 
        Filtering to
          - 1000 sequence(s) per country
          - minimum genome length of 6000
        

[Wed Nov 30 19:46:17 2022]
Finished job 13.
1 of 8 steps (12%) done
Select jobs to execute...

[Wed Nov 30 19:46:17 2022]
Job 12: 
        Aligning sequences to config/reference_rhinovirusB_all.gb
          - filling gaps with N
        

[Wed Nov 30 19:46:34 2022]
Finished job 12.
2 of 8 steps (25%) done
Select jobs to execute...

[Wed Nov 30 19:46:34 2022]
Job 11: Building tree

[Wed Nov 30 19:46:37 2022]
Finished job 11.
3 of 8 steps (38%) done
Select jobs to execute...

[Wed Nov 30 19:46:37 2022]
Job 10: 
        Refining tree
        

[Wed Nov 30 19:47:43 2022]
Finished job 10.
4 of 8 steps (50%) done
Select jobs to execute...

[Wed Nov 30 19:47:43 2022]
Job 15: Reconstructing ancestral sequences and mutations

[Wed Nov 30 19:47:45 2022]
Finished job 15.
5 of 8 steps (62%) done
Select jobs to execute...

[Wed Nov 30 19:47:45 2022]
Job 16: Translating amino acid sequences

[Wed Nov 30 19:47:46 2022]
Finished job 16.
6 of 8 steps (75%) done
Select jobs to execute...

[Wed Nov 30 19:47:46 2022]
Job 9: Exporting data files for for auspice

[Wed Nov 30 19:47:47 2022]
Finished job 9.
7 of 8 steps (88%) done
Select jobs to execute...

[Wed Nov 30 19:47:47 2022]
localrule all:
    input: auspice/rhinovirusB_all.json, auspice/rhinovirusB_6.json, auspice/rhinovirusB_27.json
    jobid: 0
    resources: tmpdir=/var/folders/g_/6938g_6s199gxxswt2nf7w500000gn/T

[Wed Nov 30 19:47:47 2022]
Finished job 0.
8 of 8 steps (100%) done
Complete log: .snakemake/log/2022-11-30T194616.152558.snakemake.log
