Building DAG of jobs...
Using shell: /bin/bash
Provided cores: 8
Rules claiming more threads will be scaled down.
Job stats:
job          count    min threads    max threads
---------  -------  -------------  -------------
align            1              1              1
all              1              1              1
ancestral        1              1              1
export           1              1              1
filter           1              1              1
parse            1              1              1
refine           1              1              1
translate        1              1              1
tree             1              1              1
total            9              1              1

Select jobs to execute...

[Wed Nov 30 19:17:27 2022]
Job 6: Parsing fasta into sequences and metadata

[Wed Nov 30 19:17:28 2022]
Finished job 6.
1 of 9 steps (11%) done
Select jobs to execute...

[Wed Nov 30 19:17:28 2022]
Job 5: 
        Filtering to
          - 1000 sequence(s) per country
          - minimum genome length of 6000
        

[Wed Nov 30 19:17:29 2022]
Finished job 5.
2 of 9 steps (22%) done
Select jobs to execute...

[Wed Nov 30 19:17:29 2022]
Job 4: 
        Aligning sequences to config/reference_rhinovirusB_all.gb
          - filling gaps with N
        

[Wed Nov 30 19:19:26 2022]
Finished job 4.
3 of 9 steps (33%) done
Select jobs to execute...

[Wed Nov 30 19:19:26 2022]
Job 3: Building tree

[Wed Nov 30 19:19:55 2022]
Finished job 3.
4 of 9 steps (44%) done
Select jobs to execute...

[Wed Nov 30 19:19:55 2022]
Job 2: 
        Refining tree
        

[Wed Nov 30 19:22:29 2022]
Finished job 2.
5 of 9 steps (56%) done
Select jobs to execute...

[Wed Nov 30 19:22:29 2022]
Job 7: Reconstructing ancestral sequences and mutations

[Wed Nov 30 19:22:36 2022]
Finished job 7.
6 of 9 steps (67%) done
Select jobs to execute...

[Wed Nov 30 19:22:36 2022]
Job 8: Translating amino acid sequences

[Wed Nov 30 19:22:38 2022]
Finished job 8.
7 of 9 steps (78%) done
Select jobs to execute...

[Wed Nov 30 19:22:38 2022]
Job 1: Exporting data files for for auspice

[Wed Nov 30 19:22:40 2022]
Finished job 1.
8 of 9 steps (89%) done
Select jobs to execute...

[Wed Nov 30 19:22:40 2022]
localrule all:
    input: auspice/rhinovirusB_all.json
    jobid: 0
    resources: tmpdir=/var/folders/g_/6938g_6s199gxxswt2nf7w500000gn/T

[Wed Nov 30 19:22:40 2022]
Finished job 0.
9 of 9 steps (100%) done
Complete log: .snakemake/log/2022-11-30T191727.424551.snakemake.log
