Building DAG of jobs...
Using shell: /bin/bash
Provided cores: 8
Rules claiming more threads will be scaled down.
Job stats:
job          count    min threads    max threads
---------  -------  -------------  -------------
align            2              1              1
all              1              1              1
ancestral        2              1              1
export           2              1              1
filter           2              1              1
parse            2              1              1
refine           2              1              1
translate        2              1              1
tree             2              1              1
total           17              1              1

Select jobs to execute...

[Fri Dec  2 13:06:31 2022]
Job 14: Parsing fasta into sequences and metadata


[Fri Dec  2 13:06:31 2022]
Job 6: Parsing fasta into sequences and metadata

[Fri Dec  2 13:06:32 2022]
Finished job 14.
1 of 17 steps (6%) done
[Fri Dec  2 13:06:32 2022]
Finished job 6.
2 of 17 steps (12%) done
Select jobs to execute...

[Fri Dec  2 13:06:32 2022]
Job 13: 
        Filtering to
          - 1000 sequence(s) per country
          - minimum genome length of 500
        


[Fri Dec  2 13:06:32 2022]
Job 5: 
        Filtering to
          - 1000 sequence(s) per country
          - minimum genome length of 500
        

[Fri Dec  2 13:06:33 2022]
Finished job 5.
3 of 17 steps (18%) done
Select jobs to execute...

[Fri Dec  2 13:06:33 2022]
Job 4: 
        Aligning sequences to config/reference_rhinovirusB_all.gb
          - filling gaps with N
        

[Fri Dec  2 13:06:33 2022]
Finished job 13.
4 of 17 steps (24%) done
Select jobs to execute...

[Fri Dec  2 13:06:33 2022]
Job 12: 
        Aligning sequences to config/reference_rhinovirusB_all.gb
          - filling gaps with N
        

[Fri Dec  2 13:06:53 2022]
Finished job 4.
5 of 17 steps (29%) done
Select jobs to execute...

[Fri Dec  2 13:06:53 2022]
Job 3: Building tree

[Fri Dec  2 13:06:57 2022]
Finished job 3.
6 of 17 steps (35%) done
Select jobs to execute...

[Fri Dec  2 13:06:57 2022]
Job 2: 
        Refining tree
        

[Fri Dec  2 13:07:06 2022]
Finished job 12.
7 of 17 steps (41%) done
Select jobs to execute...

[Fri Dec  2 13:07:06 2022]
Job 11: Building tree

[Fri Dec  2 13:07:13 2022]
Finished job 11.
8 of 17 steps (47%) done
Select jobs to execute...

[Fri Dec  2 13:07:13 2022]
Job 10: 
        Refining tree
        

[Fri Dec  2 13:09:17 2022]
Finished job 2.
9 of 17 steps (53%) done
Select jobs to execute...

[Fri Dec  2 13:09:17 2022]
Job 7: Reconstructing ancestral sequences and mutations

[Fri Dec  2 13:09:23 2022]
Finished job 7.
10 of 17 steps (59%) done
Select jobs to execute...

[Fri Dec  2 13:09:23 2022]
Job 8: Translating amino acid sequences

[Fri Dec  2 13:09:25 2022]
Finished job 8.
11 of 17 steps (65%) done
Select jobs to execute...

[Fri Dec  2 13:09:25 2022]
Job 1: Exporting data files for for auspice

[Fri Dec  2 13:09:26 2022]
Finished job 1.
12 of 17 steps (71%) done
[Fri Dec  2 13:09:47 2022]
Finished job 10.
13 of 17 steps (76%) done
Select jobs to execute...

[Fri Dec  2 13:09:47 2022]
Job 15: Reconstructing ancestral sequences and mutations

[Fri Dec  2 13:09:53 2022]
Finished job 15.
14 of 17 steps (82%) done
Select jobs to execute...

[Fri Dec  2 13:09:53 2022]
Job 16: Translating amino acid sequences

[Fri Dec  2 13:09:55 2022]
Finished job 16.
15 of 17 steps (88%) done
Select jobs to execute...

[Fri Dec  2 13:09:55 2022]
Job 9: Exporting data files for for auspice

[Fri Dec  2 13:09:57 2022]
Finished job 9.
16 of 17 steps (94%) done
Select jobs to execute...

[Fri Dec  2 13:09:57 2022]
localrule all:
    input: auspice/rhinovirusB_VP3.json, auspice/rhinovirusB_3D.json
    jobid: 0
    resources: tmpdir=/var/folders/g_/6938g_6s199gxxswt2nf7w500000gn/T

[Fri Dec  2 13:09:57 2022]
Finished job 0.
17 of 17 steps (100%) done
Complete log: .snakemake/log/2022-12-02T130631.084893.snakemake.log
